<?xml version="1.0" encoding="UTF-8"?>
<!-- Generated by org.testng.reporters.JUnitXMLReporter -->
<testsuite ignored="0" hostname="vmlsinca0031m.lan" failures="0" tests="1000" name="Open Account Test" time="1632.351" errors="0" timestamp="30 Oct 2020 07:53:20 GMT">
  <testcase classname="com.w2a.testcases.OpenAccountTest" name="openAccountTest" time="1.805"/>
  <testcase classname="com.w2a.testcases.OpenAccountTest" name="openAccountTest" time="1.75"/>
  <testcase classname="com.w2a.testcases.OpenAccountTest" name="openAccountTest" time="1.906"/>
  <testcase classname="com.w2a.testcases.OpenAccountTest" name="openAccountTest" time="1.691"/>
  <testcase classname="com.w2a.testcases.OpenAccountTest" name="openAccountTest" time="1.637"/>
  <testcase classname="com.w2a.testcases.OpenAccountTest" name="openAccountTest" time="1.552"/>
  <testcase classname="com.w2a.testcases.OpenAccountTest" name="openAccountTest" time="1.555"/>
  <testcase classname="com.w2a.testcases.OpenAccountTest" name="openAccountTest" time="1.617"/>
  <testcase classname="com.w2a.testcases.OpenAccountTest" name="openAccountTest" time="1.604"/>
  <testcase classname="com.w2a.testcases.OpenAccountTest" name="openAccountTest" time="1.617"/>
  <testcase classname="com.w2a.testcases.OpenAccountTest" name="openAccountTest" time="1.622"/>
  <testcase classname="com.w2a.testcases.OpenAccountTest" name="openAccountTest" time="1.48"/>
  <testcase classname="com.w2a.testcases.OpenAccountTest" name="openAccountTest" time="1.495"/>
  <testcase classname="com.w2a.testcases.OpenAccountTest" name="openAccountTest" time="1.577"/>
  <testcase classname="com.w2a.testcases.OpenAccountTest" name="openAccountTest" time="1.588"/>
  <testcase classname="com.w2a.testcases.OpenAccountTest" name="openAccountTest" time="1.636"/>
  <testcase classname="com.w2a.testcases.OpenAccountTest" name="openAccountTest" time="1.576"/>
  <testcase classname="com.w2a.testcases.OpenAccountTest" name="openAccountTest" time="1.517"/>
  <testcase classname="com.w2a.testcases.OpenAccountTest" name="openAccountTest" time="1.756"/>
  <testcase classname="com.w2a.testcases.OpenAccountTest" name="openAccountTest" time="1.625"/>
  <testcase classname="com.w2a.testcases.OpenAccountTest" name="openAccountTest" time="1.635"/>
  <testcase classname="com.w2a.testcases.OpenAccountTest" name="openAccountTest" time="1.6"/>
  <testcase classname="com.w2a.testcases.OpenAccountTest" name="openAccountTest" time="1.489"/>
  <testcase classname="com.w2a.testcases.OpenAccountTest" name="openAccountTest" time="1.53"/>
  <testcase classname="com.w2a.testcases.OpenAccountTest" name="openAccountTest" time="1.513"/>
  <testcase classname="com.w2a.testcases.OpenAccountTest" name="openAccountTest" time="1.614"/>
  <testcase classname="com.w2a.testcases.OpenAccountTest" name="openAccountTest" time="1.629"/>
  <testcase classname="com.w2a.testcases.OpenAccountTest" name="openAccountTest" time="1.608"/>
  <testcase classname="com.w2a.testcases.OpenAccountTest" name="openAccountTest" time="1.532"/>
  <testcase classname="com.w2a.testcases.OpenAccountTest" name="openAccountTest" time="1.583"/>
  <testcase classname="com.w2a.testcases.OpenAccountTest" name="openAccountTest" time="1.517"/>
  <testcase classname="com.w2a.testcases.OpenAccountTest" name="openAccountTest" time="1.495"/>
  <testcase classname="com.w2a.testcases.OpenAccountTest" name="openAccountTest" time="1.666"/>
  <testcase classname="com.w2a.testcases.OpenAccountTest" name="openAccountTest" time="1.617"/>
  <testcase classname="com.w2a.testcases.OpenAccountTest" name="openAccountTest" time="1.605"/>
  <testcase classname="com.w2a.testcases.OpenAccountTest" name="openAccountTest" time="1.635"/>
  <testcase classname="com.w2a.testcases.OpenAccountTest" name="openAccountTest" time="1.552"/>
  <testcase classname="com.w2a.testcases.OpenAccountTest" name="openAccountTest" time="1.482"/>
  <testcase classname="com.w2a.testcases.OpenAccountTest" name="openAccountTest" time="1.618"/>
  <testcase classname="com.w2a.testcases.OpenAccountTest" name="openAccountTest" time="1.666"/>
  <testcase classname="com.w2a.testcases.OpenAccountTest" name="openAccountTest" time="1.798"/>
  <testcase classname="com.w2a.testcases.OpenAccountTest" name="openAccountTest" time="1.685"/>
  <testcase classname="com.w2a.testcases.OpenAccountTest" name="openAccountTest" time="1.622"/>
  <testcase classname="com.w2a.testcases.OpenAccountTest" name="openAccountTest" time="1.606"/>
  <testcase classname="com.w2a.testcases.OpenAccountTest" name="openAccountTest" time="1.639"/>
  <testcase classname="com.w2a.testcases.OpenAccountTest" name="openAccountTest" time="1.7"/>
  <testcase classname="com.w2a.testcases.OpenAccountTest" name="openAccountTest" time="1.542"/>
  <testcase classname="com.w2a.testcases.OpenAccountTest" name="openAccountTest" time="1.6"/>
  <testcase classname="com.w2a.testcases.OpenAccountTest" name="openAccountTest" time="1.519"/>
  <testcase classname="com.w2a.testcases.OpenAccountTest" name="openAccountTest" time="1.491"/>
  <testcase classname="com.w2a.testcases.OpenAccountTest" name="openAccountTest" time="1.642"/>
  <testcase classname="com.w2a.testcases.OpenAccountTest" name="openAccountTest" time="1.52"/>
  <testcase classname="com.w2a.testcases.OpenAccountTest" name="openAccountTest" time="1.487"/>
  <testcase classname="com.w2a.testcases.OpenAccountTest" name="openAccountTest" time="1.517"/>
  <testcase classname="com.w2a.testcases.OpenAccountTest" name="openAccountTest" time="1.525"/>
  <testcase classname="com.w2a.testcases.OpenAccountTest" name="openAccountTest" time="1.509"/>
  <testcase classname="com.w2a.testcases.OpenAccountTest" name="openAccountTest" time="1.64"/>
  <testcase classname="com.w2a.testcases.OpenAccountTest" name="openAccountTest" time="1.502"/>
  <testcase classname="com.w2a.testcases.OpenAccountTest" name="openAccountTest" time="1.531"/>
  <testcase classname="com.w2a.testcases.OpenAccountTest" name="openAccountTest" time="1.774"/>
  <testcase classname="com.w2a.testcases.OpenAccountTest" name="openAccountTest" time="1.587"/>
  <testcase classname="com.w2a.testcases.OpenAccountTest" name="openAccountTest" time="1.576"/>
  <testcase classname="com.w2a.testcases.OpenAccountTest" name="openAccountTest" time="1.521"/>
  <testcase classname="com.w2a.testcases.OpenAccountTest" name="openAccountTest" time="1.723"/>
  <testcase classname="com.w2a.testcases.OpenAccountTest" name="openAccountTest" time="1.632"/>
  <testcase classname="com.w2a.testcases.OpenAccountTest" name="openAccountTest" time="1.609"/>
  <testcase classname="com.w2a.testcases.OpenAccountTest" name="openAccountTest" time="1.634"/>
  <testcase classname="com.w2a.testcases.OpenAccountTest" name="openAccountTest" time="1.605"/>
  <testcase classname="com.w2a.testcases.OpenAccountTest" name="openAccountTest" time="1.53"/>
  <testcase classname="com.w2a.testcases.OpenAccountTest" name="openAccountTest" time="1.603"/>
  <testcase classname="com.w2a.testcases.OpenAccountTest" name="openAccountTest" time="1.644"/>
  <testcase classname="com.w2a.testcases.OpenAccountTest" name="openAccountTest" time="1.492"/>
  <testcase classname="com.w2a.testcases.OpenAccountTest" name="openAccountTest" time="1.6"/>
  <testcase classname="com.w2a.testcases.OpenAccountTest" name="openAccountTest" time="1.492"/>
  <testcase classname="com.w2a.testcases.OpenAccountTest" name="openAccountTest" time="1.555"/>
  <testcase classname="com.w2a.testcases.OpenAccountTest" name="openAccountTest" time="1.626"/>
  <testcase classname="com.w2a.testcases.OpenAccountTest" name="openAccountTest" time="1.623"/>
  <testcase classname="com.w2a.testcases.OpenAccountTest" name="openAccountTest" time="1.872"/>
  <testcase classname="com.w2a.testcases.OpenAccountTest" name="openAccountTest" time="2.027"/>
  <testcase classname="com.w2a.testcases.OpenAccountTest" name="openAccountTest" time="1.58"/>
  <testcase classname="com.w2a.testcases.OpenAccountTest" name="openAccountTest" time="1.617"/>
  <testcase classname="com.w2a.testcases.OpenAccountTest" name="openAccountTest" time="1.564"/>
  <testcase classname="com.w2a.testcases.OpenAccountTest" name="openAccountTest" time="1.609"/>
  <testcase classname="com.w2a.testcases.OpenAccountTest" name="openAccountTest" time="1.81"/>
  <testcase classname="com.w2a.testcases.OpenAccountTest" name="openAccountTest" time="2.133"/>
  <testcase classname="com.w2a.testcases.OpenAccountTest" name="openAccountTest" time="1.663"/>
  <testcase classname="com.w2a.testcases.OpenAccountTest" name="openAccountTest" time="1.598"/>
  <testcase classname="com.w2a.testcases.OpenAccountTest" name="openAccountTest" time="1.624"/>
  <testcase classname="com.w2a.testcases.OpenAccountTest" name="openAccountTest" time="1.713"/>
  <testcase classname="com.w2a.testcases.OpenAccountTest" name="openAccountTest" time="1.508"/>
  <testcase classname="com.w2a.testcases.OpenAccountTest" name="openAccountTest" time="1.633"/>
  <testcase classname="com.w2a.testcases.OpenAccountTest" name="openAccountTest" time="1.598"/>
  <testcase classname="com.w2a.testcases.OpenAccountTest" name="openAccountTest" time="1.614"/>
  <testcase classname="com.w2a.testcases.OpenAccountTest" name="openAccountTest" time="1.518"/>
  <testcase classname="com.w2a.testcases.OpenAccountTest" name="openAccountTest" time="1.63"/>
  <testcase classname="com.w2a.testcases.OpenAccountTest" name="openAccountTest" time="1.616"/>
  <testcase classname="com.w2a.testcases.OpenAccountTest" name="openAccountTest" time="1.629"/>
  <testcase classname="com.w2a.testcases.OpenAccountTest" name="openAccountTest" time="1.493"/>
  <testcase classname="com.w2a.testcases.OpenAccountTest" name="openAccountTest" time="1.521"/>
  <testcase classname="com.w2a.testcases.OpenAccountTest" name="openAccountTest" time="1.622"/>
  <testcase classname="com.w2a.testcases.OpenAccountTest" name="openAccountTest" time="1.66"/>
  <testcase classname="com.w2a.testcases.OpenAccountTest" name="openAccountTest" time="1.568"/>
  <testcase classname="com.w2a.testcases.OpenAccountTest" name="openAccountTest" time="1.53"/>
  <testcase classname="com.w2a.testcases.OpenAccountTest" name="openAccountTest" time="1.633"/>
  <testcase classname="com.w2a.testcases.OpenAccountTest" name="openAccountTest" time="1.59"/>
  <testcase classname="com.w2a.testcases.OpenAccountTest" name="openAccountTest" time="1.523"/>
  <testcase classname="com.w2a.testcases.OpenAccountTest" name="openAccountTest" time="1.604"/>
  <testcase classname="com.w2a.testcases.OpenAccountTest" name="openAccountTest" time="1.516"/>
  <testcase classname="com.w2a.testcases.OpenAccountTest" name="openAccountTest" time="1.563"/>
  <testcase classname="com.w2a.testcases.OpenAccountTest" name="openAccountTest" time="1.563"/>
  <testcase classname="com.w2a.testcases.OpenAccountTest" name="openAccountTest" time="1.505"/>
  <testcase classname="com.w2a.testcases.OpenAccountTest" name="openAccountTest" time="1.531"/>
  <testcase classname="com.w2a.testcases.OpenAccountTest" name="openAccountTest" time="1.504"/>
  <testcase classname="com.w2a.testcases.OpenAccountTest" name="openAccountTest" time="1.613"/>
  <testcase classname="com.w2a.testcases.OpenAccountTest" name="openAccountTest" time="1.868"/>
  <testcase classname="com.w2a.testcases.OpenAccountTest" name="openAccountTest" time="1.851"/>
  <testcase classname="com.w2a.testcases.OpenAccountTest" name="openAccountTest" time="1.581"/>
  <testcase classname="com.w2a.testcases.OpenAccountTest" name="openAccountTest" time="1.482"/>
  <testcase classname="com.w2a.testcases.OpenAccountTest" name="openAccountTest" time="1.471"/>
  <testcase classname="com.w2a.testcases.OpenAccountTest" name="openAccountTest" time="1.699"/>
  <testcase classname="com.w2a.testcases.OpenAccountTest" name="openAccountTest" time="1.506"/>
  <testcase classname="com.w2a.testcases.OpenAccountTest" name="openAccountTest" time="1.518"/>
  <testcase classname="com.w2a.testcases.OpenAccountTest" name="openAccountTest" time="1.584"/>
  <testcase classname="com.w2a.testcases.OpenAccountTest" name="openAccountTest" time="1.51"/>
  <testcase classname="com.w2a.testcases.OpenAccountTest" name="openAccountTest" time="1.513"/>
  <testcase classname="com.w2a.testcases.OpenAccountTest" name="openAccountTest" time="1.517"/>
  <testcase classname="com.w2a.testcases.OpenAccountTest" name="openAccountTest" time="1.646"/>
  <testcase classname="com.w2a.testcases.OpenAccountTest" name="openAccountTest" time="1.609"/>
  <testcase classname="com.w2a.testcases.OpenAccountTest" name="openAccountTest" time="1.533"/>
  <testcase classname="com.w2a.testcases.OpenAccountTest" name="openAccountTest" time="1.446"/>
  <testcase classname="com.w2a.testcases.OpenAccountTest" name="openAccountTest" time="1.558"/>
  <testcase classname="com.w2a.testcases.OpenAccountTest" name="openAccountTest" time="1.533"/>
  <testcase classname="com.w2a.testcases.OpenAccountTest" name="openAccountTest" time="1.696"/>
  <testcase classname="com.w2a.testcases.OpenAccountTest" name="openAccountTest" time="1.511"/>
  <testcase classname="com.w2a.testcases.OpenAccountTest" name="openAccountTest" time="1.512"/>
  <testcase classname="com.w2a.testcases.OpenAccountTest" name="openAccountTest" time="1.623"/>
  <testcase classname="com.w2a.testcases.OpenAccountTest" name="openAccountTest" time="1.496"/>
  <testcase classname="com.w2a.testcases.OpenAccountTest" name="openAccountTest" time="1.53"/>
  <testcase classname="com.w2a.testcases.OpenAccountTest" name="openAccountTest" time="1.548"/>
  <testcase classname="com.w2a.testcases.OpenAccountTest" name="openAccountTest" time="1.502"/>
  <testcase classname="com.w2a.testcases.OpenAccountTest" name="openAccountTest" time="1.64"/>
  <testcase classname="com.w2a.testcases.OpenAccountTest" name="openAccountTest" time="1.542"/>
  <testcase classname="com.w2a.testcases.OpenAccountTest" name="openAccountTest" time="1.507"/>
  <testcase classname="com.w2a.testcases.OpenAccountTest" name="openAccountTest" time="1.726"/>
  <testcase classname="com.w2a.testcases.OpenAccountTest" name="openAccountTest" time="1.596"/>
  <testcase classname="com.w2a.testcases.OpenAccountTest" name="openAccountTest" time="1.661"/>
  <testcase classname="com.w2a.testcases.OpenAccountTest" name="openAccountTest" time="1.533"/>
  <testcase classname="com.w2a.testcases.OpenAccountTest" name="openAccountTest" time="1.486"/>
  <testcase classname="com.w2a.testcases.OpenAccountTest" name="openAccountTest" time="1.477"/>
  <testcase classname="com.w2a.testcases.OpenAccountTest" name="openAccountTest" time="1.533"/>
  <testcase classname="com.w2a.testcases.OpenAccountTest" name="openAccountTest" time="1.535"/>
  <testcase classname="com.w2a.testcases.OpenAccountTest" name="openAccountTest" time="1.555"/>
  <testcase classname="com.w2a.testcases.OpenAccountTest" name="openAccountTest" time="1.596"/>
  <testcase classname="com.w2a.testcases.OpenAccountTest" name="openAccountTest" time="1.91"/>
  <testcase classname="com.w2a.testcases.OpenAccountTest" name="openAccountTest" time="1.82"/>
  <testcase classname="com.w2a.testcases.OpenAccountTest" name="openAccountTest" time="1.567"/>
  <testcase classname="com.w2a.testcases.OpenAccountTest" name="openAccountTest" time="1.591"/>
  <testcase classname="com.w2a.testcases.OpenAccountTest" name="openAccountTest" time="1.607"/>
  <testcase classname="com.w2a.testcases.OpenAccountTest" name="openAccountTest" time="1.608"/>
  <testcase classname="com.w2a.testcases.OpenAccountTest" name="openAccountTest" time="1.62"/>
  <testcase classname="com.w2a.testcases.OpenAccountTest" name="openAccountTest" time="1.503"/>
  <testcase classname="com.w2a.testcases.OpenAccountTest" name="openAccountTest" time="1.506"/>
  <testcase classname="com.w2a.testcases.OpenAccountTest" name="openAccountTest" time="1.541"/>
  <testcase classname="com.w2a.testcases.OpenAccountTest" name="openAccountTest" time="1.535"/>
  <testcase classname="com.w2a.testcases.OpenAccountTest" name="openAccountTest" time="1.591"/>
  <testcase classname="com.w2a.testcases.OpenAccountTest" name="openAccountTest" time="1.527"/>
  <testcase classname="com.w2a.testcases.OpenAccountTest" name="openAccountTest" time="1.592"/>
  <testcase classname="com.w2a.testcases.OpenAccountTest" name="openAccountTest" time="1.522"/>
  <testcase classname="com.w2a.testcases.OpenAccountTest" name="openAccountTest" time="1.596"/>
  <testcase classname="com.w2a.testcases.OpenAccountTest" name="openAccountTest" time="1.537"/>
  <testcase classname="com.w2a.testcases.OpenAccountTest" name="openAccountTest" time="1.552"/>
  <testcase classname="com.w2a.testcases.OpenAccountTest" name="openAccountTest" time="1.578"/>
  <testcase classname="com.w2a.testcases.OpenAccountTest" name="openAccountTest" time="1.501"/>
  <testcase classname="com.w2a.testcases.OpenAccountTest" name="openAccountTest" time="1.515"/>
  <testcase classname="com.w2a.testcases.OpenAccountTest" name="openAccountTest" time="1.625"/>
  <testcase classname="com.w2a.testcases.OpenAccountTest" name="openAccountTest" time="1.659"/>
  <testcase classname="com.w2a.testcases.OpenAccountTest" name="openAccountTest" time="1.495"/>
  <testcase classname="com.w2a.testcases.OpenAccountTest" name="openAccountTest" time="1.57"/>
  <testcase classname="com.w2a.testcases.OpenAccountTest" name="openAccountTest" time="1.637"/>
  <testcase classname="com.w2a.testcases.OpenAccountTest" name="openAccountTest" time="1.607"/>
  <testcase classname="com.w2a.testcases.OpenAccountTest" name="openAccountTest" time="1.542"/>
  <testcase classname="com.w2a.testcases.OpenAccountTest" name="openAccountTest" time="1.586"/>
  <testcase classname="com.w2a.testcases.OpenAccountTest" name="openAccountTest" time="1.627"/>
  <testcase classname="com.w2a.testcases.OpenAccountTest" name="openAccountTest" time="1.583"/>
  <testcase classname="com.w2a.testcases.OpenAccountTest" name="openAccountTest" time="1.653"/>
  <testcase classname="com.w2a.testcases.OpenAccountTest" name="openAccountTest" time="1.609"/>
  <testcase classname="com.w2a.testcases.OpenAccountTest" name="openAccountTest" time="1.591"/>
  <testcase classname="com.w2a.testcases.OpenAccountTest" name="openAccountTest" time="1.508"/>
  <testcase classname="com.w2a.testcases.OpenAccountTest" name="openAccountTest" time="1.552"/>
  <testcase classname="com.w2a.testcases.OpenAccountTest" name="openAccountTest" time="1.592"/>
  <testcase classname="com.w2a.testcases.OpenAccountTest" name="openAccountTest" time="1.759"/>
  <testcase classname="com.w2a.testcases.OpenAccountTest" name="openAccountTest" time="1.738"/>
  <testcase classname="com.w2a.testcases.OpenAccountTest" name="openAccountTest" time="1.67"/>
  <testcase classname="com.w2a.testcases.OpenAccountTest" name="openAccountTest" time="1.619"/>
  <testcase classname="com.w2a.testcases.OpenAccountTest" name="openAccountTest" time="1.574"/>
  <testcase classname="com.w2a.testcases.OpenAccountTest" name="openAccountTest" time="1.58"/>
  <testcase classname="com.w2a.testcases.OpenAccountTest" name="openAccountTest" time="1.957"/>
  <testcase classname="com.w2a.testcases.OpenAccountTest" name="openAccountTest" time="1.635"/>
  <testcase classname="com.w2a.testcases.OpenAccountTest" name="openAccountTest" time="1.616"/>
  <testcase classname="com.w2a.testcases.OpenAccountTest" name="openAccountTest" time="1.632"/>
  <testcase classname="com.w2a.testcases.OpenAccountTest" name="openAccountTest" time="1.678"/>
  <testcase classname="com.w2a.testcases.OpenAccountTest" name="openAccountTest" time="1.972"/>
  <testcase classname="com.w2a.testcases.OpenAccountTest" name="openAccountTest" time="1.587"/>
  <testcase classname="com.w2a.testcases.OpenAccountTest" name="openAccountTest" time="2.01"/>
  <testcase classname="com.w2a.testcases.OpenAccountTest" name="openAccountTest" time="1.628"/>
  <testcase classname="com.w2a.testcases.OpenAccountTest" name="openAccountTest" time="1.64"/>
  <testcase classname="com.w2a.testcases.OpenAccountTest" name="openAccountTest" time="1.701"/>
  <testcase classname="com.w2a.testcases.OpenAccountTest" name="openAccountTest" time="1.649"/>
  <testcase classname="com.w2a.testcases.OpenAccountTest" name="openAccountTest" time="1.536"/>
  <testcase classname="com.w2a.testcases.OpenAccountTest" name="openAccountTest" time="1.51"/>
  <testcase classname="com.w2a.testcases.OpenAccountTest" name="openAccountTest" time="1.541"/>
  <testcase classname="com.w2a.testcases.OpenAccountTest" name="openAccountTest" time="1.52"/>
  <testcase classname="com.w2a.testcases.OpenAccountTest" name="openAccountTest" time="1.489"/>
  <testcase classname="com.w2a.testcases.OpenAccountTest" name="openAccountTest" time="1.503"/>
  <testcase classname="com.w2a.testcases.OpenAccountTest" name="openAccountTest" time="1.525"/>
  <testcase classname="com.w2a.testcases.OpenAccountTest" name="openAccountTest" time="1.528"/>
  <testcase classname="com.w2a.testcases.OpenAccountTest" name="openAccountTest" time="1.708"/>
  <testcase classname="com.w2a.testcases.OpenAccountTest" name="openAccountTest" time="1.521"/>
  <testcase classname="com.w2a.testcases.OpenAccountTest" name="openAccountTest" time="1.619"/>
  <testcase classname="com.w2a.testcases.OpenAccountTest" name="openAccountTest" time="1.49"/>
  <testcase classname="com.w2a.testcases.OpenAccountTest" name="openAccountTest" time="1.505"/>
  <testcase classname="com.w2a.testcases.OpenAccountTest" name="openAccountTest" time="1.512"/>
  <testcase classname="com.w2a.testcases.OpenAccountTest" name="openAccountTest" time="1.544"/>
  <testcase classname="com.w2a.testcases.OpenAccountTest" name="openAccountTest" time="1.603"/>
  <testcase classname="com.w2a.testcases.OpenAccountTest" name="openAccountTest" time="1.627"/>
  <testcase classname="com.w2a.testcases.OpenAccountTest" name="openAccountTest" time="1.619"/>
  <testcase classname="com.w2a.testcases.OpenAccountTest" name="openAccountTest" time="1.604"/>
  <testcase classname="com.w2a.testcases.OpenAccountTest" name="openAccountTest" time="1.81"/>
  <testcase classname="com.w2a.testcases.OpenAccountTest" name="openAccountTest" time="1.893"/>
  <testcase classname="com.w2a.testcases.OpenAccountTest" name="openAccountTest" time="1.64"/>
  <testcase classname="com.w2a.testcases.OpenAccountTest" name="openAccountTest" time="1.469"/>
  <testcase classname="com.w2a.testcases.OpenAccountTest" name="openAccountTest" time="1.576"/>
  <testcase classname="com.w2a.testcases.OpenAccountTest" name="openAccountTest" time="1.524"/>
  <testcase classname="com.w2a.testcases.OpenAccountTest" name="openAccountTest" time="1.553"/>
  <testcase classname="com.w2a.testcases.OpenAccountTest" name="openAccountTest" time="1.584"/>
  <testcase classname="com.w2a.testcases.OpenAccountTest" name="openAccountTest" time="1.577"/>
  <testcase classname="com.w2a.testcases.OpenAccountTest" name="openAccountTest" time="1.494"/>
  <testcase classname="com.w2a.testcases.OpenAccountTest" name="openAccountTest" time="1.517"/>
  <testcase classname="com.w2a.testcases.OpenAccountTest" name="openAccountTest" time="1.638"/>
  <testcase classname="com.w2a.testcases.OpenAccountTest" name="openAccountTest" time="1.544"/>
  <testcase classname="com.w2a.testcases.OpenAccountTest" name="openAccountTest" time="1.546"/>
  <testcase classname="com.w2a.testcases.OpenAccountTest" name="openAccountTest" time="1.631"/>
  <testcase classname="com.w2a.testcases.OpenAccountTest" name="openAccountTest" time="1.612"/>
  <testcase classname="com.w2a.testcases.OpenAccountTest" name="openAccountTest" time="1.575"/>
  <testcase classname="com.w2a.testcases.OpenAccountTest" name="openAccountTest" time="1.573"/>
  <testcase classname="com.w2a.testcases.OpenAccountTest" name="openAccountTest" time="1.476"/>
  <testcase classname="com.w2a.testcases.OpenAccountTest" name="openAccountTest" time="1.554"/>
  <testcase classname="com.w2a.testcases.OpenAccountTest" name="openAccountTest" time="1.502"/>
  <testcase classname="com.w2a.testcases.OpenAccountTest" name="openAccountTest" time="1.6"/>
  <testcase classname="com.w2a.testcases.OpenAccountTest" name="openAccountTest" time="1.601"/>
  <testcase classname="com.w2a.testcases.OpenAccountTest" name="openAccountTest" time="1.517"/>
  <testcase classname="com.w2a.testcases.OpenAccountTest" name="openAccountTest" time="1.599"/>
  <testcase classname="com.w2a.testcases.OpenAccountTest" name="openAccountTest" time="1.534"/>
  <testcase classname="com.w2a.testcases.OpenAccountTest" name="openAccountTest" time="1.591"/>
  <testcase classname="com.w2a.testcases.OpenAccountTest" name="openAccountTest" time="1.587"/>
  <testcase classname="com.w2a.testcases.OpenAccountTest" name="openAccountTest" time="1.508"/>
  <testcase classname="com.w2a.testcases.OpenAccountTest" name="openAccountTest" time="1.685"/>
  <testcase classname="com.w2a.testcases.OpenAccountTest" name="openAccountTest" time="1.571"/>
  <testcase classname="com.w2a.testcases.OpenAccountTest" name="openAccountTest" time="1.49"/>
  <testcase classname="com.w2a.testcases.OpenAccountTest" name="openAccountTest" time="1.558"/>
  <testcase classname="com.w2a.testcases.OpenAccountTest" name="openAccountTest" time="1.482"/>
  <testcase classname="com.w2a.testcases.OpenAccountTest" name="openAccountTest" time="1.693"/>
  <testcase classname="com.w2a.testcases.OpenAccountTest" name="openAccountTest" time="1.759"/>
  <testcase classname="com.w2a.testcases.OpenAccountTest" name="openAccountTest" time="1.709"/>
  <testcase classname="com.w2a.testcases.OpenAccountTest" name="openAccountTest" time="1.538"/>
  <testcase classname="com.w2a.testcases.OpenAccountTest" name="openAccountTest" time="1.796"/>
  <testcase classname="com.w2a.testcases.OpenAccountTest" name="openAccountTest" time="1.945"/>
  <testcase classname="com.w2a.testcases.OpenAccountTest" name="openAccountTest" time="1.562"/>
  <testcase classname="com.w2a.testcases.OpenAccountTest" name="openAccountTest" time="1.636"/>
  <testcase classname="com.w2a.testcases.OpenAccountTest" name="openAccountTest" time="1.615"/>
  <testcase classname="com.w2a.testcases.OpenAccountTest" name="openAccountTest" time="1.582"/>
  <testcase classname="com.w2a.testcases.OpenAccountTest" name="openAccountTest" time="1.624"/>
  <testcase classname="com.w2a.testcases.OpenAccountTest" name="openAccountTest" time="1.624"/>
  <testcase classname="com.w2a.testcases.OpenAccountTest" name="openAccountTest" time="1.585"/>
  <testcase classname="com.w2a.testcases.OpenAccountTest" name="openAccountTest" time="1.534"/>
  <testcase classname="com.w2a.testcases.OpenAccountTest" name="openAccountTest" time="1.625"/>
  <testcase classname="com.w2a.testcases.OpenAccountTest" name="openAccountTest" time="1.601"/>
  <testcase classname="com.w2a.testcases.OpenAccountTest" name="openAccountTest" time="1.592"/>
  <testcase classname="com.w2a.testcases.OpenAccountTest" name="openAccountTest" time="1.517"/>
  <testcase classname="com.w2a.testcases.OpenAccountTest" name="openAccountTest" time="1.533"/>
  <testcase classname="com.w2a.testcases.OpenAccountTest" name="openAccountTest" time="1.599"/>
  <testcase classname="com.w2a.testcases.OpenAccountTest" name="openAccountTest" time="1.595"/>
  <testcase classname="com.w2a.testcases.OpenAccountTest" name="openAccountTest" time="1.502"/>
  <testcase classname="com.w2a.testcases.OpenAccountTest" name="openAccountTest" time="1.758"/>
  <testcase classname="com.w2a.testcases.OpenAccountTest" name="openAccountTest" time="1.54"/>
  <testcase classname="com.w2a.testcases.OpenAccountTest" name="openAccountTest" time="1.582"/>
  <testcase classname="com.w2a.testcases.OpenAccountTest" name="openAccountTest" time="1.587"/>
  <testcase classname="com.w2a.testcases.OpenAccountTest" name="openAccountTest" time="1.678"/>
  <testcase classname="com.w2a.testcases.OpenAccountTest" name="openAccountTest" time="1.667"/>
  <testcase classname="com.w2a.testcases.OpenAccountTest" name="openAccountTest" time="1.57"/>
  <testcase classname="com.w2a.testcases.OpenAccountTest" name="openAccountTest" time="1.521"/>
  <testcase classname="com.w2a.testcases.OpenAccountTest" name="openAccountTest" time="1.512"/>
  <testcase classname="com.w2a.testcases.OpenAccountTest" name="openAccountTest" time="1.628"/>
  <testcase classname="com.w2a.testcases.OpenAccountTest" name="openAccountTest" time="1.626"/>
  <testcase classname="com.w2a.testcases.OpenAccountTest" name="openAccountTest" time="1.574"/>
  <testcase classname="com.w2a.testcases.OpenAccountTest" name="openAccountTest" time="1.631"/>
  <testcase classname="com.w2a.testcases.OpenAccountTest" name="openAccountTest" time="1.604"/>
  <testcase classname="com.w2a.testcases.OpenAccountTest" name="openAccountTest" time="1.493"/>
  <testcase classname="com.w2a.testcases.OpenAccountTest" name="openAccountTest" time="1.516"/>
  <testcase classname="com.w2a.testcases.OpenAccountTest" name="openAccountTest" time="1.647"/>
  <testcase classname="com.w2a.testcases.OpenAccountTest" name="openAccountTest" time="1.604"/>
  <testcase classname="com.w2a.testcases.OpenAccountTest" name="openAccountTest" time="1.922"/>
  <testcase classname="com.w2a.testcases.OpenAccountTest" name="openAccountTest" time="1.758"/>
  <testcase classname="com.w2a.testcases.OpenAccountTest" name="openAccountTest" time="2.006"/>
  <testcase classname="com.w2a.testcases.OpenAccountTest" name="openAccountTest" time="1.574"/>
  <testcase classname="com.w2a.testcases.OpenAccountTest" name="openAccountTest" time="1.502"/>
  <testcase classname="com.w2a.testcases.OpenAccountTest" name="openAccountTest" time="1.487"/>
  <testcase classname="com.w2a.testcases.OpenAccountTest" name="openAccountTest" time="1.548"/>
  <testcase classname="com.w2a.testcases.OpenAccountTest" name="openAccountTest" time="1.634"/>
  <testcase classname="com.w2a.testcases.OpenAccountTest" name="openAccountTest" time="1.6"/>
  <testcase classname="com.w2a.testcases.OpenAccountTest" name="openAccountTest" time="1.733"/>
  <testcase classname="com.w2a.testcases.OpenAccountTest" name="openAccountTest" time="1.674"/>
  <testcase classname="com.w2a.testcases.OpenAccountTest" name="openAccountTest" time="1.52"/>
  <testcase classname="com.w2a.testcases.OpenAccountTest" name="openAccountTest" time="1.625"/>
  <testcase classname="com.w2a.testcases.OpenAccountTest" name="openAccountTest" time="1.58"/>
  <testcase classname="com.w2a.testcases.OpenAccountTest" name="openAccountTest" time="1.619"/>
  <testcase classname="com.w2a.testcases.OpenAccountTest" name="openAccountTest" time="1.616"/>
  <testcase classname="com.w2a.testcases.OpenAccountTest" name="openAccountTest" time="1.587"/>
  <testcase classname="com.w2a.testcases.OpenAccountTest" name="openAccountTest" time="1.627"/>
  <testcase classname="com.w2a.testcases.OpenAccountTest" name="openAccountTest" time="1.601"/>
  <testcase classname="com.w2a.testcases.OpenAccountTest" name="openAccountTest" time="1.595"/>
  <testcase classname="com.w2a.testcases.OpenAccountTest" name="openAccountTest" time="1.628"/>
  <testcase classname="com.w2a.testcases.OpenAccountTest" name="openAccountTest" time="1.619"/>
  <testcase classname="com.w2a.testcases.OpenAccountTest" name="openAccountTest" time="1.64"/>
  <testcase classname="com.w2a.testcases.OpenAccountTest" name="openAccountTest" time="1.568"/>
  <testcase classname="com.w2a.testcases.OpenAccountTest" name="openAccountTest" time="1.603"/>
  <testcase classname="com.w2a.testcases.OpenAccountTest" name="openAccountTest" time="1.52"/>
  <testcase classname="com.w2a.testcases.OpenAccountTest" name="openAccountTest" time="1.543"/>
  <testcase classname="com.w2a.testcases.OpenAccountTest" name="openAccountTest" time="1.592"/>
  <testcase classname="com.w2a.testcases.OpenAccountTest" name="openAccountTest" time="1.523"/>
  <testcase classname="com.w2a.testcases.OpenAccountTest" name="openAccountTest" time="1.492"/>
  <testcase classname="com.w2a.testcases.OpenAccountTest" name="openAccountTest" time="1.625"/>
  <testcase classname="com.w2a.testcases.OpenAccountTest" name="openAccountTest" time="1.585"/>
  <testcase classname="com.w2a.testcases.OpenAccountTest" name="openAccountTest" time="1.616"/>
  <testcase classname="com.w2a.testcases.OpenAccountTest" name="openAccountTest" time="1.622"/>
  <testcase classname="com.w2a.testcases.OpenAccountTest" name="openAccountTest" time="1.605"/>
  <testcase classname="com.w2a.testcases.OpenAccountTest" name="openAccountTest" time="1.532"/>
  <testcase classname="com.w2a.testcases.OpenAccountTest" name="openAccountTest" time="1.574"/>
  <testcase classname="com.w2a.testcases.OpenAccountTest" name="openAccountTest" time="1.609"/>
  <testcase classname="com.w2a.testcases.OpenAccountTest" name="openAccountTest" time="1.691"/>
  <testcase classname="com.w2a.testcases.OpenAccountTest" name="openAccountTest" time="2.143"/>
  <testcase classname="com.w2a.testcases.OpenAccountTest" name="openAccountTest" time="1.636"/>
  <testcase classname="com.w2a.testcases.OpenAccountTest" name="openAccountTest" time="1.554"/>
  <testcase classname="com.w2a.testcases.OpenAccountTest" name="openAccountTest" time="1.863"/>
  <testcase classname="com.w2a.testcases.OpenAccountTest" name="openAccountTest" time="1.572"/>
  <testcase classname="com.w2a.testcases.OpenAccountTest" name="openAccountTest" time="1.496"/>
  <testcase classname="com.w2a.testcases.OpenAccountTest" name="openAccountTest" time="1.652"/>
  <testcase classname="com.w2a.testcases.OpenAccountTest" name="openAccountTest" time="1.654"/>
  <testcase classname="com.w2a.testcases.OpenAccountTest" name="openAccountTest" time="1.598"/>
  <testcase classname="com.w2a.testcases.OpenAccountTest" name="openAccountTest" time="1.54"/>
  <testcase classname="com.w2a.testcases.OpenAccountTest" name="openAccountTest" time="1.68"/>
  <testcase classname="com.w2a.testcases.OpenAccountTest" name="openAccountTest" time="1.496"/>
  <testcase classname="com.w2a.testcases.OpenAccountTest" name="openAccountTest" time="1.578"/>
  <testcase classname="com.w2a.testcases.OpenAccountTest" name="openAccountTest" time="1.518"/>
  <testcase classname="com.w2a.testcases.OpenAccountTest" name="openAccountTest" time="1.609"/>
  <testcase classname="com.w2a.testcases.OpenAccountTest" name="openAccountTest" time="1.554"/>
  <testcase classname="com.w2a.testcases.OpenAccountTest" name="openAccountTest" time="1.563"/>
  <testcase classname="com.w2a.testcases.OpenAccountTest" name="openAccountTest" time="1.504"/>
  <testcase classname="com.w2a.testcases.OpenAccountTest" name="openAccountTest" time="1.648"/>
  <testcase classname="com.w2a.testcases.OpenAccountTest" name="openAccountTest" time="1.63"/>
  <testcase classname="com.w2a.testcases.OpenAccountTest" name="openAccountTest" time="1.594"/>
  <testcase classname="com.w2a.testcases.OpenAccountTest" name="openAccountTest" time="1.567"/>
  <testcase classname="com.w2a.testcases.OpenAccountTest" name="openAccountTest" time="1.625"/>
  <testcase classname="com.w2a.testcases.OpenAccountTest" name="openAccountTest" time="1.541"/>
  <testcase classname="com.w2a.testcases.OpenAccountTest" name="openAccountTest" time="1.554"/>
  <testcase classname="com.w2a.testcases.OpenAccountTest" name="openAccountTest" time="1.639"/>
  <testcase classname="com.w2a.testcases.OpenAccountTest" name="openAccountTest" time="1.597"/>
  <testcase classname="com.w2a.testcases.OpenAccountTest" name="openAccountTest" time="1.721"/>
  <testcase classname="com.w2a.testcases.OpenAccountTest" name="openAccountTest" time="1.625"/>
  <testcase classname="com.w2a.testcases.OpenAccountTest" name="openAccountTest" time="1.598"/>
  <testcase classname="com.w2a.testcases.OpenAccountTest" name="openAccountTest" time="1.586"/>
  <testcase classname="com.w2a.testcases.OpenAccountTest" name="openAccountTest" time="1.517"/>
  <testcase classname="com.w2a.testcases.OpenAccountTest" name="openAccountTest" time="1.62"/>
  <testcase classname="com.w2a.testcases.OpenAccountTest" name="openAccountTest" time="1.596"/>
  <testcase classname="com.w2a.testcases.OpenAccountTest" name="openAccountTest" time="1.491"/>
  <testcase classname="com.w2a.testcases.OpenAccountTest" name="openAccountTest" time="1.53"/>
  <testcase classname="com.w2a.testcases.OpenAccountTest" name="openAccountTest" time="1.587"/>
  <testcase classname="com.w2a.testcases.OpenAccountTest" name="openAccountTest" time="1.824"/>
  <testcase classname="com.w2a.testcases.OpenAccountTest" name="openAccountTest" time="1.897"/>
  <testcase classname="com.w2a.testcases.OpenAccountTest" name="openAccountTest" time="1.543"/>
  <testcase classname="com.w2a.testcases.OpenAccountTest" name="openAccountTest" time="1.493"/>
  <testcase classname="com.w2a.testcases.OpenAccountTest" name="openAccountTest" time="1.527"/>
  <testcase classname="com.w2a.testcases.OpenAccountTest" name="openAccountTest" time="1.594"/>
  <testcase classname="com.w2a.testcases.OpenAccountTest" name="openAccountTest" time="1.612"/>
  <testcase classname="com.w2a.testcases.OpenAccountTest" name="openAccountTest" time="1.602"/>
  <testcase classname="com.w2a.testcases.OpenAccountTest" name="openAccountTest" time="1.66"/>
  <testcase classname="com.w2a.testcases.OpenAccountTest" name="openAccountTest" time="1.593"/>
  <testcase classname="com.w2a.testcases.OpenAccountTest" name="openAccountTest" time="1.505"/>
  <testcase classname="com.w2a.testcases.OpenAccountTest" name="openAccountTest" time="1.591"/>
  <testcase classname="com.w2a.testcases.OpenAccountTest" name="openAccountTest" time="1.648"/>
  <testcase classname="com.w2a.testcases.OpenAccountTest" name="openAccountTest" time="1.475"/>
  <testcase classname="com.w2a.testcases.OpenAccountTest" name="openAccountTest" time="1.566"/>
  <testcase classname="com.w2a.testcases.OpenAccountTest" name="openAccountTest" time="1.675"/>
  <testcase classname="com.w2a.testcases.OpenAccountTest" name="openAccountTest" time="1.652"/>
  <testcase classname="com.w2a.testcases.OpenAccountTest" name="openAccountTest" time="1.522"/>
  <testcase classname="com.w2a.testcases.OpenAccountTest" name="openAccountTest" time="1.609"/>
  <testcase classname="com.w2a.testcases.OpenAccountTest" name="openAccountTest" time="1.632"/>
  <testcase classname="com.w2a.testcases.OpenAccountTest" name="openAccountTest" time="1.577"/>
  <testcase classname="com.w2a.testcases.OpenAccountTest" name="openAccountTest" time="1.649"/>
  <testcase classname="com.w2a.testcases.OpenAccountTest" name="openAccountTest" time="1.575"/>
  <testcase classname="com.w2a.testcases.OpenAccountTest" name="openAccountTest" time="1.532"/>
  <testcase classname="com.w2a.testcases.OpenAccountTest" name="openAccountTest" time="1.57"/>
  <testcase classname="com.w2a.testcases.OpenAccountTest" name="openAccountTest" time="1.51"/>
  <testcase classname="com.w2a.testcases.OpenAccountTest" name="openAccountTest" time="1.509"/>
  <testcase classname="com.w2a.testcases.OpenAccountTest" name="openAccountTest" time="1.527"/>
  <testcase classname="com.w2a.testcases.OpenAccountTest" name="openAccountTest" time="1.574"/>
  <testcase classname="com.w2a.testcases.OpenAccountTest" name="openAccountTest" time="1.54"/>
  <testcase classname="com.w2a.testcases.OpenAccountTest" name="openAccountTest" time="1.597"/>
  <testcase classname="com.w2a.testcases.OpenAccountTest" name="openAccountTest" time="1.512"/>
  <testcase classname="com.w2a.testcases.OpenAccountTest" name="openAccountTest" time="1.616"/>
  <testcase classname="com.w2a.testcases.OpenAccountTest" name="openAccountTest" time="1.515"/>
  <testcase classname="com.w2a.testcases.OpenAccountTest" name="openAccountTest" time="1.556"/>
  <testcase classname="com.w2a.testcases.OpenAccountTest" name="openAccountTest" time="1.529"/>
  <testcase classname="com.w2a.testcases.OpenAccountTest" name="openAccountTest" time="1.467"/>
  <testcase classname="com.w2a.testcases.OpenAccountTest" name="openAccountTest" time="1.634"/>
  <testcase classname="com.w2a.testcases.OpenAccountTest" name="openAccountTest" time="1.704"/>
  <testcase classname="com.w2a.testcases.OpenAccountTest" name="openAccountTest" time="1.656"/>
  <testcase classname="com.w2a.testcases.OpenAccountTest" name="openAccountTest" time="1.8"/>
  <testcase classname="com.w2a.testcases.OpenAccountTest" name="openAccountTest" time="1.599"/>
  <testcase classname="com.w2a.testcases.OpenAccountTest" name="openAccountTest" time="1.619"/>
  <testcase classname="com.w2a.testcases.OpenAccountTest" name="openAccountTest" time="1.533"/>
  <testcase classname="com.w2a.testcases.OpenAccountTest" name="openAccountTest" time="1.515"/>
  <testcase classname="com.w2a.testcases.OpenAccountTest" name="openAccountTest" time="1.532"/>
  <testcase classname="com.w2a.testcases.OpenAccountTest" name="openAccountTest" time="1.653"/>
  <testcase classname="com.w2a.testcases.OpenAccountTest" name="openAccountTest" time="1.595"/>
  <testcase classname="com.w2a.testcases.OpenAccountTest" name="openAccountTest" time="1.624"/>
  <testcase classname="com.w2a.testcases.OpenAccountTest" name="openAccountTest" time="1.588"/>
  <testcase classname="com.w2a.testcases.OpenAccountTest" name="openAccountTest" time="1.509"/>
  <testcase classname="com.w2a.testcases.OpenAccountTest" name="openAccountTest" time="1.494"/>
  <testcase classname="com.w2a.testcases.OpenAccountTest" name="openAccountTest" time="1.613"/>
  <testcase classname="com.w2a.testcases.OpenAccountTest" name="openAccountTest" time="1.579"/>
  <testcase classname="com.w2a.testcases.OpenAccountTest" name="openAccountTest" time="1.607"/>
  <testcase classname="com.w2a.testcases.OpenAccountTest" name="openAccountTest" time="1.607"/>
  <testcase classname="com.w2a.testcases.OpenAccountTest" name="openAccountTest" time="1.485"/>
  <testcase classname="com.w2a.testcases.OpenAccountTest" name="openAccountTest" time="1.527"/>
  <testcase classname="com.w2a.testcases.OpenAccountTest" name="openAccountTest" time="1.658"/>
  <testcase classname="com.w2a.testcases.OpenAccountTest" name="openAccountTest" time="1.533"/>
  <testcase classname="com.w2a.testcases.OpenAccountTest" name="openAccountTest" time="1.651"/>
  <testcase classname="com.w2a.testcases.OpenAccountTest" name="openAccountTest" time="1.619"/>
  <testcase classname="com.w2a.testcases.OpenAccountTest" name="openAccountTest" time="1.518"/>
  <testcase classname="com.w2a.testcases.OpenAccountTest" name="openAccountTest" time="1.604"/>
  <testcase classname="com.w2a.testcases.OpenAccountTest" name="openAccountTest" time="1.577"/>
  <testcase classname="com.w2a.testcases.OpenAccountTest" name="openAccountTest" time="1.488"/>
  <testcase classname="com.w2a.testcases.OpenAccountTest" name="openAccountTest" time="1.546"/>
  <testcase classname="com.w2a.testcases.OpenAccountTest" name="openAccountTest" time="1.49"/>
  <testcase classname="com.w2a.testcases.OpenAccountTest" name="openAccountTest" time="1.613"/>
  <testcase classname="com.w2a.testcases.OpenAccountTest" name="openAccountTest" time="1.544"/>
  <testcase classname="com.w2a.testcases.OpenAccountTest" name="openAccountTest" time="1.581"/>
  <testcase classname="com.w2a.testcases.OpenAccountTest" name="openAccountTest" time="1.581"/>
  <testcase classname="com.w2a.testcases.OpenAccountTest" name="openAccountTest" time="1.601"/>
  <testcase classname="com.w2a.testcases.OpenAccountTest" name="openAccountTest" time="1.64"/>
  <testcase classname="com.w2a.testcases.OpenAccountTest" name="openAccountTest" time="1.605"/>
  <testcase classname="com.w2a.testcases.OpenAccountTest" name="openAccountTest" time="1.932"/>
  <testcase classname="com.w2a.testcases.OpenAccountTest" name="openAccountTest" time="1.781"/>
  <testcase classname="com.w2a.testcases.OpenAccountTest" name="openAccountTest" time="1.796"/>
  <testcase classname="com.w2a.testcases.OpenAccountTest" name="openAccountTest" time="1.627"/>
  <testcase classname="com.w2a.testcases.OpenAccountTest" name="openAccountTest" time="1.59"/>
  <testcase classname="com.w2a.testcases.OpenAccountTest" name="openAccountTest" time="1.593"/>
  <testcase classname="com.w2a.testcases.OpenAccountTest" name="openAccountTest" time="1.606"/>
  <testcase classname="com.w2a.testcases.OpenAccountTest" name="openAccountTest" time="1.514"/>
  <testcase classname="com.w2a.testcases.OpenAccountTest" name="openAccountTest" time="1.629"/>
  <testcase classname="com.w2a.testcases.OpenAccountTest" name="openAccountTest" time="1.617"/>
  <testcase classname="com.w2a.testcases.OpenAccountTest" name="openAccountTest" time="1.585"/>
  <testcase classname="com.w2a.testcases.OpenAccountTest" name="openAccountTest" time="1.849"/>
  <testcase classname="com.w2a.testcases.OpenAccountTest" name="openAccountTest" time="1.702"/>
  <testcase classname="com.w2a.testcases.OpenAccountTest" name="openAccountTest" time="1.568"/>
  <testcase classname="com.w2a.testcases.OpenAccountTest" name="openAccountTest" time="1.678"/>
  <testcase classname="com.w2a.testcases.OpenAccountTest" name="openAccountTest" time="1.655"/>
  <testcase classname="com.w2a.testcases.OpenAccountTest" name="openAccountTest" time="1.518"/>
  <testcase classname="com.w2a.testcases.OpenAccountTest" name="openAccountTest" time="1.504"/>
  <testcase classname="com.w2a.testcases.OpenAccountTest" name="openAccountTest" time="1.574"/>
  <testcase classname="com.w2a.testcases.OpenAccountTest" name="openAccountTest" time="1.592"/>
  <testcase classname="com.w2a.testcases.OpenAccountTest" name="openAccountTest" time="1.637"/>
  <testcase classname="com.w2a.testcases.OpenAccountTest" name="openAccountTest" time="1.604"/>
  <testcase classname="com.w2a.testcases.OpenAccountTest" name="openAccountTest" time="1.527"/>
  <testcase classname="com.w2a.testcases.OpenAccountTest" name="openAccountTest" time="1.566"/>
  <testcase classname="com.w2a.testcases.OpenAccountTest" name="openAccountTest" time="1.483"/>
  <testcase classname="com.w2a.testcases.OpenAccountTest" name="openAccountTest" time="1.532"/>
  <testcase classname="com.w2a.testcases.OpenAccountTest" name="openAccountTest" time="1.603"/>
  <testcase classname="com.w2a.testcases.OpenAccountTest" name="openAccountTest" time="1.63"/>
  <testcase classname="com.w2a.testcases.OpenAccountTest" name="openAccountTest" time="1.523"/>
  <testcase classname="com.w2a.testcases.OpenAccountTest" name="openAccountTest" time="1.542"/>
  <testcase classname="com.w2a.testcases.OpenAccountTest" name="openAccountTest" time="1.671"/>
  <testcase classname="com.w2a.testcases.OpenAccountTest" name="openAccountTest" time="1.505"/>
  <testcase classname="com.w2a.testcases.OpenAccountTest" name="openAccountTest" time="1.551"/>
  <testcase classname="com.w2a.testcases.OpenAccountTest" name="openAccountTest" time="1.512"/>
  <testcase classname="com.w2a.testcases.OpenAccountTest" name="openAccountTest" time="1.622"/>
  <testcase classname="com.w2a.testcases.OpenAccountTest" name="openAccountTest" time="1.611"/>
  <testcase classname="com.w2a.testcases.OpenAccountTest" name="openAccountTest" time="1.503"/>
  <testcase classname="com.w2a.testcases.OpenAccountTest" name="openAccountTest" time="1.876"/>
  <testcase classname="com.w2a.testcases.OpenAccountTest" name="openAccountTest" time="1.816"/>
  <testcase classname="com.w2a.testcases.OpenAccountTest" name="openAccountTest" time="1.526"/>
  <testcase classname="com.w2a.testcases.OpenAccountTest" name="openAccountTest" time="1.531"/>
  <testcase classname="com.w2a.testcases.OpenAccountTest" name="openAccountTest" time="1.569"/>
  <testcase classname="com.w2a.testcases.OpenAccountTest" name="openAccountTest" time="1.618"/>
  <testcase classname="com.w2a.testcases.OpenAccountTest" name="openAccountTest" time="1.683"/>
  <testcase classname="com.w2a.testcases.OpenAccountTest" name="openAccountTest" time="1.639"/>
  <testcase classname="com.w2a.testcases.OpenAccountTest" name="openAccountTest" time="1.598"/>
  <testcase classname="com.w2a.testcases.OpenAccountTest" name="openAccountTest" time="1.708"/>
  <testcase classname="com.w2a.testcases.OpenAccountTest" name="openAccountTest" time="1.625"/>
  <testcase classname="com.w2a.testcases.OpenAccountTest" name="openAccountTest" time="1.484"/>
  <testcase classname="com.w2a.testcases.OpenAccountTest" name="openAccountTest" time="1.603"/>
  <testcase classname="com.w2a.testcases.OpenAccountTest" name="openAccountTest" time="1.595"/>
  <testcase classname="com.w2a.testcases.OpenAccountTest" name="openAccountTest" time="1.532"/>
  <testcase classname="com.w2a.testcases.OpenAccountTest" name="openAccountTest" time="1.548"/>
  <testcase classname="com.w2a.testcases.OpenAccountTest" name="openAccountTest" time="1.62"/>
  <testcase classname="com.w2a.testcases.OpenAccountTest" name="openAccountTest" time="1.627"/>
  <testcase classname="com.w2a.testcases.OpenAccountTest" name="openAccountTest" time="1.505"/>
  <testcase classname="com.w2a.testcases.OpenAccountTest" name="openAccountTest" time="1.476"/>
  <testcase classname="com.w2a.testcases.OpenAccountTest" name="openAccountTest" time="1.665"/>
  <testcase classname="com.w2a.testcases.OpenAccountTest" name="openAccountTest" time="1.579"/>
  <testcase classname="com.w2a.testcases.OpenAccountTest" name="openAccountTest" time="1.702"/>
  <testcase classname="com.w2a.testcases.OpenAccountTest" name="openAccountTest" time="1.466"/>
  <testcase classname="com.w2a.testcases.OpenAccountTest" name="openAccountTest" time="1.505"/>
  <testcase classname="com.w2a.testcases.OpenAccountTest" name="openAccountTest" time="1.519"/>
  <testcase classname="com.w2a.testcases.OpenAccountTest" name="openAccountTest" time="1.615"/>
  <testcase classname="com.w2a.testcases.OpenAccountTest" name="openAccountTest" time="1.609"/>
  <testcase classname="com.w2a.testcases.OpenAccountTest" name="openAccountTest" time="1.622"/>
  <testcase classname="com.w2a.testcases.OpenAccountTest" name="openAccountTest" time="1.539"/>
  <testcase classname="com.w2a.testcases.OpenAccountTest" name="openAccountTest" time="1.489"/>
  <testcase classname="com.w2a.testcases.OpenAccountTest" name="openAccountTest" time="1.575"/>
  <testcase classname="com.w2a.testcases.OpenAccountTest" name="openAccountTest" time="1.589"/>
  <testcase classname="com.w2a.testcases.OpenAccountTest" name="openAccountTest" time="1.493"/>
  <testcase classname="com.w2a.testcases.OpenAccountTest" name="openAccountTest" time="1.5"/>
  <testcase classname="com.w2a.testcases.OpenAccountTest" name="openAccountTest" time="1.488"/>
  <testcase classname="com.w2a.testcases.OpenAccountTest" name="openAccountTest" time="1.517"/>
  <testcase classname="com.w2a.testcases.OpenAccountTest" name="openAccountTest" time="1.5"/>
  <testcase classname="com.w2a.testcases.OpenAccountTest" name="openAccountTest" time="1.901"/>
  <testcase classname="com.w2a.testcases.OpenAccountTest" name="openAccountTest" time="1.961"/>
  <testcase classname="com.w2a.testcases.OpenAccountTest" name="openAccountTest" time="1.573"/>
  <testcase classname="com.w2a.testcases.OpenAccountTest" name="openAccountTest" time="1.689"/>
  <testcase classname="com.w2a.testcases.OpenAccountTest" name="openAccountTest" time="1.546"/>
  <testcase classname="com.w2a.testcases.OpenAccountTest" name="openAccountTest" time="1.635"/>
  <testcase classname="com.w2a.testcases.OpenAccountTest" name="openAccountTest" time="1.553"/>
  <testcase classname="com.w2a.testcases.OpenAccountTest" name="openAccountTest" time="1.522"/>
  <testcase classname="com.w2a.testcases.OpenAccountTest" name="openAccountTest" time="1.602"/>
  <testcase classname="com.w2a.testcases.OpenAccountTest" name="openAccountTest" time="1.623"/>
  <testcase classname="com.w2a.testcases.OpenAccountTest" name="openAccountTest" time="1.578"/>
  <testcase classname="com.w2a.testcases.OpenAccountTest" name="openAccountTest" time="1.661"/>
  <testcase classname="com.w2a.testcases.OpenAccountTest" name="openAccountTest" time="1.557"/>
  <testcase classname="com.w2a.testcases.OpenAccountTest" name="openAccountTest" time="1.525"/>
  <testcase classname="com.w2a.testcases.OpenAccountTest" name="openAccountTest" time="1.502"/>
  <testcase classname="com.w2a.testcases.OpenAccountTest" name="openAccountTest" time="1.699"/>
  <testcase classname="com.w2a.testcases.OpenAccountTest" name="openAccountTest" time="1.555"/>
  <testcase classname="com.w2a.testcases.OpenAccountTest" name="openAccountTest" time="1.522"/>
  <testcase classname="com.w2a.testcases.OpenAccountTest" name="openAccountTest" time="1.486"/>
  <testcase classname="com.w2a.testcases.OpenAccountTest" name="openAccountTest" time="1.55"/>
  <testcase classname="com.w2a.testcases.OpenAccountTest" name="openAccountTest" time="1.683"/>
  <testcase classname="com.w2a.testcases.OpenAccountTest" name="openAccountTest" time="1.728"/>
  <testcase classname="com.w2a.testcases.OpenAccountTest" name="openAccountTest" time="1.585"/>
  <testcase classname="com.w2a.testcases.OpenAccountTest" name="openAccountTest" time="1.622"/>
  <testcase classname="com.w2a.testcases.OpenAccountTest" name="openAccountTest" time="1.484"/>
  <testcase classname="com.w2a.testcases.OpenAccountTest" name="openAccountTest" time="1.475"/>
  <testcase classname="com.w2a.testcases.OpenAccountTest" name="openAccountTest" time="1.647"/>
  <testcase classname="com.w2a.testcases.OpenAccountTest" name="openAccountTest" time="1.585"/>
  <testcase classname="com.w2a.testcases.OpenAccountTest" name="openAccountTest" time="1.606"/>
  <testcase classname="com.w2a.testcases.OpenAccountTest" name="openAccountTest" time="1.495"/>
  <testcase classname="com.w2a.testcases.OpenAccountTest" name="openAccountTest" time="1.472"/>
  <testcase classname="com.w2a.testcases.OpenAccountTest" name="openAccountTest" time="1.644"/>
  <testcase classname="com.w2a.testcases.OpenAccountTest" name="openAccountTest" time="1.508"/>
  <testcase classname="com.w2a.testcases.OpenAccountTest" name="openAccountTest" time="1.493"/>
  <testcase classname="com.w2a.testcases.OpenAccountTest" name="openAccountTest" time="1.588"/>
  <testcase classname="com.w2a.testcases.OpenAccountTest" name="openAccountTest" time="1.518"/>
  <testcase classname="com.w2a.testcases.OpenAccountTest" name="openAccountTest" time="1.607"/>
  <testcase classname="com.w2a.testcases.OpenAccountTest" name="openAccountTest" time="1.563"/>
  <testcase classname="com.w2a.testcases.OpenAccountTest" name="openAccountTest" time="2.018"/>
  <testcase classname="com.w2a.testcases.OpenAccountTest" name="openAccountTest" time="1.599"/>
  <testcase classname="com.w2a.testcases.OpenAccountTest" name="openAccountTest" time="2.218"/>
  <testcase classname="com.w2a.testcases.OpenAccountTest" name="openAccountTest" time="1.53"/>
  <testcase classname="com.w2a.testcases.OpenAccountTest" name="openAccountTest" time="1.535"/>
  <testcase classname="com.w2a.testcases.OpenAccountTest" name="openAccountTest" time="1.492"/>
  <testcase classname="com.w2a.testcases.OpenAccountTest" name="openAccountTest" time="1.561"/>
  <testcase classname="com.w2a.testcases.OpenAccountTest" name="openAccountTest" time="1.58"/>
  <testcase classname="com.w2a.testcases.OpenAccountTest" name="openAccountTest" time="1.664"/>
  <testcase classname="com.w2a.testcases.OpenAccountTest" name="openAccountTest" time="1.539"/>
  <testcase classname="com.w2a.testcases.OpenAccountTest" name="openAccountTest" time="1.536"/>
  <testcase classname="com.w2a.testcases.OpenAccountTest" name="openAccountTest" time="1.576"/>
  <testcase classname="com.w2a.testcases.OpenAccountTest" name="openAccountTest" time="1.675"/>
  <testcase classname="com.w2a.testcases.OpenAccountTest" name="openAccountTest" time="1.529"/>
  <testcase classname="com.w2a.testcases.OpenAccountTest" name="openAccountTest" time="1.487"/>
  <testcase classname="com.w2a.testcases.OpenAccountTest" name="openAccountTest" time="1.614"/>
  <testcase classname="com.w2a.testcases.OpenAccountTest" name="openAccountTest" time="1.497"/>
  <testcase classname="com.w2a.testcases.OpenAccountTest" name="openAccountTest" time="1.614"/>
  <testcase classname="com.w2a.testcases.OpenAccountTest" name="openAccountTest" time="1.589"/>
  <testcase classname="com.w2a.testcases.OpenAccountTest" name="openAccountTest" time="1.61"/>
  <testcase classname="com.w2a.testcases.OpenAccountTest" name="openAccountTest" time="1.517"/>
  <testcase classname="com.w2a.testcases.OpenAccountTest" name="openAccountTest" time="1.502"/>
  <testcase classname="com.w2a.testcases.OpenAccountTest" name="openAccountTest" time="1.625"/>
  <testcase classname="com.w2a.testcases.OpenAccountTest" name="openAccountTest" time="1.563"/>
  <testcase classname="com.w2a.testcases.OpenAccountTest" name="openAccountTest" time="1.771"/>
  <testcase classname="com.w2a.testcases.OpenAccountTest" name="openAccountTest" time="1.706"/>
  <testcase classname="com.w2a.testcases.OpenAccountTest" name="openAccountTest" time="1.592"/>
  <testcase classname="com.w2a.testcases.OpenAccountTest" name="openAccountTest" time="1.538"/>
  <testcase classname="com.w2a.testcases.OpenAccountTest" name="openAccountTest" time="1.661"/>
  <testcase classname="com.w2a.testcases.OpenAccountTest" name="openAccountTest" time="1.544"/>
  <testcase classname="com.w2a.testcases.OpenAccountTest" name="openAccountTest" time="1.508"/>
  <testcase classname="com.w2a.testcases.OpenAccountTest" name="openAccountTest" time="1.608"/>
  <testcase classname="com.w2a.testcases.OpenAccountTest" name="openAccountTest" time="1.511"/>
  <testcase classname="com.w2a.testcases.OpenAccountTest" name="openAccountTest" time="1.457"/>
  <testcase classname="com.w2a.testcases.OpenAccountTest" name="openAccountTest" time="1.634"/>
  <testcase classname="com.w2a.testcases.OpenAccountTest" name="openAccountTest" time="1.487"/>
  <testcase classname="com.w2a.testcases.OpenAccountTest" name="openAccountTest" time="1.769"/>
  <testcase classname="com.w2a.testcases.OpenAccountTest" name="openAccountTest" time="1.91"/>
  <testcase classname="com.w2a.testcases.OpenAccountTest" name="openAccountTest" time="1.674"/>
  <testcase classname="com.w2a.testcases.OpenAccountTest" name="openAccountTest" time="1.574"/>
  <testcase classname="com.w2a.testcases.OpenAccountTest" name="openAccountTest" time="1.472"/>
  <testcase classname="com.w2a.testcases.OpenAccountTest" name="openAccountTest" time="1.625"/>
  <testcase classname="com.w2a.testcases.OpenAccountTest" name="openAccountTest" time="1.569"/>
  <testcase classname="com.w2a.testcases.OpenAccountTest" name="openAccountTest" time="1.62"/>
  <testcase classname="com.w2a.testcases.OpenAccountTest" name="openAccountTest" time="1.491"/>
  <testcase classname="com.w2a.testcases.OpenAccountTest" name="openAccountTest" time="1.612"/>
  <testcase classname="com.w2a.testcases.OpenAccountTest" name="openAccountTest" time="1.612"/>
  <testcase classname="com.w2a.testcases.OpenAccountTest" name="openAccountTest" time="1.567"/>
  <testcase classname="com.w2a.testcases.OpenAccountTest" name="openAccountTest" time="1.492"/>
  <testcase classname="com.w2a.testcases.OpenAccountTest" name="openAccountTest" time="1.507"/>
  <testcase classname="com.w2a.testcases.OpenAccountTest" name="openAccountTest" time="1.537"/>
  <testcase classname="com.w2a.testcases.OpenAccountTest" name="openAccountTest" time="1.582"/>
  <testcase classname="com.w2a.testcases.OpenAccountTest" name="openAccountTest" time="1.615"/>
  <testcase classname="com.w2a.testcases.OpenAccountTest" name="openAccountTest" time="1.567"/>
  <testcase classname="com.w2a.testcases.OpenAccountTest" name="openAccountTest" time="1.505"/>
  <testcase classname="com.w2a.testcases.OpenAccountTest" name="openAccountTest" time="1.489"/>
  <testcase classname="com.w2a.testcases.OpenAccountTest" name="openAccountTest" time="1.614"/>
  <testcase classname="com.w2a.testcases.OpenAccountTest" name="openAccountTest" time="1.482"/>
  <testcase classname="com.w2a.testcases.OpenAccountTest" name="openAccountTest" time="1.628"/>
  <testcase classname="com.w2a.testcases.OpenAccountTest" name="openAccountTest" time="1.602"/>
  <testcase classname="com.w2a.testcases.OpenAccountTest" name="openAccountTest" time="1.609"/>
  <testcase classname="com.w2a.testcases.OpenAccountTest" name="openAccountTest" time="1.657"/>
  <testcase classname="com.w2a.testcases.OpenAccountTest" name="openAccountTest" time="1.509"/>
  <testcase classname="com.w2a.testcases.OpenAccountTest" name="openAccountTest" time="1.565"/>
  <testcase classname="com.w2a.testcases.OpenAccountTest" name="openAccountTest" time="1.591"/>
  <testcase classname="com.w2a.testcases.OpenAccountTest" name="openAccountTest" time="1.696"/>
  <testcase classname="com.w2a.testcases.OpenAccountTest" name="openAccountTest" time="1.654"/>
  <testcase classname="com.w2a.testcases.OpenAccountTest" name="openAccountTest" time="1.534"/>
  <testcase classname="com.w2a.testcases.OpenAccountTest" name="openAccountTest" time="1.671"/>
  <testcase classname="com.w2a.testcases.OpenAccountTest" name="openAccountTest" time="1.668"/>
  <testcase classname="com.w2a.testcases.OpenAccountTest" name="openAccountTest" time="1.506"/>
  <testcase classname="com.w2a.testcases.OpenAccountTest" name="openAccountTest" time="1.494"/>
  <testcase classname="com.w2a.testcases.OpenAccountTest" name="openAccountTest" time="1.626"/>
  <testcase classname="com.w2a.testcases.OpenAccountTest" name="openAccountTest" time="1.652"/>
  <testcase classname="com.w2a.testcases.OpenAccountTest" name="openAccountTest" time="1.936"/>
  <testcase classname="com.w2a.testcases.OpenAccountTest" name="openAccountTest" time="1.889"/>
  <testcase classname="com.w2a.testcases.OpenAccountTest" name="openAccountTest" time="1.555"/>
  <testcase classname="com.w2a.testcases.OpenAccountTest" name="openAccountTest" time="1.567"/>
  <testcase classname="com.w2a.testcases.OpenAccountTest" name="openAccountTest" time="1.62"/>
  <testcase classname="com.w2a.testcases.OpenAccountTest" name="openAccountTest" time="1.501"/>
  <testcase classname="com.w2a.testcases.OpenAccountTest" name="openAccountTest" time="1.587"/>
  <testcase classname="com.w2a.testcases.OpenAccountTest" name="openAccountTest" time="1.508"/>
  <testcase classname="com.w2a.testcases.OpenAccountTest" name="openAccountTest" time="1.566"/>
  <testcase classname="com.w2a.testcases.OpenAccountTest" name="openAccountTest" time="1.592"/>
  <testcase classname="com.w2a.testcases.OpenAccountTest" name="openAccountTest" time="1.641"/>
  <testcase classname="com.w2a.testcases.OpenAccountTest" name="openAccountTest" time="1.526"/>
  <testcase classname="com.w2a.testcases.OpenAccountTest" name="openAccountTest" time="1.542"/>
  <testcase classname="com.w2a.testcases.OpenAccountTest" name="openAccountTest" time="1.606"/>
  <testcase classname="com.w2a.testcases.OpenAccountTest" name="openAccountTest" time="1.627"/>
  <testcase classname="com.w2a.testcases.OpenAccountTest" name="openAccountTest" time="1.507"/>
  <testcase classname="com.w2a.testcases.OpenAccountTest" name="openAccountTest" time="1.55"/>
  <testcase classname="com.w2a.testcases.OpenAccountTest" name="openAccountTest" time="1.54"/>
  <testcase classname="com.w2a.testcases.OpenAccountTest" name="openAccountTest" time="1.561"/>
  <testcase classname="com.w2a.testcases.OpenAccountTest" name="openAccountTest" time="1.531"/>
  <testcase classname="com.w2a.testcases.OpenAccountTest" name="openAccountTest" time="1.501"/>
  <testcase classname="com.w2a.testcases.OpenAccountTest" name="openAccountTest" time="1.467"/>
  <testcase classname="com.w2a.testcases.OpenAccountTest" name="openAccountTest" time="1.506"/>
  <testcase classname="com.w2a.testcases.OpenAccountTest" name="openAccountTest" time="1.499"/>
  <testcase classname="com.w2a.testcases.OpenAccountTest" name="openAccountTest" time="1.562"/>
  <testcase classname="com.w2a.testcases.OpenAccountTest" name="openAccountTest" time="1.629"/>
  <testcase classname="com.w2a.testcases.OpenAccountTest" name="openAccountTest" time="1.58"/>
  <testcase classname="com.w2a.testcases.OpenAccountTest" name="openAccountTest" time="1.519"/>
  <testcase classname="com.w2a.testcases.OpenAccountTest" name="openAccountTest" time="1.559"/>
  <testcase classname="com.w2a.testcases.OpenAccountTest" name="openAccountTest" time="1.618"/>
  <testcase classname="com.w2a.testcases.OpenAccountTest" name="openAccountTest" time="1.63"/>
  <testcase classname="com.w2a.testcases.OpenAccountTest" name="openAccountTest" time="1.518"/>
  <testcase classname="com.w2a.testcases.OpenAccountTest" name="openAccountTest" time="1.666"/>
  <testcase classname="com.w2a.testcases.OpenAccountTest" name="openAccountTest" time="1.607"/>
  <testcase classname="com.w2a.testcases.OpenAccountTest" name="openAccountTest" time="1.618"/>
  <testcase classname="com.w2a.testcases.OpenAccountTest" name="openAccountTest" time="1.502"/>
  <testcase classname="com.w2a.testcases.OpenAccountTest" name="openAccountTest" time="1.662"/>
  <testcase classname="com.w2a.testcases.OpenAccountTest" name="openAccountTest" time="1.86"/>
  <testcase classname="com.w2a.testcases.OpenAccountTest" name="openAccountTest" time="1.93"/>
  <testcase classname="com.w2a.testcases.OpenAccountTest" name="openAccountTest" time="1.549"/>
  <testcase classname="com.w2a.testcases.OpenAccountTest" name="openAccountTest" time="1.543"/>
  <testcase classname="com.w2a.testcases.OpenAccountTest" name="openAccountTest" time="1.545"/>
  <testcase classname="com.w2a.testcases.OpenAccountTest" name="openAccountTest" time="1.491"/>
  <testcase classname="com.w2a.testcases.OpenAccountTest" name="openAccountTest" time="1.537"/>
  <testcase classname="com.w2a.testcases.OpenAccountTest" name="openAccountTest" time="1.491"/>
  <testcase classname="com.w2a.testcases.OpenAccountTest" name="openAccountTest" time="1.608"/>
  <testcase classname="com.w2a.testcases.OpenAccountTest" name="openAccountTest" time="1.611"/>
  <testcase classname="com.w2a.testcases.OpenAccountTest" name="openAccountTest" time="1.617"/>
  <testcase classname="com.w2a.testcases.OpenAccountTest" name="openAccountTest" time="1.564"/>
  <testcase classname="com.w2a.testcases.OpenAccountTest" name="openAccountTest" time="1.59"/>
  <testcase classname="com.w2a.testcases.OpenAccountTest" name="openAccountTest" time="1.628"/>
  <testcase classname="com.w2a.testcases.OpenAccountTest" name="openAccountTest" time="1.574"/>
  <testcase classname="com.w2a.testcases.OpenAccountTest" name="openAccountTest" time="1.64"/>
  <testcase classname="com.w2a.testcases.OpenAccountTest" name="openAccountTest" time="1.592"/>
  <testcase classname="com.w2a.testcases.OpenAccountTest" name="openAccountTest" time="1.557"/>
  <testcase classname="com.w2a.testcases.OpenAccountTest" name="openAccountTest" time="1.491"/>
  <testcase classname="com.w2a.testcases.OpenAccountTest" name="openAccountTest" time="1.632"/>
  <testcase classname="com.w2a.testcases.OpenAccountTest" name="openAccountTest" time="1.582"/>
  <testcase classname="com.w2a.testcases.OpenAccountTest" name="openAccountTest" time="1.606"/>
  <testcase classname="com.w2a.testcases.OpenAccountTest" name="openAccountTest" time="1.572"/>
  <testcase classname="com.w2a.testcases.OpenAccountTest" name="openAccountTest" time="1.571"/>
  <testcase classname="com.w2a.testcases.OpenAccountTest" name="openAccountTest" time="1.557"/>
  <testcase classname="com.w2a.testcases.OpenAccountTest" name="openAccountTest" time="1.527"/>
  <testcase classname="com.w2a.testcases.OpenAccountTest" name="openAccountTest" time="1.497"/>
  <testcase classname="com.w2a.testcases.OpenAccountTest" name="openAccountTest" time="1.554"/>
  <testcase classname="com.w2a.testcases.OpenAccountTest" name="openAccountTest" time="1.534"/>
  <testcase classname="com.w2a.testcases.OpenAccountTest" name="openAccountTest" time="1.553"/>
  <testcase classname="com.w2a.testcases.OpenAccountTest" name="openAccountTest" time="1.557"/>
  <testcase classname="com.w2a.testcases.OpenAccountTest" name="openAccountTest" time="1.533"/>
  <testcase classname="com.w2a.testcases.OpenAccountTest" name="openAccountTest" time="1.609"/>
  <testcase classname="com.w2a.testcases.OpenAccountTest" name="openAccountTest" time="1.64"/>
  <testcase classname="com.w2a.testcases.OpenAccountTest" name="openAccountTest" time="1.55"/>
  <testcase classname="com.w2a.testcases.OpenAccountTest" name="openAccountTest" time="1.606"/>
  <testcase classname="com.w2a.testcases.OpenAccountTest" name="openAccountTest" time="1.765"/>
  <testcase classname="com.w2a.testcases.OpenAccountTest" name="openAccountTest" time="2.276"/>
  <testcase classname="com.w2a.testcases.OpenAccountTest" name="openAccountTest" time="1.699"/>
  <testcase classname="com.w2a.testcases.OpenAccountTest" name="openAccountTest" time="1.581"/>
  <testcase classname="com.w2a.testcases.OpenAccountTest" name="openAccountTest" time="1.594"/>
  <testcase classname="com.w2a.testcases.OpenAccountTest" name="openAccountTest" time="1.597"/>
  <testcase classname="com.w2a.testcases.OpenAccountTest" name="openAccountTest" time="1.504"/>
  <testcase classname="com.w2a.testcases.OpenAccountTest" name="openAccountTest" time="1.651"/>
  <testcase classname="com.w2a.testcases.OpenAccountTest" name="openAccountTest" time="1.509"/>
  <testcase classname="com.w2a.testcases.OpenAccountTest" name="openAccountTest" time="1.522"/>
  <testcase classname="com.w2a.testcases.OpenAccountTest" name="openAccountTest" time="1.579"/>
  <testcase classname="com.w2a.testcases.OpenAccountTest" name="openAccountTest" time="1.573"/>
  <testcase classname="com.w2a.testcases.OpenAccountTest" name="openAccountTest" time="1.587"/>
  <testcase classname="com.w2a.testcases.OpenAccountTest" name="openAccountTest" time="1.56"/>
  <testcase classname="com.w2a.testcases.OpenAccountTest" name="openAccountTest" time="1.604"/>
  <testcase classname="com.w2a.testcases.OpenAccountTest" name="openAccountTest" time="1.511"/>
  <testcase classname="com.w2a.testcases.OpenAccountTest" name="openAccountTest" time="1.556"/>
  <testcase classname="com.w2a.testcases.OpenAccountTest" name="openAccountTest" time="1.603"/>
  <testcase classname="com.w2a.testcases.OpenAccountTest" name="openAccountTest" time="1.571"/>
  <testcase classname="com.w2a.testcases.OpenAccountTest" name="openAccountTest" time="1.487"/>
  <testcase classname="com.w2a.testcases.OpenAccountTest" name="openAccountTest" time="1.634"/>
  <testcase classname="com.w2a.testcases.OpenAccountTest" name="openAccountTest" time="1.574"/>
  <testcase classname="com.w2a.testcases.OpenAccountTest" name="openAccountTest" time="1.485"/>
  <testcase classname="com.w2a.testcases.OpenAccountTest" name="openAccountTest" time="1.529"/>
  <testcase classname="com.w2a.testcases.OpenAccountTest" name="openAccountTest" time="1.578"/>
  <testcase classname="com.w2a.testcases.OpenAccountTest" name="openAccountTest" time="1.585"/>
  <testcase classname="com.w2a.testcases.OpenAccountTest" name="openAccountTest" time="1.606"/>
  <testcase classname="com.w2a.testcases.OpenAccountTest" name="openAccountTest" time="1.51"/>
  <testcase classname="com.w2a.testcases.OpenAccountTest" name="openAccountTest" time="1.582"/>
  <testcase classname="com.w2a.testcases.OpenAccountTest" name="openAccountTest" time="1.495"/>
  <testcase classname="com.w2a.testcases.OpenAccountTest" name="openAccountTest" time="1.655"/>
  <testcase classname="com.w2a.testcases.OpenAccountTest" name="openAccountTest" time="1.566"/>
  <testcase classname="com.w2a.testcases.OpenAccountTest" name="openAccountTest" time="1.581"/>
  <testcase classname="com.w2a.testcases.OpenAccountTest" name="openAccountTest" time="1.584"/>
  <testcase classname="com.w2a.testcases.OpenAccountTest" name="openAccountTest" time="1.594"/>
  <testcase classname="com.w2a.testcases.OpenAccountTest" name="openAccountTest" time="1.494"/>
  <testcase classname="com.w2a.testcases.OpenAccountTest" name="openAccountTest" time="1.544"/>
  <testcase classname="com.w2a.testcases.OpenAccountTest" name="openAccountTest" time="1.548"/>
  <testcase classname="com.w2a.testcases.OpenAccountTest" name="openAccountTest" time="1.495"/>
  <testcase classname="com.w2a.testcases.OpenAccountTest" name="openAccountTest" time="1.877"/>
  <testcase classname="com.w2a.testcases.OpenAccountTest" name="openAccountTest" time="1.954"/>
  <testcase classname="com.w2a.testcases.OpenAccountTest" name="openAccountTest" time="1.629"/>
  <testcase classname="com.w2a.testcases.OpenAccountTest" name="openAccountTest" time="1.557"/>
  <testcase classname="com.w2a.testcases.OpenAccountTest" name="openAccountTest" time="1.632"/>
  <testcase classname="com.w2a.testcases.OpenAccountTest" name="openAccountTest" time="1.557"/>
  <testcase classname="com.w2a.testcases.OpenAccountTest" name="openAccountTest" time="1.625"/>
  <testcase classname="com.w2a.testcases.OpenAccountTest" name="openAccountTest" time="1.582"/>
  <testcase classname="com.w2a.testcases.OpenAccountTest" name="openAccountTest" time="1.504"/>
  <testcase classname="com.w2a.testcases.OpenAccountTest" name="openAccountTest" time="1.577"/>
  <testcase classname="com.w2a.testcases.OpenAccountTest" name="openAccountTest" time="1.605"/>
  <testcase classname="com.w2a.testcases.OpenAccountTest" name="openAccountTest" time="1.504"/>
  <testcase classname="com.w2a.testcases.OpenAccountTest" name="openAccountTest" time="1.582"/>
  <testcase classname="com.w2a.testcases.OpenAccountTest" name="openAccountTest" time="1.604"/>
  <testcase classname="com.w2a.testcases.OpenAccountTest" name="openAccountTest" time="1.628"/>
  <testcase classname="com.w2a.testcases.OpenAccountTest" name="openAccountTest" time="1.566"/>
  <testcase classname="com.w2a.testcases.OpenAccountTest" name="openAccountTest" time="1.588"/>
  <testcase classname="com.w2a.testcases.OpenAccountTest" name="openAccountTest" time="1.613"/>
  <testcase classname="com.w2a.testcases.OpenAccountTest" name="openAccountTest" time="1.674"/>
  <testcase classname="com.w2a.testcases.OpenAccountTest" name="openAccountTest" time="1.613"/>
  <testcase classname="com.w2a.testcases.OpenAccountTest" name="openAccountTest" time="1.59"/>
  <testcase classname="com.w2a.testcases.OpenAccountTest" name="openAccountTest" time="1.569"/>
  <testcase classname="com.w2a.testcases.OpenAccountTest" name="openAccountTest" time="1.541"/>
  <testcase classname="com.w2a.testcases.OpenAccountTest" name="openAccountTest" time="1.593"/>
  <testcase classname="com.w2a.testcases.OpenAccountTest" name="openAccountTest" time="1.56"/>
  <testcase classname="com.w2a.testcases.OpenAccountTest" name="openAccountTest" time="1.629"/>
  <testcase classname="com.w2a.testcases.OpenAccountTest" name="openAccountTest" time="1.504"/>
  <testcase classname="com.w2a.testcases.OpenAccountTest" name="openAccountTest" time="1.584"/>
  <testcase classname="com.w2a.testcases.OpenAccountTest" name="openAccountTest" time="1.568"/>
  <testcase classname="com.w2a.testcases.OpenAccountTest" name="openAccountTest" time="1.582"/>
  <testcase classname="com.w2a.testcases.OpenAccountTest" name="openAccountTest" time="1.629"/>
  <testcase classname="com.w2a.testcases.OpenAccountTest" name="openAccountTest" time="1.571"/>
  <testcase classname="com.w2a.testcases.OpenAccountTest" name="openAccountTest" time="1.6"/>
  <testcase classname="com.w2a.testcases.OpenAccountTest" name="openAccountTest" time="1.558"/>
  <testcase classname="com.w2a.testcases.OpenAccountTest" name="openAccountTest" time="1.511"/>
  <testcase classname="com.w2a.testcases.OpenAccountTest" name="openAccountTest" time="1.606"/>
  <testcase classname="com.w2a.testcases.OpenAccountTest" name="openAccountTest" time="1.591"/>
  <testcase classname="com.w2a.testcases.OpenAccountTest" name="openAccountTest" time="1.771"/>
  <testcase classname="com.w2a.testcases.OpenAccountTest" name="openAccountTest" time="1.916"/>
  <testcase classname="com.w2a.testcases.OpenAccountTest" name="openAccountTest" time="1.502"/>
  <testcase classname="com.w2a.testcases.OpenAccountTest" name="openAccountTest" time="1.59"/>
  <testcase classname="com.w2a.testcases.OpenAccountTest" name="openAccountTest" time="1.628"/>
  <testcase classname="com.w2a.testcases.OpenAccountTest" name="openAccountTest" time="1.578"/>
  <testcase classname="com.w2a.testcases.OpenAccountTest" name="openAccountTest" time="1.621"/>
  <testcase classname="com.w2a.testcases.OpenAccountTest" name="openAccountTest" time="1.657"/>
  <testcase classname="com.w2a.testcases.OpenAccountTest" name="openAccountTest" time="1.636"/>
  <testcase classname="com.w2a.testcases.OpenAccountTest" name="openAccountTest" time="1.515"/>
  <testcase classname="com.w2a.testcases.OpenAccountTest" name="openAccountTest" time="1.516"/>
  <testcase classname="com.w2a.testcases.OpenAccountTest" name="openAccountTest" time="1.547"/>
  <testcase classname="com.w2a.testcases.OpenAccountTest" name="openAccountTest" time="1.513"/>
  <testcase classname="com.w2a.testcases.OpenAccountTest" name="openAccountTest" time="1.562"/>
  <testcase classname="com.w2a.testcases.OpenAccountTest" name="openAccountTest" time="1.543"/>
  <testcase classname="com.w2a.testcases.OpenAccountTest" name="openAccountTest" time="1.632"/>
  <testcase classname="com.w2a.testcases.OpenAccountTest" name="openAccountTest" time="1.588"/>
  <testcase classname="com.w2a.testcases.OpenAccountTest" name="openAccountTest" time="1.535"/>
  <testcase classname="com.w2a.testcases.OpenAccountTest" name="openAccountTest" time="1.572"/>
  <testcase classname="com.w2a.testcases.OpenAccountTest" name="openAccountTest" time="1.548"/>
  <testcase classname="com.w2a.testcases.OpenAccountTest" name="openAccountTest" time="1.626"/>
  <testcase classname="com.w2a.testcases.OpenAccountTest" name="openAccountTest" time="1.514"/>
  <testcase classname="com.w2a.testcases.OpenAccountTest" name="openAccountTest" time="1.595"/>
  <testcase classname="com.w2a.testcases.OpenAccountTest" name="openAccountTest" time="1.545"/>
  <testcase classname="com.w2a.testcases.OpenAccountTest" name="openAccountTest" time="1.517"/>
  <testcase classname="com.w2a.testcases.OpenAccountTest" name="openAccountTest" time="1.52"/>
  <testcase classname="com.w2a.testcases.OpenAccountTest" name="openAccountTest" time="1.659"/>
  <testcase classname="com.w2a.testcases.OpenAccountTest" name="openAccountTest" time="1.576"/>
  <testcase classname="com.w2a.testcases.OpenAccountTest" name="openAccountTest" time="1.634"/>
  <testcase classname="com.w2a.testcases.OpenAccountTest" name="openAccountTest" time="1.543"/>
  <testcase classname="com.w2a.testcases.OpenAccountTest" name="openAccountTest" time="1.465"/>
  <testcase classname="com.w2a.testcases.OpenAccountTest" name="openAccountTest" time="1.639"/>
  <testcase classname="com.w2a.testcases.OpenAccountTest" name="openAccountTest" time="1.568"/>
  <testcase classname="com.w2a.testcases.OpenAccountTest" name="openAccountTest" time="1.624"/>
  <testcase classname="com.w2a.testcases.OpenAccountTest" name="openAccountTest" time="1.856"/>
  <testcase classname="com.w2a.testcases.OpenAccountTest" name="openAccountTest" time="1.476"/>
  <testcase classname="com.w2a.testcases.OpenAccountTest" name="openAccountTest" time="1.612"/>
  <testcase classname="com.w2a.testcases.OpenAccountTest" name="openAccountTest" time="1.761"/>
  <testcase classname="com.w2a.testcases.OpenAccountTest" name="openAccountTest" time="1.799"/>
  <testcase classname="com.w2a.testcases.OpenAccountTest" name="openAccountTest" time="1.661"/>
  <testcase classname="com.w2a.testcases.OpenAccountTest" name="openAccountTest" time="1.548"/>
  <testcase classname="com.w2a.testcases.OpenAccountTest" name="openAccountTest" time="1.592"/>
  <testcase classname="com.w2a.testcases.OpenAccountTest" name="openAccountTest" time="1.605"/>
  <testcase classname="com.w2a.testcases.OpenAccountTest" name="openAccountTest" time="1.562"/>
  <testcase classname="com.w2a.testcases.OpenAccountTest" name="openAccountTest" time="1.601"/>
  <testcase classname="com.w2a.testcases.OpenAccountTest" name="openAccountTest" time="1.549"/>
  <testcase classname="com.w2a.testcases.OpenAccountTest" name="openAccountTest" time="1.547"/>
  <testcase classname="com.w2a.testcases.OpenAccountTest" name="openAccountTest" time="1.604"/>
  <testcase classname="com.w2a.testcases.OpenAccountTest" name="openAccountTest" time="1.558"/>
  <testcase classname="com.w2a.testcases.OpenAccountTest" name="openAccountTest" time="1.598"/>
  <testcase classname="com.w2a.testcases.OpenAccountTest" name="openAccountTest" time="1.609"/>
  <testcase classname="com.w2a.testcases.OpenAccountTest" name="openAccountTest" time="1.525"/>
  <testcase classname="com.w2a.testcases.OpenAccountTest" name="openAccountTest" time="1.495"/>
  <testcase classname="com.w2a.testcases.OpenAccountTest" name="openAccountTest" time="1.769"/>
  <testcase classname="com.w2a.testcases.OpenAccountTest" name="openAccountTest" time="1.683"/>
  <testcase classname="com.w2a.testcases.OpenAccountTest" name="openAccountTest" time="1.619"/>
  <testcase classname="com.w2a.testcases.OpenAccountTest" name="openAccountTest" time="1.554"/>
  <testcase classname="com.w2a.testcases.OpenAccountTest" name="openAccountTest" time="1.583"/>
  <testcase classname="com.w2a.testcases.OpenAccountTest" name="openAccountTest" time="1.57"/>
  <testcase classname="com.w2a.testcases.OpenAccountTest" name="openAccountTest" time="1.496"/>
  <testcase classname="com.w2a.testcases.OpenAccountTest" name="openAccountTest" time="1.629"/>
  <testcase classname="com.w2a.testcases.OpenAccountTest" name="openAccountTest" time="1.502"/>
  <testcase classname="com.w2a.testcases.OpenAccountTest" name="openAccountTest" time="1.646"/>
  <testcase classname="com.w2a.testcases.OpenAccountTest" name="openAccountTest" time="1.609"/>
  <testcase classname="com.w2a.testcases.OpenAccountTest" name="openAccountTest" time="1.565"/>
  <testcase classname="com.w2a.testcases.OpenAccountTest" name="openAccountTest" time="1.618"/>
  <testcase classname="com.w2a.testcases.OpenAccountTest" name="openAccountTest" time="1.584"/>
  <testcase classname="com.w2a.testcases.OpenAccountTest" name="openAccountTest" time="1.513"/>
  <testcase classname="com.w2a.testcases.OpenAccountTest" name="openAccountTest" time="1.58"/>
  <testcase classname="com.w2a.testcases.OpenAccountTest" name="openAccountTest" time="1.574"/>
  <testcase classname="com.w2a.testcases.OpenAccountTest" name="openAccountTest" time="1.508"/>
  <testcase classname="com.w2a.testcases.OpenAccountTest" name="openAccountTest" time="1.572"/>
  <testcase classname="com.w2a.testcases.OpenAccountTest" name="openAccountTest" time="1.48"/>
  <testcase classname="com.w2a.testcases.OpenAccountTest" name="openAccountTest" time="1.598"/>
  <testcase classname="com.w2a.testcases.OpenAccountTest" name="openAccountTest" time="1.822"/>
  <testcase classname="com.w2a.testcases.OpenAccountTest" name="openAccountTest" time="2.011"/>
  <testcase classname="com.w2a.testcases.OpenAccountTest" name="openAccountTest" time="1.524"/>
  <testcase classname="com.w2a.testcases.OpenAccountTest" name="openAccountTest" time="1.628"/>
  <testcase classname="com.w2a.testcases.OpenAccountTest" name="openAccountTest" time="1.557"/>
  <testcase classname="com.w2a.testcases.OpenAccountTest" name="openAccountTest" time="1.609"/>
  <testcase classname="com.w2a.testcases.OpenAccountTest" name="openAccountTest" time="1.599"/>
  <testcase classname="com.w2a.testcases.OpenAccountTest" name="openAccountTest" time="1.564"/>
  <testcase classname="com.w2a.testcases.OpenAccountTest" name="openAccountTest" time="1.575"/>
  <testcase classname="com.w2a.testcases.OpenAccountTest" name="openAccountTest" time="1.545"/>
  <testcase classname="com.w2a.testcases.OpenAccountTest" name="openAccountTest" time="1.548"/>
  <testcase classname="com.w2a.testcases.OpenAccountTest" name="openAccountTest" time="1.508"/>
  <testcase classname="com.w2a.testcases.OpenAccountTest" name="openAccountTest" time="1.533"/>
  <testcase classname="com.w2a.testcases.OpenAccountTest" name="openAccountTest" time="1.523"/>
  <testcase classname="com.w2a.testcases.OpenAccountTest" name="openAccountTest" time="1.607"/>
  <testcase classname="com.w2a.testcases.OpenAccountTest" name="openAccountTest" time="1.841"/>
  <testcase classname="com.w2a.testcases.OpenAccountTest" name="openAccountTest" time="1.474"/>
  <testcase classname="com.w2a.testcases.OpenAccountTest" name="openAccountTest" time="1.608"/>
  <testcase classname="com.w2a.testcases.OpenAccountTest" name="openAccountTest" time="1.599"/>
  <testcase classname="com.w2a.testcases.OpenAccountTest" name="openAccountTest" time="1.572"/>
  <testcase classname="com.w2a.testcases.OpenAccountTest" name="openAccountTest" time="1.591"/>
  <testcase classname="com.w2a.testcases.OpenAccountTest" name="openAccountTest" time="1.514"/>
  <testcase classname="com.w2a.testcases.OpenAccountTest" name="openAccountTest" time="1.678"/>
  <testcase classname="com.w2a.testcases.OpenAccountTest" name="openAccountTest" time="1.589"/>
  <testcase classname="com.w2a.testcases.OpenAccountTest" name="openAccountTest" time="1.535"/>
  <testcase classname="com.w2a.testcases.OpenAccountTest" name="openAccountTest" time="1.533"/>
  <testcase classname="com.w2a.testcases.OpenAccountTest" name="openAccountTest" time="1.491"/>
  <testcase classname="com.w2a.testcases.OpenAccountTest" name="openAccountTest" time="1.546"/>
  <testcase classname="com.w2a.testcases.OpenAccountTest" name="openAccountTest" time="1.466"/>
  <testcase classname="com.w2a.testcases.OpenAccountTest" name="openAccountTest" time="1.661"/>
  <testcase classname="com.w2a.testcases.OpenAccountTest" name="openAccountTest" time="1.598"/>
  <testcase classname="com.w2a.testcases.OpenAccountTest" name="openAccountTest" time="1.679"/>
  <testcase classname="com.w2a.testcases.OpenAccountTest" name="openAccountTest" time="1.446"/>
  <testcase classname="com.w2a.testcases.OpenAccountTest" name="openAccountTest" time="1.908"/>
  <testcase classname="com.w2a.testcases.OpenAccountTest" name="openAccountTest" time="1.62"/>
  <testcase classname="com.w2a.testcases.OpenAccountTest" name="openAccountTest" time="1.581"/>
  <testcase classname="com.w2a.testcases.OpenAccountTest" name="openAccountTest" time="1.521"/>
  <testcase classname="com.w2a.testcases.OpenAccountTest" name="openAccountTest" time="1.89"/>
  <testcase classname="com.w2a.testcases.OpenAccountTest" name="openAccountTest" time="1.99"/>
  <testcase classname="com.w2a.testcases.OpenAccountTest" name="openAccountTest" time="1.525"/>
  <testcase classname="com.w2a.testcases.OpenAccountTest" name="openAccountTest" time="1.608"/>
  <testcase classname="com.w2a.testcases.OpenAccountTest" name="openAccountTest" time="1.62"/>
  <testcase classname="com.w2a.testcases.OpenAccountTest" name="openAccountTest" time="1.546"/>
  <testcase classname="com.w2a.testcases.OpenAccountTest" name="openAccountTest" time="1.508"/>
  <testcase classname="com.w2a.testcases.OpenAccountTest" name="openAccountTest" time="1.581"/>
  <testcase classname="com.w2a.testcases.OpenAccountTest" name="openAccountTest" time="1.617"/>
  <testcase classname="com.w2a.testcases.OpenAccountTest" name="openAccountTest" time="1.702"/>
  <testcase classname="com.w2a.testcases.OpenAccountTest" name="openAccountTest" time="1.542"/>
  <testcase classname="com.w2a.testcases.OpenAccountTest" name="openAccountTest" time="1.575"/>
  <testcase classname="com.w2a.testcases.OpenAccountTest" name="openAccountTest" time="1.516"/>
  <testcase classname="com.w2a.testcases.OpenAccountTest" name="openAccountTest" time="1.599"/>
  <testcase classname="com.w2a.testcases.OpenAccountTest" name="openAccountTest" time="1.546"/>
  <testcase classname="com.w2a.testcases.OpenAccountTest" name="openAccountTest" time="1.648"/>
  <testcase classname="com.w2a.testcases.OpenAccountTest" name="openAccountTest" time="1.563"/>
  <testcase classname="com.w2a.testcases.OpenAccountTest" name="openAccountTest" time="1.664"/>
  <testcase classname="com.w2a.testcases.OpenAccountTest" name="openAccountTest" time="1.621"/>
  <testcase classname="com.w2a.testcases.OpenAccountTest" name="openAccountTest" time="1.542"/>
  <testcase classname="com.w2a.testcases.OpenAccountTest" name="openAccountTest" time="1.512"/>
  <testcase classname="com.w2a.testcases.OpenAccountTest" name="openAccountTest" time="1.581"/>
  <testcase classname="com.w2a.testcases.OpenAccountTest" name="openAccountTest" time="1.491"/>
  <testcase classname="com.w2a.testcases.OpenAccountTest" name="openAccountTest" time="1.573"/>
  <testcase classname="com.w2a.testcases.OpenAccountTest" name="openAccountTest" time="1.524"/>
  <testcase classname="com.w2a.testcases.OpenAccountTest" name="openAccountTest" time="1.599"/>
  <testcase classname="com.w2a.testcases.OpenAccountTest" name="openAccountTest" time="1.693"/>
  <testcase classname="com.w2a.testcases.OpenAccountTest" name="openAccountTest" time="1.558"/>
  <testcase classname="com.w2a.testcases.OpenAccountTest" name="openAccountTest" time="1.625"/>
  <testcase classname="com.w2a.testcases.OpenAccountTest" name="openAccountTest" time="1.517"/>
  <testcase classname="com.w2a.testcases.OpenAccountTest" name="openAccountTest" time="1.52"/>
  <testcase classname="com.w2a.testcases.OpenAccountTest" name="openAccountTest" time="1.561"/>
  <testcase classname="com.w2a.testcases.OpenAccountTest" name="openAccountTest" time="1.508"/>
  <testcase classname="com.w2a.testcases.OpenAccountTest" name="openAccountTest" time="1.528"/>
  <testcase classname="com.w2a.testcases.OpenAccountTest" name="openAccountTest" time="1.562"/>
  <testcase classname="com.w2a.testcases.OpenAccountTest" name="openAccountTest" time="1.558"/>
  <testcase classname="com.w2a.testcases.OpenAccountTest" name="openAccountTest" time="1.56"/>
  <testcase classname="com.w2a.testcases.OpenAccountTest" name="openAccountTest" time="1.634"/>
  <testcase classname="com.w2a.testcases.OpenAccountTest" name="openAccountTest" time="1.923"/>
  <testcase classname="com.w2a.testcases.OpenAccountTest" name="openAccountTest" time="1.837"/>
  <testcase classname="com.w2a.testcases.OpenAccountTest" name="openAccountTest" time="1.54"/>
  <testcase classname="com.w2a.testcases.OpenAccountTest" name="openAccountTest" time="1.536"/>
  <testcase classname="com.w2a.testcases.OpenAccountTest" name="openAccountTest" time="1.608"/>
  <testcase classname="com.w2a.testcases.OpenAccountTest" name="openAccountTest" time="1.576"/>
  <testcase classname="com.w2a.testcases.OpenAccountTest" name="openAccountTest" time="1.496"/>
  <testcase classname="com.w2a.testcases.OpenAccountTest" name="openAccountTest" time="1.607"/>
  <testcase classname="com.w2a.testcases.OpenAccountTest" name="openAccountTest" time="1.561"/>
  <testcase classname="com.w2a.testcases.OpenAccountTest" name="openAccountTest" time="1.596"/>
  <testcase classname="com.w2a.testcases.OpenAccountTest" name="openAccountTest" time="1.584"/>
  <testcase classname="com.w2a.testcases.OpenAccountTest" name="openAccountTest" time="1.595"/>
  <testcase classname="com.w2a.testcases.OpenAccountTest" name="openAccountTest" time="1.793"/>
  <testcase classname="com.w2a.testcases.OpenAccountTest" name="openAccountTest" time="1.591"/>
  <testcase classname="com.w2a.testcases.OpenAccountTest" name="openAccountTest" time="1.586"/>
  <testcase classname="com.w2a.testcases.OpenAccountTest" name="openAccountTest" time="1.569"/>
  <testcase classname="com.w2a.testcases.OpenAccountTest" name="openAccountTest" time="1.625"/>
  <testcase classname="com.w2a.testcases.OpenAccountTest" name="openAccountTest" time="1.56"/>
  <testcase classname="com.w2a.testcases.OpenAccountTest" name="openAccountTest" time="1.639"/>
  <testcase classname="com.w2a.testcases.OpenAccountTest" name="openAccountTest" time="1.536"/>
  <testcase classname="com.w2a.testcases.OpenAccountTest" name="openAccountTest" time="1.612"/>
  <testcase classname="com.w2a.testcases.OpenAccountTest" name="openAccountTest" time="1.574"/>
  <testcase classname="com.w2a.testcases.OpenAccountTest" name="openAccountTest" time="1.485"/>
  <testcase classname="com.w2a.testcases.OpenAccountTest" name="openAccountTest" time="1.559"/>
  <testcase classname="com.w2a.testcases.OpenAccountTest" name="openAccountTest" time="1.659"/>
  <testcase classname="com.w2a.testcases.OpenAccountTest" name="openAccountTest" time="1.534"/>
  <testcase classname="com.w2a.testcases.OpenAccountTest" name="openAccountTest" time="1.654"/>
  <testcase classname="com.w2a.testcases.OpenAccountTest" name="openAccountTest" time="1.545"/>
  <testcase classname="com.w2a.testcases.OpenAccountTest" name="openAccountTest" time="1.609"/>
  <testcase classname="com.w2a.testcases.OpenAccountTest" name="openAccountTest" time="1.655"/>
  <testcase classname="com.w2a.testcases.OpenAccountTest" name="openAccountTest" time="1.496"/>
  <testcase classname="com.w2a.testcases.OpenAccountTest" name="openAccountTest" time="1.517"/>
  <testcase classname="com.w2a.testcases.OpenAccountTest" name="openAccountTest" time="1.548"/>
  <testcase classname="com.w2a.testcases.OpenAccountTest" name="openAccountTest" time="1.557"/>
  <testcase classname="com.w2a.testcases.OpenAccountTest" name="openAccountTest" time="1.53"/>
  <testcase classname="com.w2a.testcases.OpenAccountTest" name="openAccountTest" time="1.673"/>
  <testcase classname="com.w2a.testcases.OpenAccountTest" name="openAccountTest" time="1.829"/>
  <testcase classname="com.w2a.testcases.OpenAccountTest" name="openAccountTest" time="1.845"/>
  <testcase classname="com.w2a.testcases.OpenAccountTest" name="openAccountTest" time="1.595"/>
  <testcase classname="com.w2a.testcases.OpenAccountTest" name="openAccountTest" time="1.593"/>
  <testcase classname="com.w2a.testcases.OpenAccountTest" name="openAccountTest" time="1.55"/>
  <testcase classname="com.w2a.testcases.OpenAccountTest" name="openAccountTest" time="1.628"/>
  <testcase classname="com.w2a.testcases.OpenAccountTest" name="openAccountTest" time="1.635"/>
  <testcase classname="com.w2a.testcases.OpenAccountTest" name="openAccountTest" time="1.715"/>
  <testcase classname="com.w2a.testcases.OpenAccountTest" name="openAccountTest" time="1.611"/>
  <testcase classname="com.w2a.testcases.OpenAccountTest" name="openAccountTest" time="1.6"/>
  <testcase classname="com.w2a.testcases.OpenAccountTest" name="openAccountTest" time="1.87"/>
  <testcase classname="com.w2a.testcases.OpenAccountTest" name="openAccountTest" time="1.579"/>
  <testcase classname="com.w2a.testcases.OpenAccountTest" name="openAccountTest" time="1.708"/>
  <testcase classname="com.w2a.testcases.OpenAccountTest" name="openAccountTest" time="1.568"/>
  <testcase classname="com.w2a.testcases.OpenAccountTest" name="openAccountTest" time="1.507"/>
  <testcase classname="com.w2a.testcases.OpenAccountTest" name="openAccountTest" time="1.658"/>
  <testcase classname="com.w2a.testcases.OpenAccountTest" name="openAccountTest" time="1.634"/>
  <testcase classname="com.w2a.testcases.OpenAccountTest" name="openAccountTest" time="1.652"/>
  <testcase classname="com.w2a.testcases.OpenAccountTest" name="openAccountTest" time="1.581"/>
  <testcase classname="com.w2a.testcases.OpenAccountTest" name="openAccountTest" time="1.578"/>
  <testcase classname="com.w2a.testcases.OpenAccountTest" name="openAccountTest" time="1.58"/>
  <testcase classname="com.w2a.testcases.OpenAccountTest" name="openAccountTest" time="1.642"/>
  <testcase classname="com.w2a.testcases.OpenAccountTest" name="openAccountTest" time="1.561"/>
  <testcase classname="com.w2a.testcases.OpenAccountTest" name="openAccountTest" time="1.465"/>
  <testcase classname="com.w2a.testcases.OpenAccountTest" name="openAccountTest" time="1.602"/>
  <testcase classname="com.w2a.testcases.OpenAccountTest" name="openAccountTest" time="1.558"/>
  <testcase classname="com.w2a.testcases.OpenAccountTest" name="openAccountTest" time="1.621"/>
</testsuite> <!-- Open Account Test -->
