<?xml version="1.0" encoding="UTF-8"?>
<testsuite name="TestSuite" time="2.084" tests="1000" errors="0" skipped="0" failures="0">
  <properties>
[...]
</properties>
  <testcase name="openAccountTest" classname="com.w2a.testcases.OpenAccountTest" time="2.084"/>
  <testcase name="openAccountTest" classname="com.w2a.testcases.OpenAccountTest" time="1.786"/>
  <testcase name="openAccountTest" classname="com.w2a.testcases.OpenAccountTest" time="1.935"/>
  <testcase name="openAccountTest" classname="com.w2a.testcases.OpenAccountTest" time="1.719"/>
  <testcase name="openAccountTest" classname="com.w2a.testcases.OpenAccountTest" time="1.662"/>
  <testcase name="openAccountTest" classname="com.w2a.testcases.OpenAccountTest" time="1.578"/>
  <testcase name="openAccountTest" classname="com.w2a.testcases.OpenAccountTest" time="1.581"/>
  <testcase name="openAccountTest" classname="com.w2a.testcases.OpenAccountTest" time="1.637"/>
  <testcase name="openAccountTest" classname="com.w2a.testcases.OpenAccountTest" time="1.628"/>
  <testcase name="openAccountTest" classname="com.w2a.testcases.OpenAccountTest" time="1.64"/>
  <testcase name="openAccountTest" classname="com.w2a.testcases.OpenAccountTest" time="1.645"/>
  <testcase name="openAccountTest" classname="com.w2a.testcases.OpenAccountTest" time="1.501"/>
  <testcase name="openAccountTest" classname="com.w2a.testcases.OpenAccountTest" time="1.52"/>
  <testcase name="openAccountTest" classname="com.w2a.testcases.OpenAccountTest" time="1.604"/>
  <testcase name="openAccountTest" classname="com.w2a.testcases.OpenAccountTest" time="1.611"/>
  <testcase name="openAccountTest" classname="com.w2a.testcases.OpenAccountTest" time="1.657"/>
  <testcase name="openAccountTest" classname="com.w2a.testcases.OpenAccountTest" time="1.595"/>
  <testcase name="openAccountTest" classname="com.w2a.testcases.OpenAccountTest" time="1.535"/>
  <testcase name="openAccountTest" classname="com.w2a.testcases.OpenAccountTest" time="1.775"/>
  <testcase name="openAccountTest" classname="com.w2a.testcases.OpenAccountTest" time="1.643"/>
  <testcase name="openAccountTest" classname="com.w2a.testcases.OpenAccountTest" time="1.656"/>
  <testcase name="openAccountTest" classname="com.w2a.testcases.OpenAccountTest" time="1.619"/>
  <testcase name="openAccountTest" classname="com.w2a.testcases.OpenAccountTest" time="1.509"/>
  <testcase name="openAccountTest" classname="com.w2a.testcases.OpenAccountTest" time="1.55"/>
  <testcase name="openAccountTest" classname="com.w2a.testcases.OpenAccountTest" time="1.533"/>
  <testcase name="openAccountTest" classname="com.w2a.testcases.OpenAccountTest" time="1.635"/>
  <testcase name="openAccountTest" classname="com.w2a.testcases.OpenAccountTest" time="1.647"/>
  <testcase name="openAccountTest" classname="com.w2a.testcases.OpenAccountTest" time="1.626"/>
  <testcase name="openAccountTest" classname="com.w2a.testcases.OpenAccountTest" time="1.552"/>
  <testcase name="openAccountTest" classname="com.w2a.testcases.OpenAccountTest" time="1.604"/>
  <testcase name="openAccountTest" classname="com.w2a.testcases.OpenAccountTest" time="1.536"/>
  <testcase name="openAccountTest" classname="com.w2a.testcases.OpenAccountTest" time="1.514"/>
  <testcase name="openAccountTest" classname="com.w2a.testcases.OpenAccountTest" time="1.686"/>
  <testcase name="openAccountTest" classname="com.w2a.testcases.OpenAccountTest" time="1.642"/>
  <testcase name="openAccountTest" classname="com.w2a.testcases.OpenAccountTest" time="1.626"/>
  <testcase name="openAccountTest" classname="com.w2a.testcases.OpenAccountTest" time="1.656"/>
  <testcase name="openAccountTest" classname="com.w2a.testcases.OpenAccountTest" time="1.582"/>
  <testcase name="openAccountTest" classname="com.w2a.testcases.OpenAccountTest" time="1.503"/>
  <testcase name="openAccountTest" classname="com.w2a.testcases.OpenAccountTest" time="1.636"/>
  <testcase name="openAccountTest" classname="com.w2a.testcases.OpenAccountTest" time="1.683"/>
  <testcase name="openAccountTest" classname="com.w2a.testcases.OpenAccountTest" time="1.816"/>
  <testcase name="openAccountTest" classname="com.w2a.testcases.OpenAccountTest" time="1.705"/>
  <testcase name="openAccountTest" classname="com.w2a.testcases.OpenAccountTest" time="1.641"/>
  <testcase name="openAccountTest" classname="com.w2a.testcases.OpenAccountTest" time="1.627"/>
  <testcase name="openAccountTest" classname="com.w2a.testcases.OpenAccountTest" time="1.658"/>
  <testcase name="openAccountTest" classname="com.w2a.testcases.OpenAccountTest" time="1.722"/>
  <testcase name="openAccountTest" classname="com.w2a.testcases.OpenAccountTest" time="1.562"/>
  <testcase name="openAccountTest" classname="com.w2a.testcases.OpenAccountTest" time="1.619"/>
  <testcase name="openAccountTest" classname="com.w2a.testcases.OpenAccountTest" time="1.539"/>
  <testcase name="openAccountTest" classname="com.w2a.testcases.OpenAccountTest" time="1.512"/>
  <testcase name="openAccountTest" classname="com.w2a.testcases.OpenAccountTest" time="1.662"/>
  <testcase name="openAccountTest" classname="com.w2a.testcases.OpenAccountTest" time="1.538"/>
  <testcase name="openAccountTest" classname="com.w2a.testcases.OpenAccountTest" time="1.509"/>
  <testcase name="openAccountTest" classname="com.w2a.testcases.OpenAccountTest" time="1.537"/>
  <testcase name="openAccountTest" classname="com.w2a.testcases.OpenAccountTest" time="1.543"/>
  <testcase name="openAccountTest" classname="com.w2a.testcases.OpenAccountTest" time="1.538"/>
  <testcase name="openAccountTest" classname="com.w2a.testcases.OpenAccountTest" time="1.661"/>
  <testcase name="openAccountTest" classname="com.w2a.testcases.OpenAccountTest" time="1.521"/>
  <testcase name="openAccountTest" classname="com.w2a.testcases.OpenAccountTest" time="1.551"/>
  <testcase name="openAccountTest" classname="com.w2a.testcases.OpenAccountTest" time="1.794"/>
  <testcase name="openAccountTest" classname="com.w2a.testcases.OpenAccountTest" time="1.607"/>
  <testcase name="openAccountTest" classname="com.w2a.testcases.OpenAccountTest" time="1.597"/>
  <testcase name="openAccountTest" classname="com.w2a.testcases.OpenAccountTest" time="1.539"/>
  <testcase name="openAccountTest" classname="com.w2a.testcases.OpenAccountTest" time="1.747"/>
  <testcase name="openAccountTest" classname="com.w2a.testcases.OpenAccountTest" time="1.65"/>
  <testcase name="openAccountTest" classname="com.w2a.testcases.OpenAccountTest" time="1.629"/>
  <testcase name="openAccountTest" classname="com.w2a.testcases.OpenAccountTest" time="1.653"/>
  <testcase name="openAccountTest" classname="com.w2a.testcases.OpenAccountTest" time="1.625"/>
  <testcase name="openAccountTest" classname="com.w2a.testcases.OpenAccountTest" time="1.55"/>
  <testcase name="openAccountTest" classname="com.w2a.testcases.OpenAccountTest" time="1.622"/>
  <testcase name="openAccountTest" classname="com.w2a.testcases.OpenAccountTest" time="1.664"/>
  <testcase name="openAccountTest" classname="com.w2a.testcases.OpenAccountTest" time="1.511"/>
  <testcase name="openAccountTest" classname="com.w2a.testcases.OpenAccountTest" time="1.622"/>
  <testcase name="openAccountTest" classname="com.w2a.testcases.OpenAccountTest" time="1.51"/>
  <testcase name="openAccountTest" classname="com.w2a.testcases.OpenAccountTest" time="1.576"/>
  <testcase name="openAccountTest" classname="com.w2a.testcases.OpenAccountTest" time="1.645"/>
  <testcase name="openAccountTest" classname="com.w2a.testcases.OpenAccountTest" time="1.644"/>
  <testcase name="openAccountTest" classname="com.w2a.testcases.OpenAccountTest" time="1.901"/>
  <testcase name="openAccountTest" classname="com.w2a.testcases.OpenAccountTest" time="2.046"/>
  <testcase name="openAccountTest" classname="com.w2a.testcases.OpenAccountTest" time="1.602"/>
  <testcase name="openAccountTest" classname="com.w2a.testcases.OpenAccountTest" time="1.636"/>
  <testcase name="openAccountTest" classname="com.w2a.testcases.OpenAccountTest" time="1.584"/>
  <testcase name="openAccountTest" classname="com.w2a.testcases.OpenAccountTest" time="1.629"/>
  <testcase name="openAccountTest" classname="com.w2a.testcases.OpenAccountTest" time="1.835"/>
  <testcase name="openAccountTest" classname="com.w2a.testcases.OpenAccountTest" time="2.161"/>
  <testcase name="openAccountTest" classname="com.w2a.testcases.OpenAccountTest" time="1.688"/>
  <testcase name="openAccountTest" classname="com.w2a.testcases.OpenAccountTest" time="1.622"/>
  <testcase name="openAccountTest" classname="com.w2a.testcases.OpenAccountTest" time="1.652"/>
  <testcase name="openAccountTest" classname="com.w2a.testcases.OpenAccountTest" time="1.734"/>
  <testcase name="openAccountTest" classname="com.w2a.testcases.OpenAccountTest" time="1.53"/>
  <testcase name="openAccountTest" classname="com.w2a.testcases.OpenAccountTest" time="1.652"/>
  <testcase name="openAccountTest" classname="com.w2a.testcases.OpenAccountTest" time="1.617"/>
  <testcase name="openAccountTest" classname="com.w2a.testcases.OpenAccountTest" time="1.633"/>
  <testcase name="openAccountTest" classname="com.w2a.testcases.OpenAccountTest" time="1.537"/>
  <testcase name="openAccountTest" classname="com.w2a.testcases.OpenAccountTest" time="1.649"/>
  <testcase name="openAccountTest" classname="com.w2a.testcases.OpenAccountTest" time="1.635"/>
  <testcase name="openAccountTest" classname="com.w2a.testcases.OpenAccountTest" time="1.649"/>
  <testcase name="openAccountTest" classname="com.w2a.testcases.OpenAccountTest" time="1.513"/>
  <testcase name="openAccountTest" classname="com.w2a.testcases.OpenAccountTest" time="1.541"/>
  <testcase name="openAccountTest" classname="com.w2a.testcases.OpenAccountTest" time="1.64"/>
  <testcase name="openAccountTest" classname="com.w2a.testcases.OpenAccountTest" time="1.68"/>
  <testcase name="openAccountTest" classname="com.w2a.testcases.OpenAccountTest" time="1.589"/>
  <testcase name="openAccountTest" classname="com.w2a.testcases.OpenAccountTest" time="1.551"/>
  <testcase name="openAccountTest" classname="com.w2a.testcases.OpenAccountTest" time="1.653"/>
  <testcase name="openAccountTest" classname="com.w2a.testcases.OpenAccountTest" time="1.612"/>
  <testcase name="openAccountTest" classname="com.w2a.testcases.OpenAccountTest" time="1.543"/>
  <testcase name="openAccountTest" classname="com.w2a.testcases.OpenAccountTest" time="1.622"/>
  <testcase name="openAccountTest" classname="com.w2a.testcases.OpenAccountTest" time="1.536"/>
  <testcase name="openAccountTest" classname="com.w2a.testcases.OpenAccountTest" time="1.588"/>
  <testcase name="openAccountTest" classname="com.w2a.testcases.OpenAccountTest" time="1.585"/>
  <testcase name="openAccountTest" classname="com.w2a.testcases.OpenAccountTest" time="1.524"/>
  <testcase name="openAccountTest" classname="com.w2a.testcases.OpenAccountTest" time="1.55"/>
  <testcase name="openAccountTest" classname="com.w2a.testcases.OpenAccountTest" time="1.525"/>
  <testcase name="openAccountTest" classname="com.w2a.testcases.OpenAccountTest" time="1.635"/>
  <testcase name="openAccountTest" classname="com.w2a.testcases.OpenAccountTest" time="1.887"/>
  <testcase name="openAccountTest" classname="com.w2a.testcases.OpenAccountTest" time="1.87"/>
  <testcase name="openAccountTest" classname="com.w2a.testcases.OpenAccountTest" time="1.603"/>
  <testcase name="openAccountTest" classname="com.w2a.testcases.OpenAccountTest" time="1.503"/>
  <testcase name="openAccountTest" classname="com.w2a.testcases.OpenAccountTest" time="1.494"/>
  <testcase name="openAccountTest" classname="com.w2a.testcases.OpenAccountTest" time="1.72"/>
  <testcase name="openAccountTest" classname="com.w2a.testcases.OpenAccountTest" time="1.526"/>
  <testcase name="openAccountTest" classname="com.w2a.testcases.OpenAccountTest" time="1.54"/>
  <testcase name="openAccountTest" classname="com.w2a.testcases.OpenAccountTest" time="1.606"/>
  <testcase name="openAccountTest" classname="com.w2a.testcases.OpenAccountTest" time="1.531"/>
  <testcase name="openAccountTest" classname="com.w2a.testcases.OpenAccountTest" time="1.535"/>
  <testcase name="openAccountTest" classname="com.w2a.testcases.OpenAccountTest" time="1.536"/>
  <testcase name="openAccountTest" classname="com.w2a.testcases.OpenAccountTest" time="1.665"/>
  <testcase name="openAccountTest" classname="com.w2a.testcases.OpenAccountTest" time="1.63"/>
  <testcase name="openAccountTest" classname="com.w2a.testcases.OpenAccountTest" time="1.557"/>
  <testcase name="openAccountTest" classname="com.w2a.testcases.OpenAccountTest" time="1.472"/>
  <testcase name="openAccountTest" classname="com.w2a.testcases.OpenAccountTest" time="1.577"/>
  <testcase name="openAccountTest" classname="com.w2a.testcases.OpenAccountTest" time="1.552"/>
  <testcase name="openAccountTest" classname="com.w2a.testcases.OpenAccountTest" time="1.717"/>
  <testcase name="openAccountTest" classname="com.w2a.testcases.OpenAccountTest" time="1.535"/>
  <testcase name="openAccountTest" classname="com.w2a.testcases.OpenAccountTest" time="1.533"/>
  <testcase name="openAccountTest" classname="com.w2a.testcases.OpenAccountTest" time="1.643"/>
  <testcase name="openAccountTest" classname="com.w2a.testcases.OpenAccountTest" time="1.516"/>
  <testcase name="openAccountTest" classname="com.w2a.testcases.OpenAccountTest" time="1.551"/>
  <testcase name="openAccountTest" classname="com.w2a.testcases.OpenAccountTest" time="1.568"/>
  <testcase name="openAccountTest" classname="com.w2a.testcases.OpenAccountTest" time="1.524"/>
  <testcase name="openAccountTest" classname="com.w2a.testcases.OpenAccountTest" time="1.659"/>
  <testcase name="openAccountTest" classname="com.w2a.testcases.OpenAccountTest" time="1.561"/>
  <testcase name="openAccountTest" classname="com.w2a.testcases.OpenAccountTest" time="1.531"/>
  <testcase name="openAccountTest" classname="com.w2a.testcases.OpenAccountTest" time="1.75"/>
  <testcase name="openAccountTest" classname="com.w2a.testcases.OpenAccountTest" time="1.617"/>
  <testcase name="openAccountTest" classname="com.w2a.testcases.OpenAccountTest" time="1.685"/>
  <testcase name="openAccountTest" classname="com.w2a.testcases.OpenAccountTest" time="1.553"/>
  <testcase name="openAccountTest" classname="com.w2a.testcases.OpenAccountTest" time="1.509"/>
  <testcase name="openAccountTest" classname="com.w2a.testcases.OpenAccountTest" time="1.501"/>
  <testcase name="openAccountTest" classname="com.w2a.testcases.OpenAccountTest" time="1.556"/>
  <testcase name="openAccountTest" classname="com.w2a.testcases.OpenAccountTest" time="1.554"/>
  <testcase name="openAccountTest" classname="com.w2a.testcases.OpenAccountTest" time="1.576"/>
  <testcase name="openAccountTest" classname="com.w2a.testcases.OpenAccountTest" time="1.617"/>
  <testcase name="openAccountTest" classname="com.w2a.testcases.OpenAccountTest" time="1.931"/>
  <testcase name="openAccountTest" classname="com.w2a.testcases.OpenAccountTest" time="1.843"/>
  <testcase name="openAccountTest" classname="com.w2a.testcases.OpenAccountTest" time="1.587"/>
  <testcase name="openAccountTest" classname="com.w2a.testcases.OpenAccountTest" time="1.612"/>
  <testcase name="openAccountTest" classname="com.w2a.testcases.OpenAccountTest" time="1.629"/>
  <testcase name="openAccountTest" classname="com.w2a.testcases.OpenAccountTest" time="1.629"/>
  <testcase name="openAccountTest" classname="com.w2a.testcases.OpenAccountTest" time="1.64"/>
  <testcase name="openAccountTest" classname="com.w2a.testcases.OpenAccountTest" time="1.524"/>
  <testcase name="openAccountTest" classname="com.w2a.testcases.OpenAccountTest" time="1.527"/>
  <testcase name="openAccountTest" classname="com.w2a.testcases.OpenAccountTest" time="1.567"/>
  <testcase name="openAccountTest" classname="com.w2a.testcases.OpenAccountTest" time="1.556"/>
  <testcase name="openAccountTest" classname="com.w2a.testcases.OpenAccountTest" time="1.611"/>
  <testcase name="openAccountTest" classname="com.w2a.testcases.OpenAccountTest" time="1.549"/>
  <testcase name="openAccountTest" classname="com.w2a.testcases.OpenAccountTest" time="1.614"/>
  <testcase name="openAccountTest" classname="com.w2a.testcases.OpenAccountTest" time="1.545"/>
  <testcase name="openAccountTest" classname="com.w2a.testcases.OpenAccountTest" time="1.619"/>
  <testcase name="openAccountTest" classname="com.w2a.testcases.OpenAccountTest" time="1.56"/>
  <testcase name="openAccountTest" classname="com.w2a.testcases.OpenAccountTest" time="1.573"/>
  <testcase name="openAccountTest" classname="com.w2a.testcases.OpenAccountTest" time="1.598"/>
  <testcase name="openAccountTest" classname="com.w2a.testcases.OpenAccountTest" time="1.527"/>
  <testcase name="openAccountTest" classname="com.w2a.testcases.OpenAccountTest" time="1.537"/>
  <testcase name="openAccountTest" classname="com.w2a.testcases.OpenAccountTest" time="1.647"/>
  <testcase name="openAccountTest" classname="com.w2a.testcases.OpenAccountTest" time="1.678"/>
  <testcase name="openAccountTest" classname="com.w2a.testcases.OpenAccountTest" time="1.517"/>
  <testcase name="openAccountTest" classname="com.w2a.testcases.OpenAccountTest" time="1.592"/>
  <testcase name="openAccountTest" classname="com.w2a.testcases.OpenAccountTest" time="1.658"/>
  <testcase name="openAccountTest" classname="com.w2a.testcases.OpenAccountTest" time="1.628"/>
  <testcase name="openAccountTest" classname="com.w2a.testcases.OpenAccountTest" time="1.563"/>
  <testcase name="openAccountTest" classname="com.w2a.testcases.OpenAccountTest" time="1.612"/>
  <testcase name="openAccountTest" classname="com.w2a.testcases.OpenAccountTest" time="1.653"/>
  <testcase name="openAccountTest" classname="com.w2a.testcases.OpenAccountTest" time="1.606"/>
  <testcase name="openAccountTest" classname="com.w2a.testcases.OpenAccountTest" time="1.676"/>
  <testcase name="openAccountTest" classname="com.w2a.testcases.OpenAccountTest" time="1.633"/>
  <testcase name="openAccountTest" classname="com.w2a.testcases.OpenAccountTest" time="1.614"/>
  <testcase name="openAccountTest" classname="com.w2a.testcases.OpenAccountTest" time="1.531"/>
  <testcase name="openAccountTest" classname="com.w2a.testcases.OpenAccountTest" time="1.577"/>
  <testcase name="openAccountTest" classname="com.w2a.testcases.OpenAccountTest" time="1.616"/>
  <testcase name="openAccountTest" classname="com.w2a.testcases.OpenAccountTest" time="1.782"/>
  <testcase name="openAccountTest" classname="com.w2a.testcases.OpenAccountTest" time="1.761"/>
  <testcase name="openAccountTest" classname="com.w2a.testcases.OpenAccountTest" time="1.695"/>
  <testcase name="openAccountTest" classname="com.w2a.testcases.OpenAccountTest" time="1.646"/>
  <testcase name="openAccountTest" classname="com.w2a.testcases.OpenAccountTest" time="1.596"/>
  <testcase name="openAccountTest" classname="com.w2a.testcases.OpenAccountTest" time="1.606"/>
  <testcase name="openAccountTest" classname="com.w2a.testcases.OpenAccountTest" time="1.979"/>
  <testcase name="openAccountTest" classname="com.w2a.testcases.OpenAccountTest" time="1.661"/>
  <testcase name="openAccountTest" classname="com.w2a.testcases.OpenAccountTest" time="1.639"/>
  <testcase name="openAccountTest" classname="com.w2a.testcases.OpenAccountTest" time="1.654"/>
  <testcase name="openAccountTest" classname="com.w2a.testcases.OpenAccountTest" time="1.703"/>
  <testcase name="openAccountTest" classname="com.w2a.testcases.OpenAccountTest" time="1.997"/>
  <testcase name="openAccountTest" classname="com.w2a.testcases.OpenAccountTest" time="1.612"/>
  <testcase name="openAccountTest" classname="com.w2a.testcases.OpenAccountTest" time="2.034"/>
  <testcase name="openAccountTest" classname="com.w2a.testcases.OpenAccountTest" time="1.651"/>
  <testcase name="openAccountTest" classname="com.w2a.testcases.OpenAccountTest" time="1.664"/>
  <testcase name="openAccountTest" classname="com.w2a.testcases.OpenAccountTest" time="1.724"/>
  <testcase name="openAccountTest" classname="com.w2a.testcases.OpenAccountTest" time="1.671"/>
  <testcase name="openAccountTest" classname="com.w2a.testcases.OpenAccountTest" time="1.558"/>
  <testcase name="openAccountTest" classname="com.w2a.testcases.OpenAccountTest" time="1.534"/>
  <testcase name="openAccountTest" classname="com.w2a.testcases.OpenAccountTest" time="1.563"/>
  <testcase name="openAccountTest" classname="com.w2a.testcases.OpenAccountTest" time="1.545"/>
  <testcase name="openAccountTest" classname="com.w2a.testcases.OpenAccountTest" time="1.515"/>
  <testcase name="openAccountTest" classname="com.w2a.testcases.OpenAccountTest" time="1.525"/>
  <testcase name="openAccountTest" classname="com.w2a.testcases.OpenAccountTest" time="1.553"/>
  <testcase name="openAccountTest" classname="com.w2a.testcases.OpenAccountTest" time="1.553"/>
  <testcase name="openAccountTest" classname="com.w2a.testcases.OpenAccountTest" time="1.73"/>
  <testcase name="openAccountTest" classname="com.w2a.testcases.OpenAccountTest" time="1.544"/>
  <testcase name="openAccountTest" classname="com.w2a.testcases.OpenAccountTest" time="1.644"/>
  <testcase name="openAccountTest" classname="com.w2a.testcases.OpenAccountTest" time="1.513"/>
  <testcase name="openAccountTest" classname="com.w2a.testcases.OpenAccountTest" time="1.528"/>
  <testcase name="openAccountTest" classname="com.w2a.testcases.OpenAccountTest" time="1.539"/>
  <testcase name="openAccountTest" classname="com.w2a.testcases.OpenAccountTest" time="1.568"/>
  <testcase name="openAccountTest" classname="com.w2a.testcases.OpenAccountTest" time="1.626"/>
  <testcase name="openAccountTest" classname="com.w2a.testcases.OpenAccountTest" time="1.651"/>
  <testcase name="openAccountTest" classname="com.w2a.testcases.OpenAccountTest" time="1.642"/>
  <testcase name="openAccountTest" classname="com.w2a.testcases.OpenAccountTest" time="1.626"/>
  <testcase name="openAccountTest" classname="com.w2a.testcases.OpenAccountTest" time="1.834"/>
  <testcase name="openAccountTest" classname="com.w2a.testcases.OpenAccountTest" time="1.917"/>
  <testcase name="openAccountTest" classname="com.w2a.testcases.OpenAccountTest" time="1.662"/>
  <testcase name="openAccountTest" classname="com.w2a.testcases.OpenAccountTest" time="1.493"/>
  <testcase name="openAccountTest" classname="com.w2a.testcases.OpenAccountTest" time="1.601"/>
  <testcase name="openAccountTest" classname="com.w2a.testcases.OpenAccountTest" time="1.55"/>
  <testcase name="openAccountTest" classname="com.w2a.testcases.OpenAccountTest" time="1.576"/>
  <testcase name="openAccountTest" classname="com.w2a.testcases.OpenAccountTest" time="1.608"/>
  <testcase name="openAccountTest" classname="com.w2a.testcases.OpenAccountTest" time="1.605"/>
  <testcase name="openAccountTest" classname="com.w2a.testcases.OpenAccountTest" time="1.519"/>
  <testcase name="openAccountTest" classname="com.w2a.testcases.OpenAccountTest" time="1.541"/>
  <testcase name="openAccountTest" classname="com.w2a.testcases.OpenAccountTest" time="1.661"/>
  <testcase name="openAccountTest" classname="com.w2a.testcases.OpenAccountTest" time="1.569"/>
  <testcase name="openAccountTest" classname="com.w2a.testcases.OpenAccountTest" time="1.57"/>
  <testcase name="openAccountTest" classname="com.w2a.testcases.OpenAccountTest" time="1.655"/>
  <testcase name="openAccountTest" classname="com.w2a.testcases.OpenAccountTest" time="1.636"/>
  <testcase name="openAccountTest" classname="com.w2a.testcases.OpenAccountTest" time="1.597"/>
  <testcase name="openAccountTest" classname="com.w2a.testcases.OpenAccountTest" time="1.598"/>
  <testcase name="openAccountTest" classname="com.w2a.testcases.OpenAccountTest" time="1.502"/>
  <testcase name="openAccountTest" classname="com.w2a.testcases.OpenAccountTest" time="1.58"/>
  <testcase name="openAccountTest" classname="com.w2a.testcases.OpenAccountTest" time="1.526"/>
  <testcase name="openAccountTest" classname="com.w2a.testcases.OpenAccountTest" time="1.624"/>
  <testcase name="openAccountTest" classname="com.w2a.testcases.OpenAccountTest" time="1.626"/>
  <testcase name="openAccountTest" classname="com.w2a.testcases.OpenAccountTest" time="1.541"/>
  <testcase name="openAccountTest" classname="com.w2a.testcases.OpenAccountTest" time="1.624"/>
  <testcase name="openAccountTest" classname="com.w2a.testcases.OpenAccountTest" time="1.56"/>
  <testcase name="openAccountTest" classname="com.w2a.testcases.OpenAccountTest" time="1.617"/>
  <testcase name="openAccountTest" classname="com.w2a.testcases.OpenAccountTest" time="1.61"/>
  <testcase name="openAccountTest" classname="com.w2a.testcases.OpenAccountTest" time="1.532"/>
  <testcase name="openAccountTest" classname="com.w2a.testcases.OpenAccountTest" time="1.708"/>
  <testcase name="openAccountTest" classname="com.w2a.testcases.OpenAccountTest" time="1.6"/>
  <testcase name="openAccountTest" classname="com.w2a.testcases.OpenAccountTest" time="1.514"/>
  <testcase name="openAccountTest" classname="com.w2a.testcases.OpenAccountTest" time="1.585"/>
  <testcase name="openAccountTest" classname="com.w2a.testcases.OpenAccountTest" time="1.506"/>
  <testcase name="openAccountTest" classname="com.w2a.testcases.OpenAccountTest" time="1.729"/>
  <testcase name="openAccountTest" classname="com.w2a.testcases.OpenAccountTest" time="1.785"/>
  <testcase name="openAccountTest" classname="com.w2a.testcases.OpenAccountTest" time="1.733"/>
  <testcase name="openAccountTest" classname="com.w2a.testcases.OpenAccountTest" time="1.565"/>
  <testcase name="openAccountTest" classname="com.w2a.testcases.OpenAccountTest" time="1.823"/>
  <testcase name="openAccountTest" classname="com.w2a.testcases.OpenAccountTest" time="1.969"/>
  <testcase name="openAccountTest" classname="com.w2a.testcases.OpenAccountTest" time="1.587"/>
  <testcase name="openAccountTest" classname="com.w2a.testcases.OpenAccountTest" time="1.661"/>
  <testcase name="openAccountTest" classname="com.w2a.testcases.OpenAccountTest" time="1.64"/>
  <testcase name="openAccountTest" classname="com.w2a.testcases.OpenAccountTest" time="1.605"/>
  <testcase name="openAccountTest" classname="com.w2a.testcases.OpenAccountTest" time="1.648"/>
  <testcase name="openAccountTest" classname="com.w2a.testcases.OpenAccountTest" time="1.648"/>
  <testcase name="openAccountTest" classname="com.w2a.testcases.OpenAccountTest" time="1.587"/>
  <testcase name="openAccountTest" classname="com.w2a.testcases.OpenAccountTest" time="1.561"/>
  <testcase name="openAccountTest" classname="com.w2a.testcases.OpenAccountTest" time="1.652"/>
  <testcase name="openAccountTest" classname="com.w2a.testcases.OpenAccountTest" time="1.627"/>
  <testcase name="openAccountTest" classname="com.w2a.testcases.OpenAccountTest" time="1.619"/>
  <testcase name="openAccountTest" classname="com.w2a.testcases.OpenAccountTest" time="1.543"/>
  <testcase name="openAccountTest" classname="com.w2a.testcases.OpenAccountTest" time="1.558"/>
  <testcase name="openAccountTest" classname="com.w2a.testcases.OpenAccountTest" time="1.625"/>
  <testcase name="openAccountTest" classname="com.w2a.testcases.OpenAccountTest" time="1.623"/>
  <testcase name="openAccountTest" classname="com.w2a.testcases.OpenAccountTest" time="1.53"/>
  <testcase name="openAccountTest" classname="com.w2a.testcases.OpenAccountTest" time="1.783"/>
  <testcase name="openAccountTest" classname="com.w2a.testcases.OpenAccountTest" time="1.568"/>
  <testcase name="openAccountTest" classname="com.w2a.testcases.OpenAccountTest" time="1.608"/>
  <testcase name="openAccountTest" classname="com.w2a.testcases.OpenAccountTest" time="1.614"/>
  <testcase name="openAccountTest" classname="com.w2a.testcases.OpenAccountTest" time="1.702"/>
  <testcase name="openAccountTest" classname="com.w2a.testcases.OpenAccountTest" time="1.692"/>
  <testcase name="openAccountTest" classname="com.w2a.testcases.OpenAccountTest" time="1.597"/>
  <testcase name="openAccountTest" classname="com.w2a.testcases.OpenAccountTest" time="1.548"/>
  <testcase name="openAccountTest" classname="com.w2a.testcases.OpenAccountTest" time="1.537"/>
  <testcase name="openAccountTest" classname="com.w2a.testcases.OpenAccountTest" time="1.653"/>
  <testcase name="openAccountTest" classname="com.w2a.testcases.OpenAccountTest" time="1.65"/>
  <testcase name="openAccountTest" classname="com.w2a.testcases.OpenAccountTest" time="1.6"/>
  <testcase name="openAccountTest" classname="com.w2a.testcases.OpenAccountTest" time="1.659"/>
  <testcase name="openAccountTest" classname="com.w2a.testcases.OpenAccountTest" time="1.629"/>
  <testcase name="openAccountTest" classname="com.w2a.testcases.OpenAccountTest" time="1.519"/>
  <testcase name="openAccountTest" classname="com.w2a.testcases.OpenAccountTest" time="1.545"/>
  <testcase name="openAccountTest" classname="com.w2a.testcases.OpenAccountTest" time="1.675"/>
  <testcase name="openAccountTest" classname="com.w2a.testcases.OpenAccountTest" time="1.63"/>
  <testcase name="openAccountTest" classname="com.w2a.testcases.OpenAccountTest" time="1.945"/>
  <testcase name="openAccountTest" classname="com.w2a.testcases.OpenAccountTest" time="1.784"/>
  <testcase name="openAccountTest" classname="com.w2a.testcases.OpenAccountTest" time="2.031"/>
  <testcase name="openAccountTest" classname="com.w2a.testcases.OpenAccountTest" time="1.599"/>
  <testcase name="openAccountTest" classname="com.w2a.testcases.OpenAccountTest" time="1.529"/>
  <testcase name="openAccountTest" classname="com.w2a.testcases.OpenAccountTest" time="1.513"/>
  <testcase name="openAccountTest" classname="com.w2a.testcases.OpenAccountTest" time="1.585"/>
  <testcase name="openAccountTest" classname="com.w2a.testcases.OpenAccountTest" time="1.663"/>
  <testcase name="openAccountTest" classname="com.w2a.testcases.OpenAccountTest" time="1.628"/>
  <testcase name="openAccountTest" classname="com.w2a.testcases.OpenAccountTest" time="1.764"/>
  <testcase name="openAccountTest" classname="com.w2a.testcases.OpenAccountTest" time="1.7"/>
  <testcase name="openAccountTest" classname="com.w2a.testcases.OpenAccountTest" time="1.547"/>
  <testcase name="openAccountTest" classname="com.w2a.testcases.OpenAccountTest" time="1.651"/>
  <testcase name="openAccountTest" classname="com.w2a.testcases.OpenAccountTest" time="1.605"/>
  <testcase name="openAccountTest" classname="com.w2a.testcases.OpenAccountTest" time="1.645"/>
  <testcase name="openAccountTest" classname="com.w2a.testcases.OpenAccountTest" time="1.645"/>
  <testcase name="openAccountTest" classname="com.w2a.testcases.OpenAccountTest" time="1.615"/>
  <testcase name="openAccountTest" classname="com.w2a.testcases.OpenAccountTest" time="1.651"/>
  <testcase name="openAccountTest" classname="com.w2a.testcases.OpenAccountTest" time="1.629"/>
  <testcase name="openAccountTest" classname="com.w2a.testcases.OpenAccountTest" time="1.622"/>
  <testcase name="openAccountTest" classname="com.w2a.testcases.OpenAccountTest" time="1.656"/>
  <testcase name="openAccountTest" classname="com.w2a.testcases.OpenAccountTest" time="1.646"/>
  <testcase name="openAccountTest" classname="com.w2a.testcases.OpenAccountTest" time="1.668"/>
  <testcase name="openAccountTest" classname="com.w2a.testcases.OpenAccountTest" time="1.595"/>
  <testcase name="openAccountTest" classname="com.w2a.testcases.OpenAccountTest" time="1.628"/>
  <testcase name="openAccountTest" classname="com.w2a.testcases.OpenAccountTest" time="1.547"/>
  <testcase name="openAccountTest" classname="com.w2a.testcases.OpenAccountTest" time="1.569"/>
  <testcase name="openAccountTest" classname="com.w2a.testcases.OpenAccountTest" time="1.619"/>
  <testcase name="openAccountTest" classname="com.w2a.testcases.OpenAccountTest" time="1.549"/>
  <testcase name="openAccountTest" classname="com.w2a.testcases.OpenAccountTest" time="1.517"/>
  <testcase name="openAccountTest" classname="com.w2a.testcases.OpenAccountTest" time="1.656"/>
  <testcase name="openAccountTest" classname="com.w2a.testcases.OpenAccountTest" time="1.615"/>
  <testcase name="openAccountTest" classname="com.w2a.testcases.OpenAccountTest" time="1.643"/>
  <testcase name="openAccountTest" classname="com.w2a.testcases.OpenAccountTest" time="1.648"/>
  <testcase name="openAccountTest" classname="com.w2a.testcases.OpenAccountTest" time="1.632"/>
  <testcase name="openAccountTest" classname="com.w2a.testcases.OpenAccountTest" time="1.559"/>
  <testcase name="openAccountTest" classname="com.w2a.testcases.OpenAccountTest" time="1.604"/>
  <testcase name="openAccountTest" classname="com.w2a.testcases.OpenAccountTest" time="1.637"/>
  <testcase name="openAccountTest" classname="com.w2a.testcases.OpenAccountTest" time="1.721"/>
  <testcase name="openAccountTest" classname="com.w2a.testcases.OpenAccountTest" time="2.191"/>
  <testcase name="openAccountTest" classname="com.w2a.testcases.OpenAccountTest" time="1.662"/>
  <testcase name="openAccountTest" classname="com.w2a.testcases.OpenAccountTest" time="1.58"/>
  <testcase name="openAccountTest" classname="com.w2a.testcases.OpenAccountTest" time="1.889"/>
  <testcase name="openAccountTest" classname="com.w2a.testcases.OpenAccountTest" time="1.6"/>
  <testcase name="openAccountTest" classname="com.w2a.testcases.OpenAccountTest" time="1.524"/>
  <testcase name="openAccountTest" classname="com.w2a.testcases.OpenAccountTest" time="1.68"/>
  <testcase name="openAccountTest" classname="com.w2a.testcases.OpenAccountTest" time="1.68"/>
  <testcase name="openAccountTest" classname="com.w2a.testcases.OpenAccountTest" time="1.625"/>
  <testcase name="openAccountTest" classname="com.w2a.testcases.OpenAccountTest" time="1.568"/>
  <testcase name="openAccountTest" classname="com.w2a.testcases.OpenAccountTest" time="1.706"/>
  <testcase name="openAccountTest" classname="com.w2a.testcases.OpenAccountTest" time="1.523"/>
  <testcase name="openAccountTest" classname="com.w2a.testcases.OpenAccountTest" time="1.605"/>
  <testcase name="openAccountTest" classname="com.w2a.testcases.OpenAccountTest" time="1.545"/>
  <testcase name="openAccountTest" classname="com.w2a.testcases.OpenAccountTest" time="1.637"/>
  <testcase name="openAccountTest" classname="com.w2a.testcases.OpenAccountTest" time="1.581"/>
  <testcase name="openAccountTest" classname="com.w2a.testcases.OpenAccountTest" time="1.589"/>
  <testcase name="openAccountTest" classname="com.w2a.testcases.OpenAccountTest" time="1.532"/>
  <testcase name="openAccountTest" classname="com.w2a.testcases.OpenAccountTest" time="1.676"/>
  <testcase name="openAccountTest" classname="com.w2a.testcases.OpenAccountTest" time="1.657"/>
  <testcase name="openAccountTest" classname="com.w2a.testcases.OpenAccountTest" time="1.62"/>
  <testcase name="openAccountTest" classname="com.w2a.testcases.OpenAccountTest" time="1.595"/>
  <testcase name="openAccountTest" classname="com.w2a.testcases.OpenAccountTest" time="1.652"/>
  <testcase name="openAccountTest" classname="com.w2a.testcases.OpenAccountTest" time="1.567"/>
  <testcase name="openAccountTest" classname="com.w2a.testcases.OpenAccountTest" time="1.581"/>
  <testcase name="openAccountTest" classname="com.w2a.testcases.OpenAccountTest" time="1.67"/>
  <testcase name="openAccountTest" classname="com.w2a.testcases.OpenAccountTest" time="1.625"/>
  <testcase name="openAccountTest" classname="com.w2a.testcases.OpenAccountTest" time="1.749"/>
  <testcase name="openAccountTest" classname="com.w2a.testcases.OpenAccountTest" time="1.652"/>
  <testcase name="openAccountTest" classname="com.w2a.testcases.OpenAccountTest" time="1.627"/>
  <testcase name="openAccountTest" classname="com.w2a.testcases.OpenAccountTest" time="1.615"/>
  <testcase name="openAccountTest" classname="com.w2a.testcases.OpenAccountTest" time="1.544"/>
  <testcase name="openAccountTest" classname="com.w2a.testcases.OpenAccountTest" time="1.647"/>
  <testcase name="openAccountTest" classname="com.w2a.testcases.OpenAccountTest" time="1.626"/>
  <testcase name="openAccountTest" classname="com.w2a.testcases.OpenAccountTest" time="1.521"/>
  <testcase name="openAccountTest" classname="com.w2a.testcases.OpenAccountTest" time="1.559"/>
  <testcase name="openAccountTest" classname="com.w2a.testcases.OpenAccountTest" time="1.622"/>
  <testcase name="openAccountTest" classname="com.w2a.testcases.OpenAccountTest" time="1.854"/>
  <testcase name="openAccountTest" classname="com.w2a.testcases.OpenAccountTest" time="1.926"/>
  <testcase name="openAccountTest" classname="com.w2a.testcases.OpenAccountTest" time="1.571"/>
  <testcase name="openAccountTest" classname="com.w2a.testcases.OpenAccountTest" time="1.522"/>
  <testcase name="openAccountTest" classname="com.w2a.testcases.OpenAccountTest" time="1.555"/>
  <testcase name="openAccountTest" classname="com.w2a.testcases.OpenAccountTest" time="1.621"/>
  <testcase name="openAccountTest" classname="com.w2a.testcases.OpenAccountTest" time="1.64"/>
  <testcase name="openAccountTest" classname="com.w2a.testcases.OpenAccountTest" time="1.629"/>
  <testcase name="openAccountTest" classname="com.w2a.testcases.OpenAccountTest" time="1.687"/>
  <testcase name="openAccountTest" classname="com.w2a.testcases.OpenAccountTest" time="1.621"/>
  <testcase name="openAccountTest" classname="com.w2a.testcases.OpenAccountTest" time="1.534"/>
  <testcase name="openAccountTest" classname="com.w2a.testcases.OpenAccountTest" time="1.619"/>
  <testcase name="openAccountTest" classname="com.w2a.testcases.OpenAccountTest" time="1.679"/>
  <testcase name="openAccountTest" classname="com.w2a.testcases.OpenAccountTest" time="1.504"/>
  <testcase name="openAccountTest" classname="com.w2a.testcases.OpenAccountTest" time="1.595"/>
  <testcase name="openAccountTest" classname="com.w2a.testcases.OpenAccountTest" time="1.71"/>
  <testcase name="openAccountTest" classname="com.w2a.testcases.OpenAccountTest" time="1.681"/>
  <testcase name="openAccountTest" classname="com.w2a.testcases.OpenAccountTest" time="1.551"/>
  <testcase name="openAccountTest" classname="com.w2a.testcases.OpenAccountTest" time="1.638"/>
  <testcase name="openAccountTest" classname="com.w2a.testcases.OpenAccountTest" time="1.66"/>
  <testcase name="openAccountTest" classname="com.w2a.testcases.OpenAccountTest" time="1.606"/>
  <testcase name="openAccountTest" classname="com.w2a.testcases.OpenAccountTest" time="1.677"/>
  <testcase name="openAccountTest" classname="com.w2a.testcases.OpenAccountTest" time="1.607"/>
  <testcase name="openAccountTest" classname="com.w2a.testcases.OpenAccountTest" time="1.563"/>
  <testcase name="openAccountTest" classname="com.w2a.testcases.OpenAccountTest" time="1.6"/>
  <testcase name="openAccountTest" classname="com.w2a.testcases.OpenAccountTest" time="1.541"/>
  <testcase name="openAccountTest" classname="com.w2a.testcases.OpenAccountTest" time="1.538"/>
  <testcase name="openAccountTest" classname="com.w2a.testcases.OpenAccountTest" time="1.555"/>
  <testcase name="openAccountTest" classname="com.w2a.testcases.OpenAccountTest" time="1.603"/>
  <testcase name="openAccountTest" classname="com.w2a.testcases.OpenAccountTest" time="1.571"/>
  <testcase name="openAccountTest" classname="com.w2a.testcases.OpenAccountTest" time="1.626"/>
  <testcase name="openAccountTest" classname="com.w2a.testcases.OpenAccountTest" time="1.541"/>
  <testcase name="openAccountTest" classname="com.w2a.testcases.OpenAccountTest" time="1.644"/>
  <testcase name="openAccountTest" classname="com.w2a.testcases.OpenAccountTest" time="1.542"/>
  <testcase name="openAccountTest" classname="com.w2a.testcases.OpenAccountTest" time="1.584"/>
  <testcase name="openAccountTest" classname="com.w2a.testcases.OpenAccountTest" time="1.56"/>
  <testcase name="openAccountTest" classname="com.w2a.testcases.OpenAccountTest" time="1.498"/>
  <testcase name="openAccountTest" classname="com.w2a.testcases.OpenAccountTest" time="1.667"/>
  <testcase name="openAccountTest" classname="com.w2a.testcases.OpenAccountTest" time="1.734"/>
  <testcase name="openAccountTest" classname="com.w2a.testcases.OpenAccountTest" time="1.685"/>
  <testcase name="openAccountTest" classname="com.w2a.testcases.OpenAccountTest" time="1.831"/>
  <testcase name="openAccountTest" classname="com.w2a.testcases.OpenAccountTest" time="1.633"/>
  <testcase name="openAccountTest" classname="com.w2a.testcases.OpenAccountTest" time="1.649"/>
  <testcase name="openAccountTest" classname="com.w2a.testcases.OpenAccountTest" time="1.563"/>
  <testcase name="openAccountTest" classname="com.w2a.testcases.OpenAccountTest" time="1.55"/>
  <testcase name="openAccountTest" classname="com.w2a.testcases.OpenAccountTest" time="1.563"/>
  <testcase name="openAccountTest" classname="com.w2a.testcases.OpenAccountTest" time="1.686"/>
  <testcase name="openAccountTest" classname="com.w2a.testcases.OpenAccountTest" time="1.626"/>
  <testcase name="openAccountTest" classname="com.w2a.testcases.OpenAccountTest" time="1.654"/>
  <testcase name="openAccountTest" classname="com.w2a.testcases.OpenAccountTest" time="1.62"/>
  <testcase name="openAccountTest" classname="com.w2a.testcases.OpenAccountTest" time="1.538"/>
  <testcase name="openAccountTest" classname="com.w2a.testcases.OpenAccountTest" time="1.531"/>
  <testcase name="openAccountTest" classname="com.w2a.testcases.OpenAccountTest" time="1.642"/>
  <testcase name="openAccountTest" classname="com.w2a.testcases.OpenAccountTest" time="1.609"/>
  <testcase name="openAccountTest" classname="com.w2a.testcases.OpenAccountTest" time="1.645"/>
  <testcase name="openAccountTest" classname="com.w2a.testcases.OpenAccountTest" time="1.636"/>
  <testcase name="openAccountTest" classname="com.w2a.testcases.OpenAccountTest" time="1.515"/>
  <testcase name="openAccountTest" classname="com.w2a.testcases.OpenAccountTest" time="1.557"/>
  <testcase name="openAccountTest" classname="com.w2a.testcases.OpenAccountTest" time="1.688"/>
  <testcase name="openAccountTest" classname="com.w2a.testcases.OpenAccountTest" time="1.565"/>
  <testcase name="openAccountTest" classname="com.w2a.testcases.OpenAccountTest" time="1.681"/>
  <testcase name="openAccountTest" classname="com.w2a.testcases.OpenAccountTest" time="1.65"/>
  <testcase name="openAccountTest" classname="com.w2a.testcases.OpenAccountTest" time="1.549"/>
  <testcase name="openAccountTest" classname="com.w2a.testcases.OpenAccountTest" time="1.639"/>
  <testcase name="openAccountTest" classname="com.w2a.testcases.OpenAccountTest" time="1.605"/>
  <testcase name="openAccountTest" classname="com.w2a.testcases.OpenAccountTest" time="1.517"/>
  <testcase name="openAccountTest" classname="com.w2a.testcases.OpenAccountTest" time="1.575"/>
  <testcase name="openAccountTest" classname="com.w2a.testcases.OpenAccountTest" time="1.521"/>
  <testcase name="openAccountTest" classname="com.w2a.testcases.OpenAccountTest" time="1.642"/>
  <testcase name="openAccountTest" classname="com.w2a.testcases.OpenAccountTest" time="1.574"/>
  <testcase name="openAccountTest" classname="com.w2a.testcases.OpenAccountTest" time="1.611"/>
  <testcase name="openAccountTest" classname="com.w2a.testcases.OpenAccountTest" time="1.613"/>
  <testcase name="openAccountTest" classname="com.w2a.testcases.OpenAccountTest" time="1.633"/>
  <testcase name="openAccountTest" classname="com.w2a.testcases.OpenAccountTest" time="1.669"/>
  <testcase name="openAccountTest" classname="com.w2a.testcases.OpenAccountTest" time="1.636"/>
  <testcase name="openAccountTest" classname="com.w2a.testcases.OpenAccountTest" time="1.962"/>
  <testcase name="openAccountTest" classname="com.w2a.testcases.OpenAccountTest" time="1.813"/>
  <testcase name="openAccountTest" classname="com.w2a.testcases.OpenAccountTest" time="1.828"/>
  <testcase name="openAccountTest" classname="com.w2a.testcases.OpenAccountTest" time="1.658"/>
  <testcase name="openAccountTest" classname="com.w2a.testcases.OpenAccountTest" time="1.619"/>
  <testcase name="openAccountTest" classname="com.w2a.testcases.OpenAccountTest" time="1.625"/>
  <testcase name="openAccountTest" classname="com.w2a.testcases.OpenAccountTest" time="1.637"/>
  <testcase name="openAccountTest" classname="com.w2a.testcases.OpenAccountTest" time="1.546"/>
  <testcase name="openAccountTest" classname="com.w2a.testcases.OpenAccountTest" time="1.66"/>
  <testcase name="openAccountTest" classname="com.w2a.testcases.OpenAccountTest" time="1.648"/>
  <testcase name="openAccountTest" classname="com.w2a.testcases.OpenAccountTest" time="1.615"/>
  <testcase name="openAccountTest" classname="com.w2a.testcases.OpenAccountTest" time="1.884"/>
  <testcase name="openAccountTest" classname="com.w2a.testcases.OpenAccountTest" time="1.732"/>
  <testcase name="openAccountTest" classname="com.w2a.testcases.OpenAccountTest" time="1.598"/>
  <testcase name="openAccountTest" classname="com.w2a.testcases.OpenAccountTest" time="1.71"/>
  <testcase name="openAccountTest" classname="com.w2a.testcases.OpenAccountTest" time="1.689"/>
  <testcase name="openAccountTest" classname="com.w2a.testcases.OpenAccountTest" time="1.551"/>
  <testcase name="openAccountTest" classname="com.w2a.testcases.OpenAccountTest" time="1.538"/>
  <testcase name="openAccountTest" classname="com.w2a.testcases.OpenAccountTest" time="1.608"/>
  <testcase name="openAccountTest" classname="com.w2a.testcases.OpenAccountTest" time="1.623"/>
  <testcase name="openAccountTest" classname="com.w2a.testcases.OpenAccountTest" time="1.67"/>
  <testcase name="openAccountTest" classname="com.w2a.testcases.OpenAccountTest" time="1.634"/>
  <testcase name="openAccountTest" classname="com.w2a.testcases.OpenAccountTest" time="1.56"/>
  <testcase name="openAccountTest" classname="com.w2a.testcases.OpenAccountTest" time="1.596"/>
  <testcase name="openAccountTest" classname="com.w2a.testcases.OpenAccountTest" time="1.516"/>
  <testcase name="openAccountTest" classname="com.w2a.testcases.OpenAccountTest" time="1.563"/>
  <testcase name="openAccountTest" classname="com.w2a.testcases.OpenAccountTest" time="1.634"/>
  <testcase name="openAccountTest" classname="com.w2a.testcases.OpenAccountTest" time="1.661"/>
  <testcase name="openAccountTest" classname="com.w2a.testcases.OpenAccountTest" time="1.558"/>
  <testcase name="openAccountTest" classname="com.w2a.testcases.OpenAccountTest" time="1.574"/>
  <testcase name="openAccountTest" classname="com.w2a.testcases.OpenAccountTest" time="1.702"/>
  <testcase name="openAccountTest" classname="com.w2a.testcases.OpenAccountTest" time="1.536"/>
  <testcase name="openAccountTest" classname="com.w2a.testcases.OpenAccountTest" time="1.584"/>
  <testcase name="openAccountTest" classname="com.w2a.testcases.OpenAccountTest" time="1.542"/>
  <testcase name="openAccountTest" classname="com.w2a.testcases.OpenAccountTest" time="1.654"/>
  <testcase name="openAccountTest" classname="com.w2a.testcases.OpenAccountTest" time="1.641"/>
  <testcase name="openAccountTest" classname="com.w2a.testcases.OpenAccountTest" time="1.537"/>
  <testcase name="openAccountTest" classname="com.w2a.testcases.OpenAccountTest" time="1.906"/>
  <testcase name="openAccountTest" classname="com.w2a.testcases.OpenAccountTest" time="1.846"/>
  <testcase name="openAccountTest" classname="com.w2a.testcases.OpenAccountTest" time="1.562"/>
  <testcase name="openAccountTest" classname="com.w2a.testcases.OpenAccountTest" time="1.566"/>
  <testcase name="openAccountTest" classname="com.w2a.testcases.OpenAccountTest" time="1.602"/>
  <testcase name="openAccountTest" classname="com.w2a.testcases.OpenAccountTest" time="1.651"/>
  <testcase name="openAccountTest" classname="com.w2a.testcases.OpenAccountTest" time="1.715"/>
  <testcase name="openAccountTest" classname="com.w2a.testcases.OpenAccountTest" time="1.672"/>
  <testcase name="openAccountTest" classname="com.w2a.testcases.OpenAccountTest" time="1.629"/>
  <testcase name="openAccountTest" classname="com.w2a.testcases.OpenAccountTest" time="1.74"/>
  <testcase name="openAccountTest" classname="com.w2a.testcases.OpenAccountTest" time="1.658"/>
  <testcase name="openAccountTest" classname="com.w2a.testcases.OpenAccountTest" time="1.518"/>
  <testcase name="openAccountTest" classname="com.w2a.testcases.OpenAccountTest" time="1.634"/>
  <testcase name="openAccountTest" classname="com.w2a.testcases.OpenAccountTest" time="1.63"/>
  <testcase name="openAccountTest" classname="com.w2a.testcases.OpenAccountTest" time="1.565"/>
  <testcase name="openAccountTest" classname="com.w2a.testcases.OpenAccountTest" time="1.584"/>
  <testcase name="openAccountTest" classname="com.w2a.testcases.OpenAccountTest" time="1.653"/>
  <testcase name="openAccountTest" classname="com.w2a.testcases.OpenAccountTest" time="1.657"/>
  <testcase name="openAccountTest" classname="com.w2a.testcases.OpenAccountTest" time="1.54"/>
  <testcase name="openAccountTest" classname="com.w2a.testcases.OpenAccountTest" time="1.51"/>
  <testcase name="openAccountTest" classname="com.w2a.testcases.OpenAccountTest" time="1.697"/>
  <testcase name="openAccountTest" classname="com.w2a.testcases.OpenAccountTest" time="1.609"/>
  <testcase name="openAccountTest" classname="com.w2a.testcases.OpenAccountTest" time="1.738"/>
  <testcase name="openAccountTest" classname="com.w2a.testcases.OpenAccountTest" time="1.499"/>
  <testcase name="openAccountTest" classname="com.w2a.testcases.OpenAccountTest" time="1.536"/>
  <testcase name="openAccountTest" classname="com.w2a.testcases.OpenAccountTest" time="1.549"/>
  <testcase name="openAccountTest" classname="com.w2a.testcases.OpenAccountTest" time="1.645"/>
  <testcase name="openAccountTest" classname="com.w2a.testcases.OpenAccountTest" time="1.645"/>
  <testcase name="openAccountTest" classname="com.w2a.testcases.OpenAccountTest" time="1.653"/>
  <testcase name="openAccountTest" classname="com.w2a.testcases.OpenAccountTest" time="1.57"/>
  <testcase name="openAccountTest" classname="com.w2a.testcases.OpenAccountTest" time="1.523"/>
  <testcase name="openAccountTest" classname="com.w2a.testcases.OpenAccountTest" time="1.609"/>
  <testcase name="openAccountTest" classname="com.w2a.testcases.OpenAccountTest" time="1.624"/>
  <testcase name="openAccountTest" classname="com.w2a.testcases.OpenAccountTest" time="1.525"/>
  <testcase name="openAccountTest" classname="com.w2a.testcases.OpenAccountTest" time="1.533"/>
  <testcase name="openAccountTest" classname="com.w2a.testcases.OpenAccountTest" time="1.525"/>
  <testcase name="openAccountTest" classname="com.w2a.testcases.OpenAccountTest" time="1.549"/>
  <testcase name="openAccountTest" classname="com.w2a.testcases.OpenAccountTest" time="1.531"/>
  <testcase name="openAccountTest" classname="com.w2a.testcases.OpenAccountTest" time="1.933"/>
  <testcase name="openAccountTest" classname="com.w2a.testcases.OpenAccountTest" time="1.994"/>
  <testcase name="openAccountTest" classname="com.w2a.testcases.OpenAccountTest" time="1.606"/>
  <testcase name="openAccountTest" classname="com.w2a.testcases.OpenAccountTest" time="1.72"/>
  <testcase name="openAccountTest" classname="com.w2a.testcases.OpenAccountTest" time="1.578"/>
  <testcase name="openAccountTest" classname="com.w2a.testcases.OpenAccountTest" time="1.667"/>
  <testcase name="openAccountTest" classname="com.w2a.testcases.OpenAccountTest" time="1.586"/>
  <testcase name="openAccountTest" classname="com.w2a.testcases.OpenAccountTest" time="1.556"/>
  <testcase name="openAccountTest" classname="com.w2a.testcases.OpenAccountTest" time="1.636"/>
  <testcase name="openAccountTest" classname="com.w2a.testcases.OpenAccountTest" time="1.658"/>
  <testcase name="openAccountTest" classname="com.w2a.testcases.OpenAccountTest" time="1.611"/>
  <testcase name="openAccountTest" classname="com.w2a.testcases.OpenAccountTest" time="1.694"/>
  <testcase name="openAccountTest" classname="com.w2a.testcases.OpenAccountTest" time="1.589"/>
  <testcase name="openAccountTest" classname="com.w2a.testcases.OpenAccountTest" time="1.555"/>
  <testcase name="openAccountTest" classname="com.w2a.testcases.OpenAccountTest" time="1.535"/>
  <testcase name="openAccountTest" classname="com.w2a.testcases.OpenAccountTest" time="1.732"/>
  <testcase name="openAccountTest" classname="com.w2a.testcases.OpenAccountTest" time="1.587"/>
  <testcase name="openAccountTest" classname="com.w2a.testcases.OpenAccountTest" time="1.558"/>
  <testcase name="openAccountTest" classname="com.w2a.testcases.OpenAccountTest" time="1.521"/>
  <testcase name="openAccountTest" classname="com.w2a.testcases.OpenAccountTest" time="1.586"/>
  <testcase name="openAccountTest" classname="com.w2a.testcases.OpenAccountTest" time="1.721"/>
  <testcase name="openAccountTest" classname="com.w2a.testcases.OpenAccountTest" time="1.762"/>
  <testcase name="openAccountTest" classname="com.w2a.testcases.OpenAccountTest" time="1.618"/>
  <testcase name="openAccountTest" classname="com.w2a.testcases.OpenAccountTest" time="1.657"/>
  <testcase name="openAccountTest" classname="com.w2a.testcases.OpenAccountTest" time="1.517"/>
  <testcase name="openAccountTest" classname="com.w2a.testcases.OpenAccountTest" time="1.512"/>
  <testcase name="openAccountTest" classname="com.w2a.testcases.OpenAccountTest" time="1.68"/>
  <testcase name="openAccountTest" classname="com.w2a.testcases.OpenAccountTest" time="1.62"/>
  <testcase name="openAccountTest" classname="com.w2a.testcases.OpenAccountTest" time="1.638"/>
  <testcase name="openAccountTest" classname="com.w2a.testcases.OpenAccountTest" time="1.533"/>
  <testcase name="openAccountTest" classname="com.w2a.testcases.OpenAccountTest" time="1.504"/>
  <testcase name="openAccountTest" classname="com.w2a.testcases.OpenAccountTest" time="1.678"/>
  <testcase name="openAccountTest" classname="com.w2a.testcases.OpenAccountTest" time="1.548"/>
  <testcase name="openAccountTest" classname="com.w2a.testcases.OpenAccountTest" time="1.527"/>
  <testcase name="openAccountTest" classname="com.w2a.testcases.OpenAccountTest" time="1.626"/>
  <testcase name="openAccountTest" classname="com.w2a.testcases.OpenAccountTest" time="1.553"/>
  <testcase name="openAccountTest" classname="com.w2a.testcases.OpenAccountTest" time="1.643"/>
  <testcase name="openAccountTest" classname="com.w2a.testcases.OpenAccountTest" time="1.601"/>
  <testcase name="openAccountTest" classname="com.w2a.testcases.OpenAccountTest" time="2.053"/>
  <testcase name="openAccountTest" classname="com.w2a.testcases.OpenAccountTest" time="1.635"/>
  <testcase name="openAccountTest" classname="com.w2a.testcases.OpenAccountTest" time="2.253"/>
  <testcase name="openAccountTest" classname="com.w2a.testcases.OpenAccountTest" time="1.566"/>
  <testcase name="openAccountTest" classname="com.w2a.testcases.OpenAccountTest" time="1.573"/>
  <testcase name="openAccountTest" classname="com.w2a.testcases.OpenAccountTest" time="1.528"/>
  <testcase name="openAccountTest" classname="com.w2a.testcases.OpenAccountTest" time="1.598"/>
  <testcase name="openAccountTest" classname="com.w2a.testcases.OpenAccountTest" time="1.616"/>
  <testcase name="openAccountTest" classname="com.w2a.testcases.OpenAccountTest" time="1.703"/>
  <testcase name="openAccountTest" classname="com.w2a.testcases.OpenAccountTest" time="1.574"/>
  <testcase name="openAccountTest" classname="com.w2a.testcases.OpenAccountTest" time="1.573"/>
  <testcase name="openAccountTest" classname="com.w2a.testcases.OpenAccountTest" time="1.611"/>
  <testcase name="openAccountTest" classname="com.w2a.testcases.OpenAccountTest" time="1.71"/>
  <testcase name="openAccountTest" classname="com.w2a.testcases.OpenAccountTest" time="1.565"/>
  <testcase name="openAccountTest" classname="com.w2a.testcases.OpenAccountTest" time="1.526"/>
  <testcase name="openAccountTest" classname="com.w2a.testcases.OpenAccountTest" time="1.65"/>
  <testcase name="openAccountTest" classname="com.w2a.testcases.OpenAccountTest" time="1.534"/>
  <testcase name="openAccountTest" classname="com.w2a.testcases.OpenAccountTest" time="1.65"/>
  <testcase name="openAccountTest" classname="com.w2a.testcases.OpenAccountTest" time="1.626"/>
  <testcase name="openAccountTest" classname="com.w2a.testcases.OpenAccountTest" time="1.647"/>
  <testcase name="openAccountTest" classname="com.w2a.testcases.OpenAccountTest" time="1.553"/>
  <testcase name="openAccountTest" classname="com.w2a.testcases.OpenAccountTest" time="1.538"/>
  <testcase name="openAccountTest" classname="com.w2a.testcases.OpenAccountTest" time="1.66"/>
  <testcase name="openAccountTest" classname="com.w2a.testcases.OpenAccountTest" time="1.597"/>
  <testcase name="openAccountTest" classname="com.w2a.testcases.OpenAccountTest" time="1.811"/>
  <testcase name="openAccountTest" classname="com.w2a.testcases.OpenAccountTest" time="1.741"/>
  <testcase name="openAccountTest" classname="com.w2a.testcases.OpenAccountTest" time="1.628"/>
  <testcase name="openAccountTest" classname="com.w2a.testcases.OpenAccountTest" time="1.573"/>
  <testcase name="openAccountTest" classname="com.w2a.testcases.OpenAccountTest" time="1.697"/>
  <testcase name="openAccountTest" classname="com.w2a.testcases.OpenAccountTest" time="1.578"/>
  <testcase name="openAccountTest" classname="com.w2a.testcases.OpenAccountTest" time="1.545"/>
  <testcase name="openAccountTest" classname="com.w2a.testcases.OpenAccountTest" time="1.644"/>
  <testcase name="openAccountTest" classname="com.w2a.testcases.OpenAccountTest" time="1.549"/>
  <testcase name="openAccountTest" classname="com.w2a.testcases.OpenAccountTest" time="1.491"/>
  <testcase name="openAccountTest" classname="com.w2a.testcases.OpenAccountTest" time="1.673"/>
  <testcase name="openAccountTest" classname="com.w2a.testcases.OpenAccountTest" time="1.523"/>
  <testcase name="openAccountTest" classname="com.w2a.testcases.OpenAccountTest" time="1.81"/>
  <testcase name="openAccountTest" classname="com.w2a.testcases.OpenAccountTest" time="1.944"/>
  <testcase name="openAccountTest" classname="com.w2a.testcases.OpenAccountTest" time="1.715"/>
  <testcase name="openAccountTest" classname="com.w2a.testcases.OpenAccountTest" time="1.609"/>
  <testcase name="openAccountTest" classname="com.w2a.testcases.OpenAccountTest" time="1.509"/>
  <testcase name="openAccountTest" classname="com.w2a.testcases.OpenAccountTest" time="1.66"/>
  <testcase name="openAccountTest" classname="com.w2a.testcases.OpenAccountTest" time="1.608"/>
  <testcase name="openAccountTest" classname="com.w2a.testcases.OpenAccountTest" time="1.657"/>
  <testcase name="openAccountTest" classname="com.w2a.testcases.OpenAccountTest" time="1.533"/>
  <testcase name="openAccountTest" classname="com.w2a.testcases.OpenAccountTest" time="1.649"/>
  <testcase name="openAccountTest" classname="com.w2a.testcases.OpenAccountTest" time="1.651"/>
  <testcase name="openAccountTest" classname="com.w2a.testcases.OpenAccountTest" time="1.605"/>
  <testcase name="openAccountTest" classname="com.w2a.testcases.OpenAccountTest" time="1.533"/>
  <testcase name="openAccountTest" classname="com.w2a.testcases.OpenAccountTest" time="1.543"/>
  <testcase name="openAccountTest" classname="com.w2a.testcases.OpenAccountTest" time="1.576"/>
  <testcase name="openAccountTest" classname="com.w2a.testcases.OpenAccountTest" time="1.622"/>
  <testcase name="openAccountTest" classname="com.w2a.testcases.OpenAccountTest" time="1.655"/>
  <testcase name="openAccountTest" classname="com.w2a.testcases.OpenAccountTest" time="1.606"/>
  <testcase name="openAccountTest" classname="com.w2a.testcases.OpenAccountTest" time="1.547"/>
  <testcase name="openAccountTest" classname="com.w2a.testcases.OpenAccountTest" time="1.524"/>
  <testcase name="openAccountTest" classname="com.w2a.testcases.OpenAccountTest" time="1.653"/>
  <testcase name="openAccountTest" classname="com.w2a.testcases.OpenAccountTest" time="1.519"/>
  <testcase name="openAccountTest" classname="com.w2a.testcases.OpenAccountTest" time="1.664"/>
  <testcase name="openAccountTest" classname="com.w2a.testcases.OpenAccountTest" time="1.645"/>
  <testcase name="openAccountTest" classname="com.w2a.testcases.OpenAccountTest" time="1.649"/>
  <testcase name="openAccountTest" classname="com.w2a.testcases.OpenAccountTest" time="1.695"/>
  <testcase name="openAccountTest" classname="com.w2a.testcases.OpenAccountTest" time="1.547"/>
  <testcase name="openAccountTest" classname="com.w2a.testcases.OpenAccountTest" time="1.6"/>
  <testcase name="openAccountTest" classname="com.w2a.testcases.OpenAccountTest" time="1.641"/>
  <testcase name="openAccountTest" classname="com.w2a.testcases.OpenAccountTest" time="1.735"/>
  <testcase name="openAccountTest" classname="com.w2a.testcases.OpenAccountTest" time="1.695"/>
  <testcase name="openAccountTest" classname="com.w2a.testcases.OpenAccountTest" time="1.573"/>
  <testcase name="openAccountTest" classname="com.w2a.testcases.OpenAccountTest" time="1.714"/>
  <testcase name="openAccountTest" classname="com.w2a.testcases.OpenAccountTest" time="1.705"/>
  <testcase name="openAccountTest" classname="com.w2a.testcases.OpenAccountTest" time="1.546"/>
  <testcase name="openAccountTest" classname="com.w2a.testcases.OpenAccountTest" time="1.532"/>
  <testcase name="openAccountTest" classname="com.w2a.testcases.OpenAccountTest" time="1.667"/>
  <testcase name="openAccountTest" classname="com.w2a.testcases.OpenAccountTest" time="1.69"/>
  <testcase name="openAccountTest" classname="com.w2a.testcases.OpenAccountTest" time="1.978"/>
  <testcase name="openAccountTest" classname="com.w2a.testcases.OpenAccountTest" time="1.925"/>
  <testcase name="openAccountTest" classname="com.w2a.testcases.OpenAccountTest" time="1.593"/>
  <testcase name="openAccountTest" classname="com.w2a.testcases.OpenAccountTest" time="1.604"/>
  <testcase name="openAccountTest" classname="com.w2a.testcases.OpenAccountTest" time="1.662"/>
  <testcase name="openAccountTest" classname="com.w2a.testcases.OpenAccountTest" time="1.538"/>
  <testcase name="openAccountTest" classname="com.w2a.testcases.OpenAccountTest" time="1.627"/>
  <testcase name="openAccountTest" classname="com.w2a.testcases.OpenAccountTest" time="1.546"/>
  <testcase name="openAccountTest" classname="com.w2a.testcases.OpenAccountTest" time="1.607"/>
  <testcase name="openAccountTest" classname="com.w2a.testcases.OpenAccountTest" time="1.631"/>
  <testcase name="openAccountTest" classname="com.w2a.testcases.OpenAccountTest" time="1.681"/>
  <testcase name="openAccountTest" classname="com.w2a.testcases.OpenAccountTest" time="1.565"/>
  <testcase name="openAccountTest" classname="com.w2a.testcases.OpenAccountTest" time="1.585"/>
  <testcase name="openAccountTest" classname="com.w2a.testcases.OpenAccountTest" time="1.643"/>
  <testcase name="openAccountTest" classname="com.w2a.testcases.OpenAccountTest" time="1.663"/>
  <testcase name="openAccountTest" classname="com.w2a.testcases.OpenAccountTest" time="1.544"/>
  <testcase name="openAccountTest" classname="com.w2a.testcases.OpenAccountTest" time="1.588"/>
  <testcase name="openAccountTest" classname="com.w2a.testcases.OpenAccountTest" time="1.587"/>
  <testcase name="openAccountTest" classname="com.w2a.testcases.OpenAccountTest" time="1.602"/>
  <testcase name="openAccountTest" classname="com.w2a.testcases.OpenAccountTest" time="1.571"/>
  <testcase name="openAccountTest" classname="com.w2a.testcases.OpenAccountTest" time="1.539"/>
  <testcase name="openAccountTest" classname="com.w2a.testcases.OpenAccountTest" time="1.505"/>
  <testcase name="openAccountTest" classname="com.w2a.testcases.OpenAccountTest" time="1.544"/>
  <testcase name="openAccountTest" classname="com.w2a.testcases.OpenAccountTest" time="1.537"/>
  <testcase name="openAccountTest" classname="com.w2a.testcases.OpenAccountTest" time="1.601"/>
  <testcase name="openAccountTest" classname="com.w2a.testcases.OpenAccountTest" time="1.664"/>
  <testcase name="openAccountTest" classname="com.w2a.testcases.OpenAccountTest" time="1.622"/>
  <testcase name="openAccountTest" classname="com.w2a.testcases.OpenAccountTest" time="1.56"/>
  <testcase name="openAccountTest" classname="com.w2a.testcases.OpenAccountTest" time="1.598"/>
  <testcase name="openAccountTest" classname="com.w2a.testcases.OpenAccountTest" time="1.653"/>
  <testcase name="openAccountTest" classname="com.w2a.testcases.OpenAccountTest" time="1.671"/>
  <testcase name="openAccountTest" classname="com.w2a.testcases.OpenAccountTest" time="1.554"/>
  <testcase name="openAccountTest" classname="com.w2a.testcases.OpenAccountTest" time="1.706"/>
  <testcase name="openAccountTest" classname="com.w2a.testcases.OpenAccountTest" time="1.647"/>
  <testcase name="openAccountTest" classname="com.w2a.testcases.OpenAccountTest" time="1.661"/>
  <testcase name="openAccountTest" classname="com.w2a.testcases.OpenAccountTest" time="1.54"/>
  <testcase name="openAccountTest" classname="com.w2a.testcases.OpenAccountTest" time="1.705"/>
  <testcase name="openAccountTest" classname="com.w2a.testcases.OpenAccountTest" time="1.897"/>
  <testcase name="openAccountTest" classname="com.w2a.testcases.OpenAccountTest" time="1.971"/>
  <testcase name="openAccountTest" classname="com.w2a.testcases.OpenAccountTest" time="1.59"/>
  <testcase name="openAccountTest" classname="com.w2a.testcases.OpenAccountTest" time="1.587"/>
  <testcase name="openAccountTest" classname="com.w2a.testcases.OpenAccountTest" time="1.582"/>
  <testcase name="openAccountTest" classname="com.w2a.testcases.OpenAccountTest" time="1.537"/>
  <testcase name="openAccountTest" classname="com.w2a.testcases.OpenAccountTest" time="1.577"/>
  <testcase name="openAccountTest" classname="com.w2a.testcases.OpenAccountTest" time="1.532"/>
  <testcase name="openAccountTest" classname="com.w2a.testcases.OpenAccountTest" time="1.645"/>
  <testcase name="openAccountTest" classname="com.w2a.testcases.OpenAccountTest" time="1.65"/>
  <testcase name="openAccountTest" classname="com.w2a.testcases.OpenAccountTest" time="1.657"/>
  <testcase name="openAccountTest" classname="com.w2a.testcases.OpenAccountTest" time="1.606"/>
  <testcase name="openAccountTest" classname="com.w2a.testcases.OpenAccountTest" time="1.628"/>
  <testcase name="openAccountTest" classname="com.w2a.testcases.OpenAccountTest" time="1.669"/>
  <testcase name="openAccountTest" classname="com.w2a.testcases.OpenAccountTest" time="1.616"/>
  <testcase name="openAccountTest" classname="com.w2a.testcases.OpenAccountTest" time="1.684"/>
  <testcase name="openAccountTest" classname="com.w2a.testcases.OpenAccountTest" time="1.631"/>
  <testcase name="openAccountTest" classname="com.w2a.testcases.OpenAccountTest" time="1.6"/>
  <testcase name="openAccountTest" classname="com.w2a.testcases.OpenAccountTest" time="1.533"/>
  <testcase name="openAccountTest" classname="com.w2a.testcases.OpenAccountTest" time="1.674"/>
  <testcase name="openAccountTest" classname="com.w2a.testcases.OpenAccountTest" time="1.619"/>
  <testcase name="openAccountTest" classname="com.w2a.testcases.OpenAccountTest" time="1.646"/>
  <testcase name="openAccountTest" classname="com.w2a.testcases.OpenAccountTest" time="1.612"/>
  <testcase name="openAccountTest" classname="com.w2a.testcases.OpenAccountTest" time="1.612"/>
  <testcase name="openAccountTest" classname="com.w2a.testcases.OpenAccountTest" time="1.598"/>
  <testcase name="openAccountTest" classname="com.w2a.testcases.OpenAccountTest" time="1.566"/>
  <testcase name="openAccountTest" classname="com.w2a.testcases.OpenAccountTest" time="1.539"/>
  <testcase name="openAccountTest" classname="com.w2a.testcases.OpenAccountTest" time="1.594"/>
  <testcase name="openAccountTest" classname="com.w2a.testcases.OpenAccountTest" time="1.573"/>
  <testcase name="openAccountTest" classname="com.w2a.testcases.OpenAccountTest" time="1.596"/>
  <testcase name="openAccountTest" classname="com.w2a.testcases.OpenAccountTest" time="1.597"/>
  <testcase name="openAccountTest" classname="com.w2a.testcases.OpenAccountTest" time="1.574"/>
  <testcase name="openAccountTest" classname="com.w2a.testcases.OpenAccountTest" time="1.647"/>
  <testcase name="openAccountTest" classname="com.w2a.testcases.OpenAccountTest" time="1.683"/>
  <testcase name="openAccountTest" classname="com.w2a.testcases.OpenAccountTest" time="1.59"/>
  <testcase name="openAccountTest" classname="com.w2a.testcases.OpenAccountTest" time="1.647"/>
  <testcase name="openAccountTest" classname="com.w2a.testcases.OpenAccountTest" time="1.804"/>
  <testcase name="openAccountTest" classname="com.w2a.testcases.OpenAccountTest" time="2.318"/>
  <testcase name="openAccountTest" classname="com.w2a.testcases.OpenAccountTest" time="1.738"/>
  <testcase name="openAccountTest" classname="com.w2a.testcases.OpenAccountTest" time="1.622"/>
  <testcase name="openAccountTest" classname="com.w2a.testcases.OpenAccountTest" time="1.632"/>
  <testcase name="openAccountTest" classname="com.w2a.testcases.OpenAccountTest" time="1.639"/>
  <testcase name="openAccountTest" classname="com.w2a.testcases.OpenAccountTest" time="1.547"/>
  <testcase name="openAccountTest" classname="com.w2a.testcases.OpenAccountTest" time="1.692"/>
  <testcase name="openAccountTest" classname="com.w2a.testcases.OpenAccountTest" time="1.547"/>
  <testcase name="openAccountTest" classname="com.w2a.testcases.OpenAccountTest" time="1.564"/>
  <testcase name="openAccountTest" classname="com.w2a.testcases.OpenAccountTest" time="1.619"/>
  <testcase name="openAccountTest" classname="com.w2a.testcases.OpenAccountTest" time="1.616"/>
  <testcase name="openAccountTest" classname="com.w2a.testcases.OpenAccountTest" time="1.626"/>
  <testcase name="openAccountTest" classname="com.w2a.testcases.OpenAccountTest" time="1.6"/>
  <testcase name="openAccountTest" classname="com.w2a.testcases.OpenAccountTest" time="1.643"/>
  <testcase name="openAccountTest" classname="com.w2a.testcases.OpenAccountTest" time="1.555"/>
  <testcase name="openAccountTest" classname="com.w2a.testcases.OpenAccountTest" time="1.593"/>
  <testcase name="openAccountTest" classname="com.w2a.testcases.OpenAccountTest" time="1.645"/>
  <testcase name="openAccountTest" classname="com.w2a.testcases.OpenAccountTest" time="1.611"/>
  <testcase name="openAccountTest" classname="com.w2a.testcases.OpenAccountTest" time="1.53"/>
  <testcase name="openAccountTest" classname="com.w2a.testcases.OpenAccountTest" time="1.673"/>
  <testcase name="openAccountTest" classname="com.w2a.testcases.OpenAccountTest" time="1.617"/>
  <testcase name="openAccountTest" classname="com.w2a.testcases.OpenAccountTest" time="1.524"/>
  <testcase name="openAccountTest" classname="com.w2a.testcases.OpenAccountTest" time="1.571"/>
  <testcase name="openAccountTest" classname="com.w2a.testcases.OpenAccountTest" time="1.616"/>
  <testcase name="openAccountTest" classname="com.w2a.testcases.OpenAccountTest" time="1.628"/>
  <testcase name="openAccountTest" classname="com.w2a.testcases.OpenAccountTest" time="1.648"/>
  <testcase name="openAccountTest" classname="com.w2a.testcases.OpenAccountTest" time="1.554"/>
  <testcase name="openAccountTest" classname="com.w2a.testcases.OpenAccountTest" time="1.62"/>
  <testcase name="openAccountTest" classname="com.w2a.testcases.OpenAccountTest" time="1.536"/>
  <testcase name="openAccountTest" classname="com.w2a.testcases.OpenAccountTest" time="1.691"/>
  <testcase name="openAccountTest" classname="com.w2a.testcases.OpenAccountTest" time="1.609"/>
  <testcase name="openAccountTest" classname="com.w2a.testcases.OpenAccountTest" time="1.62"/>
  <testcase name="openAccountTest" classname="com.w2a.testcases.OpenAccountTest" time="1.627"/>
  <testcase name="openAccountTest" classname="com.w2a.testcases.OpenAccountTest" time="1.635"/>
  <testcase name="openAccountTest" classname="com.w2a.testcases.OpenAccountTest" time="1.537"/>
  <testcase name="openAccountTest" classname="com.w2a.testcases.OpenAccountTest" time="1.582"/>
  <testcase name="openAccountTest" classname="com.w2a.testcases.OpenAccountTest" time="1.593"/>
  <testcase name="openAccountTest" classname="com.w2a.testcases.OpenAccountTest" time="1.536"/>
  <testcase name="openAccountTest" classname="com.w2a.testcases.OpenAccountTest" time="1.925"/>
  <testcase name="openAccountTest" classname="com.w2a.testcases.OpenAccountTest" time="1.993"/>
  <testcase name="openAccountTest" classname="com.w2a.testcases.OpenAccountTest" time="1.67"/>
  <testcase name="openAccountTest" classname="com.w2a.testcases.OpenAccountTest" time="1.594"/>
  <testcase name="openAccountTest" classname="com.w2a.testcases.OpenAccountTest" time="1.673"/>
  <testcase name="openAccountTest" classname="com.w2a.testcases.OpenAccountTest" time="1.597"/>
  <testcase name="openAccountTest" classname="com.w2a.testcases.OpenAccountTest" time="1.666"/>
  <testcase name="openAccountTest" classname="com.w2a.testcases.OpenAccountTest" time="1.622"/>
  <testcase name="openAccountTest" classname="com.w2a.testcases.OpenAccountTest" time="1.545"/>
  <testcase name="openAccountTest" classname="com.w2a.testcases.OpenAccountTest" time="1.612"/>
  <testcase name="openAccountTest" classname="com.w2a.testcases.OpenAccountTest" time="1.648"/>
  <testcase name="openAccountTest" classname="com.w2a.testcases.OpenAccountTest" time="1.546"/>
  <testcase name="openAccountTest" classname="com.w2a.testcases.OpenAccountTest" time="1.626"/>
  <testcase name="openAccountTest" classname="com.w2a.testcases.OpenAccountTest" time="1.644"/>
  <testcase name="openAccountTest" classname="com.w2a.testcases.OpenAccountTest" time="1.67"/>
  <testcase name="openAccountTest" classname="com.w2a.testcases.OpenAccountTest" time="1.606"/>
  <testcase name="openAccountTest" classname="com.w2a.testcases.OpenAccountTest" time="1.637"/>
  <testcase name="openAccountTest" classname="com.w2a.testcases.OpenAccountTest" time="1.654"/>
  <testcase name="openAccountTest" classname="com.w2a.testcases.OpenAccountTest" time="1.718"/>
  <testcase name="openAccountTest" classname="com.w2a.testcases.OpenAccountTest" time="1.653"/>
  <testcase name="openAccountTest" classname="com.w2a.testcases.OpenAccountTest" time="1.634"/>
  <testcase name="openAccountTest" classname="com.w2a.testcases.OpenAccountTest" time="1.61"/>
  <testcase name="openAccountTest" classname="com.w2a.testcases.OpenAccountTest" time="1.586"/>
  <testcase name="openAccountTest" classname="com.w2a.testcases.OpenAccountTest" time="1.634"/>
  <testcase name="openAccountTest" classname="com.w2a.testcases.OpenAccountTest" time="1.602"/>
  <testcase name="openAccountTest" classname="com.w2a.testcases.OpenAccountTest" time="1.669"/>
  <testcase name="openAccountTest" classname="com.w2a.testcases.OpenAccountTest" time="1.548"/>
  <testcase name="openAccountTest" classname="com.w2a.testcases.OpenAccountTest" time="1.625"/>
  <testcase name="openAccountTest" classname="com.w2a.testcases.OpenAccountTest" time="1.619"/>
  <testcase name="openAccountTest" classname="com.w2a.testcases.OpenAccountTest" time="1.624"/>
  <testcase name="openAccountTest" classname="com.w2a.testcases.OpenAccountTest" time="1.676"/>
  <testcase name="openAccountTest" classname="com.w2a.testcases.OpenAccountTest" time="1.614"/>
  <testcase name="openAccountTest" classname="com.w2a.testcases.OpenAccountTest" time="1.648"/>
  <testcase name="openAccountTest" classname="com.w2a.testcases.OpenAccountTest" time="1.595"/>
  <testcase name="openAccountTest" classname="com.w2a.testcases.OpenAccountTest" time="1.555"/>
  <testcase name="openAccountTest" classname="com.w2a.testcases.OpenAccountTest" time="1.647"/>
  <testcase name="openAccountTest" classname="com.w2a.testcases.OpenAccountTest" time="1.636"/>
  <testcase name="openAccountTest" classname="com.w2a.testcases.OpenAccountTest" time="1.815"/>
  <testcase name="openAccountTest" classname="com.w2a.testcases.OpenAccountTest" time="1.962"/>
  <testcase name="openAccountTest" classname="com.w2a.testcases.OpenAccountTest" time="1.543"/>
  <testcase name="openAccountTest" classname="com.w2a.testcases.OpenAccountTest" time="1.636"/>
  <testcase name="openAccountTest" classname="com.w2a.testcases.OpenAccountTest" time="1.668"/>
  <testcase name="openAccountTest" classname="com.w2a.testcases.OpenAccountTest" time="1.626"/>
  <testcase name="openAccountTest" classname="com.w2a.testcases.OpenAccountTest" time="1.662"/>
  <testcase name="openAccountTest" classname="com.w2a.testcases.OpenAccountTest" time="1.701"/>
  <testcase name="openAccountTest" classname="com.w2a.testcases.OpenAccountTest" time="1.678"/>
  <testcase name="openAccountTest" classname="com.w2a.testcases.OpenAccountTest" time="1.56"/>
  <testcase name="openAccountTest" classname="com.w2a.testcases.OpenAccountTest" time="1.557"/>
  <testcase name="openAccountTest" classname="com.w2a.testcases.OpenAccountTest" time="1.597"/>
  <testcase name="openAccountTest" classname="com.w2a.testcases.OpenAccountTest" time="1.557"/>
  <testcase name="openAccountTest" classname="com.w2a.testcases.OpenAccountTest" time="1.613"/>
  <testcase name="openAccountTest" classname="com.w2a.testcases.OpenAccountTest" time="1.584"/>
  <testcase name="openAccountTest" classname="com.w2a.testcases.OpenAccountTest" time="1.681"/>
  <testcase name="openAccountTest" classname="com.w2a.testcases.OpenAccountTest" time="1.629"/>
  <testcase name="openAccountTest" classname="com.w2a.testcases.OpenAccountTest" time="1.583"/>
  <testcase name="openAccountTest" classname="com.w2a.testcases.OpenAccountTest" time="1.613"/>
  <testcase name="openAccountTest" classname="com.w2a.testcases.OpenAccountTest" time="1.599"/>
  <testcase name="openAccountTest" classname="com.w2a.testcases.OpenAccountTest" time="1.667"/>
  <testcase name="openAccountTest" classname="com.w2a.testcases.OpenAccountTest" time="1.564"/>
  <testcase name="openAccountTest" classname="com.w2a.testcases.OpenAccountTest" time="1.639"/>
  <testcase name="openAccountTest" classname="com.w2a.testcases.OpenAccountTest" time="1.596"/>
  <testcase name="openAccountTest" classname="com.w2a.testcases.OpenAccountTest" time="1.558"/>
  <testcase name="openAccountTest" classname="com.w2a.testcases.OpenAccountTest" time="1.575"/>
  <testcase name="openAccountTest" classname="com.w2a.testcases.OpenAccountTest" time="1.699"/>
  <testcase name="openAccountTest" classname="com.w2a.testcases.OpenAccountTest" time="1.625"/>
  <testcase name="openAccountTest" classname="com.w2a.testcases.OpenAccountTest" time="1.679"/>
  <testcase name="openAccountTest" classname="com.w2a.testcases.OpenAccountTest" time="1.594"/>
  <testcase name="openAccountTest" classname="com.w2a.testcases.OpenAccountTest" time="1.507"/>
  <testcase name="openAccountTest" classname="com.w2a.testcases.OpenAccountTest" time="1.689"/>
  <testcase name="openAccountTest" classname="com.w2a.testcases.OpenAccountTest" time="1.609"/>
  <testcase name="openAccountTest" classname="com.w2a.testcases.OpenAccountTest" time="1.674"/>
  <testcase name="openAccountTest" classname="com.w2a.testcases.OpenAccountTest" time="1.899"/>
  <testcase name="openAccountTest" classname="com.w2a.testcases.OpenAccountTest" time="1.53"/>
  <testcase name="openAccountTest" classname="com.w2a.testcases.OpenAccountTest" time="1.657"/>
  <testcase name="openAccountTest" classname="com.w2a.testcases.OpenAccountTest" time="1.809"/>
  <testcase name="openAccountTest" classname="com.w2a.testcases.OpenAccountTest" time="1.839"/>
  <testcase name="openAccountTest" classname="com.w2a.testcases.OpenAccountTest" time="1.712"/>
  <testcase name="openAccountTest" classname="com.w2a.testcases.OpenAccountTest" time="1.591"/>
  <testcase name="openAccountTest" classname="com.w2a.testcases.OpenAccountTest" time="1.643"/>
  <testcase name="openAccountTest" classname="com.w2a.testcases.OpenAccountTest" time="1.647"/>
  <testcase name="openAccountTest" classname="com.w2a.testcases.OpenAccountTest" time="1.615"/>
  <testcase name="openAccountTest" classname="com.w2a.testcases.OpenAccountTest" time="1.645"/>
  <testcase name="openAccountTest" classname="com.w2a.testcases.OpenAccountTest" time="1.6"/>
  <testcase name="openAccountTest" classname="com.w2a.testcases.OpenAccountTest" time="1.591"/>
  <testcase name="openAccountTest" classname="com.w2a.testcases.OpenAccountTest" time="1.659"/>
  <testcase name="openAccountTest" classname="com.w2a.testcases.OpenAccountTest" time="1.599"/>
  <testcase name="openAccountTest" classname="com.w2a.testcases.OpenAccountTest" time="1.643"/>
  <testcase name="openAccountTest" classname="com.w2a.testcases.OpenAccountTest" time="1.652"/>
  <testcase name="openAccountTest" classname="com.w2a.testcases.OpenAccountTest" time="1.574"/>
  <testcase name="openAccountTest" classname="com.w2a.testcases.OpenAccountTest" time="1.544"/>
  <testcase name="openAccountTest" classname="com.w2a.testcases.OpenAccountTest" time="1.82"/>
  <testcase name="openAccountTest" classname="com.w2a.testcases.OpenAccountTest" time="1.726"/>
  <testcase name="openAccountTest" classname="com.w2a.testcases.OpenAccountTest" time="1.67"/>
  <testcase name="openAccountTest" classname="com.w2a.testcases.OpenAccountTest" time="1.598"/>
  <testcase name="openAccountTest" classname="com.w2a.testcases.OpenAccountTest" time="1.638"/>
  <testcase name="openAccountTest" classname="com.w2a.testcases.OpenAccountTest" time="1.613"/>
  <testcase name="openAccountTest" classname="com.w2a.testcases.OpenAccountTest" time="1.548"/>
  <testcase name="openAccountTest" classname="com.w2a.testcases.OpenAccountTest" time="1.671"/>
  <testcase name="openAccountTest" classname="com.w2a.testcases.OpenAccountTest" time="1.555"/>
  <testcase name="openAccountTest" classname="com.w2a.testcases.OpenAccountTest" time="1.689"/>
  <testcase name="openAccountTest" classname="com.w2a.testcases.OpenAccountTest" time="1.664"/>
  <testcase name="openAccountTest" classname="com.w2a.testcases.OpenAccountTest" time="1.609"/>
  <testcase name="openAccountTest" classname="com.w2a.testcases.OpenAccountTest" time="1.669"/>
  <testcase name="openAccountTest" classname="com.w2a.testcases.OpenAccountTest" time="1.626"/>
  <testcase name="openAccountTest" classname="com.w2a.testcases.OpenAccountTest" time="1.565"/>
  <testcase name="openAccountTest" classname="com.w2a.testcases.OpenAccountTest" time="1.621"/>
  <testcase name="openAccountTest" classname="com.w2a.testcases.OpenAccountTest" time="1.626"/>
  <testcase name="openAccountTest" classname="com.w2a.testcases.OpenAccountTest" time="1.553"/>
  <testcase name="openAccountTest" classname="com.w2a.testcases.OpenAccountTest" time="1.624"/>
  <testcase name="openAccountTest" classname="com.w2a.testcases.OpenAccountTest" time="1.522"/>
  <testcase name="openAccountTest" classname="com.w2a.testcases.OpenAccountTest" time="1.649"/>
  <testcase name="openAccountTest" classname="com.w2a.testcases.OpenAccountTest" time="1.866"/>
  <testcase name="openAccountTest" classname="com.w2a.testcases.OpenAccountTest" time="2.062"/>
  <testcase name="openAccountTest" classname="com.w2a.testcases.OpenAccountTest" time="1.568"/>
  <testcase name="openAccountTest" classname="com.w2a.testcases.OpenAccountTest" time="1.689"/>
  <testcase name="openAccountTest" classname="com.w2a.testcases.OpenAccountTest" time="1.601"/>
  <testcase name="openAccountTest" classname="com.w2a.testcases.OpenAccountTest" time="1.665"/>
  <testcase name="openAccountTest" classname="com.w2a.testcases.OpenAccountTest" time="1.645"/>
  <testcase name="openAccountTest" classname="com.w2a.testcases.OpenAccountTest" time="1.618"/>
  <testcase name="openAccountTest" classname="com.w2a.testcases.OpenAccountTest" time="1.619"/>
  <testcase name="openAccountTest" classname="com.w2a.testcases.OpenAccountTest" time="1.598"/>
  <testcase name="openAccountTest" classname="com.w2a.testcases.OpenAccountTest" time="1.591"/>
  <testcase name="openAccountTest" classname="com.w2a.testcases.OpenAccountTest" time="1.558"/>
  <testcase name="openAccountTest" classname="com.w2a.testcases.OpenAccountTest" time="1.578"/>
  <testcase name="openAccountTest" classname="com.w2a.testcases.OpenAccountTest" time="1.577"/>
  <testcase name="openAccountTest" classname="com.w2a.testcases.OpenAccountTest" time="1.69"/>
  <testcase name="openAccountTest" classname="com.w2a.testcases.OpenAccountTest" time="1.893"/>
  <testcase name="openAccountTest" classname="com.w2a.testcases.OpenAccountTest" time="1.518"/>
  <testcase name="openAccountTest" classname="com.w2a.testcases.OpenAccountTest" time="1.661"/>
  <testcase name="openAccountTest" classname="com.w2a.testcases.OpenAccountTest" time="1.646"/>
  <testcase name="openAccountTest" classname="com.w2a.testcases.OpenAccountTest" time="1.625"/>
  <testcase name="openAccountTest" classname="com.w2a.testcases.OpenAccountTest" time="1.636"/>
  <testcase name="openAccountTest" classname="com.w2a.testcases.OpenAccountTest" time="1.569"/>
  <testcase name="openAccountTest" classname="com.w2a.testcases.OpenAccountTest" time="1.722"/>
  <testcase name="openAccountTest" classname="com.w2a.testcases.OpenAccountTest" time="1.643"/>
  <testcase name="openAccountTest" classname="com.w2a.testcases.OpenAccountTest" time="1.582"/>
  <testcase name="openAccountTest" classname="com.w2a.testcases.OpenAccountTest" time="1.586"/>
  <testcase name="openAccountTest" classname="com.w2a.testcases.OpenAccountTest" time="1.536"/>
  <testcase name="openAccountTest" classname="com.w2a.testcases.OpenAccountTest" time="1.603"/>
  <testcase name="openAccountTest" classname="com.w2a.testcases.OpenAccountTest" time="1.51"/>
  <testcase name="openAccountTest" classname="com.w2a.testcases.OpenAccountTest" time="1.712"/>
  <testcase name="openAccountTest" classname="com.w2a.testcases.OpenAccountTest" time="1.642"/>
  <testcase name="openAccountTest" classname="com.w2a.testcases.OpenAccountTest" time="1.734"/>
  <testcase name="openAccountTest" classname="com.w2a.testcases.OpenAccountTest" time="1.491"/>
  <testcase name="openAccountTest" classname="com.w2a.testcases.OpenAccountTest" time="1.964"/>
  <testcase name="openAccountTest" classname="com.w2a.testcases.OpenAccountTest" time="1.663"/>
  <testcase name="openAccountTest" classname="com.w2a.testcases.OpenAccountTest" time="1.636"/>
  <testcase name="openAccountTest" classname="com.w2a.testcases.OpenAccountTest" time="1.571"/>
  <testcase name="openAccountTest" classname="com.w2a.testcases.OpenAccountTest" time="1.941"/>
  <testcase name="openAccountTest" classname="com.w2a.testcases.OpenAccountTest" time="2.032"/>
  <testcase name="openAccountTest" classname="com.w2a.testcases.OpenAccountTest" time="1.582"/>
  <testcase name="openAccountTest" classname="com.w2a.testcases.OpenAccountTest" time="1.654"/>
  <testcase name="openAccountTest" classname="com.w2a.testcases.OpenAccountTest" time="1.673"/>
  <testcase name="openAccountTest" classname="com.w2a.testcases.OpenAccountTest" time="1.59"/>
  <testcase name="openAccountTest" classname="com.w2a.testcases.OpenAccountTest" time="1.563"/>
  <testcase name="openAccountTest" classname="com.w2a.testcases.OpenAccountTest" time="1.63"/>
  <testcase name="openAccountTest" classname="com.w2a.testcases.OpenAccountTest" time="1.671"/>
  <testcase name="openAccountTest" classname="com.w2a.testcases.OpenAccountTest" time="1.746"/>
  <testcase name="openAccountTest" classname="com.w2a.testcases.OpenAccountTest" time="1.604"/>
  <testcase name="openAccountTest" classname="com.w2a.testcases.OpenAccountTest" time="1.624"/>
  <testcase name="openAccountTest" classname="com.w2a.testcases.OpenAccountTest" time="1.568"/>
  <testcase name="openAccountTest" classname="com.w2a.testcases.OpenAccountTest" time="1.644"/>
  <testcase name="openAccountTest" classname="com.w2a.testcases.OpenAccountTest" time="1.604"/>
  <testcase name="openAccountTest" classname="com.w2a.testcases.OpenAccountTest" time="1.693"/>
  <testcase name="openAccountTest" classname="com.w2a.testcases.OpenAccountTest" time="1.618"/>
  <testcase name="openAccountTest" classname="com.w2a.testcases.OpenAccountTest" time="1.71"/>
  <testcase name="openAccountTest" classname="com.w2a.testcases.OpenAccountTest" time="1.677"/>
  <testcase name="openAccountTest" classname="com.w2a.testcases.OpenAccountTest" time="1.589"/>
  <testcase name="openAccountTest" classname="com.w2a.testcases.OpenAccountTest" time="1.565"/>
  <testcase name="openAccountTest" classname="com.w2a.testcases.OpenAccountTest" time="1.624"/>
  <testcase name="openAccountTest" classname="com.w2a.testcases.OpenAccountTest" time="1.545"/>
  <testcase name="openAccountTest" classname="com.w2a.testcases.OpenAccountTest" time="1.617"/>
  <testcase name="openAccountTest" classname="com.w2a.testcases.OpenAccountTest" time="1.578"/>
  <testcase name="openAccountTest" classname="com.w2a.testcases.OpenAccountTest" time="1.642"/>
  <testcase name="openAccountTest" classname="com.w2a.testcases.OpenAccountTest" time="1.752"/>
  <testcase name="openAccountTest" classname="com.w2a.testcases.OpenAccountTest" time="1.603"/>
  <testcase name="openAccountTest" classname="com.w2a.testcases.OpenAccountTest" time="1.679"/>
  <testcase name="openAccountTest" classname="com.w2a.testcases.OpenAccountTest" time="1.562"/>
  <testcase name="openAccountTest" classname="com.w2a.testcases.OpenAccountTest" time="1.575"/>
  <testcase name="openAccountTest" classname="com.w2a.testcases.OpenAccountTest" time="1.608"/>
  <testcase name="openAccountTest" classname="com.w2a.testcases.OpenAccountTest" time="1.561"/>
  <testcase name="openAccountTest" classname="com.w2a.testcases.OpenAccountTest" time="1.573"/>
  <testcase name="openAccountTest" classname="com.w2a.testcases.OpenAccountTest" time="1.616"/>
  <testcase name="openAccountTest" classname="com.w2a.testcases.OpenAccountTest" time="1.603"/>
  <testcase name="openAccountTest" classname="com.w2a.testcases.OpenAccountTest" time="1.616"/>
  <testcase name="openAccountTest" classname="com.w2a.testcases.OpenAccountTest" time="1.682"/>
  <testcase name="openAccountTest" classname="com.w2a.testcases.OpenAccountTest" time="1.977"/>
  <testcase name="openAccountTest" classname="com.w2a.testcases.OpenAccountTest" time="1.883"/>
  <testcase name="openAccountTest" classname="com.w2a.testcases.OpenAccountTest" time="1.594"/>
  <testcase name="openAccountTest" classname="com.w2a.testcases.OpenAccountTest" time="1.584"/>
  <testcase name="openAccountTest" classname="com.w2a.testcases.OpenAccountTest" time="1.662"/>
  <testcase name="openAccountTest" classname="com.w2a.testcases.OpenAccountTest" time="1.623"/>
  <testcase name="openAccountTest" classname="com.w2a.testcases.OpenAccountTest" time="1.549"/>
  <testcase name="openAccountTest" classname="com.w2a.testcases.OpenAccountTest" time="1.655"/>
  <testcase name="openAccountTest" classname="com.w2a.testcases.OpenAccountTest" time="1.616"/>
  <testcase name="openAccountTest" classname="com.w2a.testcases.OpenAccountTest" time="1.643"/>
  <testcase name="openAccountTest" classname="com.w2a.testcases.OpenAccountTest" time="1.639"/>
  <testcase name="openAccountTest" classname="com.w2a.testcases.OpenAccountTest" time="1.642"/>
  <testcase name="openAccountTest" classname="com.w2a.testcases.OpenAccountTest" time="1.848"/>
  <testcase name="openAccountTest" classname="com.w2a.testcases.OpenAccountTest" time="1.635"/>
  <testcase name="openAccountTest" classname="com.w2a.testcases.OpenAccountTest" time="1.64"/>
  <testcase name="openAccountTest" classname="com.w2a.testcases.OpenAccountTest" time="1.616"/>
  <testcase name="openAccountTest" classname="com.w2a.testcases.OpenAccountTest" time="1.678"/>
  <testcase name="openAccountTest" classname="com.w2a.testcases.OpenAccountTest" time="1.604"/>
  <testcase name="openAccountTest" classname="com.w2a.testcases.OpenAccountTest" time="1.691"/>
  <testcase name="openAccountTest" classname="com.w2a.testcases.OpenAccountTest" time="1.585"/>
  <testcase name="openAccountTest" classname="com.w2a.testcases.OpenAccountTest" time="1.666"/>
  <testcase name="openAccountTest" classname="com.w2a.testcases.OpenAccountTest" time="1.62"/>
  <testcase name="openAccountTest" classname="com.w2a.testcases.OpenAccountTest" time="1.542"/>
  <testcase name="openAccountTest" classname="com.w2a.testcases.OpenAccountTest" time="1.606"/>
  <testcase name="openAccountTest" classname="com.w2a.testcases.OpenAccountTest" time="1.714"/>
  <testcase name="openAccountTest" classname="com.w2a.testcases.OpenAccountTest" time="1.583"/>
  <testcase name="openAccountTest" classname="com.w2a.testcases.OpenAccountTest" time="1.709"/>
  <testcase name="openAccountTest" classname="com.w2a.testcases.OpenAccountTest" time="1.59"/>
  <testcase name="openAccountTest" classname="com.w2a.testcases.OpenAccountTest" time="1.669"/>
  <testcase name="openAccountTest" classname="com.w2a.testcases.OpenAccountTest" time="1.702"/>
  <testcase name="openAccountTest" classname="com.w2a.testcases.OpenAccountTest" time="1.551"/>
  <testcase name="openAccountTest" classname="com.w2a.testcases.OpenAccountTest" time="1.564"/>
  <testcase name="openAccountTest" classname="com.w2a.testcases.OpenAccountTest" time="1.602"/>
  <testcase name="openAccountTest" classname="com.w2a.testcases.OpenAccountTest" time="1.602"/>
  <testcase name="openAccountTest" classname="com.w2a.testcases.OpenAccountTest" time="1.59"/>
  <testcase name="openAccountTest" classname="com.w2a.testcases.OpenAccountTest" time="1.72"/>
  <testcase name="openAccountTest" classname="com.w2a.testcases.OpenAccountTest" time="1.884"/>
  <testcase name="openAccountTest" classname="com.w2a.testcases.OpenAccountTest" time="1.892"/>
  <testcase name="openAccountTest" classname="com.w2a.testcases.OpenAccountTest" time="1.652"/>
  <testcase name="openAccountTest" classname="com.w2a.testcases.OpenAccountTest" time="1.642"/>
  <testcase name="openAccountTest" classname="com.w2a.testcases.OpenAccountTest" time="1.609"/>
  <testcase name="openAccountTest" classname="com.w2a.testcases.OpenAccountTest" time="1.673"/>
  <testcase name="openAccountTest" classname="com.w2a.testcases.OpenAccountTest" time="1.689"/>
  <testcase name="openAccountTest" classname="com.w2a.testcases.OpenAccountTest" time="1.766"/>
  <testcase name="openAccountTest" classname="com.w2a.testcases.OpenAccountTest" time="1.666"/>
  <testcase name="openAccountTest" classname="com.w2a.testcases.OpenAccountTest" time="1.647"/>
  <testcase name="openAccountTest" classname="com.w2a.testcases.OpenAccountTest" time="1.924"/>
  <testcase name="openAccountTest" classname="com.w2a.testcases.OpenAccountTest" time="1.625"/>
  <testcase name="openAccountTest" classname="com.w2a.testcases.OpenAccountTest" time="1.764"/>
  <testcase name="openAccountTest" classname="com.w2a.testcases.OpenAccountTest" time="1.617"/>
  <testcase name="openAccountTest" classname="com.w2a.testcases.OpenAccountTest" time="1.564"/>
  <testcase name="openAccountTest" classname="com.w2a.testcases.OpenAccountTest" time="1.706"/>
  <testcase name="openAccountTest" classname="com.w2a.testcases.OpenAccountTest" time="1.689"/>
  <testcase name="openAccountTest" classname="com.w2a.testcases.OpenAccountTest" time="1.699"/>
  <testcase name="openAccountTest" classname="com.w2a.testcases.OpenAccountTest" time="1.638"/>
  <testcase name="openAccountTest" classname="com.w2a.testcases.OpenAccountTest" time="1.629"/>
  <testcase name="openAccountTest" classname="com.w2a.testcases.OpenAccountTest" time="1.636"/>
  <testcase name="openAccountTest" classname="com.w2a.testcases.OpenAccountTest" time="1.686"/>
  <testcase name="openAccountTest" classname="com.w2a.testcases.OpenAccountTest" time="1.618"/>
  <testcase name="openAccountTest" classname="com.w2a.testcases.OpenAccountTest" time="1.513"/>
  <testcase name="openAccountTest" classname="com.w2a.testcases.OpenAccountTest" time="1.662"/>
  <testcase name="openAccountTest" classname="com.w2a.testcases.OpenAccountTest" time="1.607"/>
  <testcase name="openAccountTest" classname="com.w2a.testcases.OpenAccountTest" time="1.675"/>
</testsuite>