<?xml version="1.0" encoding="UTF-8"?>
<testng-results ignored="0" total="1000" passed="1000" failed="0" skipped="0">
  <reporter-output>
  </reporter-output>
  <suite started-at="2020-10-30T07:26:08Z" name="Data Driven Basics" finished-at="2020-10-30T07:53:20Z" duration-ms="1632351">
    <groups>
    </groups>
    <test started-at="2020-10-30T07:26:08Z" name="Open Account Test" finished-at="2020-10-30T07:53:20Z" duration-ms="1632351">
      <class name="com.w2a.testcases.OpenAccountTest">
        <test-method is-config="true" signature="setUp()[pri:0, instance:com.w2a.testcases.OpenAccountTest@335b5620]" started-at="2020-10-30T15:25:57Z" name="setUp" finished-at="2020-10-30T15:26:08Z" duration-ms="10748" status="PASS">
          <reporter-output>
          </reporter-output>
        </test-method> <!-- setUp -->
        <test-method signature="openAccountTest(java.util.Hashtable)[pri:0, instance:com.w2a.testcases.OpenAccountTest@335b5620]" started-at="2020-10-30T15:26:08Z" name="openAccountTest" data-provider="dp" finished-at="2020-10-30T15:26:10Z" duration-ms="1805" status="PASS">
          <params>
            <param index="0">
              <value>
                <![CDATA[{loyaltycardnumber=787, phonenumber=787878777, areacode=123, lastname=BatesJuditest, runmode=Y, firstname=Juditesttest, emailaddress=jbates0@ed.gov, contactnumber=123456777}]]>
              </value>
            </param>
          </params>
          <reporter-output>
          </reporter-output>
        </test-method> <!-- openAccountTest -->
        <test-method signature="openAccountTest(java.util.Hashtable)[pri:0, instance:com.w2a.testcases.OpenAccountTest@335b5620]" started-at="2020-10-30T15:26:10Z" name="openAccountTest" data-provider="dp" finished-at="2020-10-30T15:26:12Z" duration-ms="1750" status="PASS">
          <params>
            <param index="0">
              <value>
                <![CDATA[{loyaltycardnumber=788, phonenumber=787878778, areacode=124, lastname=SemirazLesley, runmode=Y, firstname=Lesleytest, emailaddress=lsemiraz1@shinystat.com, contactnumber=123456778}]]>
              </value>
            </param>
          </params>
          <reporter-output>
          </reporter-output>
        </test-method> <!-- openAccountTest -->
        <test-method signature="openAccountTest(java.util.Hashtable)[pri:0, instance:com.w2a.testcases.OpenAccountTest@335b5620]" started-at="2020-10-30T15:26:12Z" name="openAccountTest" data-provider="dp" finished-at="2020-10-30T15:26:14Z" duration-ms="1906" status="PASS">
          <params>
            <param index="0">
              <value>
                <![CDATA[{loyaltycardnumber=789, phonenumber=787878779, areacode=125, lastname=ThebeauKip, runmode=Y, firstname=Kiptest, emailaddress=kthebeau2@europa.eu, contactnumber=123456779}]]>
              </value>
            </param>
          </params>
          <reporter-output>
          </reporter-output>
        </test-method> <!-- openAccountTest -->
        <test-method signature="openAccountTest(java.util.Hashtable)[pri:0, instance:com.w2a.testcases.OpenAccountTest@335b5620]" started-at="2020-10-30T15:26:14Z" name="openAccountTest" data-provider="dp" finished-at="2020-10-30T15:26:16Z" duration-ms="1691" status="PASS">
          <params>
            <param index="0">
              <value>
                <![CDATA[{loyaltycardnumber=790, phonenumber=787878780, areacode=126, lastname=PenteloGenia, runmode=Y, firstname=Geniatest, emailaddress=gpentelo3@google.it, contactnumber=123456780}]]>
              </value>
            </param>
          </params>
          <reporter-output>
          </reporter-output>
        </test-method> <!-- openAccountTest -->
        <test-method signature="openAccountTest(java.util.Hashtable)[pri:0, instance:com.w2a.testcases.OpenAccountTest@335b5620]" started-at="2020-10-30T15:26:16Z" name="openAccountTest" data-provider="dp" finished-at="2020-10-30T15:26:18Z" duration-ms="1637" status="PASS">
          <params>
            <param index="0">
              <value>
                <![CDATA[{loyaltycardnumber=791, phonenumber=787878781, areacode=127, lastname=BowfinDorice, runmode=Y, firstname=Doricetest, emailaddress=dbowfin4@netlog.com, contactnumber=123456781}]]>
              </value>
            </param>
          </params>
          <reporter-output>
          </reporter-output>
        </test-method> <!-- openAccountTest -->
        <test-method signature="openAccountTest(java.util.Hashtable)[pri:0, instance:com.w2a.testcases.OpenAccountTest@335b5620]" started-at="2020-10-30T15:26:18Z" name="openAccountTest" data-provider="dp" finished-at="2020-10-30T15:26:19Z" duration-ms="1552" status="PASS">
          <params>
            <param index="0">
              <value>
                <![CDATA[{loyaltycardnumber=792, phonenumber=787878782, areacode=128, lastname=BundockJosefa, runmode=Y, firstname=Josefatest, emailaddress=jbundock5@guardian.co.uk, contactnumber=123456782}]]>
              </value>
            </param>
          </params>
          <reporter-output>
          </reporter-output>
        </test-method> <!-- openAccountTest -->
        <test-method signature="openAccountTest(java.util.Hashtable)[pri:0, instance:com.w2a.testcases.OpenAccountTest@335b5620]" started-at="2020-10-30T15:26:19Z" name="openAccountTest" data-provider="dp" finished-at="2020-10-30T15:26:21Z" duration-ms="1555" status="PASS">
          <params>
            <param index="0">
              <value>
                <![CDATA[{loyaltycardnumber=793, phonenumber=787878783, areacode=129, lastname=McArteShelby, runmode=Y, firstname=Shelbytest, emailaddress=smcarte6@baidu.com, contactnumber=123456783}]]>
              </value>
            </param>
          </params>
          <reporter-output>
          </reporter-output>
        </test-method> <!-- openAccountTest -->
        <test-method signature="openAccountTest(java.util.Hashtable)[pri:0, instance:com.w2a.testcases.OpenAccountTest@335b5620]" started-at="2020-10-30T15:26:21Z" name="openAccountTest" data-provider="dp" finished-at="2020-10-30T15:26:22Z" duration-ms="1617" status="PASS">
          <params>
            <param index="0">
              <value>
                <![CDATA[{loyaltycardnumber=794, phonenumber=787878784, areacode=130, lastname=ByrchDelainey, runmode=Y, firstname=Delaineytest, emailaddress=dbyrch7@google.es, contactnumber=123456784}]]>
              </value>
            </param>
          </params>
          <reporter-output>
          </reporter-output>
        </test-method> <!-- openAccountTest -->
        <test-method signature="openAccountTest(java.util.Hashtable)[pri:0, instance:com.w2a.testcases.OpenAccountTest@335b5620]" started-at="2020-10-30T15:26:22Z" name="openAccountTest" data-provider="dp" finished-at="2020-10-30T15:26:24Z" duration-ms="1604" status="PASS">
          <params>
            <param index="0">
              <value>
                <![CDATA[{loyaltycardnumber=795, phonenumber=787878785, areacode=131, lastname=CornillotArley, runmode=Y, firstname=Arleytest, emailaddress=acornillot8@parallels.com, contactnumber=123456785}]]>
              </value>
            </param>
          </params>
          <reporter-output>
          </reporter-output>
        </test-method> <!-- openAccountTest -->
        <test-method signature="openAccountTest(java.util.Hashtable)[pri:0, instance:com.w2a.testcases.OpenAccountTest@335b5620]" started-at="2020-10-30T15:26:24Z" name="openAccountTest" data-provider="dp" finished-at="2020-10-30T15:26:26Z" duration-ms="1617" status="PASS">
          <params>
            <param index="0">
              <value>
                <![CDATA[{loyaltycardnumber=796, phonenumber=787878786, areacode=132, lastname=PadburyRay, runmode=Y, firstname=Raytest, emailaddress=rpadbury9@addthis.com, contactnumber=123456786}]]>
              </value>
            </param>
          </params>
          <reporter-output>
          </reporter-output>
        </test-method> <!-- openAccountTest -->
        <test-method signature="openAccountTest(java.util.Hashtable)[pri:0, instance:com.w2a.testcases.OpenAccountTest@335b5620]" started-at="2020-10-30T15:26:26Z" name="openAccountTest" data-provider="dp" finished-at="2020-10-30T15:26:27Z" duration-ms="1622" status="PASS">
          <params>
            <param index="0">
              <value>
                <![CDATA[{loyaltycardnumber=797, phonenumber=787878787, areacode=133, lastname=PenniellTamarah, runmode=Y, firstname=Tamarahtest, emailaddress=tpenniella@upenn.edu, contactnumber=123456787}]]>
              </value>
            </param>
          </params>
          <reporter-output>
          </reporter-output>
        </test-method> <!-- openAccountTest -->
        <test-method signature="openAccountTest(java.util.Hashtable)[pri:0, instance:com.w2a.testcases.OpenAccountTest@335b5620]" started-at="2020-10-30T15:26:27Z" name="openAccountTest" data-provider="dp" finished-at="2020-10-30T15:26:29Z" duration-ms="1480" status="PASS">
          <params>
            <param index="0">
              <value>
                <![CDATA[{loyaltycardnumber=798, phonenumber=787878788, areacode=134, lastname=NotherHeidi, runmode=Y, firstname=Heiditest, emailaddress=hnotherb@people.com.cn, contactnumber=123456788}]]>
              </value>
            </param>
          </params>
          <reporter-output>
          </reporter-output>
        </test-method> <!-- openAccountTest -->
        <test-method signature="openAccountTest(java.util.Hashtable)[pri:0, instance:com.w2a.testcases.OpenAccountTest@335b5620]" started-at="2020-10-30T15:26:29Z" name="openAccountTest" data-provider="dp" finished-at="2020-10-30T15:26:30Z" duration-ms="1495" status="PASS">
          <params>
            <param index="0">
              <value>
                <![CDATA[{loyaltycardnumber=799, phonenumber=787878789, areacode=135, lastname=PuckettMickey, runmode=Y, firstname=Mickeytest, emailaddress=mpuckettc@bbc.co.uk, contactnumber=123456789}]]>
              </value>
            </param>
          </params>
          <reporter-output>
          </reporter-output>
        </test-method> <!-- openAccountTest -->
        <test-method signature="openAccountTest(java.util.Hashtable)[pri:0, instance:com.w2a.testcases.OpenAccountTest@335b5620]" started-at="2020-10-30T15:26:30Z" name="openAccountTest" data-provider="dp" finished-at="2020-10-30T15:26:32Z" duration-ms="1577" status="PASS">
          <params>
            <param index="0">
              <value>
                <![CDATA[{loyaltycardnumber=800, phonenumber=787878790, areacode=136, lastname=HartupDulcine, runmode=Y, firstname=Dulcinetest, emailaddress=dhartupd@smugmug.com, contactnumber=123456790}]]>
              </value>
            </param>
          </params>
          <reporter-output>
          </reporter-output>
        </test-method> <!-- openAccountTest -->
        <test-method signature="openAccountTest(java.util.Hashtable)[pri:0, instance:com.w2a.testcases.OpenAccountTest@335b5620]" started-at="2020-10-30T15:26:32Z" name="openAccountTest" data-provider="dp" finished-at="2020-10-30T15:26:33Z" duration-ms="1588" status="PASS">
          <params>
            <param index="0">
              <value>
                <![CDATA[{loyaltycardnumber=801, phonenumber=787878791, areacode=137, lastname=HorlockTaite, runmode=Y, firstname=Taitetest, emailaddress=thorlocke@linkedin.com, contactnumber=123456791}]]>
              </value>
            </param>
          </params>
          <reporter-output>
          </reporter-output>
        </test-method> <!-- openAccountTest -->
        <test-method signature="openAccountTest(java.util.Hashtable)[pri:0, instance:com.w2a.testcases.OpenAccountTest@335b5620]" started-at="2020-10-30T15:26:33Z" name="openAccountTest" data-provider="dp" finished-at="2020-10-30T15:26:35Z" duration-ms="1636" status="PASS">
          <params>
            <param index="0">
              <value>
                <![CDATA[{loyaltycardnumber=802, phonenumber=787878792, areacode=138, lastname=SampsonZola, runmode=Y, firstname=Zolatest, emailaddress=zsampsonf@listmanage.com, contactnumber=123456792}]]>
              </value>
            </param>
          </params>
          <reporter-output>
          </reporter-output>
        </test-method> <!-- openAccountTest -->
        <test-method signature="openAccountTest(java.util.Hashtable)[pri:0, instance:com.w2a.testcases.OpenAccountTest@335b5620]" started-at="2020-10-30T15:26:35Z" name="openAccountTest" data-provider="dp" finished-at="2020-10-30T15:26:37Z" duration-ms="1576" status="PASS">
          <params>
            <param index="0">
              <value>
                <![CDATA[{loyaltycardnumber=803, phonenumber=787878793, areacode=139, lastname=CominettiBobette, runmode=Y, firstname=Bobettetest, emailaddress=bcominettig@diigo.com, contactnumber=123456793}]]>
              </value>
            </param>
          </params>
          <reporter-output>
          </reporter-output>
        </test-method> <!-- openAccountTest -->
        <test-method signature="openAccountTest(java.util.Hashtable)[pri:0, instance:com.w2a.testcases.OpenAccountTest@335b5620]" started-at="2020-10-30T15:26:37Z" name="openAccountTest" data-provider="dp" finished-at="2020-10-30T15:26:38Z" duration-ms="1517" status="PASS">
          <params>
            <param index="0">
              <value>
                <![CDATA[{loyaltycardnumber=804, phonenumber=787878794, areacode=140, lastname=PigfordMartica, runmode=Y, firstname=Marticatest, emailaddress=mpigfordh@cbsnews.com, contactnumber=123456794}]]>
              </value>
            </param>
          </params>
          <reporter-output>
          </reporter-output>
        </test-method> <!-- openAccountTest -->
        <test-method signature="openAccountTest(java.util.Hashtable)[pri:0, instance:com.w2a.testcases.OpenAccountTest@335b5620]" started-at="2020-10-30T15:26:38Z" name="openAccountTest" data-provider="dp" finished-at="2020-10-30T15:26:40Z" duration-ms="1756" status="PASS">
          <params>
            <param index="0">
              <value>
                <![CDATA[{loyaltycardnumber=805, phonenumber=787878795, areacode=141, lastname=FeldfisherTremain, runmode=Y, firstname=Tremaintest, emailaddress=tfeldfisheri@hud.gov, contactnumber=123456795}]]>
              </value>
            </param>
          </params>
          <reporter-output>
          </reporter-output>
        </test-method> <!-- openAccountTest -->
        <test-method signature="openAccountTest(java.util.Hashtable)[pri:0, instance:com.w2a.testcases.OpenAccountTest@335b5620]" started-at="2020-10-30T15:26:40Z" name="openAccountTest" data-provider="dp" finished-at="2020-10-30T15:26:42Z" duration-ms="1625" status="PASS">
          <params>
            <param index="0">
              <value>
                <![CDATA[{loyaltycardnumber=806, phonenumber=787878796, areacode=142, lastname=FfoulkesArdenia, runmode=Y, firstname=Ardeniatest, emailaddress=affoulkesj@cisco.com, contactnumber=123456796}]]>
              </value>
            </param>
          </params>
          <reporter-output>
          </reporter-output>
        </test-method> <!-- openAccountTest -->
        <test-method signature="openAccountTest(java.util.Hashtable)[pri:0, instance:com.w2a.testcases.OpenAccountTest@335b5620]" started-at="2020-10-30T15:26:42Z" name="openAccountTest" data-provider="dp" finished-at="2020-10-30T15:26:43Z" duration-ms="1635" status="PASS">
          <params>
            <param index="0">
              <value>
                <![CDATA[{loyaltycardnumber=807, phonenumber=787878797, areacode=143, lastname=SchreiDarill, runmode=Y, firstname=Darilltest, emailaddress=dschreik@clickbank.net, contactnumber=123456797}]]>
              </value>
            </param>
          </params>
          <reporter-output>
          </reporter-output>
        </test-method> <!-- openAccountTest -->
        <test-method signature="openAccountTest(java.util.Hashtable)[pri:0, instance:com.w2a.testcases.OpenAccountTest@335b5620]" started-at="2020-10-30T15:26:43Z" name="openAccountTest" data-provider="dp" finished-at="2020-10-30T15:26:45Z" duration-ms="1600" status="PASS">
          <params>
            <param index="0">
              <value>
                <![CDATA[{loyaltycardnumber=808, phonenumber=787878798, areacode=144, lastname=StannislawskiJorrie, runmode=Y, firstname=Jorrietest, emailaddress=jstannislawskil@lulu.com, contactnumber=123456798}]]>
              </value>
            </param>
          </params>
          <reporter-output>
          </reporter-output>
        </test-method> <!-- openAccountTest -->
        <test-method signature="openAccountTest(java.util.Hashtable)[pri:0, instance:com.w2a.testcases.OpenAccountTest@335b5620]" started-at="2020-10-30T15:26:45Z" name="openAccountTest" data-provider="dp" finished-at="2020-10-30T15:26:46Z" duration-ms="1489" status="PASS">
          <params>
            <param index="0">
              <value>
                <![CDATA[{loyaltycardnumber=809, phonenumber=787878799, areacode=145, lastname=SzwandtSee, runmode=Y, firstname=Seetest, emailaddress=sszwandtm@dell.com, contactnumber=123456799}]]>
              </value>
            </param>
          </params>
          <reporter-output>
          </reporter-output>
        </test-method> <!-- openAccountTest -->
        <test-method signature="openAccountTest(java.util.Hashtable)[pri:0, instance:com.w2a.testcases.OpenAccountTest@335b5620]" started-at="2020-10-30T15:26:46Z" name="openAccountTest" data-provider="dp" finished-at="2020-10-30T15:26:48Z" duration-ms="1530" status="PASS">
          <params>
            <param index="0">
              <value>
                <![CDATA[{loyaltycardnumber=810, phonenumber=787878800, areacode=146, lastname=GreganEnos, runmode=Y, firstname=Enostest, emailaddress=egregann@symantec.com, contactnumber=123456800}]]>
              </value>
            </param>
          </params>
          <reporter-output>
          </reporter-output>
        </test-method> <!-- openAccountTest -->
        <test-method signature="openAccountTest(java.util.Hashtable)[pri:0, instance:com.w2a.testcases.OpenAccountTest@335b5620]" started-at="2020-10-30T15:26:48Z" name="openAccountTest" data-provider="dp" finished-at="2020-10-30T15:26:50Z" duration-ms="1513" status="PASS">
          <params>
            <param index="0">
              <value>
                <![CDATA[{loyaltycardnumber=811, phonenumber=787878801, areacode=147, lastname=SeamarkeAlexio, runmode=Y, firstname=Alexiotest, emailaddress=aseamarkeo@psu.edu, contactnumber=123456801}]]>
              </value>
            </param>
          </params>
          <reporter-output>
          </reporter-output>
        </test-method> <!-- openAccountTest -->
        <test-method signature="openAccountTest(java.util.Hashtable)[pri:0, instance:com.w2a.testcases.OpenAccountTest@335b5620]" started-at="2020-10-30T15:26:50Z" name="openAccountTest" data-provider="dp" finished-at="2020-10-30T15:26:51Z" duration-ms="1614" status="PASS">
          <params>
            <param index="0">
              <value>
                <![CDATA[{loyaltycardnumber=812, phonenumber=787878802, areacode=148, lastname=PearlmanNorbert, runmode=Y, firstname=Norberttest, emailaddress=npearlmanp@sitemeter.com, contactnumber=123456802}]]>
              </value>
            </param>
          </params>
          <reporter-output>
          </reporter-output>
        </test-method> <!-- openAccountTest -->
        <test-method signature="openAccountTest(java.util.Hashtable)[pri:0, instance:com.w2a.testcases.OpenAccountTest@335b5620]" started-at="2020-10-30T15:26:51Z" name="openAccountTest" data-provider="dp" finished-at="2020-10-30T15:26:53Z" duration-ms="1629" status="PASS">
          <params>
            <param index="0">
              <value>
                <![CDATA[{loyaltycardnumber=813, phonenumber=787878803, areacode=149, lastname=TranterDeeanne, runmode=Y, firstname=Deeannetest, emailaddress=dtranterq@ft.com, contactnumber=123456803}]]>
              </value>
            </param>
          </params>
          <reporter-output>
          </reporter-output>
        </test-method> <!-- openAccountTest -->
        <test-method signature="openAccountTest(java.util.Hashtable)[pri:0, instance:com.w2a.testcases.OpenAccountTest@335b5620]" started-at="2020-10-30T15:26:53Z" name="openAccountTest" data-provider="dp" finished-at="2020-10-30T15:26:54Z" duration-ms="1608" status="PASS">
          <params>
            <param index="0">
              <value>
                <![CDATA[{loyaltycardnumber=814, phonenumber=787878804, areacode=150, lastname=HouldcroftJordan, runmode=Y, firstname=Jordantest, emailaddress=jhouldcroftr@google.com.hk, contactnumber=123456804}]]>
              </value>
            </param>
          </params>
          <reporter-output>
          </reporter-output>
        </test-method> <!-- openAccountTest -->
        <test-method signature="openAccountTest(java.util.Hashtable)[pri:0, instance:com.w2a.testcases.OpenAccountTest@335b5620]" started-at="2020-10-30T15:26:54Z" name="openAccountTest" data-provider="dp" finished-at="2020-10-30T15:26:56Z" duration-ms="1532" status="PASS">
          <params>
            <param index="0">
              <value>
                <![CDATA[{loyaltycardnumber=815, phonenumber=787878805, areacode=151, lastname=SteblesEarl, runmode=Y, firstname=Earltest, emailaddress=estebless@bigcartel.com, contactnumber=123456805}]]>
              </value>
            </param>
          </params>
          <reporter-output>
          </reporter-output>
        </test-method> <!-- openAccountTest -->
        <test-method signature="openAccountTest(java.util.Hashtable)[pri:0, instance:com.w2a.testcases.OpenAccountTest@335b5620]" started-at="2020-10-30T15:26:56Z" name="openAccountTest" data-provider="dp" finished-at="2020-10-30T15:26:58Z" duration-ms="1583" status="PASS">
          <params>
            <param index="0">
              <value>
                <![CDATA[{loyaltycardnumber=816, phonenumber=787878806, areacode=152, lastname=BascombFlem, runmode=Y, firstname=Flemtest, emailaddress=fbascombt@sphinn.com, contactnumber=123456806}]]>
              </value>
            </param>
          </params>
          <reporter-output>
          </reporter-output>
        </test-method> <!-- openAccountTest -->
        <test-method signature="openAccountTest(java.util.Hashtable)[pri:0, instance:com.w2a.testcases.OpenAccountTest@335b5620]" started-at="2020-10-30T15:26:58Z" name="openAccountTest" data-provider="dp" finished-at="2020-10-30T15:26:59Z" duration-ms="1517" status="PASS">
          <params>
            <param index="0">
              <value>
                <![CDATA[{loyaltycardnumber=817, phonenumber=787878807, areacode=153, lastname=LeTeveTherese, runmode=Y, firstname=Theresetest, emailaddress=tleteveu@vimeo.com, contactnumber=123456807}]]>
              </value>
            </param>
          </params>
          <reporter-output>
          </reporter-output>
        </test-method> <!-- openAccountTest -->
        <test-method signature="openAccountTest(java.util.Hashtable)[pri:0, instance:com.w2a.testcases.OpenAccountTest@335b5620]" started-at="2020-10-30T15:26:59Z" name="openAccountTest" data-provider="dp" finished-at="2020-10-30T15:27:01Z" duration-ms="1495" status="PASS">
          <params>
            <param index="0">
              <value>
                <![CDATA[{loyaltycardnumber=818, phonenumber=787878808, areacode=154, lastname=BoastVictor, runmode=Y, firstname=Victortest, emailaddress=vboastv@ameblo.jp, contactnumber=123456808}]]>
              </value>
            </param>
          </params>
          <reporter-output>
          </reporter-output>
        </test-method> <!-- openAccountTest -->
        <test-method signature="openAccountTest(java.util.Hashtable)[pri:0, instance:com.w2a.testcases.OpenAccountTest@335b5620]" started-at="2020-10-30T15:27:01Z" name="openAccountTest" data-provider="dp" finished-at="2020-10-30T15:27:02Z" duration-ms="1666" status="PASS">
          <params>
            <param index="0">
              <value>
                <![CDATA[{loyaltycardnumber=819, phonenumber=787878809, areacode=155, lastname=WaliszekBrooks, runmode=Y, firstname=Brookstest, emailaddress=bwaliszekw@wp.com, contactnumber=123456809}]]>
              </value>
            </param>
          </params>
          <reporter-output>
          </reporter-output>
        </test-method> <!-- openAccountTest -->
        <test-method signature="openAccountTest(java.util.Hashtable)[pri:0, instance:com.w2a.testcases.OpenAccountTest@335b5620]" started-at="2020-10-30T15:27:02Z" name="openAccountTest" data-provider="dp" finished-at="2020-10-30T15:27:04Z" duration-ms="1617" status="PASS">
          <params>
            <param index="0">
              <value>
                <![CDATA[{loyaltycardnumber=820, phonenumber=787878810, areacode=156, lastname=WateridgeRenae, runmode=Y, firstname=Renaetest, emailaddress=rwateridgex@merriamwebster.com, contactnumber=123456810}]]>
              </value>
            </param>
          </params>
          <reporter-output>
          </reporter-output>
        </test-method> <!-- openAccountTest -->
        <test-method signature="openAccountTest(java.util.Hashtable)[pri:0, instance:com.w2a.testcases.OpenAccountTest@335b5620]" started-at="2020-10-30T15:27:04Z" name="openAccountTest" data-provider="dp" finished-at="2020-10-30T15:27:06Z" duration-ms="1605" status="PASS">
          <params>
            <param index="0">
              <value>
                <![CDATA[{loyaltycardnumber=821, phonenumber=787878811, areacode=157, lastname=MarcomeJoela, runmode=Y, firstname=Joelatest, emailaddress=jmarcomey@telegraph.co.uk, contactnumber=123456811}]]>
              </value>
            </param>
          </params>
          <reporter-output>
          </reporter-output>
        </test-method> <!-- openAccountTest -->
        <test-method signature="openAccountTest(java.util.Hashtable)[pri:0, instance:com.w2a.testcases.OpenAccountTest@335b5620]" started-at="2020-10-30T15:27:06Z" name="openAccountTest" data-provider="dp" finished-at="2020-10-30T15:27:07Z" duration-ms="1635" status="PASS">
          <params>
            <param index="0">
              <value>
                <![CDATA[{loyaltycardnumber=822, phonenumber=787878812, areacode=158, lastname=MartinatGarland, runmode=Y, firstname=Garlandtest, emailaddress=gmartinatz@newsvine.com, contactnumber=123456812}]]>
              </value>
            </param>
          </params>
          <reporter-output>
          </reporter-output>
        </test-method> <!-- openAccountTest -->
        <test-method signature="openAccountTest(java.util.Hashtable)[pri:0, instance:com.w2a.testcases.OpenAccountTest@335b5620]" started-at="2020-10-30T15:27:07Z" name="openAccountTest" data-provider="dp" finished-at="2020-10-30T15:27:09Z" duration-ms="1552" status="PASS">
          <params>
            <param index="0">
              <value>
                <![CDATA[{loyaltycardnumber=823, phonenumber=787878813, areacode=159, lastname=BattlestoneHaley, runmode=Y, firstname=Haleytest, emailaddress=hbattlestone10@bravesites.com, contactnumber=123456813}]]>
              </value>
            </param>
          </params>
          <reporter-output>
          </reporter-output>
        </test-method> <!-- openAccountTest -->
        <test-method signature="openAccountTest(java.util.Hashtable)[pri:0, instance:com.w2a.testcases.OpenAccountTest@335b5620]" started-at="2020-10-30T15:27:09Z" name="openAccountTest" data-provider="dp" finished-at="2020-10-30T15:27:10Z" duration-ms="1482" status="PASS">
          <params>
            <param index="0">
              <value>
                <![CDATA[{loyaltycardnumber=824, phonenumber=787878814, areacode=160, lastname=LatusGianna, runmode=Y, firstname=Giannatest, emailaddress=glatus11@bloomberg.com, contactnumber=123456814}]]>
              </value>
            </param>
          </params>
          <reporter-output>
          </reporter-output>
        </test-method> <!-- openAccountTest -->
        <test-method signature="openAccountTest(java.util.Hashtable)[pri:0, instance:com.w2a.testcases.OpenAccountTest@335b5620]" started-at="2020-10-30T15:27:10Z" name="openAccountTest" data-provider="dp" finished-at="2020-10-30T15:27:12Z" duration-ms="1618" status="PASS">
          <params>
            <param index="0">
              <value>
                <![CDATA[{loyaltycardnumber=825, phonenumber=787878815, areacode=161, lastname=ForringtonDanit, runmode=Y, firstname=Danittest, emailaddress=dforrington12@furl.net, contactnumber=123456815}]]>
              </value>
            </param>
          </params>
          <reporter-output>
          </reporter-output>
        </test-method> <!-- openAccountTest -->
        <test-method signature="openAccountTest(java.util.Hashtable)[pri:0, instance:com.w2a.testcases.OpenAccountTest@335b5620]" started-at="2020-10-30T15:27:12Z" name="openAccountTest" data-provider="dp" finished-at="2020-10-30T15:27:14Z" duration-ms="1666" status="PASS">
          <params>
            <param index="0">
              <value>
                <![CDATA[{loyaltycardnumber=826, phonenumber=787878816, areacode=162, lastname=FitzGeorgeRhetta, runmode=Y, firstname=Rhettatest, emailaddress=rfitzgeorge13@java.com, contactnumber=123456816}]]>
              </value>
            </param>
          </params>
          <reporter-output>
          </reporter-output>
        </test-method> <!-- openAccountTest -->
        <test-method signature="openAccountTest(java.util.Hashtable)[pri:0, instance:com.w2a.testcases.OpenAccountTest@335b5620]" started-at="2020-10-30T15:27:14Z" name="openAccountTest" data-provider="dp" finished-at="2020-10-30T15:27:15Z" duration-ms="1798" status="PASS">
          <params>
            <param index="0">
              <value>
                <![CDATA[{loyaltycardnumber=827, phonenumber=787878817, areacode=163, lastname=IanniHatty, runmode=Y, firstname=Hattytest, emailaddress=hianni14@intel.com, contactnumber=123456817}]]>
              </value>
            </param>
          </params>
          <reporter-output>
          </reporter-output>
        </test-method> <!-- openAccountTest -->
        <test-method signature="openAccountTest(java.util.Hashtable)[pri:0, instance:com.w2a.testcases.OpenAccountTest@335b5620]" started-at="2020-10-30T15:27:16Z" name="openAccountTest" data-provider="dp" finished-at="2020-10-30T15:27:17Z" duration-ms="1685" status="PASS">
          <params>
            <param index="0">
              <value>
                <![CDATA[{loyaltycardnumber=828, phonenumber=787878818, areacode=164, lastname=DrakeChrystel, runmode=Y, firstname=Chrysteltest, emailaddress=cdrake15@ucla.edu, contactnumber=123456818}]]>
              </value>
            </param>
          </params>
          <reporter-output>
          </reporter-output>
        </test-method> <!-- openAccountTest -->
        <test-method signature="openAccountTest(java.util.Hashtable)[pri:0, instance:com.w2a.testcases.OpenAccountTest@335b5620]" started-at="2020-10-30T15:27:17Z" name="openAccountTest" data-provider="dp" finished-at="2020-10-30T15:27:19Z" duration-ms="1622" status="PASS">
          <params>
            <param index="0">
              <value>
                <![CDATA[{loyaltycardnumber=829, phonenumber=787878819, areacode=165, lastname=LippettDani, runmode=Y, firstname=Danitest, emailaddress=dlippett16@reddit.com, contactnumber=123456819}]]>
              </value>
            </param>
          </params>
          <reporter-output>
          </reporter-output>
        </test-method> <!-- openAccountTest -->
        <test-method signature="openAccountTest(java.util.Hashtable)[pri:0, instance:com.w2a.testcases.OpenAccountTest@335b5620]" started-at="2020-10-30T15:27:19Z" name="openAccountTest" data-provider="dp" finished-at="2020-10-30T15:27:20Z" duration-ms="1606" status="PASS">
          <params>
            <param index="0">
              <value>
                <![CDATA[{loyaltycardnumber=830, phonenumber=787878820, areacode=166, lastname=WordingtonRandie, runmode=Y, firstname=Randietest, emailaddress=rwordington17@independent.co.uk, contactnumber=123456820}]]>
              </value>
            </param>
          </params>
          <reporter-output>
          </reporter-output>
        </test-method> <!-- openAccountTest -->
        <test-method signature="openAccountTest(java.util.Hashtable)[pri:0, instance:com.w2a.testcases.OpenAccountTest@335b5620]" started-at="2020-10-30T15:27:20Z" name="openAccountTest" data-provider="dp" finished-at="2020-10-30T15:27:22Z" duration-ms="1639" status="PASS">
          <params>
            <param index="0">
              <value>
                <![CDATA[{loyaltycardnumber=831, phonenumber=787878821, areacode=167, lastname=DimitriouMarcellus, runmode=Y, firstname=Marcellustest, emailaddress=mdimitriou18@tuttocitta.it, contactnumber=123456821}]]>
              </value>
            </param>
          </params>
          <reporter-output>
          </reporter-output>
        </test-method> <!-- openAccountTest -->
        <test-method signature="openAccountTest(java.util.Hashtable)[pri:0, instance:com.w2a.testcases.OpenAccountTest@335b5620]" started-at="2020-10-30T15:27:22Z" name="openAccountTest" data-provider="dp" finished-at="2020-10-30T15:27:24Z" duration-ms="1700" status="PASS">
          <params>
            <param index="0">
              <value>
                <![CDATA[{loyaltycardnumber=832, phonenumber=787878822, areacode=168, lastname=ImmerGuthry, runmode=Y, firstname=Guthrytest, emailaddress=gimmer19@opensource.org, contactnumber=123456822}]]>
              </value>
            </param>
          </params>
          <reporter-output>
          </reporter-output>
        </test-method> <!-- openAccountTest -->
        <test-method signature="openAccountTest(java.util.Hashtable)[pri:0, instance:com.w2a.testcases.OpenAccountTest@335b5620]" started-at="2020-10-30T15:27:24Z" name="openAccountTest" data-provider="dp" finished-at="2020-10-30T15:27:25Z" duration-ms="1542" status="PASS">
          <params>
            <param index="0">
              <value>
                <![CDATA[{loyaltycardnumber=833, phonenumber=787878823, areacode=169, lastname=LansdownePeggy, runmode=Y, firstname=Peggytest, emailaddress=plansdowne1a@stumbleupon.com, contactnumber=123456823}]]>
              </value>
            </param>
          </params>
          <reporter-output>
          </reporter-output>
        </test-method> <!-- openAccountTest -->
        <test-method signature="openAccountTest(java.util.Hashtable)[pri:0, instance:com.w2a.testcases.OpenAccountTest@335b5620]" started-at="2020-10-30T15:27:25Z" name="openAccountTest" data-provider="dp" finished-at="2020-10-30T15:27:27Z" duration-ms="1600" status="PASS">
          <params>
            <param index="0">
              <value>
                <![CDATA[{loyaltycardnumber=834, phonenumber=787878824, areacode=170, lastname=AlennikovEmily, runmode=Y, firstname=Emilytest, emailaddress=ealennikov1b@themeforest.net, contactnumber=123456824}]]>
              </value>
            </param>
          </params>
          <reporter-output>
          </reporter-output>
        </test-method> <!-- openAccountTest -->
        <test-method signature="openAccountTest(java.util.Hashtable)[pri:0, instance:com.w2a.testcases.OpenAccountTest@335b5620]" started-at="2020-10-30T15:27:27Z" name="openAccountTest" data-provider="dp" finished-at="2020-10-30T15:27:29Z" duration-ms="1519" status="PASS">
          <params>
            <param index="0">
              <value>
                <![CDATA[{loyaltycardnumber=835, phonenumber=787878825, areacode=171, lastname=BogaceBondie, runmode=Y, firstname=Bondietest, emailaddress=bbogace1c@printfriendly.com, contactnumber=123456825}]]>
              </value>
            </param>
          </params>
          <reporter-output>
          </reporter-output>
        </test-method> <!-- openAccountTest -->
        <test-method signature="openAccountTest(java.util.Hashtable)[pri:0, instance:com.w2a.testcases.OpenAccountTest@335b5620]" started-at="2020-10-30T15:27:29Z" name="openAccountTest" data-provider="dp" finished-at="2020-10-30T15:27:30Z" duration-ms="1491" status="PASS">
          <params>
            <param index="0">
              <value>
                <![CDATA[{loyaltycardnumber=836, phonenumber=787878826, areacode=172, lastname=RemmersMeier, runmode=Y, firstname=Meiertest, emailaddress=mremmers1d@naver.com, contactnumber=123456826}]]>
              </value>
            </param>
          </params>
          <reporter-output>
          </reporter-output>
        </test-method> <!-- openAccountTest -->
        <test-method signature="openAccountTest(java.util.Hashtable)[pri:0, instance:com.w2a.testcases.OpenAccountTest@335b5620]" started-at="2020-10-30T15:27:30Z" name="openAccountTest" data-provider="dp" finished-at="2020-10-30T15:27:32Z" duration-ms="1642" status="PASS">
          <params>
            <param index="0">
              <value>
                <![CDATA[{loyaltycardnumber=837, phonenumber=787878827, areacode=173, lastname=BalchAnatollo, runmode=Y, firstname=Anatollotest, emailaddress=abalch1e@yandex.ru, contactnumber=123456827}]]>
              </value>
            </param>
          </params>
          <reporter-output>
          </reporter-output>
        </test-method> <!-- openAccountTest -->
        <test-method signature="openAccountTest(java.util.Hashtable)[pri:0, instance:com.w2a.testcases.OpenAccountTest@335b5620]" started-at="2020-10-30T15:27:32Z" name="openAccountTest" data-provider="dp" finished-at="2020-10-30T15:27:33Z" duration-ms="1520" status="PASS">
          <params>
            <param index="0">
              <value>
                <![CDATA[{loyaltycardnumber=838, phonenumber=787878828, areacode=174, lastname=RouchBea, runmode=Y, firstname=Beatest, emailaddress=brouch1f@ca.gov, contactnumber=123456828}]]>
              </value>
            </param>
          </params>
          <reporter-output>
          </reporter-output>
        </test-method> <!-- openAccountTest -->
        <test-method signature="openAccountTest(java.util.Hashtable)[pri:0, instance:com.w2a.testcases.OpenAccountTest@335b5620]" started-at="2020-10-30T15:27:33Z" name="openAccountTest" data-provider="dp" finished-at="2020-10-30T15:27:35Z" duration-ms="1487" status="PASS">
          <params>
            <param index="0">
              <value>
                <![CDATA[{loyaltycardnumber=839, phonenumber=787878829, areacode=175, lastname=BuxamAbram, runmode=Y, firstname=Abramtest, emailaddress=abuxam1g@weather.com, contactnumber=123456829}]]>
              </value>
            </param>
          </params>
          <reporter-output>
          </reporter-output>
        </test-method> <!-- openAccountTest -->
        <test-method signature="openAccountTest(java.util.Hashtable)[pri:0, instance:com.w2a.testcases.OpenAccountTest@335b5620]" started-at="2020-10-30T15:27:35Z" name="openAccountTest" data-provider="dp" finished-at="2020-10-30T15:27:36Z" duration-ms="1517" status="PASS">
          <params>
            <param index="0">
              <value>
                <![CDATA[{loyaltycardnumber=840, phonenumber=787878830, areacode=176, lastname=LocalJud, runmode=Y, firstname=Judtest, emailaddress=jlocal1h@nhs.uk, contactnumber=123456830}]]>
              </value>
            </param>
          </params>
          <reporter-output>
          </reporter-output>
        </test-method> <!-- openAccountTest -->
        <test-method signature="openAccountTest(java.util.Hashtable)[pri:0, instance:com.w2a.testcases.OpenAccountTest@335b5620]" started-at="2020-10-30T15:27:36Z" name="openAccountTest" data-provider="dp" finished-at="2020-10-30T15:27:38Z" duration-ms="1525" status="PASS">
          <params>
            <param index="0">
              <value>
                <![CDATA[{loyaltycardnumber=841, phonenumber=787878831, areacode=177, lastname=JahnckeDeina, runmode=Y, firstname=Deinatest, emailaddress=djahncke1i@cbc.ca, contactnumber=123456831}]]>
              </value>
            </param>
          </params>
          <reporter-output>
          </reporter-output>
        </test-method> <!-- openAccountTest -->
        <test-method signature="openAccountTest(java.util.Hashtable)[pri:0, instance:com.w2a.testcases.OpenAccountTest@335b5620]" started-at="2020-10-30T15:27:38Z" name="openAccountTest" data-provider="dp" finished-at="2020-10-30T15:27:39Z" duration-ms="1509" status="PASS">
          <params>
            <param index="0">
              <value>
                <![CDATA[{loyaltycardnumber=842, phonenumber=787878832, areacode=178, lastname=KoppenFrants, runmode=Y, firstname=Frantstest, emailaddress=fkoppen1j@hostgator.com, contactnumber=123456832}]]>
              </value>
            </param>
          </params>
          <reporter-output>
          </reporter-output>
        </test-method> <!-- openAccountTest -->
        <test-method signature="openAccountTest(java.util.Hashtable)[pri:0, instance:com.w2a.testcases.OpenAccountTest@335b5620]" started-at="2020-10-30T15:27:39Z" name="openAccountTest" data-provider="dp" finished-at="2020-10-30T15:27:41Z" duration-ms="1640" status="PASS">
          <params>
            <param index="0">
              <value>
                <![CDATA[{loyaltycardnumber=843, phonenumber=787878833, areacode=179, lastname=PeadenFitz, runmode=Y, firstname=Fitztest, emailaddress=fpeaden1k@marketwatch.com, contactnumber=123456833}]]>
              </value>
            </param>
          </params>
          <reporter-output>
          </reporter-output>
        </test-method> <!-- openAccountTest -->
        <test-method signature="openAccountTest(java.util.Hashtable)[pri:0, instance:com.w2a.testcases.OpenAccountTest@335b5620]" started-at="2020-10-30T15:27:41Z" name="openAccountTest" data-provider="dp" finished-at="2020-10-30T15:27:43Z" duration-ms="1502" status="PASS">
          <params>
            <param index="0">
              <value>
                <![CDATA[{loyaltycardnumber=844, phonenumber=787878834, areacode=180, lastname=GhentJany, runmode=Y, firstname=Janytest, emailaddress=jghent1l@telegraph.co.uk, contactnumber=123456834}]]>
              </value>
            </param>
          </params>
          <reporter-output>
          </reporter-output>
        </test-method> <!-- openAccountTest -->
        <test-method signature="openAccountTest(java.util.Hashtable)[pri:0, instance:com.w2a.testcases.OpenAccountTest@335b5620]" started-at="2020-10-30T15:27:43Z" name="openAccountTest" data-provider="dp" finished-at="2020-10-30T15:27:44Z" duration-ms="1531" status="PASS">
          <params>
            <param index="0">
              <value>
                <![CDATA[{loyaltycardnumber=845, phonenumber=787878835, areacode=181, lastname=SlaughterSofie, runmode=Y, firstname=Sofietest, emailaddress=sslaughter1m@java.com, contactnumber=123456835}]]>
              </value>
            </param>
          </params>
          <reporter-output>
          </reporter-output>
        </test-method> <!-- openAccountTest -->
        <test-method signature="openAccountTest(java.util.Hashtable)[pri:0, instance:com.w2a.testcases.OpenAccountTest@335b5620]" started-at="2020-10-30T15:27:44Z" name="openAccountTest" data-provider="dp" finished-at="2020-10-30T15:27:46Z" duration-ms="1774" status="PASS">
          <params>
            <param index="0">
              <value>
                <![CDATA[{loyaltycardnumber=846, phonenumber=787878836, areacode=182, lastname=AzemaArluene, runmode=Y, firstname=Arluenetest, emailaddress=aazema1n@usatoday.com, contactnumber=123456836}]]>
              </value>
            </param>
          </params>
          <reporter-output>
          </reporter-output>
        </test-method> <!-- openAccountTest -->
        <test-method signature="openAccountTest(java.util.Hashtable)[pri:0, instance:com.w2a.testcases.OpenAccountTest@335b5620]" started-at="2020-10-30T15:27:46Z" name="openAccountTest" data-provider="dp" finished-at="2020-10-30T15:27:48Z" duration-ms="1587" status="PASS">
          <params>
            <param index="0">
              <value>
                <![CDATA[{loyaltycardnumber=847, phonenumber=787878837, areacode=183, lastname=WhenhamBeulah, runmode=Y, firstname=Beulahtest, emailaddress=bwhenham1o@bloglines.com, contactnumber=123456837}]]>
              </value>
            </param>
          </params>
          <reporter-output>
          </reporter-output>
        </test-method> <!-- openAccountTest -->
        <test-method signature="openAccountTest(java.util.Hashtable)[pri:0, instance:com.w2a.testcases.OpenAccountTest@335b5620]" started-at="2020-10-30T15:27:48Z" name="openAccountTest" data-provider="dp" finished-at="2020-10-30T15:27:49Z" duration-ms="1576" status="PASS">
          <params>
            <param index="0">
              <value>
                <![CDATA[{loyaltycardnumber=848, phonenumber=787878838, areacode=184, lastname=RobertssonEvered, runmode=Y, firstname=Everedtest, emailaddress=erobertsson1p@google.ru, contactnumber=123456838}]]>
              </value>
            </param>
          </params>
          <reporter-output>
          </reporter-output>
        </test-method> <!-- openAccountTest -->
        <test-method signature="openAccountTest(java.util.Hashtable)[pri:0, instance:com.w2a.testcases.OpenAccountTest@335b5620]" started-at="2020-10-30T15:27:49Z" name="openAccountTest" data-provider="dp" finished-at="2020-10-30T15:27:51Z" duration-ms="1521" status="PASS">
          <params>
            <param index="0">
              <value>
                <![CDATA[{loyaltycardnumber=849, phonenumber=787878839, areacode=185, lastname=WoodnuttWheeler, runmode=Y, firstname=Wheelertest, emailaddress=wwoodnutt1q@ft.com, contactnumber=123456839}]]>
              </value>
            </param>
          </params>
          <reporter-output>
          </reporter-output>
        </test-method> <!-- openAccountTest -->
        <test-method signature="openAccountTest(java.util.Hashtable)[pri:0, instance:com.w2a.testcases.OpenAccountTest@335b5620]" started-at="2020-10-30T15:27:51Z" name="openAccountTest" data-provider="dp" finished-at="2020-10-30T15:27:52Z" duration-ms="1723" status="PASS">
          <params>
            <param index="0">
              <value>
                <![CDATA[{loyaltycardnumber=850, phonenumber=787878840, areacode=186, lastname=BayldonJuliane, runmode=Y, firstname=Julianetest, emailaddress=jbayldon1r@jimdo.com, contactnumber=123456840}]]>
              </value>
            </param>
          </params>
          <reporter-output>
          </reporter-output>
        </test-method> <!-- openAccountTest -->
        <test-method signature="openAccountTest(java.util.Hashtable)[pri:0, instance:com.w2a.testcases.OpenAccountTest@335b5620]" started-at="2020-10-30T15:27:52Z" name="openAccountTest" data-provider="dp" finished-at="2020-10-30T15:27:54Z" duration-ms="1632" status="PASS">
          <params>
            <param index="0">
              <value>
                <![CDATA[{loyaltycardnumber=851, phonenumber=787878841, areacode=187, lastname=DiproseMurdoch, runmode=Y, firstname=Murdochtest, emailaddress=mdiprose1s@stumbleupon.com, contactnumber=123456841}]]>
              </value>
            </param>
          </params>
          <reporter-output>
          </reporter-output>
        </test-method> <!-- openAccountTest -->
        <test-method signature="openAccountTest(java.util.Hashtable)[pri:0, instance:com.w2a.testcases.OpenAccountTest@335b5620]" started-at="2020-10-30T15:27:54Z" name="openAccountTest" data-provider="dp" finished-at="2020-10-30T15:27:56Z" duration-ms="1609" status="PASS">
          <params>
            <param index="0">
              <value>
                <![CDATA[{loyaltycardnumber=852, phonenumber=787878842, areacode=188, lastname=RidesdalePavla, runmode=Y, firstname=Pavlatest, emailaddress=pridesdale1t@archive.org, contactnumber=123456842}]]>
              </value>
            </param>
          </params>
          <reporter-output>
          </reporter-output>
        </test-method> <!-- openAccountTest -->
        <test-method signature="openAccountTest(java.util.Hashtable)[pri:0, instance:com.w2a.testcases.OpenAccountTest@335b5620]" started-at="2020-10-30T15:27:56Z" name="openAccountTest" data-provider="dp" finished-at="2020-10-30T15:27:57Z" duration-ms="1634" status="PASS">
          <params>
            <param index="0">
              <value>
                <![CDATA[{loyaltycardnumber=853, phonenumber=787878843, areacode=189, lastname=NeillyStephani, runmode=Y, firstname=Stephanitest, emailaddress=sneilly1u@istockphoto.com, contactnumber=123456843}]]>
              </value>
            </param>
          </params>
          <reporter-output>
          </reporter-output>
        </test-method> <!-- openAccountTest -->
        <test-method signature="openAccountTest(java.util.Hashtable)[pri:0, instance:com.w2a.testcases.OpenAccountTest@335b5620]" started-at="2020-10-30T15:27:57Z" name="openAccountTest" data-provider="dp" finished-at="2020-10-30T15:27:59Z" duration-ms="1605" status="PASS">
          <params>
            <param index="0">
              <value>
                <![CDATA[{loyaltycardnumber=854, phonenumber=787878844, areacode=190, lastname=KellandStacy, runmode=Y, firstname=Stacytest, emailaddress=skelland1v@dedecms.com, contactnumber=123456844}]]>
              </value>
            </param>
          </params>
          <reporter-output>
          </reporter-output>
        </test-method> <!-- openAccountTest -->
        <test-method signature="openAccountTest(java.util.Hashtable)[pri:0, instance:com.w2a.testcases.OpenAccountTest@335b5620]" started-at="2020-10-30T15:27:59Z" name="openAccountTest" data-provider="dp" finished-at="2020-10-30T15:28:01Z" duration-ms="1530" status="PASS">
          <params>
            <param index="0">
              <value>
                <![CDATA[{loyaltycardnumber=855, phonenumber=787878845, areacode=191, lastname=TrustrieHussein, runmode=Y, firstname=Husseintest, emailaddress=htrustrie1w@dell.com, contactnumber=123456845}]]>
              </value>
            </param>
          </params>
          <reporter-output>
          </reporter-output>
        </test-method> <!-- openAccountTest -->
        <test-method signature="openAccountTest(java.util.Hashtable)[pri:0, instance:com.w2a.testcases.OpenAccountTest@335b5620]" started-at="2020-10-30T15:28:01Z" name="openAccountTest" data-provider="dp" finished-at="2020-10-30T15:28:02Z" duration-ms="1603" status="PASS">
          <params>
            <param index="0">
              <value>
                <![CDATA[{loyaltycardnumber=856, phonenumber=787878846, areacode=192, lastname=MonnellyTyson, runmode=Y, firstname=Tysontest, emailaddress=tmonnelly1x@sciencedirect.com, contactnumber=123456846}]]>
              </value>
            </param>
          </params>
          <reporter-output>
          </reporter-output>
        </test-method> <!-- openAccountTest -->
        <test-method signature="openAccountTest(java.util.Hashtable)[pri:0, instance:com.w2a.testcases.OpenAccountTest@335b5620]" started-at="2020-10-30T15:28:02Z" name="openAccountTest" data-provider="dp" finished-at="2020-10-30T15:28:04Z" duration-ms="1644" status="PASS">
          <params>
            <param index="0">
              <value>
                <![CDATA[{loyaltycardnumber=857, phonenumber=787878847, areacode=193, lastname=SeeleyGiavani, runmode=Y, firstname=Giavanitest, emailaddress=gseeley1y@parallels.com, contactnumber=123456847}]]>
              </value>
            </param>
          </params>
          <reporter-output>
          </reporter-output>
        </test-method> <!-- openAccountTest -->
        <test-method signature="openAccountTest(java.util.Hashtable)[pri:0, instance:com.w2a.testcases.OpenAccountTest@335b5620]" started-at="2020-10-30T15:28:04Z" name="openAccountTest" data-provider="dp" finished-at="2020-10-30T15:28:05Z" duration-ms="1492" status="PASS">
          <params>
            <param index="0">
              <value>
                <![CDATA[{loyaltycardnumber=858, phonenumber=787878848, areacode=194, lastname=AkkerKin, runmode=Y, firstname=Kintest, emailaddress=kakker1z@ezinearticles.com, contactnumber=123456848}]]>
              </value>
            </param>
          </params>
          <reporter-output>
          </reporter-output>
        </test-method> <!-- openAccountTest -->
        <test-method signature="openAccountTest(java.util.Hashtable)[pri:0, instance:com.w2a.testcases.OpenAccountTest@335b5620]" started-at="2020-10-30T15:28:05Z" name="openAccountTest" data-provider="dp" finished-at="2020-10-30T15:28:07Z" duration-ms="1600" status="PASS">
          <params>
            <param index="0">
              <value>
                <![CDATA[{loyaltycardnumber=859, phonenumber=787878849, areacode=195, lastname=WaterhousJojo, runmode=Y, firstname=Jojotest, emailaddress=jwaterhous20@merriamwebster.com, contactnumber=123456849}]]>
              </value>
            </param>
          </params>
          <reporter-output>
          </reporter-output>
        </test-method> <!-- openAccountTest -->
        <test-method signature="openAccountTest(java.util.Hashtable)[pri:0, instance:com.w2a.testcases.OpenAccountTest@335b5620]" started-at="2020-10-30T15:28:07Z" name="openAccountTest" data-provider="dp" finished-at="2020-10-30T15:28:08Z" duration-ms="1492" status="PASS">
          <params>
            <param index="0">
              <value>
                <![CDATA[{loyaltycardnumber=860, phonenumber=787878850, areacode=196, lastname=ThextonWait, runmode=Y, firstname=Waittest, emailaddress=wthexton21@cbsnews.com, contactnumber=123456850}]]>
              </value>
            </param>
          </params>
          <reporter-output>
          </reporter-output>
        </test-method> <!-- openAccountTest -->
        <test-method signature="openAccountTest(java.util.Hashtable)[pri:0, instance:com.w2a.testcases.OpenAccountTest@335b5620]" started-at="2020-10-30T15:28:08Z" name="openAccountTest" data-provider="dp" finished-at="2020-10-30T15:28:10Z" duration-ms="1555" status="PASS">
          <params>
            <param index="0">
              <value>
                <![CDATA[{loyaltycardnumber=861, phonenumber=787878851, areacode=197, lastname=FantiniZoe, runmode=Y, firstname=Zoetest, emailaddress=zfantini22@hatena.ne.jp, contactnumber=123456851}]]>
              </value>
            </param>
          </params>
          <reporter-output>
          </reporter-output>
        </test-method> <!-- openAccountTest -->
        <test-method signature="openAccountTest(java.util.Hashtable)[pri:0, instance:com.w2a.testcases.OpenAccountTest@335b5620]" started-at="2020-10-30T15:28:10Z" name="openAccountTest" data-provider="dp" finished-at="2020-10-30T15:28:12Z" duration-ms="1626" status="PASS">
          <params>
            <param index="0">
              <value>
                <![CDATA[{loyaltycardnumber=862, phonenumber=787878852, areacode=198, lastname=LambornFifine, runmode=Y, firstname=Fifinetest, emailaddress=flamborn23@businessweek.com, contactnumber=123456852}]]>
              </value>
            </param>
          </params>
          <reporter-output>
          </reporter-output>
        </test-method> <!-- openAccountTest -->
        <test-method signature="openAccountTest(java.util.Hashtable)[pri:0, instance:com.w2a.testcases.OpenAccountTest@335b5620]" started-at="2020-10-30T15:28:12Z" name="openAccountTest" data-provider="dp" finished-at="2020-10-30T15:28:13Z" duration-ms="1623" status="PASS">
          <params>
            <param index="0">
              <value>
                <![CDATA[{loyaltycardnumber=863, phonenumber=787878853, areacode=199, lastname=MirandaJeff, runmode=Y, firstname=Jefftest, emailaddress=jmiranda24@163.com, contactnumber=123456853}]]>
              </value>
            </param>
          </params>
          <reporter-output>
          </reporter-output>
        </test-method> <!-- openAccountTest -->
        <test-method signature="openAccountTest(java.util.Hashtable)[pri:0, instance:com.w2a.testcases.OpenAccountTest@335b5620]" started-at="2020-10-30T15:28:13Z" name="openAccountTest" data-provider="dp" finished-at="2020-10-30T15:28:15Z" duration-ms="1872" status="PASS">
          <params>
            <param index="0">
              <value>
                <![CDATA[{loyaltycardnumber=864, phonenumber=787878854, areacode=200, lastname=BelseyJolyn, runmode=Y, firstname=Jolyntest, emailaddress=jbelsey25@mac.com, contactnumber=123456854}]]>
              </value>
            </param>
          </params>
          <reporter-output>
          </reporter-output>
        </test-method> <!-- openAccountTest -->
        <test-method signature="openAccountTest(java.util.Hashtable)[pri:0, instance:com.w2a.testcases.OpenAccountTest@335b5620]" started-at="2020-10-30T15:28:15Z" name="openAccountTest" data-provider="dp" finished-at="2020-10-30T15:28:17Z" duration-ms="2027" status="PASS">
          <params>
            <param index="0">
              <value>
                <![CDATA[{loyaltycardnumber=865, phonenumber=787878855, areacode=201, lastname=SynnotOdessa, runmode=Y, firstname=Odessatest, emailaddress=osynnot26@naver.com, contactnumber=123456855}]]>
              </value>
            </param>
          </params>
          <reporter-output>
          </reporter-output>
        </test-method> <!-- openAccountTest -->
        <test-method signature="openAccountTest(java.util.Hashtable)[pri:0, instance:com.w2a.testcases.OpenAccountTest@335b5620]" started-at="2020-10-30T15:28:17Z" name="openAccountTest" data-provider="dp" finished-at="2020-10-30T15:28:19Z" duration-ms="1580" status="PASS">
          <params>
            <param index="0">
              <value>
                <![CDATA[{loyaltycardnumber=866, phonenumber=787878856, areacode=202, lastname=ExtallVincenty, runmode=Y, firstname=Vincentytest, emailaddress=vextall27@apache.org, contactnumber=123456856}]]>
              </value>
            </param>
          </params>
          <reporter-output>
          </reporter-output>
        </test-method> <!-- openAccountTest -->
        <test-method signature="openAccountTest(java.util.Hashtable)[pri:0, instance:com.w2a.testcases.OpenAccountTest@335b5620]" started-at="2020-10-30T15:28:19Z" name="openAccountTest" data-provider="dp" finished-at="2020-10-30T15:28:21Z" duration-ms="1617" status="PASS">
          <params>
            <param index="0">
              <value>
                <![CDATA[{loyaltycardnumber=867, phonenumber=787878857, areacode=203, lastname=LambkinMarla, runmode=Y, firstname=Marlatest, emailaddress=mlambkin28@nih.gov, contactnumber=123456857}]]>
              </value>
            </param>
          </params>
          <reporter-output>
          </reporter-output>
        </test-method> <!-- openAccountTest -->
        <test-method signature="openAccountTest(java.util.Hashtable)[pri:0, instance:com.w2a.testcases.OpenAccountTest@335b5620]" started-at="2020-10-30T15:28:21Z" name="openAccountTest" data-provider="dp" finished-at="2020-10-30T15:28:22Z" duration-ms="1564" status="PASS">
          <params>
            <param index="0">
              <value>
                <![CDATA[{loyaltycardnumber=868, phonenumber=787878858, areacode=204, lastname=FoddenKurtis, runmode=Y, firstname=Kurtistest, emailaddress=kfodden29@myspace.com, contactnumber=123456858}]]>
              </value>
            </param>
          </params>
          <reporter-output>
          </reporter-output>
        </test-method> <!-- openAccountTest -->
        <test-method signature="openAccountTest(java.util.Hashtable)[pri:0, instance:com.w2a.testcases.OpenAccountTest@335b5620]" started-at="2020-10-30T15:28:22Z" name="openAccountTest" data-provider="dp" finished-at="2020-10-30T15:28:24Z" duration-ms="1609" status="PASS">
          <params>
            <param index="0">
              <value>
                <![CDATA[{loyaltycardnumber=869, phonenumber=787878859, areacode=205, lastname=YeskovCalhoun, runmode=Y, firstname=Calhountest, emailaddress=cyeskov2a@sphinn.com, contactnumber=123456859}]]>
              </value>
            </param>
          </params>
          <reporter-output>
          </reporter-output>
        </test-method> <!-- openAccountTest -->
        <test-method signature="openAccountTest(java.util.Hashtable)[pri:0, instance:com.w2a.testcases.OpenAccountTest@335b5620]" started-at="2020-10-30T15:28:24Z" name="openAccountTest" data-provider="dp" finished-at="2020-10-30T15:28:26Z" duration-ms="1810" status="PASS">
          <params>
            <param index="0">
              <value>
                <![CDATA[{loyaltycardnumber=870, phonenumber=787878860, areacode=206, lastname=ArgraveRobinett, runmode=Y, firstname=Robinetttest, emailaddress=rargrave2b@seesaa.net, contactnumber=123456860}]]>
              </value>
            </param>
          </params>
          <reporter-output>
          </reporter-output>
        </test-method> <!-- openAccountTest -->
        <test-method signature="openAccountTest(java.util.Hashtable)[pri:0, instance:com.w2a.testcases.OpenAccountTest@335b5620]" started-at="2020-10-30T15:28:26Z" name="openAccountTest" data-provider="dp" finished-at="2020-10-30T15:28:28Z" duration-ms="2133" status="PASS">
          <params>
            <param index="0">
              <value>
                <![CDATA[{loyaltycardnumber=871, phonenumber=787878861, areacode=207, lastname=TreamayneRansom, runmode=Y, firstname=Ransomtest, emailaddress=rtreamayne2c@hatena.ne.jp, contactnumber=123456861}]]>
              </value>
            </param>
          </params>
          <reporter-output>
          </reporter-output>
        </test-method> <!-- openAccountTest -->
        <test-method signature="openAccountTest(java.util.Hashtable)[pri:0, instance:com.w2a.testcases.OpenAccountTest@335b5620]" started-at="2020-10-30T15:28:28Z" name="openAccountTest" data-provider="dp" finished-at="2020-10-30T15:28:29Z" duration-ms="1663" status="PASS">
          <params>
            <param index="0">
              <value>
                <![CDATA[{loyaltycardnumber=872, phonenumber=787878862, areacode=208, lastname=LindenmanHi, runmode=Y, firstname=Hitest, emailaddress=hlindenman2d@vinaora.com, contactnumber=123456862}]]>
              </value>
            </param>
          </params>
          <reporter-output>
          </reporter-output>
        </test-method> <!-- openAccountTest -->
        <test-method signature="openAccountTest(java.util.Hashtable)[pri:0, instance:com.w2a.testcases.OpenAccountTest@335b5620]" started-at="2020-10-30T15:28:29Z" name="openAccountTest" data-provider="dp" finished-at="2020-10-30T15:28:31Z" duration-ms="1598" status="PASS">
          <params>
            <param index="0">
              <value>
                <![CDATA[{loyaltycardnumber=873, phonenumber=787878863, areacode=209, lastname=FurbankRichmond, runmode=Y, firstname=Richmondtest, emailaddress=rfurbank2e@yale.edu, contactnumber=123456863}]]>
              </value>
            </param>
          </params>
          <reporter-output>
          </reporter-output>
        </test-method> <!-- openAccountTest -->
        <test-method signature="openAccountTest(java.util.Hashtable)[pri:0, instance:com.w2a.testcases.OpenAccountTest@335b5620]" started-at="2020-10-30T15:28:31Z" name="openAccountTest" data-provider="dp" finished-at="2020-10-30T15:28:33Z" duration-ms="1624" status="PASS">
          <params>
            <param index="0">
              <value>
                <![CDATA[{loyaltycardnumber=874, phonenumber=787878864, areacode=210, lastname=BarreauSollie, runmode=Y, firstname=Sollietest, emailaddress=sbarreau2f@youtu.be, contactnumber=123456864}]]>
              </value>
            </param>
          </params>
          <reporter-output>
          </reporter-output>
        </test-method> <!-- openAccountTest -->
        <test-method signature="openAccountTest(java.util.Hashtable)[pri:0, instance:com.w2a.testcases.OpenAccountTest@335b5620]" started-at="2020-10-30T15:28:33Z" name="openAccountTest" data-provider="dp" finished-at="2020-10-30T15:28:34Z" duration-ms="1713" status="PASS">
          <params>
            <param index="0">
              <value>
                <![CDATA[{loyaltycardnumber=875, phonenumber=787878865, areacode=211, lastname=WiddowsonCharlena, runmode=Y, firstname=Charlenatest, emailaddress=cwiddowson2g@networkadvertising.org, contactnumber=123456865}]]>
              </value>
            </param>
          </params>
          <reporter-output>
          </reporter-output>
        </test-method> <!-- openAccountTest -->
        <test-method signature="openAccountTest(java.util.Hashtable)[pri:0, instance:com.w2a.testcases.OpenAccountTest@335b5620]" started-at="2020-10-30T15:28:34Z" name="openAccountTest" data-provider="dp" finished-at="2020-10-30T15:28:36Z" duration-ms="1508" status="PASS">
          <params>
            <param index="0">
              <value>
                <![CDATA[{loyaltycardnumber=876, phonenumber=787878866, areacode=212, lastname=DonohueTheodora, runmode=Y, firstname=Theodoratest, emailaddress=todonohue2h@wp.com, contactnumber=123456866}]]>
              </value>
            </param>
          </params>
          <reporter-output>
          </reporter-output>
        </test-method> <!-- openAccountTest -->
        <test-method signature="openAccountTest(java.util.Hashtable)[pri:0, instance:com.w2a.testcases.OpenAccountTest@335b5620]" started-at="2020-10-30T15:28:36Z" name="openAccountTest" data-provider="dp" finished-at="2020-10-30T15:28:38Z" duration-ms="1633" status="PASS">
          <params>
            <param index="0">
              <value>
                <![CDATA[{loyaltycardnumber=877, phonenumber=787878867, areacode=213, lastname=BaistowErwin, runmode=Y, firstname=Erwintest, emailaddress=ebaistow2i@yolasite.com, contactnumber=123456867}]]>
              </value>
            </param>
          </params>
          <reporter-output>
          </reporter-output>
        </test-method> <!-- openAccountTest -->
        <test-method signature="openAccountTest(java.util.Hashtable)[pri:0, instance:com.w2a.testcases.OpenAccountTest@335b5620]" started-at="2020-10-30T15:28:38Z" name="openAccountTest" data-provider="dp" finished-at="2020-10-30T15:28:39Z" duration-ms="1598" status="PASS">
          <params>
            <param index="0">
              <value>
                <![CDATA[{loyaltycardnumber=878, phonenumber=787878868, areacode=214, lastname=IbanTara, runmode=Y, firstname=Taratest, emailaddress=tiban2j@salon.com, contactnumber=123456868}]]>
              </value>
            </param>
          </params>
          <reporter-output>
          </reporter-output>
        </test-method> <!-- openAccountTest -->
        <test-method signature="openAccountTest(java.util.Hashtable)[pri:0, instance:com.w2a.testcases.OpenAccountTest@335b5620]" started-at="2020-10-30T15:28:39Z" name="openAccountTest" data-provider="dp" finished-at="2020-10-30T15:28:41Z" duration-ms="1614" status="PASS">
          <params>
            <param index="0">
              <value>
                <![CDATA[{loyaltycardnumber=879, phonenumber=787878869, areacode=215, lastname=RoggeArliene, runmode=Y, firstname=Arlienetest, emailaddress=arogge2k@oaic.gov.au, contactnumber=123456869}]]>
              </value>
            </param>
          </params>
          <reporter-output>
          </reporter-output>
        </test-method> <!-- openAccountTest -->
        <test-method signature="openAccountTest(java.util.Hashtable)[pri:0, instance:com.w2a.testcases.OpenAccountTest@335b5620]" started-at="2020-10-30T15:28:41Z" name="openAccountTest" data-provider="dp" finished-at="2020-10-30T15:28:42Z" duration-ms="1518" status="PASS">
          <params>
            <param index="0">
              <value>
                <![CDATA[{loyaltycardnumber=880, phonenumber=787878870, areacode=216, lastname=MouleNat, runmode=Y, firstname=Nattest, emailaddress=nmoule2l@latimes.com, contactnumber=123456870}]]>
              </value>
            </param>
          </params>
          <reporter-output>
          </reporter-output>
        </test-method> <!-- openAccountTest -->
        <test-method signature="openAccountTest(java.util.Hashtable)[pri:0, instance:com.w2a.testcases.OpenAccountTest@335b5620]" started-at="2020-10-30T15:28:42Z" name="openAccountTest" data-provider="dp" finished-at="2020-10-30T15:28:44Z" duration-ms="1630" status="PASS">
          <params>
            <param index="0">
              <value>
                <![CDATA[{loyaltycardnumber=881, phonenumber=787878871, areacode=217, lastname=AjamMelisse, runmode=Y, firstname=Melissetest, emailaddress=majam2m@moonfruit.com, contactnumber=123456871}]]>
              </value>
            </param>
          </params>
          <reporter-output>
          </reporter-output>
        </test-method> <!-- openAccountTest -->
        <test-method signature="openAccountTest(java.util.Hashtable)[pri:0, instance:com.w2a.testcases.OpenAccountTest@335b5620]" started-at="2020-10-30T15:28:44Z" name="openAccountTest" data-provider="dp" finished-at="2020-10-30T15:28:46Z" duration-ms="1616" status="PASS">
          <params>
            <param index="0">
              <value>
                <![CDATA[{loyaltycardnumber=882, phonenumber=787878872, areacode=218, lastname=WicherEmilio, runmode=Y, firstname=Emiliotest, emailaddress=ewicher2n@canalblog.com, contactnumber=123456872}]]>
              </value>
            </param>
          </params>
          <reporter-output>
          </reporter-output>
        </test-method> <!-- openAccountTest -->
        <test-method signature="openAccountTest(java.util.Hashtable)[pri:0, instance:com.w2a.testcases.OpenAccountTest@335b5620]" started-at="2020-10-30T15:28:46Z" name="openAccountTest" data-provider="dp" finished-at="2020-10-30T15:28:47Z" duration-ms="1629" status="PASS">
          <params>
            <param index="0">
              <value>
                <![CDATA[{loyaltycardnumber=883, phonenumber=787878873, areacode=219, lastname=MoneryKarlan, runmode=Y, firstname=Karlantest, emailaddress=kmonery2o@japanpost.jp, contactnumber=123456873}]]>
              </value>
            </param>
          </params>
          <reporter-output>
          </reporter-output>
        </test-method> <!-- openAccountTest -->
        <test-method signature="openAccountTest(java.util.Hashtable)[pri:0, instance:com.w2a.testcases.OpenAccountTest@335b5620]" started-at="2020-10-30T15:28:47Z" name="openAccountTest" data-provider="dp" finished-at="2020-10-30T15:28:49Z" duration-ms="1493" status="PASS">
          <params>
            <param index="0">
              <value>
                <![CDATA[{loyaltycardnumber=884, phonenumber=787878874, areacode=220, lastname=MonkmanTammy, runmode=Y, firstname=Tammytest, emailaddress=tmonkman2p@1und1.de, contactnumber=123456874}]]>
              </value>
            </param>
          </params>
          <reporter-output>
          </reporter-output>
        </test-method> <!-- openAccountTest -->
        <test-method signature="openAccountTest(java.util.Hashtable)[pri:0, instance:com.w2a.testcases.OpenAccountTest@335b5620]" started-at="2020-10-30T15:28:49Z" name="openAccountTest" data-provider="dp" finished-at="2020-10-30T15:28:50Z" duration-ms="1521" status="PASS">
          <params>
            <param index="0">
              <value>
                <![CDATA[{loyaltycardnumber=885, phonenumber=787878875, areacode=221, lastname=JasperDillie, runmode=Y, firstname=Dillietest, emailaddress=djasper2q@opensource.org, contactnumber=123456875}]]>
              </value>
            </param>
          </params>
          <reporter-output>
          </reporter-output>
        </test-method> <!-- openAccountTest -->
        <test-method signature="openAccountTest(java.util.Hashtable)[pri:0, instance:com.w2a.testcases.OpenAccountTest@335b5620]" started-at="2020-10-30T15:28:50Z" name="openAccountTest" data-provider="dp" finished-at="2020-10-30T15:28:52Z" duration-ms="1622" status="PASS">
          <params>
            <param index="0">
              <value>
                <![CDATA[{loyaltycardnumber=886, phonenumber=787878876, areacode=222, lastname=VautreGarner, runmode=Y, firstname=Garnertest, emailaddress=gvautre2r@europa.eu, contactnumber=123456876}]]>
              </value>
            </param>
          </params>
          <reporter-output>
          </reporter-output>
        </test-method> <!-- openAccountTest -->
        <test-method signature="openAccountTest(java.util.Hashtable)[pri:0, instance:com.w2a.testcases.OpenAccountTest@335b5620]" started-at="2020-10-30T15:28:52Z" name="openAccountTest" data-provider="dp" finished-at="2020-10-30T15:28:54Z" duration-ms="1660" status="PASS">
          <params>
            <param index="0">
              <value>
                <![CDATA[{loyaltycardnumber=887, phonenumber=787878877, areacode=223, lastname=ShinfieldBarbey, runmode=Y, firstname=Barbeytest, emailaddress=bshinfield2s@sbwire.com, contactnumber=123456877}]]>
              </value>
            </param>
          </params>
          <reporter-output>
          </reporter-output>
        </test-method> <!-- openAccountTest -->
        <test-method signature="openAccountTest(java.util.Hashtable)[pri:0, instance:com.w2a.testcases.OpenAccountTest@335b5620]" started-at="2020-10-30T15:28:54Z" name="openAccountTest" data-provider="dp" finished-at="2020-10-30T15:28:55Z" duration-ms="1568" status="PASS">
          <params>
            <param index="0">
              <value>
                <![CDATA[{loyaltycardnumber=888, phonenumber=787878878, areacode=224, lastname=KeemerShay, runmode=Y, firstname=Shaytest, emailaddress=skeemer2t@house.gov, contactnumber=123456878}]]>
              </value>
            </param>
          </params>
          <reporter-output>
          </reporter-output>
        </test-method> <!-- openAccountTest -->
        <test-method signature="openAccountTest(java.util.Hashtable)[pri:0, instance:com.w2a.testcases.OpenAccountTest@335b5620]" started-at="2020-10-30T15:28:55Z" name="openAccountTest" data-provider="dp" finished-at="2020-10-30T15:28:57Z" duration-ms="1530" status="PASS">
          <params>
            <param index="0">
              <value>
                <![CDATA[{loyaltycardnumber=889, phonenumber=787878879, areacode=225, lastname=JakoubekLayla, runmode=Y, firstname=Laylatest, emailaddress=ljakoubek2u@nydailynews.com, contactnumber=123456879}]]>
              </value>
            </param>
          </params>
          <reporter-output>
          </reporter-output>
        </test-method> <!-- openAccountTest -->
        <test-method signature="openAccountTest(java.util.Hashtable)[pri:0, instance:com.w2a.testcases.OpenAccountTest@335b5620]" started-at="2020-10-30T15:28:57Z" name="openAccountTest" data-provider="dp" finished-at="2020-10-30T15:28:58Z" duration-ms="1633" status="PASS">
          <params>
            <param index="0">
              <value>
                <![CDATA[{loyaltycardnumber=890, phonenumber=787878880, areacode=226, lastname=BavesterKasey, runmode=Y, firstname=Kaseytest, emailaddress=kbavester2v@home.pl, contactnumber=123456880}]]>
              </value>
            </param>
          </params>
          <reporter-output>
          </reporter-output>
        </test-method> <!-- openAccountTest -->
        <test-method signature="openAccountTest(java.util.Hashtable)[pri:0, instance:com.w2a.testcases.OpenAccountTest@335b5620]" started-at="2020-10-30T15:28:59Z" name="openAccountTest" data-provider="dp" finished-at="2020-10-30T15:29:00Z" duration-ms="1590" status="PASS">
          <params>
            <param index="0">
              <value>
                <![CDATA[{loyaltycardnumber=891, phonenumber=787878881, areacode=227, lastname=HeintzSherwynd, runmode=Y, firstname=Sherwyndtest, emailaddress=sheintz2w@cocolognifty.com, contactnumber=123456881}]]>
              </value>
            </param>
          </params>
          <reporter-output>
          </reporter-output>
        </test-method> <!-- openAccountTest -->
        <test-method signature="openAccountTest(java.util.Hashtable)[pri:0, instance:com.w2a.testcases.OpenAccountTest@335b5620]" started-at="2020-10-30T15:29:00Z" name="openAccountTest" data-provider="dp" finished-at="2020-10-30T15:29:02Z" duration-ms="1523" status="PASS">
          <params>
            <param index="0">
              <value>
                <![CDATA[{loyaltycardnumber=892, phonenumber=787878882, areacode=228, lastname=MuirGerhardine, runmode=Y, firstname=Gerhardinetest, emailaddress=gmuir2x@google.pl, contactnumber=123456882}]]>
              </value>
            </param>
          </params>
          <reporter-output>
          </reporter-output>
        </test-method> <!-- openAccountTest -->
        <test-method signature="openAccountTest(java.util.Hashtable)[pri:0, instance:com.w2a.testcases.OpenAccountTest@335b5620]" started-at="2020-10-30T15:29:02Z" name="openAccountTest" data-provider="dp" finished-at="2020-10-30T15:29:03Z" duration-ms="1604" status="PASS">
          <params>
            <param index="0">
              <value>
                <![CDATA[{loyaltycardnumber=893, phonenumber=787878883, areacode=229, lastname=SavilleVivi, runmode=Y, firstname=Vivitest, emailaddress=vsaville2y@harvard.edu, contactnumber=123456883}]]>
              </value>
            </param>
          </params>
          <reporter-output>
          </reporter-output>
        </test-method> <!-- openAccountTest -->
        <test-method signature="openAccountTest(java.util.Hashtable)[pri:0, instance:com.w2a.testcases.OpenAccountTest@335b5620]" started-at="2020-10-30T15:29:03Z" name="openAccountTest" data-provider="dp" finished-at="2020-10-30T15:29:05Z" duration-ms="1516" status="PASS">
          <params>
            <param index="0">
              <value>
                <![CDATA[{loyaltycardnumber=894, phonenumber=787878884, areacode=230, lastname=DedmamMurielle, runmode=Y, firstname=Murielletest, emailaddress=mdedmam2z@google.nl, contactnumber=123456884}]]>
              </value>
            </param>
          </params>
          <reporter-output>
          </reporter-output>
        </test-method> <!-- openAccountTest -->
        <test-method signature="openAccountTest(java.util.Hashtable)[pri:0, instance:com.w2a.testcases.OpenAccountTest@335b5620]" started-at="2020-10-30T15:29:05Z" name="openAccountTest" data-provider="dp" finished-at="2020-10-30T15:29:06Z" duration-ms="1563" status="PASS">
          <params>
            <param index="0">
              <value>
                <![CDATA[{loyaltycardnumber=895, phonenumber=787878885, areacode=231, lastname=BrandGeneva, runmode=Y, firstname=Genevatest, emailaddress=gbrand30@exblog.jp, contactnumber=123456885}]]>
              </value>
            </param>
          </params>
          <reporter-output>
          </reporter-output>
        </test-method> <!-- openAccountTest -->
        <test-method signature="openAccountTest(java.util.Hashtable)[pri:0, instance:com.w2a.testcases.OpenAccountTest@335b5620]" started-at="2020-10-30T15:29:06Z" name="openAccountTest" data-provider="dp" finished-at="2020-10-30T15:29:08Z" duration-ms="1563" status="PASS">
          <params>
            <param index="0">
              <value>
[...]
          <params>
            <param index="0">
              <value>
                <![CDATA[{loyaltycardnumber=1760, phonenumber=787879750, areacode=1096, lastname=SolesArturo, runmode=Y, firstname=Arturotest, emailaddress=asolesr1@theatlantic.com, contactnumber=123457750}]]>
              </value>
            </param>
          </params>
          <reporter-output>
          </reporter-output>
        </test-method> <!-- openAccountTest -->
        <test-method signature="openAccountTest(java.util.Hashtable)[pri:0, instance:com.w2a.testcases.OpenAccountTest@335b5620]" started-at="2020-10-30T15:52:37Z" name="openAccountTest" data-provider="dp" finished-at="2020-10-30T15:52:39Z" duration-ms="1845" status="PASS">
          <params>
            <param index="0">
              <value>
                <![CDATA[{loyaltycardnumber=1761, phonenumber=787879751, areacode=1097, lastname=IronmongerXimenez, runmode=Y, firstname=Ximeneztest, emailaddress=xironmongerr2@yale.edu, contactnumber=123457751}]]>
              </value>
            </param>
          </params>
          <reporter-output>
          </reporter-output>
        </test-method> <!-- openAccountTest -->
        <test-method signature="openAccountTest(java.util.Hashtable)[pri:0, instance:com.w2a.testcases.OpenAccountTest@335b5620]" started-at="2020-10-30T15:52:39Z" name="openAccountTest" data-provider="dp" finished-at="2020-10-30T15:52:40Z" duration-ms="1595" status="PASS">
          <params>
            <param index="0">
              <value>
                <![CDATA[{loyaltycardnumber=1762, phonenumber=787879752, areacode=1098, lastname=ColterRosalinde, runmode=Y, firstname=Rosalindetest, emailaddress=rcolterr3@comsenz.com, contactnumber=123457752}]]>
              </value>
            </param>
          </params>
          <reporter-output>
          </reporter-output>
        </test-method> <!-- openAccountTest -->
        <test-method signature="openAccountTest(java.util.Hashtable)[pri:0, instance:com.w2a.testcases.OpenAccountTest@335b5620]" started-at="2020-10-30T15:52:40Z" name="openAccountTest" data-provider="dp" finished-at="2020-10-30T15:52:42Z" duration-ms="1593" status="PASS">
          <params>
            <param index="0">
              <value>
                <![CDATA[{loyaltycardnumber=1763, phonenumber=787879753, areacode=1099, lastname=ViegasErrol, runmode=Y, firstname=Erroltest, emailaddress=eviegasr4@si.edu, contactnumber=123457753}]]>
              </value>
            </param>
          </params>
          <reporter-output>
          </reporter-output>
        </test-method> <!-- openAccountTest -->
        <test-method signature="openAccountTest(java.util.Hashtable)[pri:0, instance:com.w2a.testcases.OpenAccountTest@335b5620]" started-at="2020-10-30T15:52:42Z" name="openAccountTest" data-provider="dp" finished-at="2020-10-30T15:52:44Z" duration-ms="1550" status="PASS">
          <params>
            <param index="0">
              <value>
                <![CDATA[{loyaltycardnumber=1764, phonenumber=787879754, areacode=1100, lastname=RickertRhodie, runmode=Y, firstname=Rhodietest, emailaddress=rrickertr5@drupal.org, contactnumber=123457754}]]>
              </value>
            </param>
          </params>
          <reporter-output>
          </reporter-output>
        </test-method> <!-- openAccountTest -->
        <test-method signature="openAccountTest(java.util.Hashtable)[pri:0, instance:com.w2a.testcases.OpenAccountTest@335b5620]" started-at="2020-10-30T15:52:44Z" name="openAccountTest" data-provider="dp" finished-at="2020-10-30T15:52:45Z" duration-ms="1628" status="PASS">
          <params>
            <param index="0">
              <value>
                <![CDATA[{loyaltycardnumber=1765, phonenumber=787879755, areacode=1101, lastname=SchirachRosalyn, runmode=Y, firstname=Rosalyntest, emailaddress=rschirachr6@tiny.cc, contactnumber=123457755}]]>
              </value>
            </param>
          </params>
          <reporter-output>
          </reporter-output>
        </test-method> <!-- openAccountTest -->
        <test-method signature="openAccountTest(java.util.Hashtable)[pri:0, instance:com.w2a.testcases.OpenAccountTest@335b5620]" started-at="2020-10-30T15:52:45Z" name="openAccountTest" data-provider="dp" finished-at="2020-10-30T15:52:47Z" duration-ms="1635" status="PASS">
          <params>
            <param index="0">
              <value>
                <![CDATA[{loyaltycardnumber=1766, phonenumber=787879756, areacode=1102, lastname=ChaunceBerri, runmode=Y, firstname=Berritest, emailaddress=bchauncer7@lulu.com, contactnumber=123457756}]]>
              </value>
            </param>
          </params>
          <reporter-output>
          </reporter-output>
        </test-method> <!-- openAccountTest -->
        <test-method signature="openAccountTest(java.util.Hashtable)[pri:0, instance:com.w2a.testcases.OpenAccountTest@335b5620]" started-at="2020-10-30T15:52:47Z" name="openAccountTest" data-provider="dp" finished-at="2020-10-30T15:52:49Z" duration-ms="1715" status="PASS">
          <params>
            <param index="0">
              <value>
                <![CDATA[{loyaltycardnumber=1767, phonenumber=787879757, areacode=1103, lastname=BubbTy, runmode=Y, firstname=Tytest, emailaddress=tbubbr8@seesaa.net, contactnumber=123457757}]]>
              </value>
            </param>
          </params>
          <reporter-output>
          </reporter-output>
        </test-method> <!-- openAccountTest -->
        <test-method signature="openAccountTest(java.util.Hashtable)[pri:0, instance:com.w2a.testcases.OpenAccountTest@335b5620]" started-at="2020-10-30T15:52:49Z" name="openAccountTest" data-provider="dp" finished-at="2020-10-30T15:52:50Z" duration-ms="1611" status="PASS">
          <params>
            <param index="0">
              <value>
                <![CDATA[{loyaltycardnumber=1768, phonenumber=787879758, areacode=1104, lastname=KorousTrista, runmode=Y, firstname=Tristatest, emailaddress=tkorousr9@sphinn.com, contactnumber=123457758}]]>
              </value>
            </param>
          </params>
          <reporter-output>
          </reporter-output>
        </test-method> <!-- openAccountTest -->
        <test-method signature="openAccountTest(java.util.Hashtable)[pri:0, instance:com.w2a.testcases.OpenAccountTest@335b5620]" started-at="2020-10-30T15:52:50Z" name="openAccountTest" data-provider="dp" finished-at="2020-10-30T15:52:52Z" duration-ms="1600" status="PASS">
          <params>
            <param index="0">
              <value>
                <![CDATA[{loyaltycardnumber=1769, phonenumber=787879759, areacode=1105, lastname=YanezCorri, runmode=Y, firstname=Corritest, emailaddress=cyanezra@samsung.com, contactnumber=123457759}]]>
              </value>
            </param>
          </params>
          <reporter-output>
          </reporter-output>
        </test-method> <!-- openAccountTest -->
        <test-method signature="openAccountTest(java.util.Hashtable)[pri:0, instance:com.w2a.testcases.OpenAccountTest@335b5620]" started-at="2020-10-30T15:52:52Z" name="openAccountTest" data-provider="dp" finished-at="2020-10-30T15:52:54Z" duration-ms="1870" status="PASS">
          <params>
            <param index="0">
              <value>
                <![CDATA[{loyaltycardnumber=1770, phonenumber=787879760, areacode=1106, lastname=PaschkeRubin, runmode=Y, firstname=Rubintest, emailaddress=rpaschkerb@fc2.com, contactnumber=123457760}]]>
              </value>
            </param>
          </params>
          <reporter-output>
          </reporter-output>
        </test-method> <!-- openAccountTest -->
        <test-method signature="openAccountTest(java.util.Hashtable)[pri:0, instance:com.w2a.testcases.OpenAccountTest@335b5620]" started-at="2020-10-30T15:52:54Z" name="openAccountTest" data-provider="dp" finished-at="2020-10-30T15:52:56Z" duration-ms="1579" status="PASS">
          <params>
            <param index="0">
              <value>
                <![CDATA[{loyaltycardnumber=1771, phonenumber=787879761, areacode=1107, lastname=GrocottHarlene, runmode=Y, firstname=Harlenetest, emailaddress=hgrocottrc@netlog.com, contactnumber=123457761}]]>
              </value>
            </param>
          </params>
          <reporter-output>
          </reporter-output>
        </test-method> <!-- openAccountTest -->
        <test-method signature="openAccountTest(java.util.Hashtable)[pri:0, instance:com.w2a.testcases.OpenAccountTest@335b5620]" started-at="2020-10-30T15:52:56Z" name="openAccountTest" data-provider="dp" finished-at="2020-10-30T15:52:57Z" duration-ms="1708" status="PASS">
          <params>
            <param index="0">
              <value>
                <![CDATA[{loyaltycardnumber=1772, phonenumber=787879762, areacode=1108, lastname=LeathartEmmit, runmode=Y, firstname=Emmittest, emailaddress=eleathartrd@globo.com, contactnumber=123457762}]]>
              </value>
            </param>
          </params>
          <reporter-output>
          </reporter-output>
        </test-method> <!-- openAccountTest -->
        <test-method signature="openAccountTest(java.util.Hashtable)[pri:0, instance:com.w2a.testcases.OpenAccountTest@335b5620]" started-at="2020-10-30T15:52:57Z" name="openAccountTest" data-provider="dp" finished-at="2020-10-30T15:52:59Z" duration-ms="1568" status="PASS">
          <params>
            <param index="0">
              <value>
                <![CDATA[{loyaltycardnumber=1773, phonenumber=787879763, areacode=1109, lastname=SamplesRosanna, runmode=Y, firstname=Rosannatest, emailaddress=rsamplesre@shinystat.com, contactnumber=123457763}]]>
              </value>
            </param>
          </params>
          <reporter-output>
          </reporter-output>
        </test-method> <!-- openAccountTest -->
        <test-method signature="openAccountTest(java.util.Hashtable)[pri:0, instance:com.w2a.testcases.OpenAccountTest@335b5620]" started-at="2020-10-30T15:52:59Z" name="openAccountTest" data-provider="dp" finished-at="2020-10-30T15:53:00Z" duration-ms="1507" status="PASS">
          <params>
            <param index="0">
              <value>
                <![CDATA[{loyaltycardnumber=1774, phonenumber=787879764, areacode=1110, lastname=ShulemRosita, runmode=Y, firstname=Rositatest, emailaddress=rshulemrf@csmonitor.com, contactnumber=123457764}]]>
              </value>
            </param>
          </params>
          <reporter-output>
          </reporter-output>
        </test-method> <!-- openAccountTest -->
        <test-method signature="openAccountTest(java.util.Hashtable)[pri:0, instance:com.w2a.testcases.OpenAccountTest@335b5620]" started-at="2020-10-30T15:53:01Z" name="openAccountTest" data-provider="dp" finished-at="2020-10-30T15:53:02Z" duration-ms="1658" status="PASS">
          <params>
            <param index="0">
              <value>
                <![CDATA[{loyaltycardnumber=1775, phonenumber=787879765, areacode=1111, lastname=MattaserWalther, runmode=Y, firstname=Walthertest, emailaddress=wmattaserrg@cocolognifty.com, contactnumber=123457765}]]>
              </value>
            </param>
          </params>
          <reporter-output>
          </reporter-output>
        </test-method> <!-- openAccountTest -->
        <test-method signature="openAccountTest(java.util.Hashtable)[pri:0, instance:com.w2a.testcases.OpenAccountTest@335b5620]" started-at="2020-10-30T15:53:02Z" name="openAccountTest" data-provider="dp" finished-at="2020-10-30T15:53:04Z" duration-ms="1634" status="PASS">
          <params>
            <param index="0">
              <value>
                <![CDATA[{loyaltycardnumber=1776, phonenumber=787879766, areacode=1112, lastname=GoodbodyStaci, runmode=Y, firstname=Stacitest, emailaddress=sgoodbodyrh@bloomberg.com, contactnumber=123457766}]]>
              </value>
            </param>
          </params>
          <reporter-output>
          </reporter-output>
        </test-method> <!-- openAccountTest -->
        <test-method signature="openAccountTest(java.util.Hashtable)[pri:0, instance:com.w2a.testcases.OpenAccountTest@335b5620]" started-at="2020-10-30T15:53:04Z" name="openAccountTest" data-provider="dp" finished-at="2020-10-30T15:53:06Z" duration-ms="1652" status="PASS">
          <params>
            <param index="0">
              <value>
                <![CDATA[{loyaltycardnumber=1777, phonenumber=787879767, areacode=1113, lastname=ObellJodie, runmode=Y, firstname=Jodietest, emailaddress=jobellri@aboutads.info, contactnumber=123457767}]]>
              </value>
            </param>
          </params>
          <reporter-output>
          </reporter-output>
        </test-method> <!-- openAccountTest -->
        <test-method signature="openAccountTest(java.util.Hashtable)[pri:0, instance:com.w2a.testcases.OpenAccountTest@335b5620]" started-at="2020-10-30T15:53:06Z" name="openAccountTest" data-provider="dp" finished-at="2020-10-30T15:53:07Z" duration-ms="1581" status="PASS">
          <params>
            <param index="0">
              <value>
                <![CDATA[{loyaltycardnumber=1778, phonenumber=787879768, areacode=1114, lastname=DowtryCinda, runmode=Y, firstname=Cindatest, emailaddress=cdowtryrj@ustream.tv, contactnumber=123457768}]]>
              </value>
            </param>
          </params>
          <reporter-output>
          </reporter-output>
        </test-method> <!-- openAccountTest -->
        <test-method signature="openAccountTest(java.util.Hashtable)[pri:0, instance:com.w2a.testcases.OpenAccountTest@335b5620]" started-at="2020-10-30T15:53:07Z" name="openAccountTest" data-provider="dp" finished-at="2020-10-30T15:53:09Z" duration-ms="1578" status="PASS">
          <params>
            <param index="0">
              <value>
                <![CDATA[{loyaltycardnumber=1779, phonenumber=787879769, areacode=1115, lastname=BurlMaynord, runmode=Y, firstname=Maynordtest, emailaddress=mburlrk@disqus.com, contactnumber=123457769}]]>
              </value>
            </param>
          </params>
          <reporter-output>
          </reporter-output>
        </test-method> <!-- openAccountTest -->
        <test-method signature="openAccountTest(java.util.Hashtable)[pri:0, instance:com.w2a.testcases.OpenAccountTest@335b5620]" started-at="2020-10-30T15:53:09Z" name="openAccountTest" data-provider="dp" finished-at="2020-10-30T15:53:10Z" duration-ms="1580" status="PASS">
          <params>
            <param index="0">
              <value>
                <![CDATA[{loyaltycardnumber=1780, phonenumber=787879770, areacode=1116, lastname=BartkiewiczMiltie, runmode=Y, firstname=Miltietest, emailaddress=mbartkiewiczrl@whitehouse.gov, contactnumber=123457770}]]>
              </value>
            </param>
          </params>
          <reporter-output>
          </reporter-output>
        </test-method> <!-- openAccountTest -->
        <test-method signature="openAccountTest(java.util.Hashtable)[pri:0, instance:com.w2a.testcases.OpenAccountTest@335b5620]" started-at="2020-10-30T15:53:11Z" name="openAccountTest" data-provider="dp" finished-at="2020-10-30T15:53:12Z" duration-ms="1642" status="PASS">
          <params>
            <param index="0">
              <value>
                <![CDATA[{loyaltycardnumber=1781, phonenumber=787879771, areacode=1117, lastname=WollrauchMichal, runmode=Y, firstname=Michaltest, emailaddress=mwollrauchrm@smugmug.com, contactnumber=123457771}]]>
              </value>
            </param>
          </params>
          <reporter-output>
          </reporter-output>
        </test-method> <!-- openAccountTest -->
        <test-method signature="openAccountTest(java.util.Hashtable)[pri:0, instance:com.w2a.testcases.OpenAccountTest@335b5620]" started-at="2020-10-30T15:53:12Z" name="openAccountTest" data-provider="dp" finished-at="2020-10-30T15:53:14Z" duration-ms="1561" status="PASS">
          <params>
            <param index="0">
              <value>
                <![CDATA[{loyaltycardnumber=1782, phonenumber=787879772, areacode=1118, lastname=PoytherasElfreda, runmode=Y, firstname=Elfredatest, emailaddress=epoytherasrn@bigcartel.com, contactnumber=123457772}]]>
              </value>
            </param>
          </params>
          <reporter-output>
          </reporter-output>
        </test-method> <!-- openAccountTest -->
        <test-method signature="openAccountTest(java.util.Hashtable)[pri:0, instance:com.w2a.testcases.OpenAccountTest@335b5620]" started-at="2020-10-30T15:53:14Z" name="openAccountTest" data-provider="dp" finished-at="2020-10-30T15:53:15Z" duration-ms="1465" status="PASS">
          <params>
            <param index="0">
              <value>
                <![CDATA[{loyaltycardnumber=1783, phonenumber=787879773, areacode=1119, lastname=RoddaCale, runmode=Y, firstname=Caletest, emailaddress=croddaro@hp.com, contactnumber=123457773}]]>
              </value>
            </param>
          </params>
          <reporter-output>
          </reporter-output>
        </test-method> <!-- openAccountTest -->
        <test-method signature="openAccountTest(java.util.Hashtable)[pri:0, instance:com.w2a.testcases.OpenAccountTest@335b5620]" started-at="2020-10-30T15:53:15Z" name="openAccountTest" data-provider="dp" finished-at="2020-10-30T15:53:17Z" duration-ms="1602" status="PASS">
          <params>
            <param index="0">
              <value>
                <![CDATA[{loyaltycardnumber=1784, phonenumber=787879774, areacode=1120, lastname=ChallicumJaquith, runmode=Y, firstname=Jaquithtest, emailaddress=jchallicumrp@usatoday.com, contactnumber=123457774}]]>
              </value>
            </param>
          </params>
          <reporter-output>
          </reporter-output>
        </test-method> <!-- openAccountTest -->
        <test-method signature="openAccountTest(java.util.Hashtable)[pri:0, instance:com.w2a.testcases.OpenAccountTest@335b5620]" started-at="2020-10-30T15:53:17Z" name="openAccountTest" data-provider="dp" finished-at="2020-10-30T15:53:19Z" duration-ms="1558" status="PASS">
          <params>
            <param index="0">
              <value>
                <![CDATA[{loyaltycardnumber=1785, phonenumber=787879775, areacode=1121, lastname=BiskupekJoseph, runmode=Y, firstname=Josephtest, emailaddress=jbiskupekrq@addthis.com, contactnumber=123457775}]]>
              </value>
            </param>
          </params>
          <reporter-output>
          </reporter-output>
        </test-method> <!-- openAccountTest -->
        <test-method signature="openAccountTest(java.util.Hashtable)[pri:0, instance:com.w2a.testcases.OpenAccountTest@335b5620]" started-at="2020-10-30T15:53:19Z" name="openAccountTest" data-provider="dp" finished-at="2020-10-30T15:53:20Z" duration-ms="1621" status="PASS">
          <params>
            <param index="0">
              <value>
                <![CDATA[{loyaltycardnumber=1786, phonenumber=787879776, areacode=1122, lastname=FeehelyVerge, runmode=Y, firstname=Vergetest, emailaddress=vfeehelyrr@youku.com, contactnumber=123457776}]]>
              </value>
            </param>
          </params>
          <reporter-output>
          </reporter-output>
        </test-method> <!-- openAccountTest -->
        <test-method is-config="true" signature="tearDown()[pri:0, instance:com.w2a.testcases.OpenAccountTest@335b5620]" started-at="2020-10-30T15:53:20Z" name="tearDown" finished-at="2020-10-30T15:53:21Z" duration-ms="158" status="PASS">
          <reporter-output>
          </reporter-output>
        </test-method> <!-- tearDown -->
      </class> <!-- com.w2a.testcases.OpenAccountTest -->
    </test> <!-- Open Account Test -->
  </suite> <!-- Data Driven Basics -->
</testng-results>
