<?xml version="1.0" encoding="UTF-8"?>
<testsuite name="Open Account Test"
           tests="1000"
           failures="0"
           errors="0"
           skipped="0"
           time="1597.229">
  <properties />
  
  
            <testcase name="openAccountTest" time="1.666" classname="com.w2a.testcases.OpenAccountTest" />
                <testcase name="openAccountTest" time="1.593" classname="com.w2a.testcases.OpenAccountTest" />
                <testcase name="openAccountTest" time="1.598" classname="com.w2a.testcases.OpenAccountTest" />
                <testcase name="openAccountTest" time="1.625" classname="com.w2a.testcases.OpenAccountTest" />
                <testcase name="openAccountTest" time="1.856" classname="com.w2a.testcases.OpenAccountTest" />
                <testcase name="openAccountTest" time="1.635" classname="com.w2a.testcases.OpenAccountTest" />
                <testcase name="openAccountTest" time="1.520" classname="com.w2a.testcases.OpenAccountTest" />
                <testcase name="openAccountTest" time="1.615" classname="com.w2a.testcases.OpenAccountTest" />
                <testcase name="openAccountTest" time="1.614" classname="com.w2a.testcases.OpenAccountTest" />
                <testcase name="openAccountTest" time="1.599" classname="com.w2a.testcases.OpenAccountTest" />
                <testcase name="openAccountTest" time="1.674" classname="com.w2a.testcases.OpenAccountTest" />
                <testcase name="openAccountTest" time="1.558" classname="com.w2a.testcases.OpenAccountTest" />
                <testcase name="openAccountTest" time="1.575" classname="com.w2a.testcases.OpenAccountTest" />
                <testcase name="openAccountTest" time="1.517" classname="com.w2a.testcases.OpenAccountTest" />
                <testcase name="openAccountTest" time="1.624" classname="com.w2a.testcases.OpenAccountTest" />
                <testcase name="openAccountTest" time="1.548" classname="com.w2a.testcases.OpenAccountTest" />
                <testcase name="openAccountTest" time="1.647" classname="com.w2a.testcases.OpenAccountTest" />
                <testcase name="openAccountTest" time="1.579" classname="com.w2a.testcases.OpenAccountTest" />
                <testcase name="openAccountTest" time="1.517" classname="com.w2a.testcases.OpenAccountTest" />
                <testcase name="openAccountTest" time="1.591" classname="com.w2a.testcases.OpenAccountTest" />
                <testcase name="openAccountTest" time="1.557" classname="com.w2a.testcases.OpenAccountTest" />
                <testcase name="openAccountTest" time="1.945" classname="com.w2a.testcases.OpenAccountTest" />
                <testcase name="openAccountTest" time="1.614" classname="com.w2a.testcases.OpenAccountTest" />
                <testcase name="openAccountTest" time="1.639" classname="com.w2a.testcases.OpenAccountTest" />
                <testcase name="openAccountTest" time="1.507" classname="com.w2a.testcases.OpenAccountTest" />
                <testcase name="openAccountTest" time="1.495" classname="com.w2a.testcases.OpenAccountTest" />
                <testcase name="openAccountTest" time="1.622" classname="com.w2a.testcases.OpenAccountTest" />
                <testcase name="openAccountTest" time="1.769" classname="com.w2a.testcases.OpenAccountTest" />
                <testcase name="openAccountTest" time="1.570" classname="com.w2a.testcases.OpenAccountTest" />
                <testcase name="openAccountTest" time="1.618" classname="com.w2a.testcases.OpenAccountTest" />
                <testcase name="openAccountTest" time="1.517" classname="com.w2a.testcases.OpenAccountTest" />
                <testcase name="openAccountTest" time="1.612" classname="com.w2a.testcases.OpenAccountTest" />
                <testcase name="openAccountTest" time="1.535" classname="com.w2a.testcases.OpenAccountTest" />
                <testcase name="openAccountTest" time="1.851" classname="com.w2a.testcases.OpenAccountTest" />
                <testcase name="openAccountTest" time="1.513" classname="com.w2a.testcases.OpenAccountTest" />
                <testcase name="openAccountTest" time="1.620" classname="com.w2a.testcases.OpenAccountTest" />
                <testcase name="openAccountTest" time="1.563" classname="com.w2a.testcases.OpenAccountTest" />
                <testcase name="openAccountTest" time="1.548" classname="com.w2a.testcases.OpenAccountTest" />
                <testcase name="openAccountTest" time="1.590" classname="com.w2a.testcases.OpenAccountTest" />
                <testcase name="openAccountTest" time="1.774" classname="com.w2a.testcases.OpenAccountTest" />
                <testcase name="openAccountTest" time="1.581" classname="com.w2a.testcases.OpenAccountTest" />
                <testcase name="openAccountTest" time="1.504" classname="com.w2a.testcases.OpenAccountTest" />
                <testcase name="openAccountTest" time="1.503" classname="com.w2a.testcases.OpenAccountTest" />
                <testcase name="openAccountTest" time="1.561" classname="com.w2a.testcases.OpenAccountTest" />
                <testcase name="openAccountTest" time="1.665" classname="com.w2a.testcases.OpenAccountTest" />
                <testcase name="openAccountTest" time="1.560" classname="com.w2a.testcases.OpenAccountTest" />
                <testcase name="openAccountTest" time="1.591" classname="com.w2a.testcases.OpenAccountTest" />
                <testcase name="openAccountTest" time="1.605" classname="com.w2a.testcases.OpenAccountTest" />
                <testcase name="openAccountTest" time="1.560" classname="com.w2a.testcases.OpenAccountTest" />
                <testcase name="openAccountTest" time="1.889" classname="com.w2a.testcases.OpenAccountTest" />
                <testcase name="openAccountTest" time="1.570" classname="com.w2a.testcases.OpenAccountTest" />
                <testcase name="openAccountTest" time="1.505" classname="com.w2a.testcases.OpenAccountTest" />
                <testcase name="openAccountTest" time="1.758" classname="com.w2a.testcases.OpenAccountTest" />
                <testcase name="openAccountTest" time="1.699" classname="com.w2a.testcases.OpenAccountTest" />
                <testcase name="openAccountTest" time="1.521" classname="com.w2a.testcases.OpenAccountTest" />
                <testcase name="openAccountTest" time="1.642" classname="com.w2a.testcases.OpenAccountTest" />
                <testcase name="openAccountTest" time="1.469" classname="com.w2a.testcases.OpenAccountTest" />
                <testcase name="openAccountTest" time="1.533" classname="com.w2a.testcases.OpenAccountTest" />
                <testcase name="openAccountTest" time="1.589" classname="com.w2a.testcases.OpenAccountTest" />
                <testcase name="openAccountTest" time="1.541" classname="com.w2a.testcases.OpenAccountTest" />
                <testcase name="openAccountTest" time="1.577" classname="com.w2a.testcases.OpenAccountTest" />
                <testcase name="openAccountTest" time="1.526" classname="com.w2a.testcases.OpenAccountTest" />
                <testcase name="openAccountTest" time="1.505" classname="com.w2a.testcases.OpenAccountTest" />
                <testcase name="openAccountTest" time="1.527" classname="com.w2a.testcases.OpenAccountTest" />
                <testcase name="openAccountTest" time="1.678" classname="com.w2a.testcases.OpenAccountTest" />
                <testcase name="openAccountTest" time="1.611" classname="com.w2a.testcases.OpenAccountTest" />
                <testcase name="openAccountTest" time="1.516" classname="com.w2a.testcases.OpenAccountTest" />
                <testcase name="openAccountTest" time="1.505" classname="com.w2a.testcases.OpenAccountTest" />
                <testcase name="openAccountTest" time="1.522" classname="com.w2a.testcases.OpenAccountTest" />
                <testcase name="openAccountTest" time="1.560" classname="com.w2a.testcases.OpenAccountTest" />
                <testcase name="openAccountTest" time="1.543" classname="com.w2a.testcases.OpenAccountTest" />
                <testcase name="openAccountTest" time="1.535" classname="com.w2a.testcases.OpenAccountTest" />
                <testcase name="openAccountTest" time="1.640" classname="com.w2a.testcases.OpenAccountTest" />
                <testcase name="openAccountTest" time="1.512" classname="com.w2a.testcases.OpenAccountTest" />
                <testcase name="openAccountTest" time="1.513" classname="com.w2a.testcases.OpenAccountTest" />
                <testcase name="openAccountTest" time="1.564" classname="com.w2a.testcases.OpenAccountTest" />
                <testcase name="openAccountTest" time="1.597" classname="com.w2a.testcases.OpenAccountTest" />
                <testcase name="openAccountTest" time="1.876" classname="com.w2a.testcases.OpenAccountTest" />
                <testcase name="openAccountTest" time="1.508" classname="com.w2a.testcases.OpenAccountTest" />
                <testcase name="openAccountTest" time="1.629" classname="com.w2a.testcases.OpenAccountTest" />
                <testcase name="openAccountTest" time="1.625" classname="com.w2a.testcases.OpenAccountTest" />
                <testcase name="openAccountTest" time="1.513" classname="com.w2a.testcases.OpenAccountTest" />
                <testcase name="openAccountTest" time="1.715" classname="com.w2a.testcases.OpenAccountTest" />
                <testcase name="openAccountTest" time="1.599" classname="com.w2a.testcases.OpenAccountTest" />
                <testcase name="openAccountTest" time="1.585" classname="com.w2a.testcases.OpenAccountTest" />
                <testcase name="openAccountTest" time="1.602" classname="com.w2a.testcases.OpenAccountTest" />
                <testcase name="openAccountTest" time="1.571" classname="com.w2a.testcases.OpenAccountTest" />
                <testcase name="openAccountTest" time="1.544" classname="com.w2a.testcases.OpenAccountTest" />
                <testcase name="openAccountTest" time="1.542" classname="com.w2a.testcases.OpenAccountTest" />
                <testcase name="openAccountTest" time="1.640" classname="com.w2a.testcases.OpenAccountTest" />
                <testcase name="openAccountTest" time="1.625" classname="com.w2a.testcases.OpenAccountTest" />
                <testcase name="openAccountTest" time="2.276" classname="com.w2a.testcases.OpenAccountTest" />
                <testcase name="openAccountTest" time="1.580" classname="com.w2a.testcases.OpenAccountTest" />
                <testcase name="openAccountTest" time="1.496" classname="com.w2a.testcases.OpenAccountTest" />
                <testcase name="openAccountTest" time="2.027" classname="com.w2a.testcases.OpenAccountTest" />
                <testcase name="openAccountTest" time="1.616" classname="com.w2a.testcases.OpenAccountTest" />
                <testcase name="openAccountTest" time="1.542" classname="com.w2a.testcases.OpenAccountTest" />
                <testcase name="openAccountTest" time="1.588" classname="com.w2a.testcases.OpenAccountTest" />
                <testcase name="openAccountTest" time="1.502" classname="com.w2a.testcases.OpenAccountTest" />
                <testcase name="openAccountTest" time="1.495" classname="com.w2a.testcases.OpenAccountTest" />
                <testcase name="openAccountTest" time="1.644" classname="com.w2a.testcases.OpenAccountTest" />
                <testcase name="openAccountTest" time="1.555" classname="com.w2a.testcases.OpenAccountTest" />
                <testcase name="openAccountTest" time="1.606" classname="com.w2a.testcases.OpenAccountTest" />
                <testcase name="openAccountTest" time="1.488" classname="com.w2a.testcases.OpenAccountTest" />
                <testcase name="openAccountTest" time="1.518" classname="com.w2a.testcases.OpenAccountTest" />
                <testcase name="openAccountTest" time="1.605" classname="com.w2a.testcases.OpenAccountTest" />
                <testcase name="openAccountTest" time="1.632" classname="com.w2a.testcases.OpenAccountTest" />
                <testcase name="openAccountTest" time="1.584" classname="com.w2a.testcases.OpenAccountTest" />
                <testcase name="openAccountTest" time="1.584" classname="com.w2a.testcases.OpenAccountTest" />
                <testcase name="openAccountTest" time="1.512" classname="com.w2a.testcases.OpenAccountTest" />
                <testcase name="openAccountTest" time="1.583" classname="com.w2a.testcases.OpenAccountTest" />
                <testcase name="openAccountTest" time="1.483" classname="com.w2a.testcases.OpenAccountTest" />
                <testcase name="openAccountTest" time="1.599" classname="com.w2a.testcases.OpenAccountTest" />
                <testcase name="openAccountTest" time="1.606" classname="com.w2a.testcases.OpenAccountTest" />
                <testcase name="openAccountTest" time="1.502" classname="com.w2a.testcases.OpenAccountTest" />
                <testcase name="openAccountTest" time="1.511" classname="com.w2a.testcases.OpenAccountTest" />
                <testcase name="openAccountTest" time="1.517" classname="com.w2a.testcases.OpenAccountTest" />
                <testcase name="openAccountTest" time="1.674" classname="com.w2a.testcases.OpenAccountTest" />
                <testcase name="openAccountTest" time="1.528" classname="com.w2a.testcases.OpenAccountTest" />
                <testcase name="openAccountTest" time="1.554" classname="com.w2a.testcases.OpenAccountTest" />
                <testcase name="openAccountTest" time="1.627" classname="com.w2a.testcases.OpenAccountTest" />
                <testcase name="openAccountTest" time="1.625" classname="com.w2a.testcases.OpenAccountTest" />
                <testcase name="openAccountTest" time="1.628" classname="com.w2a.testcases.OpenAccountTest" />
                <testcase name="openAccountTest" time="1.932" classname="com.w2a.testcases.OpenAccountTest" />
                <testcase name="openAccountTest" time="1.584" classname="com.w2a.testcases.OpenAccountTest" />
                <testcase name="openAccountTest" time="1.588" classname="com.w2a.testcases.OpenAccountTest" />
                <testcase name="openAccountTest" time="1.649" classname="com.w2a.testcases.OpenAccountTest" />
                <testcase name="openAccountTest" time="1.628" classname="com.w2a.testcases.OpenAccountTest" />
                <testcase name="openAccountTest" time="1.598" classname="com.w2a.testcases.OpenAccountTest" />
                <testcase name="openAccountTest" time="1.674" classname="com.w2a.testcases.OpenAccountTest" />
                <testcase name="openAccountTest" time="1.829" classname="com.w2a.testcases.OpenAccountTest" />
                <testcase name="openAccountTest" time="1.579" classname="com.w2a.testcases.OpenAccountTest" />
                <testcase name="openAccountTest" time="1.693" classname="com.w2a.testcases.OpenAccountTest" />
                <testcase name="openAccountTest" time="1.683" classname="com.w2a.testcases.OpenAccountTest" />
                <testcase name="openAccountTest" time="1.603" classname="com.w2a.testcases.OpenAccountTest" />
                <testcase name="openAccountTest" time="1.539" classname="com.w2a.testcases.OpenAccountTest" />
                <testcase name="openAccountTest" time="1.623" classname="com.w2a.testcases.OpenAccountTest" />
                <testcase name="openAccountTest" time="1.508" classname="com.w2a.testcases.OpenAccountTest" />
                <testcase name="openAccountTest" time="1.475" classname="com.w2a.testcases.OpenAccountTest" />
                <testcase name="openAccountTest" time="1.863" classname="com.w2a.testcases.OpenAccountTest" />
                <testcase name="openAccountTest" time="1.639" classname="com.w2a.testcases.OpenAccountTest" />
                <testcase name="openAccountTest" time="1.508" classname="com.w2a.testcases.OpenAccountTest" />
                <testcase name="openAccountTest" time="1.506" classname="com.w2a.testcases.OpenAccountTest" />
                <testcase name="openAccountTest" time="1.870" classname="com.w2a.testcases.OpenAccountTest" />
                <testcase name="openAccountTest" time="1.638" classname="com.w2a.testcases.OpenAccountTest" />
                <testcase name="openAccountTest" time="1.542" classname="com.w2a.testcases.OpenAccountTest" />
                <testcase name="openAccountTest" time="1.516" classname="com.w2a.testcases.OpenAccountTest" />
                <testcase name="openAccountTest" time="1.619" classname="com.w2a.testcases.OpenAccountTest" />
                <testcase name="openAccountTest" time="1.574" classname="com.w2a.testcases.OpenAccountTest" />
                <testcase name="openAccountTest" time="1.771" classname="com.w2a.testcases.OpenAccountTest" />
                <testcase name="openAccountTest" time="1.651" classname="com.w2a.testcases.OpenAccountTest" />
                <testcase name="openAccountTest" time="1.608" classname="com.w2a.testcases.OpenAccountTest" />
                <testcase name="openAccountTest" time="1.504" classname="com.w2a.testcases.OpenAccountTest" />
                <testcase name="openAccountTest" time="1.569" classname="com.w2a.testcases.OpenAccountTest" />
                <testcase name="openAccountTest" time="1.502" classname="com.w2a.testcases.OpenAccountTest" />
                <testcase name="openAccountTest" time="1.897" classname="com.w2a.testcases.OpenAccountTest" />
                <testcase name="openAccountTest" time="1.558" classname="com.w2a.testcases.OpenAccountTest" />
                <testcase name="openAccountTest" time="1.634" classname="com.w2a.testcases.OpenAccountTest" />
                <testcase name="openAccountTest" time="1.531" classname="com.w2a.testcases.OpenAccountTest" />
                <testcase name="openAccountTest" time="1.582" classname="com.w2a.testcases.OpenAccountTest" />
                <testcase name="openAccountTest" time="1.501" classname="com.w2a.testcases.OpenAccountTest" />
                <testcase name="openAccountTest" time="1.566" classname="com.w2a.testcases.OpenAccountTest" />
                <testcase name="openAccountTest" time="1.607" classname="com.w2a.testcases.OpenAccountTest" />
                <testcase name="openAccountTest" time="1.602" classname="com.w2a.testcases.OpenAccountTest" />
                <testcase name="openAccountTest" time="1.706" classname="com.w2a.testcases.OpenAccountTest" />
                <testcase name="openAccountTest" time="1.613" classname="com.w2a.testcases.OpenAccountTest" />
                <testcase name="openAccountTest" time="1.600" classname="com.w2a.testcases.OpenAccountTest" />
                <testcase name="openAccountTest" time="1.683" classname="com.w2a.testcases.OpenAccountTest" />
                <testcase name="openAccountTest" time="1.547" classname="com.w2a.testcases.OpenAccountTest" />
                <testcase name="openAccountTest" time="1.522" classname="com.w2a.testcases.OpenAccountTest" />
                <testcase name="openAccountTest" time="1.589" classname="com.w2a.testcases.OpenAccountTest" />
                <testcase name="openAccountTest" time="1.593" classname="com.w2a.testcases.OpenAccountTest" />
                <testcase name="openAccountTest" time="1.518" classname="com.w2a.testcases.OpenAccountTest" />
                <testcase name="openAccountTest" time="1.657" classname="com.w2a.testcases.OpenAccountTest" />
                <testcase name="openAccountTest" time="1.799" classname="com.w2a.testcases.OpenAccountTest" />
                <testcase name="openAccountTest" time="1.601" classname="com.w2a.testcases.OpenAccountTest" />
                <testcase name="openAccountTest" time="1.612" classname="com.w2a.testcases.OpenAccountTest" />
                <testcase name="openAccountTest" time="1.758" classname="com.w2a.testcases.OpenAccountTest" />
                <testcase name="openAccountTest" time="1.621" classname="com.w2a.testcases.OpenAccountTest" />
                <testcase name="openAccountTest" time="1.653" classname="com.w2a.testcases.OpenAccountTest" />
                <testcase name="openAccountTest" time="1.492" classname="com.w2a.testcases.OpenAccountTest" />
                <testcase name="openAccountTest" time="1.487" classname="com.w2a.testcases.OpenAccountTest" />
                <testcase name="openAccountTest" time="1.533" classname="com.w2a.testcases.OpenAccountTest" />
                <testcase name="openAccountTest" time="1.550" classname="com.w2a.testcases.OpenAccountTest" />
                <testcase name="openAccountTest" time="1.624" classname="com.w2a.testcases.OpenAccountTest" />
                <testcase name="openAccountTest" time="1.607" classname="com.w2a.testcases.OpenAccountTest" />
                <testcase name="openAccountTest" time="1.545" classname="com.w2a.testcases.OpenAccountTest" />
                <testcase name="openAccountTest" time="1.584" classname="com.w2a.testcases.OpenAccountTest" />
                <testcase name="openAccountTest" time="1.502" classname="com.w2a.testcases.OpenAccountTest" />
                <testcase name="openAccountTest" time="1.558" classname="com.w2a.testcases.OpenAccountTest" />
                <testcase name="openAccountTest" time="1.535" classname="com.w2a.testcases.OpenAccountTest" />
                <testcase name="openAccountTest" time="1.502" classname="com.w2a.testcases.OpenAccountTest" />
                <testcase name="openAccountTest" time="1.586" classname="com.w2a.testcases.OpenAccountTest" />
                <testcase name="openAccountTest" time="1.553" classname="com.w2a.testcases.OpenAccountTest" />
                <testcase name="openAccountTest" time="1.691" classname="com.w2a.testcases.OpenAccountTest" />
                <testcase name="openAccountTest" time="1.533" classname="com.w2a.testcases.OpenAccountTest" />
                <testcase name="openAccountTest" time="1.503" classname="com.w2a.testcases.OpenAccountTest" />
                <testcase name="openAccountTest" time="1.630" classname="com.w2a.testcases.OpenAccountTest" />
                <testcase name="openAccountTest" time="1.485" classname="com.w2a.testcases.OpenAccountTest" />
                <testcase name="openAccountTest" time="1.502" classname="com.w2a.testcases.OpenAccountTest" />
                <testcase name="openAccountTest" time="1.597" classname="com.w2a.testcases.OpenAccountTest" />
                <testcase name="openAccountTest" time="1.608" classname="com.w2a.testcases.OpenAccountTest" />
                <testcase name="openAccountTest" time="1.485" classname="com.w2a.testcases.OpenAccountTest" />
                <testcase name="openAccountTest" time="1.604" classname="com.w2a.testcases.OpenAccountTest" />
                <testcase name="openAccountTest" time="1.563" classname="com.w2a.testcases.OpenAccountTest" />
                <testcase name="openAccountTest" time="1.634" classname="com.w2a.testcases.OpenAccountTest" />
                <testcase name="openAccountTest" time="1.567" classname="com.w2a.testcases.OpenAccountTest" />
                <testcase name="openAccountTest" time="1.581" classname="com.w2a.testcases.OpenAccountTest" />
                <testcase name="openAccountTest" time="1.509" classname="com.w2a.testcases.OpenAccountTest" />
                <testcase name="openAccountTest" time="1.567" classname="com.w2a.testcases.OpenAccountTest" />
                <testcase name="openAccountTest" time="1.507" classname="com.w2a.testcases.OpenAccountTest" />
                <testcase name="openAccountTest" time="1.581" classname="com.w2a.testcases.OpenAccountTest" />
                <testcase name="openAccountTest" time="1.486" classname="com.w2a.testcases.OpenAccountTest" />
                <testcase name="openAccountTest" time="1.661" classname="com.w2a.testcases.OpenAccountTest" />
                <testcase name="openAccountTest" time="1.636" classname="com.w2a.testcases.OpenAccountTest" />
                <testcase name="openAccountTest" time="1.548" classname="com.w2a.testcases.OpenAccountTest" />
                <testcase name="openAccountTest" time="1.608" classname="com.w2a.testcases.OpenAccountTest" />
                <testcase name="openAccountTest" time="1.587" classname="com.w2a.testcases.OpenAccountTest" />
                <testcase name="openAccountTest" time="1.482" classname="com.w2a.testcases.OpenAccountTest" />
                <testcase name="openAccountTest" time="1.667" classname="com.w2a.testcases.OpenAccountTest" />
                <testcase name="openAccountTest" time="1.616" classname="com.w2a.testcases.OpenAccountTest" />
                <testcase name="openAccountTest" time="1.591" classname="com.w2a.testcases.OpenAccountTest" />
                <testcase name="openAccountTest" time="1.604" classname="com.w2a.testcases.OpenAccountTest" />
                <testcase name="openAccountTest" time="1.614" classname="com.w2a.testcases.OpenAccountTest" />
                <testcase name="openAccountTest" time="1.511" classname="com.w2a.testcases.OpenAccountTest" />
                <testcase name="openAccountTest" time="1.480" classname="com.w2a.testcases.OpenAccountTest" />
                <testcase name="openAccountTest" time="1.496" classname="com.w2a.testcases.OpenAccountTest" />
                <testcase name="openAccountTest" time="1.577" classname="com.w2a.testcases.OpenAccountTest" />
                <testcase name="openAccountTest" time="1.585" classname="com.w2a.testcases.OpenAccountTest" />
                <testcase name="openAccountTest" time="1.521" classname="com.w2a.testcases.OpenAccountTest" />
                <testcase name="openAccountTest" time="1.527" classname="com.w2a.testcases.OpenAccountTest" />
                <testcase name="openAccountTest" time="1.696" classname="com.w2a.testcases.OpenAccountTest" />
                <testcase name="openAccountTest" time="1.598" classname="com.w2a.testcases.OpenAccountTest" />
                <testcase name="openAccountTest" time="1.922" classname="com.w2a.testcases.OpenAccountTest" />
                <testcase name="openAccountTest" time="1.647" classname="com.w2a.testcases.OpenAccountTest" />
                <testcase name="openAccountTest" time="1.849" classname="com.w2a.testcases.OpenAccountTest" />
                <testcase name="openAccountTest" time="1.599" classname="com.w2a.testcases.OpenAccountTest" />
                <testcase name="openAccountTest" time="1.596" classname="com.w2a.testcases.OpenAccountTest" />
                <testcase name="openAccountTest" time="1.517" classname="com.w2a.testcases.OpenAccountTest" />
                <testcase name="openAccountTest" time="1.575" classname="com.w2a.testcases.OpenAccountTest" />
                <testcase name="openAccountTest" time="1.572" classname="com.w2a.testcases.OpenAccountTest" />
                <testcase name="openAccountTest" time="1.538" classname="com.w2a.testcases.OpenAccountTest" />
                <testcase name="openAccountTest" time="1.544" classname="com.w2a.testcases.OpenAccountTest" />
                <testcase name="openAccountTest" time="1.541" classname="com.w2a.testcases.OpenAccountTest" />
                <testcase name="openAccountTest" time="1.604" classname="com.w2a.testcases.OpenAccountTest" />
                <testcase name="openAccountTest" time="1.617" classname="com.w2a.testcases.OpenAccountTest" />
                <testcase name="openAccountTest" time="1.554" classname="com.w2a.testcases.OpenAccountTest" />
                <testcase name="openAccountTest" time="1.548" classname="com.w2a.testcases.OpenAccountTest" />
                <testcase name="openAccountTest" time="1.596" classname="com.w2a.testcases.OpenAccountTest" />
                <testcase name="openAccountTest" time="1.493" classname="com.w2a.testcases.OpenAccountTest" />
                <testcase name="openAccountTest" time="1.837" classname="com.w2a.testcases.OpenAccountTest" />
                <testcase name="openAccountTest" time="1.467" classname="com.w2a.testcases.OpenAccountTest" />
                <testcase name="openAccountTest" time="1.530" classname="com.w2a.testcases.OpenAccountTest" />
                <testcase name="openAccountTest" time="1.548" classname="com.w2a.testcases.OpenAccountTest" />
                <testcase name="openAccountTest" time="1.569" classname="com.w2a.testcases.OpenAccountTest" />
                <testcase name="openAccountTest" time="1.517" classname="com.w2a.testcases.OpenAccountTest" />
                <testcase name="openAccountTest" time="1.890" classname="com.w2a.testcases.OpenAccountTest" />
                <testcase name="openAccountTest" time="1.591" classname="com.w2a.testcases.OpenAccountTest" />
                <testcase name="openAccountTest" time="1.472" classname="com.w2a.testcases.OpenAccountTest" />
                <testcase name="openAccountTest" time="1.489" classname="com.w2a.testcases.OpenAccountTest" />
                <testcase name="openAccountTest" time="1.518" classname="com.w2a.testcases.OpenAccountTest" />
                <testcase name="openAccountTest" time="1.626" classname="com.w2a.testcases.OpenAccountTest" />
                <testcase name="openAccountTest" time="1.612" classname="com.w2a.testcases.OpenAccountTest" />
                <testcase name="openAccountTest" time="1.572" classname="com.w2a.testcases.OpenAccountTest" />
                <testcase name="openAccountTest" time="1.539" classname="com.w2a.testcases.OpenAccountTest" />
                <testcase name="openAccountTest" time="1.576" classname="com.w2a.testcases.OpenAccountTest" />
                <testcase name="openAccountTest" time="1.540" classname="com.w2a.testcases.OpenAccountTest" />
                <testcase name="openAccountTest" time="1.860" classname="com.w2a.testcases.OpenAccountTest" />
                <testcase name="openAccountTest" time="1.578" classname="com.w2a.testcases.OpenAccountTest" />
                <testcase name="openAccountTest" time="1.627" classname="com.w2a.testcases.OpenAccountTest" />
                <testcase name="openAccountTest" time="1.516" classname="com.w2a.testcases.OpenAccountTest" />
                <testcase name="openAccountTest" time="1.573" classname="com.w2a.testcases.OpenAccountTest" />
                <testcase name="openAccountTest" time="1.522" classname="com.w2a.testcases.OpenAccountTest" />
                <testcase name="openAccountTest" time="1.564" classname="com.w2a.testcases.OpenAccountTest" />
                <testcase name="openAccountTest" time="1.622" classname="com.w2a.testcases.OpenAccountTest" />
                <testcase name="openAccountTest" time="1.636" classname="com.w2a.testcases.OpenAccountTest" />
                <testcase name="openAccountTest" time="1.491" classname="com.w2a.testcases.OpenAccountTest" />
                <testcase name="openAccountTest" time="1.675" classname="com.w2a.testcases.OpenAccountTest" />
                <testcase name="openAccountTest" time="1.609" classname="com.w2a.testcases.OpenAccountTest" />
                <testcase name="openAccountTest" time="1.662" classname="com.w2a.testcases.OpenAccountTest" />
                <testcase name="openAccountTest" time="1.533" classname="com.w2a.testcases.OpenAccountTest" />
                <testcase name="openAccountTest" time="1.496" classname="com.w2a.testcases.OpenAccountTest" />
                <testcase name="openAccountTest" time="1.517" classname="com.w2a.testcases.OpenAccountTest" />
                <testcase name="openAccountTest" time="1.595" classname="com.w2a.testcases.OpenAccountTest" />
                <testcase name="openAccountTest" time="1.702" classname="com.w2a.testcases.OpenAccountTest" />
                <testcase name="openAccountTest" time="1.700" classname="com.w2a.testcases.OpenAccountTest" />
                <testcase name="openAccountTest" time="1.633" classname="com.w2a.testcases.OpenAccountTest" />
                <testcase name="openAccountTest" time="1.586" classname="com.w2a.testcases.OpenAccountTest" />
                <testcase name="openAccountTest" time="1.446" classname="com.w2a.testcases.OpenAccountTest" />
                <testcase name="openAccountTest" time="1.523" classname="com.w2a.testcases.OpenAccountTest" />
                <testcase name="openAccountTest" time="1.512" classname="com.w2a.testcases.OpenAccountTest" />
                <testcase name="openAccountTest" time="1.495" classname="com.w2a.testcases.OpenAccountTest" />
                <testcase name="openAccountTest" time="1.603" classname="com.w2a.testcases.OpenAccountTest" />
                <testcase name="openAccountTest" time="1.491" classname="com.w2a.testcases.OpenAccountTest" />
                <testcase name="openAccountTest" time="1.598" classname="com.w2a.testcases.OpenAccountTest" />
                <testcase name="openAccountTest" time="1.466" classname="com.w2a.testcases.OpenAccountTest" />
                <testcase name="openAccountTest" time="1.577" classname="com.w2a.testcases.OpenAccountTest" />
                <testcase name="openAccountTest" time="1.622" classname="com.w2a.testcases.OpenAccountTest" />
                <testcase name="openAccountTest" time="1.502" classname="com.w2a.testcases.OpenAccountTest" />
                <testcase name="openAccountTest" time="1.627" classname="com.w2a.testcases.OpenAccountTest" />
                <testcase name="openAccountTest" time="1.474" classname="com.w2a.testcases.OpenAccountTest" />
                <testcase name="openAccountTest" time="1.675" classname="com.w2a.testcases.OpenAccountTest" />
                <testcase name="openAccountTest" time="1.570" classname="com.w2a.testcases.OpenAccountTest" />
                <testcase name="openAccountTest" time="1.488" classname="com.w2a.testcases.OpenAccountTest" />
                <testcase name="openAccountTest" time="1.640" classname="com.w2a.testcases.OpenAccountTest" />
                <testcase name="openAccountTest" time="1.550" classname="com.w2a.testcases.OpenAccountTest" />
                <testcase name="openAccountTest" time="1.485" classname="com.w2a.testcases.OpenAccountTest" />
                <testcase name="openAccountTest" time="1.796" classname="com.w2a.testcases.OpenAccountTest" />
                <testcase name="openAccountTest" time="1.505" classname="com.w2a.testcases.OpenAccountTest" />
                <testcase name="openAccountTest" time="1.495" classname="com.w2a.testcases.OpenAccountTest" />
                <testcase name="openAccountTest" time="1.576" classname="com.w2a.testcases.OpenAccountTest" />
                <testcase name="openAccountTest" time="1.559" classname="com.w2a.testcases.OpenAccountTest" />
                <testcase name="openAccountTest" time="2.006" classname="com.w2a.testcases.OpenAccountTest" />
                <testcase name="openAccountTest" time="1.527" classname="com.w2a.testcases.OpenAccountTest" />
                <testcase name="openAccountTest" time="1.482" classname="com.w2a.testcases.OpenAccountTest" />
                <testcase name="openAccountTest" time="1.563" classname="com.w2a.testcases.OpenAccountTest" />
                <testcase name="openAccountTest" time="1.582" classname="com.w2a.testcases.OpenAccountTest" />
                <testcase name="openAccountTest" time="1.609" classname="com.w2a.testcases.OpenAccountTest" />
                <testcase name="openAccountTest" time="1.476" classname="com.w2a.testcases.OpenAccountTest" />
                <testcase name="openAccountTest" time="1.822" classname="com.w2a.testcases.OpenAccountTest" />
                <testcase name="openAccountTest" time="1.608" classname="com.w2a.testcases.OpenAccountTest" />
                <testcase name="openAccountTest" time="1.628" classname="com.w2a.testcases.OpenAccountTest" />
                <testcase name="openAccountTest" time="1.759" classname="com.w2a.testcases.OpenAccountTest" />
                <testcase name="openAccountTest" time="1.532" classname="com.w2a.testcases.OpenAccountTest" />
                <testcase name="openAccountTest" time="1.521" classname="com.w2a.testcases.OpenAccountTest" />
                <testcase name="openAccountTest" time="1.613" classname="com.w2a.testcases.OpenAccountTest" />
                <testcase name="openAccountTest" time="1.652" classname="com.w2a.testcases.OpenAccountTest" />
                <testcase name="openAccountTest" time="1.534" classname="com.w2a.testcases.OpenAccountTest" />
                <testcase name="openAccountTest" time="1.693" classname="com.w2a.testcases.OpenAccountTest" />
                <testcase name="openAccountTest" time="1.604" classname="com.w2a.testcases.OpenAccountTest" />
                <testcase name="openAccountTest" time="1.535" classname="com.w2a.testcases.OpenAccountTest" />
                <testcase name="openAccountTest" time="1.589" classname="com.w2a.testcases.OpenAccountTest" />
                <testcase name="openAccountTest" time="1.625" classname="com.w2a.testcases.OpenAccountTest" />
                <testcase name="openAccountTest" time="1.639" classname="com.w2a.testcases.OpenAccountTest" />
                <testcase name="openAccountTest" time="1.584" classname="com.w2a.testcases.OpenAccountTest" />
                <testcase name="openAccountTest" time="1.504" classname="com.w2a.testcases.OpenAccountTest" />
                <testcase name="openAccountTest" time="1.527" classname="com.w2a.testcases.OpenAccountTest" />
                <testcase name="openAccountTest" time="1.562" classname="com.w2a.testcases.OpenAccountTest" />
                <testcase name="openAccountTest" time="1.590" classname="com.w2a.testcases.OpenAccountTest" />
                <testcase name="openAccountTest" time="1.635" classname="com.w2a.testcases.OpenAccountTest" />
                <testcase name="openAccountTest" time="1.557" classname="com.w2a.testcases.OpenAccountTest" />
                <testcase name="openAccountTest" time="1.600" classname="com.w2a.testcases.OpenAccountTest" />
                <testcase name="openAccountTest" time="1.571" classname="com.w2a.testcases.OpenAccountTest" />
                <testcase name="openAccountTest" time="1.552" classname="com.w2a.testcases.OpenAccountTest" />
                <testcase name="openAccountTest" time="1.621" classname="com.w2a.testcases.OpenAccountTest" />
                <testcase name="openAccountTest" time="1.608" classname="com.w2a.testcases.OpenAccountTest" />
                <testcase name="openAccountTest" time="1.557" classname="com.w2a.testcases.OpenAccountTest" />
                <testcase name="openAccountTest" time="1.591" classname="com.w2a.testcases.OpenAccountTest" />
                <testcase name="openAccountTest" time="1.541" classname="com.w2a.testcases.OpenAccountTest" />
                <testcase name="openAccountTest" time="1.617" classname="com.w2a.testcases.OpenAccountTest" />
                <testcase name="openAccountTest" time="1.625" classname="com.w2a.testcases.OpenAccountTest" />
                <testcase name="openAccountTest" time="1.587" classname="com.w2a.testcases.OpenAccountTest" />
                <testcase name="openAccountTest" time="1.609" classname="com.w2a.testcases.OpenAccountTest" />
                <testcase name="openAccountTest" time="1.492" classname="com.w2a.testcases.OpenAccountTest" />
                <testcase name="openAccountTest" time="1.596" classname="com.w2a.testcases.OpenAccountTest" />
                <testcase name="openAccountTest" time="1.546" classname="com.w2a.testcases.OpenAccountTest" />
                <testcase name="openAccountTest" time="1.608" classname="com.w2a.testcases.OpenAccountTest" />
                <testcase name="openAccountTest" time="1.678" classname="com.w2a.testcases.OpenAccountTest" />
                <testcase name="openAccountTest" time="1.805" classname="com.w2a.testcases.OpenAccountTest" />
                <testcase name="openAccountTest" time="2.218" classname="com.w2a.testcases.OpenAccountTest" />
                <testcase name="openAccountTest" time="1.581" classname="com.w2a.testcases.OpenAccountTest" />
                <testcase name="openAccountTest" time="1.632" classname="com.w2a.testcases.OpenAccountTest" />
                <testcase name="openAccountTest" time="1.629" classname="com.w2a.testcases.OpenAccountTest" />
                <testcase name="openAccountTest" time="1.480" classname="com.w2a.testcases.OpenAccountTest" />
                <testcase name="openAccountTest" time="1.574" classname="com.w2a.testcases.OpenAccountTest" />
                <testcase name="openAccountTest" time="1.530" classname="com.w2a.testcases.OpenAccountTest" />
                <testcase name="openAccountTest" time="1.585" classname="com.w2a.testcases.OpenAccountTest" />
                <testcase name="openAccountTest" time="1.990" classname="com.w2a.testcases.OpenAccountTest" />
                <testcase name="openAccountTest" time="1.514" classname="com.w2a.testcases.OpenAccountTest" />
                <testcase name="openAccountTest" time="1.640" classname="com.w2a.testcases.OpenAccountTest" />
                <testcase name="openAccountTest" time="1.492" classname="com.w2a.testcases.OpenAccountTest" />
                <testcase name="openAccountTest" time="1.552" classname="com.w2a.testcases.OpenAccountTest" />
                <testcase name="openAccountTest" time="1.733" classname="com.w2a.testcases.OpenAccountTest" />
                <testcase name="openAccountTest" time="1.616" classname="com.w2a.testcases.OpenAccountTest" />
                <testcase name="openAccountTest" time="1.591" classname="com.w2a.testcases.OpenAccountTest" />
                <testcase name="openAccountTest" time="1.578" classname="com.w2a.testcases.OpenAccountTest" />
                <testcase name="openAccountTest" time="1.568" classname="com.w2a.testcases.OpenAccountTest" />
                <testcase name="openAccountTest" time="1.580" classname="com.w2a.testcases.OpenAccountTest" />
                <testcase name="openAccountTest" time="1.557" classname="com.w2a.testcases.OpenAccountTest" />
                <testcase name="openAccountTest" time="1.590" classname="com.w2a.testcases.OpenAccountTest" />
                <testcase name="openAccountTest" time="1.606" classname="com.w2a.testcases.OpenAccountTest" />
                <testcase name="openAccountTest" time="1.533" classname="com.w2a.testcases.OpenAccountTest" />
                <testcase name="openAccountTest" time="1.537" classname="com.w2a.testcases.OpenAccountTest" />
                <testcase name="openAccountTest" time="1.527" classname="com.w2a.testcases.OpenAccountTest" />
                <testcase name="openAccountTest" time="1.561" classname="com.w2a.testcases.OpenAccountTest" />
                <testcase name="openAccountTest" time="1.566" classname="com.w2a.testcases.OpenAccountTest" />
                <testcase name="openAccountTest" time="1.554" classname="com.w2a.testcases.OpenAccountTest" />
                <testcase name="openAccountTest" time="1.581" classname="com.w2a.testcases.OpenAccountTest" />
                <testcase name="openAccountTest" time="1.685" classname="com.w2a.testcases.OpenAccountTest" />
                <testcase name="openAccountTest" time="1.604" classname="com.w2a.testcases.OpenAccountTest" />
                <testcase name="openAccountTest" time="1.609" classname="com.w2a.testcases.OpenAccountTest" />
                <testcase name="openAccountTest" time="1.591" classname="com.w2a.testcases.OpenAccountTest" />
                <testcase name="openAccountTest" time="1.622" classname="com.w2a.testcases.OpenAccountTest" />
                <testcase name="openAccountTest" time="1.532" classname="com.w2a.testcases.OpenAccountTest" />
                <testcase name="openAccountTest" time="1.532" classname="com.w2a.testcases.OpenAccountTest" />
                <testcase name="openAccountTest" time="1.568" classname="com.w2a.testcases.OpenAccountTest" />
                <testcase name="openAccountTest" time="1.910" classname="com.w2a.testcases.OpenAccountTest" />
                <testcase name="openAccountTest" time="1.492" classname="com.w2a.testcases.OpenAccountTest" />
                <testcase name="openAccountTest" time="1.564" classname="com.w2a.testcases.OpenAccountTest" />
                <testcase name="openAccountTest" time="1.574" classname="com.w2a.testcases.OpenAccountTest" />
                <testcase name="openAccountTest" time="1.632" classname="com.w2a.testcases.OpenAccountTest" />
                <testcase name="openAccountTest" time="1.659" classname="com.w2a.testcases.OpenAccountTest" />
                <testcase name="openAccountTest" time="1.651" classname="com.w2a.testcases.OpenAccountTest" />
                <testcase name="openAccountTest" time="1.587" classname="com.w2a.testcases.OpenAccountTest" />
                <testcase name="openAccountTest" time="1.600" classname="com.w2a.testcases.OpenAccountTest" />
                <testcase name="openAccountTest" time="1.618" classname="com.w2a.testcases.OpenAccountTest" />
                <testcase name="openAccountTest" time="1.557" classname="com.w2a.testcases.OpenAccountTest" />
                <testcase name="openAccountTest" time="1.557" classname="com.w2a.testcases.OpenAccountTest" />
                <testcase name="openAccountTest" time="1.605" classname="com.w2a.testcases.OpenAccountTest" />
                <testcase name="openAccountTest" time="1.540" classname="com.w2a.testcases.OpenAccountTest" />
                <testcase name="openAccountTest" time="1.533" classname="com.w2a.testcases.OpenAccountTest" />
                <testcase name="openAccountTest" time="1.507" classname="com.w2a.testcases.OpenAccountTest" />
                <testcase name="openAccountTest" time="1.534" classname="com.w2a.testcases.OpenAccountTest" />
                <testcase name="openAccountTest" time="1.540" classname="com.w2a.testcases.OpenAccountTest" />
                <testcase name="openAccountTest" time="1.518" classname="com.w2a.testcases.OpenAccountTest" />
                <testcase name="openAccountTest" time="1.547" classname="com.w2a.testcases.OpenAccountTest" />
                <testcase name="openAccountTest" time="1.595" classname="com.w2a.testcases.OpenAccountTest" />
                <testcase name="openAccountTest" time="1.609" classname="com.w2a.testcases.OpenAccountTest" />
                <testcase name="openAccountTest" time="1.544" classname="com.w2a.testcases.OpenAccountTest" />
                <testcase name="openAccountTest" time="1.602" classname="com.w2a.testcases.OpenAccountTest" />
                <testcase name="openAccountTest" time="1.490" classname="com.w2a.testcases.OpenAccountTest" />
                <testcase name="openAccountTest" time="1.546" classname="com.w2a.testcases.OpenAccountTest" />
                <testcase name="openAccountTest" time="1.654" classname="com.w2a.testcases.OpenAccountTest" />
                <testcase name="openAccountTest" time="1.525" classname="com.w2a.testcases.OpenAccountTest" />
                <testcase name="openAccountTest" time="1.592" classname="com.w2a.testcases.OpenAccountTest" />
                <testcase name="openAccountTest" time="1.562" classname="com.w2a.testcases.OpenAccountTest" />
                <testcase name="openAccountTest" time="1.673" classname="com.w2a.testcases.OpenAccountTest" />
                <testcase name="openAccountTest" time="1.576" classname="com.w2a.testcases.OpenAccountTest" />
                <testcase name="openAccountTest" time="1.609" classname="com.w2a.testcases.OpenAccountTest" />
                <testcase name="openAccountTest" time="1.583" classname="com.w2a.testcases.OpenAccountTest" />
                <testcase name="openAccountTest" time="1.629" classname="com.w2a.testcases.OpenAccountTest" />
                <testcase name="openAccountTest" time="1.595" classname="com.w2a.testcases.OpenAccountTest" />
                <testcase name="openAccountTest" time="1.575" classname="com.w2a.testcases.OpenAccountTest" />
                <testcase name="openAccountTest" time="1.530" classname="com.w2a.testcases.OpenAccountTest" />
                <testcase name="openAccountTest" time="1.531" classname="com.w2a.testcases.OpenAccountTest" />
                <testcase name="openAccountTest" time="1.580" classname="com.w2a.testcases.OpenAccountTest" />
                <testcase name="openAccountTest" time="1.579" classname="com.w2a.testcases.OpenAccountTest" />
                <testcase name="openAccountTest" time="1.593" classname="com.w2a.testcases.OpenAccountTest" />
                <testcase name="openAccountTest" time="1.607" classname="com.w2a.testcases.OpenAccountTest" />
                <testcase name="openAccountTest" time="1.632" classname="com.w2a.testcases.OpenAccountTest" />
                <testcase name="openAccountTest" time="1.634" classname="com.w2a.testcases.OpenAccountTest" />
                <testcase name="openAccountTest" time="1.577" classname="com.w2a.testcases.OpenAccountTest" />
                <testcase name="openAccountTest" time="1.537" classname="com.w2a.testcases.OpenAccountTest" />
                <testcase name="openAccountTest" time="1.759" classname="com.w2a.testcases.OpenAccountTest" />
                <testcase name="openAccountTest" time="1.816" classname="com.w2a.testcases.OpenAccountTest" />
                <testcase name="openAccountTest" time="1.609" classname="com.w2a.testcases.OpenAccountTest" />
                <testcase name="openAccountTest" time="1.623" classname="com.w2a.testcases.OpenAccountTest" />
                <testcase name="openAccountTest" time="1.603" classname="com.w2a.testcases.OpenAccountTest" />
                <testcase name="openAccountTest" time="1.906" classname="com.w2a.testcases.OpenAccountTest" />
                <testcase name="openAccountTest" time="1.600" classname="com.w2a.testcases.OpenAccountTest" />
                <testcase name="openAccountTest" time="1.617" classname="com.w2a.testcases.OpenAccountTest" />
                <testcase name="openAccountTest" time="1.574" classname="com.w2a.testcases.OpenAccountTest" />
                <testcase name="openAccountTest" time="1.524" classname="com.w2a.testcases.OpenAccountTest" />
                <testcase name="openAccountTest" time="1.491" classname="com.w2a.testcases.OpenAccountTest" />
                <testcase name="openAccountTest" time="1.636" classname="com.w2a.testcases.OpenAccountTest" />
                <testcase name="openAccountTest" time="1.601" classname="com.w2a.testcases.OpenAccountTest" />
                <testcase name="openAccountTest" time="1.877" classname="com.w2a.testcases.OpenAccountTest" />
                <testcase name="openAccountTest" time="1.972" classname="com.w2a.testcases.OpenAccountTest" />
                <testcase name="openAccountTest" time="1.542" classname="com.w2a.testcases.OpenAccountTest" />
                <testcase name="openAccountTest" time="1.594" classname="com.w2a.testcases.OpenAccountTest" />
                <testcase name="openAccountTest" time="1.517" classname="com.w2a.testcases.OpenAccountTest" />
                <testcase name="openAccountTest" time="1.585" classname="com.w2a.testcases.OpenAccountTest" />
                <testcase name="openAccountTest" time="1.596" classname="com.w2a.testcases.OpenAccountTest" />
                <testcase name="openAccountTest" time="1.520" classname="com.w2a.testcases.OpenAccountTest" />
                <testcase name="openAccountTest" time="1.607" classname="com.w2a.testcases.OpenAccountTest" />
                <testcase name="openAccountTest" time="1.568" classname="com.w2a.testcases.OpenAccountTest" />
                <testcase name="openAccountTest" time="1.609" classname="com.w2a.testcases.OpenAccountTest" />
                <testcase name="openAccountTest" time="1.534" classname="com.w2a.testcases.OpenAccountTest" />
                <testcase name="openAccountTest" time="1.630" classname="com.w2a.testcases.OpenAccountTest" />
                <testcase name="openAccountTest" time="1.544" classname="com.w2a.testcases.OpenAccountTest" />
                <testcase name="openAccountTest" time="1.555" classname="com.w2a.testcases.OpenAccountTest" />
                <testcase name="openAccountTest" time="1.491" classname="com.w2a.testcases.OpenAccountTest" />
                <testcase name="openAccountTest" time="1.491" classname="com.w2a.testcases.OpenAccountTest" />
                <testcase name="openAccountTest" time="1.663" classname="com.w2a.testcases.OpenAccountTest" />
                <testcase name="openAccountTest" time="1.576" classname="com.w2a.testcases.OpenAccountTest" />
                <testcase name="openAccountTest" time="1.616" classname="com.w2a.testcases.OpenAccountTest" />
                <testcase name="openAccountTest" time="1.620" classname="com.w2a.testcases.OpenAccountTest" />
                <testcase name="openAccountTest" time="1.620" classname="com.w2a.testcases.OpenAccountTest" />
                <testcase name="openAccountTest" time="1.497" classname="com.w2a.testcases.OpenAccountTest" />
                <testcase name="openAccountTest" time="1.607" classname="com.w2a.testcases.OpenAccountTest" />
                <testcase name="openAccountTest" time="1.575" classname="com.w2a.testcases.OpenAccountTest" />
                <testcase name="openAccountTest" time="1.504" classname="com.w2a.testcases.OpenAccountTest" />
                <testcase name="openAccountTest" time="1.619" classname="com.w2a.testcases.OpenAccountTest" />
                <testcase name="openAccountTest" time="2.010" classname="com.w2a.testcases.OpenAccountTest" />
                <testcase name="openAccountTest" time="1.572" classname="com.w2a.testcases.OpenAccountTest" />
                <testcase name="openAccountTest" time="1.520" classname="com.w2a.testcases.OpenAccountTest" />
                <testcase name="openAccountTest" time="1.516" classname="com.w2a.testcases.OpenAccountTest" />
                <testcase name="openAccountTest" time="1.475" classname="com.w2a.testcases.OpenAccountTest" />
                <testcase name="openAccountTest" time="1.582" classname="com.w2a.testcases.OpenAccountTest" />
                <testcase name="openAccountTest" time="1.592" classname="com.w2a.testcases.OpenAccountTest" />
                <testcase name="openAccountTest" time="1.572" classname="com.w2a.testcases.OpenAccountTest" />
                <testcase name="openAccountTest" time="1.489" classname="com.w2a.testcases.OpenAccountTest" />
                <testcase name="openAccountTest" time="1.627" classname="com.w2a.testcases.OpenAccountTest" />
                <testcase name="openAccountTest" time="1.793" classname="com.w2a.testcases.OpenAccountTest" />
                <testcase name="openAccountTest" time="1.487" classname="com.w2a.testcases.OpenAccountTest" />
                <testcase name="openAccountTest" time="1.542" classname="com.w2a.testcases.OpenAccountTest" />
                <testcase name="openAccountTest" time="1.702" classname="com.w2a.testcases.OpenAccountTest" />
                <testcase name="openAccountTest" time="1.631" classname="com.w2a.testcases.OpenAccountTest" />
                <testcase name="openAccountTest" time="1.704" classname="com.w2a.testcases.OpenAccountTest" />
                <testcase name="openAccountTest" time="1.634" classname="com.w2a.testcases.OpenAccountTest" />
                <testcase name="openAccountTest" time="1.612" classname="com.w2a.testcases.OpenAccountTest" />
                <testcase name="openAccountTest" time="1.678" classname="com.w2a.testcases.OpenAccountTest" />
                <testcase name="openAccountTest" time="1.446" classname="com.w2a.testcases.OpenAccountTest" />
                <testcase name="openAccountTest" time="1.533" classname="com.w2a.testcases.OpenAccountTest" />
                <testcase name="openAccountTest" time="1.536" classname="com.w2a.testcases.OpenAccountTest" />
                <testcase name="openAccountTest" time="1.649" classname="com.w2a.testcases.OpenAccountTest" />
                <testcase name="openAccountTest" time="1.606" classname="com.w2a.testcases.OpenAccountTest" />
                <testcase name="openAccountTest" time="1.640" classname="com.w2a.testcases.OpenAccountTest" />
                <testcase name="openAccountTest" time="1.738" classname="com.w2a.testcases.OpenAccountTest" />
                <testcase name="openAccountTest" time="1.611" classname="com.w2a.testcases.OpenAccountTest" />
                <testcase name="openAccountTest" time="1.553" classname="com.w2a.testcases.OpenAccountTest" />
                <testcase name="openAccountTest" time="1.796" classname="com.w2a.testcases.OpenAccountTest" />
                <testcase name="openAccountTest" time="1.655" classname="com.w2a.testcases.OpenAccountTest" />
                <testcase name="openAccountTest" time="1.576" classname="com.w2a.testcases.OpenAccountTest" />
                <testcase name="openAccountTest" time="1.609" classname="com.w2a.testcases.OpenAccountTest" />
                <testcase name="openAccountTest" time="1.653" classname="com.w2a.testcases.OpenAccountTest" />
                <testcase name="openAccountTest" time="1.728" classname="com.w2a.testcases.OpenAccountTest" />
                <testcase name="openAccountTest" time="1.603" classname="com.w2a.testcases.OpenAccountTest" />
                <testcase name="openAccountTest" time="1.619" classname="com.w2a.testcases.OpenAccountTest" />
                <testcase name="openAccountTest" time="1.559" classname="com.w2a.testcases.OpenAccountTest" />
                <testcase name="openAccountTest" time="1.566" classname="com.w2a.testcases.OpenAccountTest" />
                <testcase name="openAccountTest" time="1.554" classname="com.w2a.testcases.OpenAccountTest" />
                <testcase name="openAccountTest" time="1.574" classname="com.w2a.testcases.OpenAccountTest" />
                <testcase name="openAccountTest" time="1.617" classname="com.w2a.testcases.OpenAccountTest" />
                <testcase name="openAccountTest" time="1.546" classname="com.w2a.testcases.OpenAccountTest" />
                <testcase name="openAccountTest" time="1.522" classname="com.w2a.testcases.OpenAccountTest" />
                <testcase name="openAccountTest" time="1.578" classname="com.w2a.testcases.OpenAccountTest" />
                <testcase name="openAccountTest" time="2.011" classname="com.w2a.testcases.OpenAccountTest" />
                <testcase name="openAccountTest" time="1.587" classname="com.w2a.testcases.OpenAccountTest" />
                <testcase name="openAccountTest" time="1.546" classname="com.w2a.testcases.OpenAccountTest" />
                <testcase name="openAccountTest" time="1.578" classname="com.w2a.testcases.OpenAccountTest" />
                <testcase name="openAccountTest" time="1.551" classname="com.w2a.testcases.OpenAccountTest" />
                <testcase name="openAccountTest" time="2.018" classname="com.w2a.testcases.OpenAccountTest" />
                <testcase name="openAccountTest" time="1.598" classname="com.w2a.testcases.OpenAccountTest" />
                <testcase name="openAccountTest" time="1.607" classname="com.w2a.testcases.OpenAccountTest" />
                <testcase name="openAccountTest" time="1.624" classname="com.w2a.testcases.OpenAccountTest" />
                <testcase name="openAccountTest" time="1.465" classname="com.w2a.testcases.OpenAccountTest" />
                <testcase name="openAccountTest" time="1.493" classname="com.w2a.testcases.OpenAccountTest" />
                <testcase name="openAccountTest" time="1.587" classname="com.w2a.testcases.OpenAccountTest" />
                <testcase name="openAccountTest" time="1.701" classname="com.w2a.testcases.OpenAccountTest" />
                <testcase name="openAccountTest" time="1.506" classname="com.w2a.testcases.OpenAccountTest" />
                <testcase name="openAccountTest" time="1.514" classname="com.w2a.testcases.OpenAccountTest" />
                <testcase name="openAccountTest" time="1.545" classname="com.w2a.testcases.OpenAccountTest" />
                <testcase name="openAccountTest" time="1.636" classname="com.w2a.testcases.OpenAccountTest" />
                <testcase name="openAccountTest" time="1.506" classname="com.w2a.testcases.OpenAccountTest" />
                <testcase name="openAccountTest" time="1.510" classname="com.w2a.testcases.OpenAccountTest" />
                <testcase name="openAccountTest" time="1.553" classname="com.w2a.testcases.OpenAccountTest" />
                <testcase name="openAccountTest" time="1.576" classname="com.w2a.testcases.OpenAccountTest" />
                <testcase name="openAccountTest" time="1.657" classname="com.w2a.testcases.OpenAccountTest" />
                <testcase name="openAccountTest" time="1.594" classname="com.w2a.testcases.OpenAccountTest" />
                <testcase name="openAccountTest" time="1.520" classname="com.w2a.testcases.OpenAccountTest" />
                <testcase name="openAccountTest" time="1.628" classname="com.w2a.testcases.OpenAccountTest" />
                <testcase name="openAccountTest" time="1.580" classname="com.w2a.testcases.OpenAccountTest" />
                <testcase name="openAccountTest" time="1.901" classname="com.w2a.testcases.OpenAccountTest" />
                <testcase name="openAccountTest" time="1.549" classname="com.w2a.testcases.OpenAccountTest" />
                <testcase name="openAccountTest" time="1.609" classname="com.w2a.testcases.OpenAccountTest" />
                <testcase name="openAccountTest" time="1.824" classname="com.w2a.testcases.OpenAccountTest" />
                <testcase name="openAccountTest" time="1.659" classname="com.w2a.testcases.OpenAccountTest" />
                <testcase name="openAccountTest" time="1.619" classname="com.w2a.testcases.OpenAccountTest" />
                <testcase name="openAccountTest" time="1.533" classname="com.w2a.testcases.OpenAccountTest" />
                <testcase name="openAccountTest" time="1.587" classname="com.w2a.testcases.OpenAccountTest" />
                <testcase name="openAccountTest" time="1.841" classname="com.w2a.testcases.OpenAccountTest" />
                <testcase name="openAccountTest" time="1.626" classname="com.w2a.testcases.OpenAccountTest" />
                <testcase name="openAccountTest" time="1.542" classname="com.w2a.testcases.OpenAccountTest" />
                <testcase name="openAccountTest" time="1.582" classname="com.w2a.testcases.OpenAccountTest" />
                <testcase name="openAccountTest" time="1.569" classname="com.w2a.testcases.OpenAccountTest" />
                <testcase name="openAccountTest" time="1.655" classname="com.w2a.testcases.OpenAccountTest" />
                <testcase name="openAccountTest" time="1.490" classname="com.w2a.testcases.OpenAccountTest" />
                <testcase name="openAccountTest" time="1.562" classname="com.w2a.testcases.OpenAccountTest" />
                <testcase name="openAccountTest" time="1.597" classname="com.w2a.testcases.OpenAccountTest" />
                <testcase name="openAccountTest" time="1.578" classname="com.w2a.testcases.OpenAccountTest" />
                <testcase name="openAccountTest" time="1.546" classname="com.w2a.testcases.OpenAccountTest" />
                <testcase name="openAccountTest" time="1.524" classname="com.w2a.testcases.OpenAccountTest" />
                <testcase name="openAccountTest" time="1.501" classname="com.w2a.testcases.OpenAccountTest" />
                <testcase name="openAccountTest" time="1.910" classname="com.w2a.testcases.OpenAccountTest" />
                <testcase name="openAccountTest" time="1.538" classname="com.w2a.testcases.OpenAccountTest" />
                <testcase name="openAccountTest" time="1.558" classname="com.w2a.testcases.OpenAccountTest" />
                <testcase name="openAccountTest" time="1.689" classname="com.w2a.testcases.OpenAccountTest" />
                <testcase name="openAccountTest" time="1.618" classname="com.w2a.testcases.OpenAccountTest" />
                <testcase name="openAccountTest" time="1.646" classname="com.w2a.testcases.OpenAccountTest" />
                <testcase name="openAccountTest" time="1.528" classname="com.w2a.testcases.OpenAccountTest" />
                <testcase name="openAccountTest" time="1.556" classname="com.w2a.testcases.OpenAccountTest" />
                <testcase name="openAccountTest" time="1.622" classname="com.w2a.testcases.OpenAccountTest" />
                <testcase name="openAccountTest" time="1.562" classname="com.w2a.testcases.OpenAccountTest" />
                <testcase name="openAccountTest" time="1.511" classname="com.w2a.testcases.OpenAccountTest" />
                <testcase name="openAccountTest" time="1.661" classname="com.w2a.testcases.OpenAccountTest" />
                <testcase name="openAccountTest" time="1.708" classname="com.w2a.testcases.OpenAccountTest" />
                <testcase name="openAccountTest" time="1.504" classname="com.w2a.testcases.OpenAccountTest" />
                <testcase name="openAccountTest" time="1.620" classname="com.w2a.testcases.OpenAccountTest" />
                <testcase name="openAccountTest" time="1.591" classname="com.w2a.testcases.OpenAccountTest" />
                <testcase name="openAccountTest" time="1.581" classname="com.w2a.testcases.OpenAccountTest" />
                <testcase name="openAccountTest" time="1.476" classname="com.w2a.testcases.OpenAccountTest" />
                <testcase name="openAccountTest" time="1.509" classname="com.w2a.testcases.OpenAccountTest" />
                <testcase name="openAccountTest" time="1.930" classname="com.w2a.testcases.OpenAccountTest" />
                <testcase name="openAccountTest" time="1.467" classname="com.w2a.testcases.OpenAccountTest" />
                <testcase name="openAccountTest" time="1.529" classname="com.w2a.testcases.OpenAccountTest" />
                <testcase name="openAccountTest" time="1.513" classname="com.w2a.testcases.OpenAccountTest" />
                <testcase name="openAccountTest" time="1.916" classname="com.w2a.testcases.OpenAccountTest" />
                <testcase name="openAccountTest" time="1.466" classname="com.w2a.testcases.OpenAccountTest" />
                <testcase name="openAccountTest" time="1.661" classname="com.w2a.testcases.OpenAccountTest" />
                <testcase name="openAccountTest" time="1.530" classname="com.w2a.testcases.OpenAccountTest" />
                <testcase name="openAccountTest" time="1.515" classname="com.w2a.testcases.OpenAccountTest" />
                <testcase name="openAccountTest" time="1.555" classname="com.w2a.testcases.OpenAccountTest" />
                <testcase name="openAccountTest" time="1.618" classname="com.w2a.testcases.OpenAccountTest" />
                <testcase name="openAccountTest" time="1.497" classname="com.w2a.testcases.OpenAccountTest" />
                <testcase name="openAccountTest" time="1.600" classname="com.w2a.testcases.OpenAccountTest" />
                <testcase name="openAccountTest" time="1.644" classname="com.w2a.testcases.OpenAccountTest" />
                <testcase name="openAccountTest" time="1.599" classname="com.w2a.testcases.OpenAccountTest" />
                <testcase name="openAccountTest" time="1.666" classname="com.w2a.testcases.OpenAccountTest" />
                <testcase name="openAccountTest" time="1.566" classname="com.w2a.testcases.OpenAccountTest" />
                <testcase name="openAccountTest" time="1.605" classname="com.w2a.testcases.OpenAccountTest" />
                <testcase name="openAccountTest" time="1.629" classname="com.w2a.testcases.OpenAccountTest" />
                <testcase name="openAccountTest" time="1.845" classname="com.w2a.testcases.OpenAccountTest" />
                <testcase name="openAccountTest" time="1.519" classname="com.w2a.testcases.OpenAccountTest" />
                <testcase name="openAccountTest" time="1.517" classname="com.w2a.testcases.OpenAccountTest" />
                <testcase name="openAccountTest" time="1.493" classname="com.w2a.testcases.OpenAccountTest" />
                <testcase name="openAccountTest" time="1.575" classname="com.w2a.testcases.OpenAccountTest" />
                <testcase name="openAccountTest" time="1.508" classname="com.w2a.testcases.OpenAccountTest" />
                <testcase name="openAccountTest" time="1.472" classname="com.w2a.testcases.OpenAccountTest" />
                <testcase name="openAccountTest" time="1.615" classname="com.w2a.testcases.OpenAccountTest" />
                <testcase name="openAccountTest" time="1.765" classname="com.w2a.testcases.OpenAccountTest" />
                <testcase name="openAccountTest" time="1.655" classname="com.w2a.testcases.OpenAccountTest" />
                <testcase name="openAccountTest" time="1.642" classname="com.w2a.testcases.OpenAccountTest" />
                <testcase name="openAccountTest" time="1.558" classname="com.w2a.testcases.OpenAccountTest" />
                <testcase name="openAccountTest" time="1.512" classname="com.w2a.testcases.OpenAccountTest" />
                <testcase name="openAccountTest" time="1.510" classname="com.w2a.testcases.OpenAccountTest" />
                <testcase name="openAccountTest" time="1.625" classname="com.w2a.testcases.OpenAccountTest" />
                <testcase name="openAccountTest" time="1.670" classname="com.w2a.testcases.OpenAccountTest" />
                <testcase name="openAccountTest" time="1.550" classname="com.w2a.testcases.OpenAccountTest" />
                <testcase name="openAccountTest" time="1.563" classname="com.w2a.testcases.OpenAccountTest" />
                <testcase name="openAccountTest" time="1.566" classname="com.w2a.testcases.OpenAccountTest" />
                <testcase name="openAccountTest" time="1.625" classname="com.w2a.testcases.OpenAccountTest" />
                <testcase name="openAccountTest" time="1.623" classname="com.w2a.testcases.OpenAccountTest" />
                <testcase name="openAccountTest" time="1.519" classname="com.w2a.testcases.OpenAccountTest" />
                <testcase name="openAccountTest" time="1.664" classname="com.w2a.testcases.OpenAccountTest" />
                <testcase name="openAccountTest" time="1.501" classname="com.w2a.testcases.OpenAccountTest" />
                <testcase name="openAccountTest" time="1.660" classname="com.w2a.testcases.OpenAccountTest" />
                <testcase name="openAccountTest" time="1.613" classname="com.w2a.testcases.OpenAccountTest" />
                <testcase name="openAccountTest" time="1.594" classname="com.w2a.testcases.OpenAccountTest" />
                <testcase name="openAccountTest" time="1.536" classname="com.w2a.testcases.OpenAccountTest" />
                <testcase name="openAccountTest" time="1.567" classname="com.w2a.testcases.OpenAccountTest" />
                <testcase name="openAccountTest" time="1.588" classname="com.w2a.testcases.OpenAccountTest" />
                <testcase name="openAccountTest" time="1.568" classname="com.w2a.testcases.OpenAccountTest" />
                <testcase name="openAccountTest" time="1.517" classname="com.w2a.testcases.OpenAccountTest" />
                <testcase name="openAccountTest" time="1.626" classname="com.w2a.testcases.OpenAccountTest" />
                <testcase name="openAccountTest" time="1.723" classname="com.w2a.testcases.OpenAccountTest" />
                <testcase name="openAccountTest" time="1.961" classname="com.w2a.testcases.OpenAccountTest" />
                <testcase name="openAccountTest" time="1.555" classname="com.w2a.testcases.OpenAccountTest" />
                <testcase name="openAccountTest" time="1.533" classname="com.w2a.testcases.OpenAccountTest" />
                <testcase name="openAccountTest" time="1.562" classname="com.w2a.testcases.OpenAccountTest" />
                <testcase name="openAccountTest" time="1.659" classname="com.w2a.testcases.OpenAccountTest" />
                <testcase name="openAccountTest" time="1.496" classname="com.w2a.testcases.OpenAccountTest" />
                <testcase name="openAccountTest" time="1.598" classname="com.w2a.testcases.OpenAccountTest" />
                <testcase name="openAccountTest" time="1.531" classname="com.w2a.testcases.OpenAccountTest" />
                <testcase name="openAccountTest" time="1.699" classname="com.w2a.testcases.OpenAccountTest" />
                <testcase name="openAccountTest" time="1.565" classname="com.w2a.testcases.OpenAccountTest" />
                <testcase name="openAccountTest" time="1.619" classname="com.w2a.testcases.OpenAccountTest" />
                <testcase name="openAccountTest" time="1.613" classname="com.w2a.testcases.OpenAccountTest" />
                <testcase name="openAccountTest" time="1.629" classname="com.w2a.testcases.OpenAccountTest" />
                <testcase name="openAccountTest" time="1.568" classname="com.w2a.testcases.OpenAccountTest" />
                <testcase name="openAccountTest" time="1.563" classname="com.w2a.testcases.OpenAccountTest" />
                <testcase name="openAccountTest" time="1.633" classname="com.w2a.testcases.OpenAccountTest" />
                <testcase name="openAccountTest" time="1.515" classname="com.w2a.testcases.OpenAccountTest" />
                <testcase name="openAccountTest" time="1.489" classname="com.w2a.testcases.OpenAccountTest" />
                <testcase name="openAccountTest" time="1.574" classname="com.w2a.testcases.OpenAccountTest" />
                <testcase name="openAccountTest" time="1.632" classname="com.w2a.testcases.OpenAccountTest" />
                <testcase name="openAccountTest" time="1.628" classname="com.w2a.testcases.OpenAccountTest" />
                <testcase name="openAccountTest" time="1.635" classname="com.w2a.testcases.OpenAccountTest" />
                <testcase name="openAccountTest" time="1.603" classname="com.w2a.testcases.OpenAccountTest" />
                <testcase name="openAccountTest" time="1.506" classname="com.w2a.testcases.OpenAccountTest" />
                <testcase name="openAccountTest" time="1.487" classname="com.w2a.testcases.OpenAccountTest" />
                <testcase name="openAccountTest" time="1.465" classname="com.w2a.testcases.OpenAccountTest" />
                <testcase name="openAccountTest" time="1.574" classname="com.w2a.testcases.OpenAccountTest" />
                <testcase name="openAccountTest" time="1.508" classname="com.w2a.testcases.OpenAccountTest" />
                <testcase name="openAccountTest" time="1.496" classname="com.w2a.testcases.OpenAccountTest" />
                <testcase name="openAccountTest" time="1.628" classname="com.w2a.testcases.OpenAccountTest" />
                <testcase name="openAccountTest" time="1.606" classname="com.w2a.testcases.OpenAccountTest" />
                <testcase name="openAccountTest" time="1.487" classname="com.w2a.testcases.OpenAccountTest" />
                <testcase name="openAccountTest" time="1.634" classname="com.w2a.testcases.OpenAccountTest" />
                <testcase name="openAccountTest" time="1.646" classname="com.w2a.testcases.OpenAccountTest" />
                <testcase name="openAccountTest" time="1.872" classname="com.w2a.testcases.OpenAccountTest" />
                <testcase name="openAccountTest" time="1.699" classname="com.w2a.testcases.OpenAccountTest" />
                <testcase name="openAccountTest" time="1.583" classname="com.w2a.testcases.OpenAccountTest" />
                <testcase name="openAccountTest" time="1.601" classname="com.w2a.testcases.OpenAccountTest" />
                <testcase name="openAccountTest" time="1.617" classname="com.w2a.testcases.OpenAccountTest" />
                <testcase name="openAccountTest" time="1.627" classname="com.w2a.testcases.OpenAccountTest" />
                <testcase name="openAccountTest" time="1.634" classname="com.w2a.testcases.OpenAccountTest" />
                <testcase name="openAccountTest" time="1.581" classname="com.w2a.testcases.OpenAccountTest" />
                <testcase name="openAccountTest" time="1.769" classname="com.w2a.testcases.OpenAccountTest" />
                <testcase name="openAccountTest" time="1.606" classname="com.w2a.testcases.OpenAccountTest" />
                <testcase name="openAccountTest" time="1.601" classname="com.w2a.testcases.OpenAccountTest" />
                <testcase name="openAccountTest" time="1.661" classname="com.w2a.testcases.OpenAccountTest" />
                <testcase name="openAccountTest" time="1.628" classname="com.w2a.testcases.OpenAccountTest" />
                <testcase name="openAccountTest" time="1.507" classname="com.w2a.testcases.OpenAccountTest" />
                <testcase name="openAccountTest" time="1.620" classname="com.w2a.testcases.OpenAccountTest" />
                <testcase name="openAccountTest" time="1.543" classname="com.w2a.testcases.OpenAccountTest" />
                <testcase name="openAccountTest" time="1.525" classname="com.w2a.testcases.OpenAccountTest" />
                <testcase name="openAccountTest" time="1.502" classname="com.w2a.testcases.OpenAccountTest" />
                <testcase name="openAccountTest" time="1.567" classname="com.w2a.testcases.OpenAccountTest" />
                <testcase name="openAccountTest" time="1.648" classname="com.w2a.testcases.OpenAccountTest" />
                <testcase name="openAccountTest" time="1.622" classname="com.w2a.testcases.OpenAccountTest" />
                <testcase name="openAccountTest" time="1.567" classname="com.w2a.testcases.OpenAccountTest" />
                <testcase name="openAccountTest" time="1.522" classname="com.w2a.testcases.OpenAccountTest" />
                <testcase name="openAccountTest" time="1.563" classname="com.w2a.testcases.OpenAccountTest" />
                <testcase name="openAccountTest" time="1.614" classname="com.w2a.testcases.OpenAccountTest" />
                <testcase name="openAccountTest" time="1.609" classname="com.w2a.testcases.OpenAccountTest" />
                <testcase name="openAccountTest" time="1.810" classname="com.w2a.testcases.OpenAccountTest" />
                <testcase name="openAccountTest" time="1.571" classname="com.w2a.testcases.OpenAccountTest" />
                <testcase name="openAccountTest" time="1.604" classname="com.w2a.testcases.OpenAccountTest" />
                <testcase name="openAccountTest" time="1.536" classname="com.w2a.testcases.OpenAccountTest" />
                <testcase name="openAccountTest" time="1.573" classname="com.w2a.testcases.OpenAccountTest" />
                <testcase name="openAccountTest" time="1.626" classname="com.w2a.testcases.OpenAccountTest" />
                <testcase name="openAccountTest" time="1.666" classname="com.w2a.testcases.OpenAccountTest" />
                <testcase name="openAccountTest" time="1.658" classname="com.w2a.testcases.OpenAccountTest" />
                <testcase name="openAccountTest" time="1.781" classname="com.w2a.testcases.OpenAccountTest" />
                <testcase name="openAccountTest" time="1.518" classname="com.w2a.testcases.OpenAccountTest" />
                <testcase name="openAccountTest" time="1.635" classname="com.w2a.testcases.OpenAccountTest" />
                <testcase name="openAccountTest" time="1.558" classname="com.w2a.testcases.OpenAccountTest" />
[...]
                <testcase name="openAccountTest" time="1.523" classname="com.w2a.testcases.OpenAccountTest" />
                <testcase name="openAccountTest" time="1.761" classname="com.w2a.testcases.OpenAccountTest" />
                <testcase name="openAccountTest" time="1.625" classname="com.w2a.testcases.OpenAccountTest" />
                <testcase name="openAccountTest" time="1.505" classname="com.w2a.testcases.OpenAccountTest" />
                <testcase name="openAccountTest" time="1.499" classname="com.w2a.testcases.OpenAccountTest" />
                <testcase name="openAccountTest" time="1.457" classname="com.w2a.testcases.OpenAccountTest" />
                <testcase name="openAccountTest" time="1.631" classname="com.w2a.testcases.OpenAccountTest" />
                <testcase name="openAccountTest" time="1.505" classname="com.w2a.testcases.OpenAccountTest" />
                <testcase name="openAccountTest" time="1.491" classname="com.w2a.testcases.OpenAccountTest" />
                <testcase name="openAccountTest" time="1.493" classname="com.w2a.testcases.OpenAccountTest" />
                <testcase name="openAccountTest" time="1.607" classname="com.w2a.testcases.OpenAccountTest" />
                <testcase name="openAccountTest" time="1.606" classname="com.w2a.testcases.OpenAccountTest" />
                <testcase name="openAccountTest" time="1.494" classname="com.w2a.testcases.OpenAccountTest" />
                <testcase name="openAccountTest" time="1.530" classname="com.w2a.testcases.OpenAccountTest" />
                <testcase name="openAccountTest" time="1.637" classname="com.w2a.testcases.OpenAccountTest" />
                <testcase name="openAccountTest" time="1.624" classname="com.w2a.testcases.OpenAccountTest" />
                <testcase name="openAccountTest" time="1.611" classname="com.w2a.testcases.OpenAccountTest" />
                <testcase name="openAccountTest" time="1.570" classname="com.w2a.testcases.OpenAccountTest" />
                <testcase name="openAccountTest" time="1.509" classname="com.w2a.testcases.OpenAccountTest" />
                <testcase name="openAccountTest" time="1.561" classname="com.w2a.testcases.OpenAccountTest" />
                <testcase name="openAccountTest" time="1.652" classname="com.w2a.testcases.OpenAccountTest" />
                <testcase name="openAccountTest" time="1.550" classname="com.w2a.testcases.OpenAccountTest" />
                <testcase name="openAccountTest" time="1.543" classname="com.w2a.testcases.OpenAccountTest" />
                <testcase name="openAccountTest" time="1.540" classname="com.w2a.testcases.OpenAccountTest" />
                <testcase name="openAccountTest" time="1.612" classname="com.w2a.testcases.OpenAccountTest" />
                <testcase name="openAccountTest" time="1.552" classname="com.w2a.testcases.OpenAccountTest" />
                <testcase name="openAccountTest" time="1.571" classname="com.w2a.testcases.OpenAccountTest" />
                <testcase name="openAccountTest" time="1.658" classname="com.w2a.testcases.OpenAccountTest" />
                <testcase name="openAccountTest" time="1.628" classname="com.w2a.testcases.OpenAccountTest" />
                <testcase name="openAccountTest" time="1.523" classname="com.w2a.testcases.OpenAccountTest" />
                <testcase name="openAccountTest" time="1.664" classname="com.w2a.testcases.OpenAccountTest" />
                <testcase name="openAccountTest" time="1.494" classname="com.w2a.testcases.OpenAccountTest" />
                <testcase name="openAccountTest" time="1.592" classname="com.w2a.testcases.OpenAccountTest" />
                <testcase name="openAccountTest" time="1.595" classname="com.w2a.testcases.OpenAccountTest" />
                <testcase name="openAccountTest" time="1.632" classname="com.w2a.testcases.OpenAccountTest" />
                <testcase name="openAccountTest" time="1.546" classname="com.w2a.testcases.OpenAccountTest" />
                <testcase name="openAccountTest" time="1.625" classname="com.w2a.testcases.OpenAccountTest" />
                <testcase name="openAccountTest" time="1.525" classname="com.w2a.testcases.OpenAccountTest" />
                <testcase name="openAccountTest" time="1.471" classname="com.w2a.testcases.OpenAccountTest" />
                <testcase name="openAccountTest" time="1.509" classname="com.w2a.testcases.OpenAccountTest" />
                <testcase name="openAccountTest" time="1.493" classname="com.w2a.testcases.OpenAccountTest" />
                <testcase name="openAccountTest" time="1.530" classname="com.w2a.testcases.OpenAccountTest" />
                <testcase name="openAccountTest" time="1.520" classname="com.w2a.testcases.OpenAccountTest" />
                <testcase name="openAccountTest" time="1.592" classname="com.w2a.testcases.OpenAccountTest" />
                <testcase name="openAccountTest" time="1.515" classname="com.w2a.testcases.OpenAccountTest" />
                <testcase name="openAccountTest" time="1.602" classname="com.w2a.testcases.OpenAccountTest" />
                <testcase name="openAccountTest" time="1.652" classname="com.w2a.testcases.OpenAccountTest" />
                <testcase name="openAccountTest" time="1.573" classname="com.w2a.testcases.OpenAccountTest" />
                <testcase name="openAccountTest" time="1.604" classname="com.w2a.testcases.OpenAccountTest" />
                <testcase name="openAccountTest" time="1.491" classname="com.w2a.testcases.OpenAccountTest" />
                <testcase name="openAccountTest" time="1.529" classname="com.w2a.testcases.OpenAccountTest" />
                <testcase name="openAccountTest" time="1.492" classname="com.w2a.testcases.OpenAccountTest" />
                <testcase name="openAccountTest" time="1.679" classname="com.w2a.testcases.OpenAccountTest" />
                <testcase name="openAccountTest" time="1.533" classname="com.w2a.testcases.OpenAccountTest" />
                <testcase name="openAccountTest" time="1.957" classname="com.w2a.testcases.OpenAccountTest" />
                <testcase name="openAccountTest" time="1.548" classname="com.w2a.testcases.OpenAccountTest" />
                <testcase name="openAccountTest" time="1.605" classname="com.w2a.testcases.OpenAccountTest" />
                <testcase name="openAccountTest" time="1.668" classname="com.w2a.testcases.OpenAccountTest" />
                <testcase name="openAccountTest" time="1.598" classname="com.w2a.testcases.OpenAccountTest" />
                <testcase name="openAccountTest" time="1.616" classname="com.w2a.testcases.OpenAccountTest" />
                <testcase name="openAccountTest" time="1.502" classname="com.w2a.testcases.OpenAccountTest" />
                <testcase name="openAccountTest" time="1.557" classname="com.w2a.testcases.OpenAccountTest" />
                <testcase name="openAccountTest" time="1.648" classname="com.w2a.testcases.OpenAccountTest" />
                <testcase name="openAccountTest" time="1.590" classname="com.w2a.testcases.OpenAccountTest" />
                <testcase name="openAccountTest" time="1.495" classname="com.w2a.testcases.OpenAccountTest" />
                <testcase name="openAccountTest" time="1.494" classname="com.w2a.testcases.OpenAccountTest" />
                <testcase name="openAccountTest" time="1.592" classname="com.w2a.testcases.OpenAccountTest" />
                <testcase name="openAccountTest" time="1.574" classname="com.w2a.testcases.OpenAccountTest" />
                <testcase name="openAccountTest" time="1.520" classname="com.w2a.testcases.OpenAccountTest" />
                <testcase name="openAccountTest" time="1.542" classname="com.w2a.testcases.OpenAccountTest" />
                <testcase name="openAccountTest" time="2.143" classname="com.w2a.testcases.OpenAccountTest" />
                <testcase name="openAccountTest" time="1.594" classname="com.w2a.testcases.OpenAccountTest" />
                <testcase name="openAccountTest" time="1.508" classname="com.w2a.testcases.OpenAccountTest" />
                <testcase name="openAccountTest" time="1.604" classname="com.w2a.testcases.OpenAccountTest" />
                <testcase name="openAccountTest" time="1.606" classname="com.w2a.testcases.OpenAccountTest" />
                <testcase name="openAccountTest" time="1.630" classname="com.w2a.testcases.OpenAccountTest" />
                <testcase name="openAccountTest" time="1.532" classname="com.w2a.testcases.OpenAccountTest" />
                <testcase name="openAccountTest" time="1.640" classname="com.w2a.testcases.OpenAccountTest" />
                <testcase name="openAccountTest" time="1.482" classname="com.w2a.testcases.OpenAccountTest" />
                <testcase name="openAccountTest" time="1.588" classname="com.w2a.testcases.OpenAccountTest" />
                <testcase name="openAccountTest" time="1.648" classname="com.w2a.testcases.OpenAccountTest" />
                <testcase name="openAccountTest" time="1.810" classname="com.w2a.testcases.OpenAccountTest" />
                <testcase name="openAccountTest" time="1.610" classname="com.w2a.testcases.OpenAccountTest" />
                <testcase name="openAccountTest" time="1.582" classname="com.w2a.testcases.OpenAccountTest" />
                <testcase name="openAccountTest" time="1.482" classname="com.w2a.testcases.OpenAccountTest" />
                <testcase name="openAccountTest" time="1.510" classname="com.w2a.testcases.OpenAccountTest" />
                <testcase name="openAccountTest" time="1.504" classname="com.w2a.testcases.OpenAccountTest" />
                <testcase name="openAccountTest" time="1.491" classname="com.w2a.testcases.OpenAccountTest" />
                <testcase name="openAccountTest" time="1.771" classname="com.w2a.testcases.OpenAccountTest" />
                <testcase name="openAccountTest" time="1.580" classname="com.w2a.testcases.OpenAccountTest" />
                <testcase name="openAccountTest" time="1.750" classname="com.w2a.testcases.OpenAccountTest" />
                <testcase name="openAccountTest" time="1.641" classname="com.w2a.testcases.OpenAccountTest" />
                <testcase name="openAccountTest" time="1.592" classname="com.w2a.testcases.OpenAccountTest" />
                <testcase name="openAccountTest" time="1.691" classname="com.w2a.testcases.OpenAccountTest" />
                <testcase name="openAccountTest" time="1.634" classname="com.w2a.testcases.OpenAccountTest" />
                <testcase name="openAccountTest" time="1.573" classname="com.w2a.testcases.OpenAccountTest" />
                <testcase name="openAccountTest" time="1.654" classname="com.w2a.testcases.OpenAccountTest" />
                <testcase name="openAccountTest" time="1.726" classname="com.w2a.testcases.OpenAccountTest" />
                <testcase name="openAccountTest" time="1.536" classname="com.w2a.testcases.OpenAccountTest" />
                <testcase name="openAccountTest" time="1.526" classname="com.w2a.testcases.OpenAccountTest" />
                <testcase name="openAccountTest" time="1.678" classname="com.w2a.testcases.OpenAccountTest" />
                <testcase name="openAccountTest" time="1.614" classname="com.w2a.testcases.OpenAccountTest" />
                <testcase name="openAccountTest" time="1.476" classname="com.w2a.testcases.OpenAccountTest" />
                <testcase name="openAccountTest" time="1.683" classname="com.w2a.testcases.OpenAccountTest" />
                <testcase name="openAccountTest" time="1.599" classname="com.w2a.testcases.OpenAccountTest" />
                <testcase name="openAccountTest" time="1.625" classname="com.w2a.testcases.OpenAccountTest" />
                <testcase name="openAccountTest" time="1.527" classname="com.w2a.testcases.OpenAccountTest" />
                <testcase name="openAccountTest" time="1.517" classname="com.w2a.testcases.OpenAccountTest" />
                <testcase name="openAccountTest" time="1.587" classname="com.w2a.testcases.OpenAccountTest" />
                <testcase name="openAccountTest" time="1.504" classname="com.w2a.testcases.OpenAccountTest" />
                <testcase name="openAccountTest" time="1.635" classname="com.w2a.testcases.OpenAccountTest" />
                <testcase name="openAccountTest" time="1.574" classname="com.w2a.testcases.OpenAccountTest" />
                <testcase name="openAccountTest" time="1.503" classname="com.w2a.testcases.OpenAccountTest" />
                <testcase name="openAccountTest" time="1.609" classname="com.w2a.testcases.OpenAccountTest" />
                <testcase name="openAccountTest" time="1.625" classname="com.w2a.testcases.OpenAccountTest" />
                <testcase name="openAccountTest" time="1.685" classname="com.w2a.testcases.OpenAccountTest" />
                <testcase name="openAccountTest" time="1.548" classname="com.w2a.testcases.OpenAccountTest" />
                <testcase name="openAccountTest" time="2.133" classname="com.w2a.testcases.OpenAccountTest" />
                <testcase name="openAccountTest" time="1.543" classname="com.w2a.testcases.OpenAccountTest" />
                <testcase name="openAccountTest" time="1.609" classname="com.w2a.testcases.OpenAccountTest" />
                <testcase name="openAccountTest" time="1.627" classname="com.w2a.testcases.OpenAccountTest" />
                <testcase name="openAccountTest" time="1.565" classname="com.w2a.testcases.OpenAccountTest" />
                <testcase name="openAccountTest" time="1.620" classname="com.w2a.testcases.OpenAccountTest" />
                <testcase name="openAccountTest" time="1.621" classname="com.w2a.testcases.OpenAccountTest" />
                <testcase name="openAccountTest" time="1.603" classname="com.w2a.testcases.OpenAccountTest" />
                <testcase name="openAccountTest" time="1.500" classname="com.w2a.testcases.OpenAccountTest" />
                <testcase name="openAccountTest" time="1.820" classname="com.w2a.testcases.OpenAccountTest" />
                <testcase name="openAccountTest" time="1.599" classname="com.w2a.testcases.OpenAccountTest" />
                <testcase name="openAccountTest" time="1.530" classname="com.w2a.testcases.OpenAccountTest" />
                <testcase name="openAccountTest" time="1.660" classname="com.w2a.testcases.OpenAccountTest" />
                <testcase name="openAccountTest" time="1.555" classname="com.w2a.testcases.OpenAccountTest" />
                <testcase name="openAccountTest" time="1.615" classname="com.w2a.testcases.OpenAccountTest" />
                <testcase name="openAccountTest" time="1.609" classname="com.w2a.testcases.OpenAccountTest" />
                <testcase name="openAccountTest" time="1.524" classname="com.w2a.testcases.OpenAccountTest" />
                <testcase name="openAccountTest" time="1.477" classname="com.w2a.testcases.OpenAccountTest" />
                <testcase name="openAccountTest" time="1.604" classname="com.w2a.testcases.OpenAccountTest" />
                <testcase name="openAccountTest" time="1.580" classname="com.w2a.testcases.OpenAccountTest" />
                <testcase name="openAccountTest" time="1.619" classname="com.w2a.testcases.OpenAccountTest" />
                <testcase name="openAccountTest" time="1.545" classname="com.w2a.testcases.OpenAccountTest" />
                <testcase name="openAccountTest" time="1.518" classname="com.w2a.testcases.OpenAccountTest" />
                <testcase name="openAccountTest" time="1.598" classname="com.w2a.testcases.OpenAccountTest" />
                <testcase name="openAccountTest" time="1.618" classname="com.w2a.testcases.OpenAccountTest" />
                <testcase name="openAccountTest" time="1.596" classname="com.w2a.testcases.OpenAccountTest" />
                <testcase name="openAccountTest" time="1.592" classname="com.w2a.testcases.OpenAccountTest" />
                <testcase name="openAccountTest" time="1.508" classname="com.w2a.testcases.OpenAccountTest" />
                <testcase name="openAccountTest" time="1.541" classname="com.w2a.testcases.OpenAccountTest" />
                <testcase name="openAccountTest" time="1.588" classname="com.w2a.testcases.OpenAccountTest" />
                <testcase name="openAccountTest" time="1.552" classname="com.w2a.testcases.OpenAccountTest" />
                <testcase name="openAccountTest" time="1.798" classname="com.w2a.testcases.OpenAccountTest" />
                <testcase name="openAccountTest" time="1.936" classname="com.w2a.testcases.OpenAccountTest" />
                <testcase name="openAccountTest" time="1.560" classname="com.w2a.testcases.OpenAccountTest" />
                <testcase name="openAccountTest" time="1.608" classname="com.w2a.testcases.OpenAccountTest" />
                <testcase name="openAccountTest" time="1.514" classname="com.w2a.testcases.OpenAccountTest" />
                <testcase name="openAccountTest" time="1.532" classname="com.w2a.testcases.OpenAccountTest" />
                <testcase name="openAccountTest" time="1.637" classname="com.w2a.testcases.OpenAccountTest" />
                <testcase name="openAccountTest" time="1.577" classname="com.w2a.testcases.OpenAccountTest" />
                <testcase name="openAccountTest" time="1.496" classname="com.w2a.testcases.OpenAccountTest" />
                <testcase name="openAccountTest" time="1.495" classname="com.w2a.testcases.OpenAccountTest" />
                <testcase name="openAccountTest" time="1.580" classname="com.w2a.testcases.OpenAccountTest" />
                <testcase name="openAccountTest" time="1.537" classname="com.w2a.testcases.OpenAccountTest" />
                <testcase name="openAccountTest" time="1.534" classname="com.w2a.testcases.OpenAccountTest" />
                <testcase name="openAccountTest" time="1.523" classname="com.w2a.testcases.OpenAccountTest" />
                <testcase name="openAccountTest" time="1.512" classname="com.w2a.testcases.OpenAccountTest" />
                <testcase name="openAccountTest" time="1.484" classname="com.w2a.testcases.OpenAccountTest" />
                <testcase name="openAccountTest" time="1.585" classname="com.w2a.testcases.OpenAccountTest" />
                <testcase name="openAccountTest" time="1.613" classname="com.w2a.testcases.OpenAccountTest" />
                <testcase name="openAccountTest" time="1.702" classname="com.w2a.testcases.OpenAccountTest" />
                <testcase name="openAccountTest" time="1.625" classname="com.w2a.testcases.OpenAccountTest" />
                <testcase name="openAccountTest" time="1.620" classname="com.w2a.testcases.OpenAccountTest" />
                <testcase name="openAccountTest" time="1.617" classname="com.w2a.testcases.OpenAccountTest" />
                <testcase name="openAccountTest" time="1.756" classname="com.w2a.testcases.OpenAccountTest" />
                <testcase name="openAccountTest" time="1.893" classname="com.w2a.testcases.OpenAccountTest" />
                <testcase name="openAccountTest" time="1.558" classname="com.w2a.testcases.OpenAccountTest" />
                <testcase name="openAccountTest" time="1.554" classname="com.w2a.testcases.OpenAccountTest" />
                <testcase name="openAccountTest" time="1.578" classname="com.w2a.testcases.OpenAccountTest" />
                <testcase name="openAccountTest" time="1.630" classname="com.w2a.testcases.OpenAccountTest" />
                <testcase name="openAccountTest" time="1.624" classname="com.w2a.testcases.OpenAccountTest" />
                <testcase name="openAccountTest" time="1.637" classname="com.w2a.testcases.OpenAccountTest" />
                <testcase name="openAccountTest" time="1.595" classname="com.w2a.testcases.OpenAccountTest" />
      
</testsuite>
